[16-04-2020 17:00:03] [INFO] Starting logger
[16-04-2020 17:00:46] [INFO] Joe Furfaro has verified their ADMIN identity using access code "Dipole2001!"
[16-04-2020 17:01:52] [INFO] ADMIN Joe Furfaro disconnected
[16-04-2020 17:01:57] [INFO] Joe Furfaro has verified their ADMIN identity using access code "Dipole2001!"
[16-04-2020 17:07:00] [INFO] ADMIN Joe Furfaro disconnected
[16-04-2020 17:07:07] [INFO] Joe Furfaro has verified their ADMIN identity using access code "Dipole2001!"
[16-04-2020 17:07:13] [INFO] Joe Furfaro has changed the question ID to 1
[16-04-2020 17:07:19] [INFO] Joe Furfaro has changed the question ID to 2
[16-04-2020 17:07:22] [INFO] Joe Furfaro has changed the question ID to 3
[16-04-2020 17:07:31] [INFO] Joe Furfaro has cleared the current question
[16-04-2020 17:07:37] [INFO] Joe Furfaro has reset the votes on question 1
[16-04-2020 17:07:41] [INFO] Joe Furfaro has reset the votes on question 2
[16-04-2020 17:07:45] [INFO] Joe Furfaro has reset the votes on question 3
[16-04-2020 17:09:55] [INFO] ADMIN Joe Furfaro disconnected
[16-04-2020 17:10:01] [INFO] Joe Furfaro has verified their ADMIN identity using access code "Dipole2001!"
[16-04-2020 17:10:02] [INFO] Joe Furfaro has changed the question ID to 1
[16-04-2020 17:10:04] [INFO] Joe Furfaro has cleared the current question
[16-04-2020 17:10:06] [INFO] Joe Furfaro has changed the question ID to 2
[16-04-2020 17:10:07] [INFO] Joe Furfaro has cleared the current question
[16-04-2020 17:10:24] [INFO] Joe Furfaro has reset the votes on question 1
[16-04-2020 17:10:26] [INFO] Joe Furfaro has changed the question ID to 1
[16-04-2020 17:10:27] [INFO] Joe Furfaro has cleared the current question
[16-04-2020 17:10:28] [INFO] Joe Furfaro has changed the question ID to 2
[16-04-2020 17:14:02] [INFO] ADMIN Joe Furfaro disconnected
[16-04-2020 17:14:07] [INFO] Joe Furfaro has verified their ADMIN identity using access code "Dipole2001!"
[16-04-2020 17:14:31] [INFO] Closing logger
