[16-04-2020 17:14:32] [INFO] Starting logger
[16-04-2020 17:14:37] [INFO] Joe Furfaro has verified their ADMIN identity using access code "Dipole2001!"
[16-04-2020 17:15:59] [INFO] ADMIN Joe Furfaro disconnected
[16-04-2020 17:16:03] [INFO] Joe Furfaro has verified their ADMIN identity using access code "Dipole2001!"
[16-04-2020 17:17:38] [INFO] ADMIN Joe Furfaro disconnected
[16-04-2020 17:17:42] [INFO] Joe Furfaro has verified their ADMIN identity using access code "Dipole2001!"
[16-04-2020 17:26:50] [INFO] ADMIN Joe Furfaro disconnected
[16-04-2020 17:26:56] [INFO] Joe Furfaro has verified their ADMIN identity using access code "Dipole2001!"
[16-04-2020 17:27:09] [INFO] ADMIN Joe Furfaro disconnected
[16-04-2020 17:27:13] [INFO] Joe Furfaro has verified their ADMIN identity using access code "Dipole2001!"
[16-04-2020 17:27:42] [INFO] ADMIN Joe Furfaro disconnected
[16-04-2020 17:27:46] [INFO] Joe Furfaro has verified their ADMIN identity using access code "Dipole2001!"
[16-04-2020 17:28:22] [INFO] ADMIN Joe Furfaro disconnected
[16-04-2020 17:28:35] [INFO] Joe Furfaro has verified their ADMIN identity using access code "Dipole2001!"
[16-04-2020 17:31:43] [INFO] ADMIN Joe Furfaro disconnected
[16-04-2020 17:31:49] [INFO] Joe Furfaro has verified their ADMIN identity using access code "Dipole2001!"
[16-04-2020 17:33:16] [INFO] Joe Furfaro has verified their VOTER identity using access code "x2p7fb7r"
[16-04-2020 17:42:18] [INFO] VOTER Joe Furfaro disconnected
[16-04-2020 17:42:27] [INFO] Joe Furfaro has verified their VOTER identity using access code "x2p7fb7r"
[16-04-2020 17:42:32] [INFO] Joe Furfaro has changed the question ID to 1
[16-04-2020 17:42:46] [INFO] VOTER Joe Furfaro disconnected
[16-04-2020 17:43:36] [INFO] Joe Furfaro has verified their VOTER identity using access code "x2p7fb7r"
[16-04-2020 17:44:00] [INFO] VOTER Joe Furfaro disconnected
[16-04-2020 17:44:03] [INFO] Joe Furfaro has verified their VOTER identity using access code "x2p7fb7r"
[16-04-2020 17:44:11] [INFO] VOTER Joe Furfaro disconnected
[16-04-2020 17:44:13] [INFO] Joe Furfaro has verified their VOTER identity using access code "x2p7fb7r"
[16-04-2020 17:44:20] [INFO] Joe Furfaro has voted "Abstain"
[16-04-2020 17:44:42] [INFO] Joe Furfaro has cleared the current question
[16-04-2020 17:44:46] [INFO] Joe Furfaro has reset the votes on question 1
[16-04-2020 17:44:50] [INFO] Joe Furfaro has changed the question ID to 1
[16-04-2020 17:45:03] [INFO] Joe Furfaro has voted "77"
[16-04-2020 17:45:20] [INFO] Joe Furfaro has changed the question ID to 2
[16-04-2020 17:45:26] [INFO] Joe Furfaro has voted "Abstain"
[16-04-2020 17:46:49] [INFO] Closing logger
