[16-04-2020 15:42:53] [INFO] Starting logger
[16-04-2020 15:43:13] [INFO] Joe Furfaro has verified their VOTER identity using access code "5iqtd8gp"
[16-04-2020 15:43:33] [INFO] Joe Furfaro has verified their ADMIN identity using access code "secret123"
[16-04-2020 15:43:40] [INFO] Joe Furfaro has changed the question ID to 1
[16-04-2020 15:43:43] [INFO] Joe Furfaro has voted "IN_FAVOUR"
[16-04-2020 15:43:52] [INFO] Joe Furfaro has cleared the current question
[16-04-2020 15:44:34] [INFO] Joe Furfaro has reset the votes on question 1
[16-04-2020 15:44:40] [INFO] Joe Furfaro has changed the question ID to 1
[16-04-2020 15:44:47] [INFO] Joe Furfaro has voted "IN_FAVOUR"
[16-04-2020 15:44:50] [INFO] Joe Furfaro has changed the question ID to 2
[16-04-2020 15:44:51] [INFO] Joe Furfaro has voted "IN_FAVOUR"
[16-04-2020 15:44:53] [INFO] Joe Furfaro has changed the question ID to 3
[16-04-2020 15:44:54] [INFO] Joe Furfaro has voted "IN_FAVOUR"
[16-04-2020 15:44:59] [INFO] Joe Furfaro has cleared the current question
[16-04-2020 15:45:00] [INFO] Joe Furfaro has reset the votes on question 3
[16-04-2020 15:45:03] [INFO] Joe Furfaro has changed the question ID to 3
[16-04-2020 15:45:04] [INFO] Joe Furfaro has voted "ABSTAIN"
[16-04-2020 15:46:02] [INFO] ADMIN Joe Furfaro disconnected
[16-04-2020 15:46:06] [INFO] Joe Furfaro has verified their ADMIN identity using access code "secret123"
[16-04-2020 15:46:11] [INFO] Joe Furfaro has cleared the current question
[16-04-2020 15:46:13] [INFO] Closing logger
