[18-04-2020 18:53:41] [INFO] Starting logger
[18-04-2020 18:53:47] [INFO] Joe Furfaro has verified their ADMIN identity using access code "Dipole2001!"
[18-04-2020 18:53:56] [INFO] Voter #4 has verified their VOTER identity using access code "qm31hh"
[18-04-2020 18:53:56] [INFO] Voter #0 has verified their VOTER identity using access code "3qh32q"
[18-04-2020 18:53:56] [INFO] Voter #1 has verified their VOTER identity using access code "d6aw5j"
[18-04-2020 18:53:56] [INFO] Voter #2 has verified their VOTER identity using access code "lb84f2"
[18-04-2020 18:53:56] [INFO] Voter #5 has verified their VOTER identity using access code "7o4fgv"
[18-04-2020 18:53:56] [INFO] Voter #3 has verified their VOTER identity using access code "ddpggo"
[18-04-2020 18:53:56] [INFO] Voter #7 has verified their VOTER identity using access code "5xstyg"
[18-04-2020 18:53:56] [INFO] Voter #8 has verified their VOTER identity using access code "9rooih"
[18-04-2020 18:53:56] [INFO] Voter #6 has verified their VOTER identity using access code "5c1i05"
[18-04-2020 18:53:56] [INFO] Voter #9 has verified their VOTER identity using access code "sylsgp"
[18-04-2020 18:53:56] [INFO] Voter #11 has verified their VOTER identity using access code "w2j9fo"
[18-04-2020 18:53:56] [INFO] Voter #12 has verified their VOTER identity using access code "9jealt"
[18-04-2020 18:53:56] [INFO] Voter #10 has verified their VOTER identity using access code "qqi8vo"
[18-04-2020 18:53:56] [INFO] Voter #14 has verified their VOTER identity using access code "qu6stz"
[18-04-2020 18:53:56] [INFO] Voter #13 has verified their VOTER identity using access code "s3s7v9"
[18-04-2020 18:53:56] [INFO] Voter #16 has verified their VOTER identity using access code "d0nohq"
[18-04-2020 18:53:56] [INFO] Voter #54 has verified their VOTER identity using access code "6o5ru3"
[18-04-2020 18:53:56] [INFO] Voter #80 has verified their VOTER identity using access code "fvdboz"
[18-04-2020 18:53:56] [INFO] Voter #67 has verified their VOTER identity using access code "0kunlx"
[18-04-2020 18:53:56] [INFO] Voter #70 has verified their VOTER identity using access code "s252wz"
[18-04-2020 18:53:56] [INFO] Voter #32 has verified their VOTER identity using access code "qx54d6"
[18-04-2020 18:53:56] [INFO] Voter #73 has verified their VOTER identity using access code "5olye0"
[18-04-2020 18:53:56] [INFO] Voter #66 has verified their VOTER identity using access code "pqme5f"
[18-04-2020 18:53:56] [INFO] Voter #37 has verified their VOTER identity using access code "v5i0zk"
[18-04-2020 18:53:56] [INFO] Voter #15 has verified their VOTER identity using access code "dxziwp"
[18-04-2020 18:53:56] [INFO] Voter #78 has verified their VOTER identity using access code "5q0ord"
[18-04-2020 18:53:56] [INFO] Voter #95 has verified their VOTER identity using access code "e52e38"
[18-04-2020 18:53:56] [INFO] Voter #22 has verified their VOTER identity using access code "qjuagp"
[18-04-2020 18:53:56] [INFO] Voter #17 has verified their VOTER identity using access code "lyowks"
[18-04-2020 18:53:56] [INFO] Voter #60 has verified their VOTER identity using access code "7m8x48"
[18-04-2020 18:53:56] [INFO] Voter #82 has verified their VOTER identity using access code "ccxg53"
[18-04-2020 18:53:56] [INFO] Voter #27 has verified their VOTER identity using access code "x2hm88"
[18-04-2020 18:53:56] [INFO] Voter #40 has verified their VOTER identity using access code "rvqtir"
[18-04-2020 18:53:56] [INFO] Voter #92 has verified their VOTER identity using access code "w00b7s"
[18-04-2020 18:53:56] [INFO] Voter #39 has verified their VOTER identity using access code "aiknv4"
[18-04-2020 18:53:56] [INFO] Voter #63 has verified their VOTER identity using access code "4dxgs9"
[18-04-2020 18:53:56] [INFO] Voter #61 has verified their VOTER identity using access code "eeribi"
[18-04-2020 18:53:56] [INFO] Voter #64 has verified their VOTER identity using access code "1vnhc3"
[18-04-2020 18:53:56] [INFO] Voter #96 has verified their VOTER identity using access code "m42lzu"
[18-04-2020 18:53:56] [INFO] Voter #48 has verified their VOTER identity using access code "r83zru"
[18-04-2020 18:53:56] [INFO] Voter #69 has verified their VOTER identity using access code "33kjgs"
[18-04-2020 18:53:56] [INFO] Voter #18 has verified their VOTER identity using access code "y9ktuq"
[18-04-2020 18:53:56] [INFO] Voter #81 has verified their VOTER identity using access code "45nqj6"
[18-04-2020 18:53:56] [INFO] Voter #75 has verified their VOTER identity using access code "xectih"
[18-04-2020 18:53:56] [INFO] Voter #50 has verified their VOTER identity using access code "6ljamu"
[18-04-2020 18:53:56] [INFO] Voter #93 has verified their VOTER identity using access code "hztweb"
[18-04-2020 18:53:56] [INFO] Voter #25 has verified their VOTER identity using access code "zzw9gt"
[18-04-2020 18:53:56] [INFO] Voter #20 has verified their VOTER identity using access code "j2bmtn"
[18-04-2020 18:53:56] [INFO] Voter #85 has verified their VOTER identity using access code "vs44xw"
[18-04-2020 18:53:56] [INFO] Voter #72 has verified their VOTER identity using access code "1d4itw"
[18-04-2020 18:53:56] [INFO] Voter #59 has verified their VOTER identity using access code "1zk84g"
[18-04-2020 18:53:56] [INFO] Voter #31 has verified their VOTER identity using access code "gbek0f"
[18-04-2020 18:53:56] [INFO] Voter #21 has verified their VOTER identity using access code "4oaahk"
[18-04-2020 18:53:56] [INFO] Voter #52 has verified their VOTER identity using access code "9ztp1p"
[18-04-2020 18:53:56] [INFO] Voter #53 has verified their VOTER identity using access code "w0uz3t"
[18-04-2020 18:53:56] [INFO] Voter #74 has verified their VOTER identity using access code "p26j8p"
[18-04-2020 18:53:56] [INFO] Voter #57 has verified their VOTER identity using access code "pr5yr0"
[18-04-2020 18:53:56] [INFO] Voter #51 has verified their VOTER identity using access code "vcn9ph"
[18-04-2020 18:53:56] [INFO] Voter #35 has verified their VOTER identity using access code "sk7zn5"
[18-04-2020 18:53:56] [INFO] Voter #62 has verified their VOTER identity using access code "ogzqrs"
[18-04-2020 18:53:56] [INFO] Voter #42 has verified their VOTER identity using access code "bqg11y"
[18-04-2020 18:53:56] [INFO] Voter #23 has verified their VOTER identity using access code "4okdeg"
[18-04-2020 18:53:56] [INFO] Voter #90 has verified their VOTER identity using access code "bhh0ef"
[18-04-2020 18:53:56] [INFO] Voter #45 has verified their VOTER identity using access code "t0vqci"
[18-04-2020 18:53:56] [INFO] Voter #83 has verified their VOTER identity using access code "idn15s"
[18-04-2020 18:53:56] [INFO] Voter #65 has verified their VOTER identity using access code "28tln8"
[18-04-2020 18:53:56] [INFO] Voter #76 has verified their VOTER identity using access code "u6kdpu"
[18-04-2020 18:53:56] [INFO] Voter #46 has verified their VOTER identity using access code "7ruadt"
[18-04-2020 18:53:56] [INFO] Voter #98 has verified their VOTER identity using access code "htgklm"
[18-04-2020 18:53:56] [INFO] Voter #55 has verified their VOTER identity using access code "cpoy6h"
[18-04-2020 18:53:56] [INFO] Voter #43 has verified their VOTER identity using access code "3p8a1j"
[18-04-2020 18:53:56] [INFO] Voter #94 has verified their VOTER identity using access code "vdm7p3"
[18-04-2020 18:53:56] [INFO] Voter #77 has verified their VOTER identity using access code "c4dad2"
[18-04-2020 18:53:56] [INFO] Voter #34 has verified their VOTER identity using access code "ljie88"
[18-04-2020 18:53:56] [INFO] Voter #87 has verified their VOTER identity using access code "p4club"
[18-04-2020 18:53:56] [INFO] Voter #30 has verified their VOTER identity using access code "2qr7w0"
[18-04-2020 18:53:56] [INFO] Voter #26 has verified their VOTER identity using access code "8osakn"
[18-04-2020 18:53:56] [INFO] Voter #28 has verified their VOTER identity using access code "vtx3ue"
[18-04-2020 18:53:56] [INFO] Voter #89 has verified their VOTER identity using access code "bmi4d2"
[18-04-2020 18:53:56] [INFO] Voter #79 has verified their VOTER identity using access code "omdoo8"
[18-04-2020 18:53:56] [INFO] Voter #44 has verified their VOTER identity using access code "tu0a8x"
[18-04-2020 18:53:56] [INFO] Voter #84 has verified their VOTER identity using access code "dcf3c9"
[18-04-2020 18:53:56] [INFO] Voter #97 has verified their VOTER identity using access code "dpt1v2"
[18-04-2020 18:53:56] [INFO] Voter #49 has verified their VOTER identity using access code "8qq6r7"
[18-04-2020 18:53:56] [INFO] Voter #47 has verified their VOTER identity using access code "5xwnbg"
[18-04-2020 18:53:56] [INFO] Voter #24 has verified their VOTER identity using access code "k0utqz"
[18-04-2020 18:53:56] [INFO] Voter #99 has verified their VOTER identity using access code "j4hazl"
[18-04-2020 18:53:56] [INFO] Voter #86 has verified their VOTER identity using access code "k9ny9v"
[18-04-2020 18:53:56] [INFO] Voter #38 has verified their VOTER identity using access code "23we7s"
[18-04-2020 18:53:56] [INFO] Voter #58 has verified their VOTER identity using access code "9eect6"
[18-04-2020 18:53:56] [INFO] Voter #33 has verified their VOTER identity using access code "2dvb07"
[18-04-2020 18:53:56] [INFO] Voter #36 has verified their VOTER identity using access code "s6abqr"
[18-04-2020 18:53:56] [INFO] Voter #29 has verified their VOTER identity using access code "ikfwi5"
[18-04-2020 18:53:56] [INFO] Voter #56 has verified their VOTER identity using access code "m0rkt6"
[18-04-2020 18:53:56] [INFO] Voter #88 has verified their VOTER identity using access code "jiep8h"
[18-04-2020 18:53:56] [INFO] Voter #71 has verified their VOTER identity using access code "ubdz8o"
[18-04-2020 18:53:56] [INFO] Voter #68 has verified their VOTER identity using access code "0wv5j9"
[18-04-2020 18:53:56] [INFO] Voter #19 has verified their VOTER identity using access code "92siyt"
[18-04-2020 18:53:56] [INFO] Voter #41 has verified their VOTER identity using access code "fjz4xu"
[18-04-2020 18:53:56] [INFO] Voter #91 has verified their VOTER identity using access code "b8gr2m"
[18-04-2020 18:54:32] [INFO] Joe Furfaro has changed the question ID to 2
[18-04-2020 18:54:32] [INFO] Voter #95 has voted "Ted"
[18-04-2020 18:54:32] [INFO] Voter #32 has voted "Robert"
[18-04-2020 18:54:32] [INFO] Voter #5 has voted "Ted"
[18-04-2020 18:54:32] [INFO] Voter #15 has voted "Ted"
[18-04-2020 18:54:32] [INFO] Voter #55 has voted "Cameron"
[18-04-2020 18:54:32] [INFO] Voter #67 has voted "Cameron"
[18-04-2020 18:54:32] [INFO] Voter #9 has voted "Robert"
[18-04-2020 18:54:32] [INFO] Voter #25 has voted "Cameron"
[18-04-2020 18:54:32] [INFO] Voter #58 has voted "Ted"
[18-04-2020 18:54:32] [INFO] Voter #66 has voted "Ted"
[18-04-2020 18:54:32] [INFO] Voter #64 has voted "Ted"
[18-04-2020 18:54:32] [INFO] Voter #65 has voted "Robert"
[18-04-2020 18:54:32] [INFO] Voter #28 has voted "Cameron"
[18-04-2020 18:54:32] [INFO] Voter #60 has voted "Cameron"
[18-04-2020 18:54:32] [INFO] Voter #13 has voted "Robert"
[18-04-2020 18:54:32] [INFO] Voter #31 has voted "Ted"
[18-04-2020 18:54:32] [INFO] Voter #42 has voted "Robert"
[18-04-2020 18:54:32] [INFO] Voter #38 has voted "Robert"
[18-04-2020 18:54:32] [INFO] Voter #8 has voted "Robert"
[18-04-2020 18:54:32] [INFO] Voter #46 has voted "Ted"
[18-04-2020 18:54:32] [INFO] Voter #85 has voted "Robert"
[18-04-2020 18:54:32] [INFO] Voter #1 has voted "Ted"
[18-04-2020 18:54:32] [INFO] Voter #54 has voted "Ted"
[18-04-2020 18:54:32] [INFO] Voter #98 has voted "Ted"
[18-04-2020 18:54:32] [INFO] Voter #73 has voted "Robert"
[18-04-2020 18:54:32] [INFO] Voter #57 has voted "Ted"
[18-04-2020 18:54:32] [INFO] Voter #75 has voted "Ted"
[18-04-2020 18:54:32] [INFO] Voter #61 has voted "Robert"
[18-04-2020 18:54:32] [INFO] Voter #34 has voted "Ted"
[18-04-2020 18:54:32] [INFO] Voter #4 has voted "Ted"
[18-04-2020 18:54:32] [INFO] Voter #69 has voted "Robert"
[18-04-2020 18:54:32] [INFO] Voter #56 has voted "Cameron"
[18-04-2020 18:54:32] [INFO] Voter #82 has voted "Cameron"
[18-04-2020 18:54:32] [INFO] Voter #83 has voted "Ted"
[18-04-2020 18:54:32] [INFO] Voter #39 has voted "Cameron"
[18-04-2020 18:54:32] [INFO] Voter #77 has voted "Cameron"
[18-04-2020 18:54:32] [INFO] Voter #68 has voted "Cameron"
[18-04-2020 18:54:32] [INFO] Voter #80 has voted "Ted"
[18-04-2020 18:54:32] [INFO] Voter #81 has voted "Robert"
[18-04-2020 18:54:32] [INFO] Voter #18 has voted "Ted"
[18-04-2020 18:54:32] [INFO] Voter #63 has voted "Ted"
[18-04-2020 18:54:32] [INFO] Voter #40 has voted "Cameron"
[18-04-2020 18:54:32] [INFO] Voter #37 has voted "Cameron"
[18-04-2020 18:54:32] [INFO] Voter #99 has voted "Cameron"
[18-04-2020 18:54:32] [INFO] Voter #88 has voted "Robert"
[18-04-2020 18:54:32] [INFO] Voter #70 has voted "Ted"
[18-04-2020 18:54:32] [INFO] Voter #51 has voted "Robert"
[18-04-2020 18:54:32] [INFO] Voter #94 has voted "Ted"
[18-04-2020 18:54:32] [INFO] Voter #90 has voted "Ted"
[18-04-2020 18:54:32] [INFO] Voter #96 has voted "Cameron"
[18-04-2020 18:54:32] [INFO] Voter #14 has voted "Robert"
[18-04-2020 18:54:32] [INFO] Voter #30 has voted "Cameron"
[18-04-2020 18:54:32] [INFO] Voter #53 has voted "Ted"
[18-04-2020 18:54:32] [INFO] Voter #36 has voted "Robert"
[18-04-2020 18:54:32] [INFO] Voter #43 has voted "Cameron"
[18-04-2020 18:54:32] [INFO] Voter #44 has voted "Robert"
[18-04-2020 18:54:32] [INFO] Voter #2 has voted "Robert"
[18-04-2020 18:54:32] [INFO] Voter #0 has voted "Cameron"
[18-04-2020 18:54:32] [INFO] Voter #10 has voted "Cameron"
[18-04-2020 18:54:32] [INFO] Voter #12 has voted "Ted"
[18-04-2020 18:54:32] [INFO] Voter #76 has voted "Cameron"
[18-04-2020 18:54:32] [INFO] Voter #21 has voted "Robert"
[18-04-2020 18:54:32] [INFO] Voter #22 has voted "Cameron"
[18-04-2020 18:54:32] [INFO] Voter #86 has voted "Cameron"
[18-04-2020 18:54:32] [INFO] Voter #23 has voted "Robert"
[18-04-2020 18:54:32] [INFO] Voter #3 has voted "Robert"
[18-04-2020 18:54:32] [INFO] Voter #79 has voted "Ted"
[18-04-2020 18:54:32] [INFO] Voter #26 has voted "Cameron"
[18-04-2020 18:54:32] [INFO] Voter #20 has voted "Robert"
[18-04-2020 18:54:32] [INFO] Voter #41 has voted "Robert"
[18-04-2020 18:54:32] [INFO] Voter #16 has voted "Ted"
[18-04-2020 18:54:32] [INFO] Voter #89 has voted "Ted"
[18-04-2020 18:54:32] [INFO] Voter #19 has voted "Cameron"
[18-04-2020 18:54:32] [INFO] Voter #92 has voted "Robert"
[18-04-2020 18:54:32] [INFO] Voter #71 has voted "Cameron"
[18-04-2020 18:54:32] [INFO] Voter #62 has voted "Robert"
[18-04-2020 18:54:32] [INFO] Voter #24 has voted "Cameron"
[18-04-2020 18:54:32] [INFO] Voter #48 has voted "Cameron"
[18-04-2020 18:54:32] [INFO] Voter #6 has voted "Cameron"
[18-04-2020 18:54:32] [INFO] Voter #17 has voted "Robert"
[18-04-2020 18:54:32] [INFO] Voter #27 has voted "Ted"
[18-04-2020 18:54:32] [INFO] Voter #91 has voted "Cameron"
[18-04-2020 18:54:32] [INFO] Voter #52 has voted "Ted"
[18-04-2020 18:54:32] [INFO] Voter #29 has voted "Ted"
[18-04-2020 18:54:32] [INFO] Voter #45 has voted "Ted"
[18-04-2020 18:54:32] [INFO] Voter #78 has voted "Cameron"
[18-04-2020 18:54:32] [INFO] Voter #87 has voted "Ted"
[18-04-2020 18:54:32] [INFO] Voter #11 has voted "Robert"
[18-04-2020 18:54:32] [INFO] Voter #50 has voted "Robert"
[18-04-2020 18:54:32] [INFO] Voter #84 has voted "Cameron"
[18-04-2020 18:54:32] [INFO] Voter #49 has voted "Ted"
[18-04-2020 18:54:32] [INFO] Voter #7 has voted "Cameron"
[18-04-2020 18:54:32] [INFO] Voter #93 has voted "Cameron"
[18-04-2020 18:54:32] [INFO] Voter #74 has voted "Cameron"
[18-04-2020 18:54:32] [INFO] Voter #47 has voted "Ted"
[18-04-2020 18:54:32] [INFO] Voter #72 has voted "Ted"
[18-04-2020 18:54:32] [INFO] Voter #35 has voted "Robert"
[18-04-2020 18:54:32] [INFO] Voter #59 has voted "Cameron"
[18-04-2020 18:54:32] [INFO] Voter #33 has voted "Robert"
[18-04-2020 18:54:32] [INFO] Voter #97 has voted "Robert"
[18-04-2020 18:55:57] [INFO] Joe Furfaro has changed the question ID to 1
[18-04-2020 18:55:57] [INFO] Voter #95 has voted "False"
[18-04-2020 18:55:57] [INFO] Voter #54 has voted "False"
[18-04-2020 18:55:57] [INFO] Voter #39 has voted "True"
[18-04-2020 18:55:57] [INFO] Voter #26 has voted "False"
[18-04-2020 18:55:57] [INFO] Voter #44 has voted "True"
[18-04-2020 18:55:57] [INFO] Voter #65 has voted "True"
[18-04-2020 18:55:57] [INFO] Voter #69 has voted "False"
[18-04-2020 18:55:57] [INFO] Voter #98 has voted "False"
[18-04-2020 18:55:57] [INFO] Voter #70 has voted "True"
[18-04-2020 18:55:57] [INFO] Voter #45 has voted "True"
[18-04-2020 18:55:57] [INFO] Voter #72 has voted "False"
[18-04-2020 18:55:57] [INFO] Voter #67 has voted "False"
[18-04-2020 18:55:57] [INFO] Voter #56 has voted "True"
[18-04-2020 18:55:57] [INFO] Voter #57 has voted "True"
[18-04-2020 18:55:57] [INFO] Voter #96 has voted "True"
[18-04-2020 18:55:57] [INFO] Voter #74 has voted "False"
[18-04-2020 18:55:57] [INFO] Voter #49 has voted "False"
[18-04-2020 18:55:57] [INFO] Voter #4 has voted "True"
[18-04-2020 18:55:57] [INFO] Voter #81 has voted "True"
[18-04-2020 18:55:57] [INFO] Voter #30 has voted "True"
[18-04-2020 18:55:57] [INFO] Voter #52 has voted "True"
[18-04-2020 18:55:57] [INFO] Voter #71 has voted "True"
[18-04-2020 18:55:57] [INFO] Voter #35 has voted "False"
[18-04-2020 18:55:57] [INFO] Voter #38 has voted "False"
[18-04-2020 18:55:57] [INFO] Voter #50 has voted "True"
[18-04-2020 18:55:57] [INFO] Voter #1 has voted "True"
[18-04-2020 18:55:57] [INFO] Voter #51 has voted "False"
[18-04-2020 18:55:57] [INFO] Voter #32 has voted "True"
[18-04-2020 18:55:57] [INFO] Voter #47 has voted "True"
[18-04-2020 18:55:57] [INFO] Voter #41 has voted "False"
[18-04-2020 18:55:57] [INFO] Voter #73 has voted "True"
[18-04-2020 18:55:57] [INFO] Voter #90 has voted "True"
[18-04-2020 18:55:57] [INFO] Voter #92 has voted "False"
[18-04-2020 18:55:57] [INFO] Voter #82 has voted "True"
[18-04-2020 18:55:57] [INFO] Voter #76 has voted "False"
[18-04-2020 18:55:57] [INFO] Voter #62 has voted "False"
[18-04-2020 18:55:57] [INFO] Voter #68 has voted "False"
[18-04-2020 18:55:57] [INFO] Voter #14 has voted "False"
[18-04-2020 18:55:57] [INFO] Voter #8 has voted "False"
[18-04-2020 18:55:57] [INFO] Voter #46 has voted "False"
[18-04-2020 18:55:57] [INFO] Voter #15 has voted "False"
[18-04-2020 18:55:57] [INFO] Voter #80 has voted "True"
[18-04-2020 18:55:57] [INFO] Voter #12 has voted "False"
[18-04-2020 18:55:57] [INFO] Voter #23 has voted "True"
[18-04-2020 18:55:57] [INFO] Voter #42 has voted "False"
[18-04-2020 18:55:57] [INFO] Voter #60 has voted "False"
[18-04-2020 18:55:57] [INFO] Voter #66 has voted "False"
[18-04-2020 18:55:57] [INFO] Voter #87 has voted "True"
[18-04-2020 18:55:57] [INFO] Voter #88 has voted "False"
[18-04-2020 18:55:57] [INFO] Voter #7 has voted "False"
[18-04-2020 18:55:57] [INFO] Voter #93 has voted "False"
[18-04-2020 18:55:57] [INFO] Voter #5 has voted "True"
[18-04-2020 18:55:57] [INFO] Voter #33 has voted "True"
[18-04-2020 18:55:57] [INFO] Voter #40 has voted "True"
[18-04-2020 18:55:57] [INFO] Voter #77 has voted "False"
[18-04-2020 18:55:57] [INFO] Voter #85 has voted "False"
[18-04-2020 18:55:57] [INFO] Voter #86 has voted "False"
[18-04-2020 18:55:57] [INFO] Voter #27 has voted "True"
[18-04-2020 18:55:57] [INFO] Voter #91 has voted "False"
[18-04-2020 18:55:57] [INFO] Voter #83 has voted "True"
[18-04-2020 18:55:57] [INFO] Voter #16 has voted "True"
[18-04-2020 18:55:57] [INFO] Voter #97 has voted "False"
[18-04-2020 18:55:57] [INFO] Voter #17 has voted "False"
[18-04-2020 18:55:57] [INFO] Voter #19 has voted "True"
[18-04-2020 18:55:57] [INFO] Voter #31 has voted "False"
[18-04-2020 18:55:57] [INFO] Voter #55 has voted "True"
[18-04-2020 18:55:57] [INFO] Voter #48 has voted "True"
[18-04-2020 18:55:57] [INFO] Voter #11 has voted "True"
[18-04-2020 18:55:57] [INFO] Voter #99 has voted "False"
[18-04-2020 18:55:57] [INFO] Voter #58 has voted "False"
[18-04-2020 18:55:57] [INFO] Voter #59 has voted "True"
[18-04-2020 18:55:57] [INFO] Voter #0 has voted "False"
[18-04-2020 18:55:57] [INFO] Voter #3 has voted "True"
[18-04-2020 18:55:57] [INFO] Voter #25 has voted "False"
[18-04-2020 18:55:57] [INFO] Voter #18 has voted "True"
[18-04-2020 18:55:57] [INFO] Voter #29 has voted "False"
[18-04-2020 18:55:57] [INFO] Voter #89 has voted "True"
[18-04-2020 18:55:57] [INFO] Voter #22 has voted "False"
[18-04-2020 18:55:57] [INFO] Voter #79 has voted "True"
[18-04-2020 18:55:57] [INFO] Voter #10 has voted "False"
[18-04-2020 18:55:57] [INFO] Voter #28 has voted "False"
[18-04-2020 18:55:57] [INFO] Voter #21 has voted "False"
[18-04-2020 18:55:57] [INFO] Voter #94 has voted "False"
[18-04-2020 18:55:57] [INFO] Voter #84 has voted "True"
[18-04-2020 18:55:57] [INFO] Voter #61 has voted "True"
[18-04-2020 18:55:57] [INFO] Voter #78 has voted "False"
[18-04-2020 18:55:57] [INFO] Voter #37 has voted "True"
[18-04-2020 18:55:57] [INFO] Voter #9 has voted "False"
[18-04-2020 18:55:57] [INFO] Voter #36 has voted "True"
[18-04-2020 18:55:57] [INFO] Voter #13 has voted "False"
[18-04-2020 18:55:57] [INFO] Voter #53 has voted "True"
[18-04-2020 18:55:57] [INFO] Voter #6 has voted "True"
[18-04-2020 18:55:57] [INFO] Voter #43 has voted "False"
[18-04-2020 18:55:57] [INFO] Voter #75 has voted "False"
[18-04-2020 18:55:57] [INFO] Voter #64 has voted "True"
[18-04-2020 18:55:57] [INFO] Voter #20 has voted "True"
[18-04-2020 18:55:57] [INFO] Voter #24 has voted "True"
[18-04-2020 18:55:57] [INFO] Voter #34 has voted "False"
[18-04-2020 18:55:57] [INFO] Voter #63 has voted "True"
[18-04-2020 18:55:57] [INFO] Voter #2 has voted "False"
[18-04-2020 18:57:07] [INFO] Joe Furfaro has cleared the current question
[18-04-2020 18:57:16] [INFO] Closing logger
