[18-04-2020 18:42:21] [INFO] Starting logger
[18-04-2020 18:42:41] [INFO] Joe Furfaro has verified their ADMIN identity using access code "Dipole2001!"
[18-04-2020 18:42:46] [INFO] Voter #0 has verified their VOTER identity using access code "g7b50b"
[18-04-2020 18:42:46] [INFO] Voter #1 has verified their VOTER identity using access code "9o1sbi"
[18-04-2020 18:42:46] [INFO] Voter #2 has verified their VOTER identity using access code "pmayu1"
[18-04-2020 18:42:46] [INFO] Voter #3 has verified their VOTER identity using access code "aqhi0k"
[18-04-2020 18:42:46] [INFO] Voter #4 has verified their VOTER identity using access code "xhi2j6"
[18-04-2020 18:42:53] [INFO] Joe Furfaro has changed the question ID to 1
[18-04-2020 18:44:00] [INFO] VOTER Voter #4 disconnected
[18-04-2020 18:44:00] [INFO] VOTER Voter #3 disconnected
[18-04-2020 18:44:00] [INFO] VOTER Voter #2 disconnected
[18-04-2020 18:44:00] [INFO] VOTER Voter #1 disconnected
[18-04-2020 18:44:00] [INFO] VOTER Voter #0 disconnected
[18-04-2020 18:44:07] [INFO] Voter #1 has verified their VOTER identity using access code "9o1sbi"
[18-04-2020 18:44:07] [INFO] Voter #0 has verified their VOTER identity using access code "g7b50b"
[18-04-2020 18:44:07] [INFO] Voter #3 has verified their VOTER identity using access code "aqhi0k"
[18-04-2020 18:44:07] [INFO] Voter #2 has verified their VOTER identity using access code "pmayu1"
[18-04-2020 18:44:07] [INFO] Voter #4 has verified their VOTER identity using access code "xhi2j6"
[18-04-2020 18:44:11] [INFO] Joe Furfaro has changed the question ID to 1
[18-04-2020 18:44:13] [INFO] Joe Furfaro has cleared the current question
[18-04-2020 18:44:17] [INFO] VOTER Voter #3 disconnected
[18-04-2020 18:44:17] [INFO] VOTER Voter #4 disconnected
[18-04-2020 18:44:17] [INFO] VOTER Voter #2 disconnected
[18-04-2020 18:44:17] [INFO] VOTER Voter #1 disconnected
[18-04-2020 18:44:17] [INFO] VOTER Voter #0 disconnected
[18-04-2020 18:44:57] [INFO] Voter #2 has verified their VOTER identity using access code "pmayu1"
[18-04-2020 18:44:57] [INFO] Voter #0 has verified their VOTER identity using access code "g7b50b"
[18-04-2020 18:44:57] [INFO] Voter #3 has verified their VOTER identity using access code "aqhi0k"
[18-04-2020 18:44:57] [INFO] Voter #1 has verified their VOTER identity using access code "9o1sbi"
[18-04-2020 18:44:57] [INFO] Voter #4 has verified their VOTER identity using access code "xhi2j6"
[18-04-2020 18:45:02] [INFO] Joe Furfaro has changed the question ID to 2
[18-04-2020 18:45:04] [INFO] Joe Furfaro has cleared the current question
[18-04-2020 18:45:27] [INFO] VOTER Voter #4 disconnected
[18-04-2020 18:45:27] [INFO] VOTER Voter #1 disconnected
[18-04-2020 18:45:27] [INFO] VOTER Voter #3 disconnected
[18-04-2020 18:45:27] [INFO] VOTER Voter #2 disconnected
[18-04-2020 18:45:27] [INFO] VOTER Voter #0 disconnected
[18-04-2020 18:45:28] [INFO] Voter #4 has verified their VOTER identity using access code "xhi2j6"
[18-04-2020 18:45:28] [INFO] Voter #0 has verified their VOTER identity using access code "g7b50b"
[18-04-2020 18:45:28] [INFO] Voter #2 has verified their VOTER identity using access code "pmayu1"
[18-04-2020 18:45:28] [INFO] Voter #1 has verified their VOTER identity using access code "9o1sbi"
[18-04-2020 18:45:28] [INFO] Voter #3 has verified their VOTER identity using access code "aqhi0k"
[18-04-2020 18:45:44] [INFO] Joe Furfaro has changed the question ID to 1
[18-04-2020 18:45:46] [INFO] Joe Furfaro has cleared the current question
[18-04-2020 18:45:47] [INFO] VOTER Voter #3 disconnected
[18-04-2020 18:45:47] [INFO] VOTER Voter #1 disconnected
[18-04-2020 18:45:47] [INFO] VOTER Voter #4 disconnected
[18-04-2020 18:45:47] [INFO] VOTER Voter #2 disconnected
[18-04-2020 18:45:47] [INFO] VOTER Voter #0 disconnected
[18-04-2020 18:46:05] [INFO] Voter #0 has verified their VOTER identity using access code "g7b50b"
[18-04-2020 18:46:05] [INFO] Voter #2 has verified their VOTER identity using access code "pmayu1"
[18-04-2020 18:46:05] [INFO] Voter #1 has verified their VOTER identity using access code "9o1sbi"
[18-04-2020 18:46:05] [INFO] Voter #3 has verified their VOTER identity using access code "aqhi0k"
[18-04-2020 18:46:05] [INFO] Voter #4 has verified their VOTER identity using access code "xhi2j6"
[18-04-2020 18:46:08] [INFO] Joe Furfaro has changed the question ID to 1
[18-04-2020 18:46:12] [INFO] VOTER Voter #4 disconnected
[18-04-2020 18:46:12] [INFO] VOTER Voter #3 disconnected
[18-04-2020 18:46:12] [INFO] VOTER Voter #2 disconnected
[18-04-2020 18:46:12] [INFO] VOTER Voter #1 disconnected
[18-04-2020 18:46:12] [INFO] VOTER Voter #0 disconnected
[18-04-2020 18:46:58] [INFO] Voter #1 has verified their VOTER identity using access code "9o1sbi"
[18-04-2020 18:46:58] [INFO] Voter #2 has verified their VOTER identity using access code "pmayu1"
[18-04-2020 18:46:58] [INFO] Voter #4 has verified their VOTER identity using access code "xhi2j6"
[18-04-2020 18:46:58] [INFO] Voter #3 has verified their VOTER identity using access code "aqhi0k"
[18-04-2020 18:46:58] [INFO] Voter #0 has verified their VOTER identity using access code "g7b50b"
[18-04-2020 18:47:21] [INFO] Joe Furfaro has cleared the current question
[18-04-2020 18:47:25] [INFO] VOTER Voter #0 disconnected
[18-04-2020 18:47:25] [INFO] VOTER Voter #4 disconnected
[18-04-2020 18:47:25] [INFO] VOTER Voter #3 disconnected
[18-04-2020 18:47:25] [INFO] VOTER Voter #1 disconnected
[18-04-2020 18:47:25] [INFO] VOTER Voter #2 disconnected
[18-04-2020 18:47:26] [INFO] Voter #1 has verified their VOTER identity using access code "9o1sbi"
[18-04-2020 18:47:26] [INFO] Voter #0 has verified their VOTER identity using access code "g7b50b"
[18-04-2020 18:47:26] [INFO] Voter #3 has verified their VOTER identity using access code "aqhi0k"
[18-04-2020 18:47:26] [INFO] Voter #4 has verified their VOTER identity using access code "xhi2j6"
[18-04-2020 18:47:26] [INFO] Voter #2 has verified their VOTER identity using access code "pmayu1"
[18-04-2020 18:47:30] [INFO] Joe Furfaro has changed the question ID to 1
[18-04-2020 18:47:38] [INFO] VOTER Voter #4 disconnected
[18-04-2020 18:47:38] [INFO] VOTER Voter #3 disconnected
[18-04-2020 18:47:38] [INFO] VOTER Voter #1 disconnected
[18-04-2020 18:47:38] [INFO] VOTER Voter #2 disconnected
[18-04-2020 18:47:38] [INFO] VOTER Voter #0 disconnected
[18-04-2020 18:48:16] [INFO] Joe Furfaro has cleared the current question
[18-04-2020 18:48:17] [INFO] Voter #2 has verified their VOTER identity using access code "pmayu1"
[18-04-2020 18:48:17] [INFO] Voter #4 has verified their VOTER identity using access code "xhi2j6"
[18-04-2020 18:48:17] [INFO] Voter #0 has verified their VOTER identity using access code "g7b50b"
[18-04-2020 18:48:17] [INFO] Voter #1 has verified their VOTER identity using access code "9o1sbi"
[18-04-2020 18:48:17] [INFO] Voter #3 has verified their VOTER identity using access code "aqhi0k"
[18-04-2020 18:48:23] [INFO] Joe Furfaro has changed the question ID to 1
[18-04-2020 18:48:23] [INFO] Voter #0 has voted "False"
[18-04-2020 18:48:23] [INFO] Voter #4 has voted "False"
[18-04-2020 18:48:23] [INFO] Voter #1 has voted "False"
[18-04-2020 18:48:23] [INFO] Voter #3 has voted "False"
[18-04-2020 18:48:23] [INFO] Voter #2 has voted "True"
[18-04-2020 18:48:36] [INFO] Joe Furfaro has changed the question ID to 2
[18-04-2020 18:48:36] [INFO] Voter #2 has voted "Cameron"
[18-04-2020 18:48:36] [INFO] Voter #1 has voted "Ted"
[18-04-2020 18:48:36] [INFO] Voter #3 has voted "Robert"
[18-04-2020 18:48:36] [INFO] Voter #4 has voted "Cameron"
[18-04-2020 18:48:36] [INFO] Voter #0 has voted "Ted"
[18-04-2020 18:49:26] [INFO] Closing logger
