[18-04-2020 18:08:14] [INFO] Starting logger
[18-04-2020 18:22:31] [INFO] Voter #0 has verified their VOTER identity using access code "g7b50b"
[18-04-2020 18:22:31] [INFO] VOTER Voter #0 disconnected
[18-04-2020 18:22:31] [INFO] Voter #1 has verified their VOTER identity using access code "9o1sbi"
[18-04-2020 18:22:31] [INFO] Voter #2 has verified their VOTER identity using access code "pmayu1"
[18-04-2020 18:22:31] [INFO] VOTER Voter #2 disconnected
[18-04-2020 18:22:31] [INFO] Voter #3 has verified their VOTER identity using access code "aqhi0k"
[18-04-2020 18:22:31] [INFO] VOTER Voter #3 disconnected
[18-04-2020 18:22:31] [INFO] Voter #4 has verified their VOTER identity using access code "xhi2j6"
[18-04-2020 18:22:31] [INFO] VOTER Voter #4 disconnected
[18-04-2020 18:23:36] [INFO] Voter #0 has verified their VOTER identity using access code "g7b50b"
[18-04-2020 18:23:36] [INFO] VOTER Voter #0 disconnected
[18-04-2020 18:23:36] [INFO] Voter #1 has verified their VOTER identity using access code "9o1sbi"
[18-04-2020 18:23:36] [INFO] VOTER Voter #1 disconnected
[18-04-2020 18:23:36] [INFO] Voter #2 has verified their VOTER identity using access code "pmayu1"
[18-04-2020 18:23:36] [INFO] VOTER Voter #2 disconnected
[18-04-2020 18:23:36] [INFO] Voter #3 has verified their VOTER identity using access code "aqhi0k"
[18-04-2020 18:23:36] [INFO] VOTER Voter #3 disconnected
[18-04-2020 18:23:36] [INFO] Voter #4 has verified their VOTER identity using access code "xhi2j6"
[18-04-2020 18:23:36] [INFO] VOTER Voter #4 disconnected
[18-04-2020 18:23:43] [INFO] Voter #0 has verified their VOTER identity using access code "g7b50b"
[18-04-2020 18:23:43] [INFO] VOTER Voter #0 disconnected
[18-04-2020 18:23:43] [INFO] Voter #1 has verified their VOTER identity using access code "9o1sbi"
[18-04-2020 18:23:43] [INFO] VOTER Voter #1 disconnected
[18-04-2020 18:23:43] [INFO] Voter #2 has verified their VOTER identity using access code "pmayu1"
[18-04-2020 18:23:43] [INFO] VOTER Voter #2 disconnected
[18-04-2020 18:23:43] [INFO] Voter #3 has verified their VOTER identity using access code "aqhi0k"
[18-04-2020 18:23:43] [INFO] VOTER Voter #3 disconnected
[18-04-2020 18:23:43] [INFO] Voter #4 has verified their VOTER identity using access code "xhi2j6"
[18-04-2020 18:23:43] [INFO] VOTER Voter #4 disconnected
[18-04-2020 18:24:22] [INFO] Voter #0 has verified their VOTER identity using access code "g7b50b"
[18-04-2020 18:24:22] [INFO] VOTER Voter #0 disconnected
[18-04-2020 18:24:30] [INFO] Voter #0 has verified their VOTER identity using access code "g7b50b"
[18-04-2020 18:24:30] [INFO] VOTER Voter #0 disconnected
[18-04-2020 18:25:42] [INFO] Voter #0 has verified their VOTER identity using access code "g7b50b"
[18-04-2020 18:25:42] [INFO] VOTER Voter #0 disconnected
[18-04-2020 18:27:36] [INFO] Voter #0 has verified their VOTER identity using access code "g7b50b"
[18-04-2020 18:27:36] [INFO] VOTER Voter #0 disconnected
[18-04-2020 18:28:04] [INFO] Voter #0 has verified their VOTER identity using access code "g7b50b"
[18-04-2020 18:28:04] [INFO] VOTER Voter #0 disconnected
[18-04-2020 18:28:12] [INFO] Voter #0 has verified their VOTER identity using access code "g7b50b"
[18-04-2020 18:28:12] [INFO] VOTER Voter #0 disconnected
[18-04-2020 18:28:12] [INFO] Voter #1 has verified their VOTER identity using access code "9o1sbi"
[18-04-2020 18:28:12] [INFO] VOTER Voter #1 disconnected
[18-04-2020 18:28:12] [INFO] Voter #2 has verified their VOTER identity using access code "pmayu1"
[18-04-2020 18:28:12] [INFO] VOTER Voter #2 disconnected
[18-04-2020 18:28:12] [INFO] Voter #3 has verified their VOTER identity using access code "aqhi0k"
[18-04-2020 18:28:12] [INFO] VOTER Voter #3 disconnected
[18-04-2020 18:28:12] [INFO] Voter #4 has verified their VOTER identity using access code "xhi2j6"
[18-04-2020 18:28:12] [INFO] VOTER Voter #4 disconnected
[18-04-2020 18:28:20] [INFO] Voter #0 has verified their VOTER identity using access code "g7b50b"
[18-04-2020 18:28:20] [INFO] VOTER Voter #0 disconnected
[18-04-2020 18:28:20] [INFO] Voter #1 has verified their VOTER identity using access code "9o1sbi"
[18-04-2020 18:28:20] [INFO] VOTER Voter #1 disconnected
[18-04-2020 18:28:20] [INFO] Voter #2 has verified their VOTER identity using access code "pmayu1"
[18-04-2020 18:28:20] [INFO] VOTER Voter #2 disconnected
[18-04-2020 18:28:20] [INFO] Voter #3 has verified their VOTER identity using access code "aqhi0k"
[18-04-2020 18:28:20] [INFO] VOTER Voter #3 disconnected
[18-04-2020 18:28:20] [INFO] Voter #4 has verified their VOTER identity using access code "xhi2j6"
[18-04-2020 18:28:20] [INFO] VOTER Voter #4 disconnected
[18-04-2020 18:28:28] [INFO] Closing logger
