[19-04-2020 01:28:12] [INFO] Starting logger
[19-04-2020 01:28:23] [INFO] Joe Furfaro has verified their ADMIN identity using access code "Dipole2001!"
[19-04-2020 01:28:25] [INFO] Voter #1 has verified their VOTER identity using access code "vb39t3"
[19-04-2020 01:28:25] [INFO] Voter #0 has verified their VOTER identity using access code "90b7lz"
[19-04-2020 01:28:25] [INFO] Voter #2 has verified their VOTER identity using access code "94fat9"
[19-04-2020 01:28:25] [INFO] Voter #3 has verified their VOTER identity using access code "8ne0zw"
[19-04-2020 01:28:25] [INFO] Voter #4 has verified their VOTER identity using access code "a5l6n3"
[19-04-2020 01:28:25] [INFO] Voter #5 has verified their VOTER identity using access code "gk2g7y"
[19-04-2020 01:28:25] [INFO] Voter #6 has verified their VOTER identity using access code "anicrg"
[19-04-2020 01:28:25] [INFO] Voter #7 has verified their VOTER identity using access code "yn4b32"
[19-04-2020 01:28:25] [INFO] Voter #8 has verified their VOTER identity using access code "yc5qg3"
[19-04-2020 01:28:25] [INFO] Voter #9 has verified their VOTER identity using access code "hr0ws5"
[19-04-2020 01:28:25] [INFO] Voter #10 has verified their VOTER identity using access code "0nfkiw"
[19-04-2020 01:28:25] [INFO] Voter #11 has verified their VOTER identity using access code "kglmpw"
[19-04-2020 01:28:25] [INFO] Voter #12 has verified their VOTER identity using access code "rw0mo2"
[19-04-2020 01:28:25] [INFO] Voter #13 has verified their VOTER identity using access code "qbsgyr"
[19-04-2020 01:28:25] [INFO] Voter #14 has verified their VOTER identity using access code "zl4xid"
[19-04-2020 01:28:25] [INFO] Voter #15 has verified their VOTER identity using access code "hrgan7"
[19-04-2020 01:28:25] [INFO] Voter #16 has verified their VOTER identity using access code "xctzru"
[19-04-2020 01:28:25] [INFO] Voter #17 has verified their VOTER identity using access code "8vrm5b"
[19-04-2020 01:28:25] [INFO] Voter #18 has verified their VOTER identity using access code "09vmjx"
[19-04-2020 01:28:26] [INFO] Voter #19 has verified their VOTER identity using access code "6lim07"
[19-04-2020 01:28:26] [INFO] Voter #20 has verified their VOTER identity using access code "w8yf5r"
[19-04-2020 01:28:26] [INFO] Voter #21 has verified their VOTER identity using access code "qu6apa"
[19-04-2020 01:28:26] [INFO] Voter #22 has verified their VOTER identity using access code "dq8c6a"
[19-04-2020 01:28:26] [INFO] Voter #23 has verified their VOTER identity using access code "3s6746"
[19-04-2020 01:28:26] [INFO] Voter #24 has verified their VOTER identity using access code "u5l84l"
[19-04-2020 01:28:26] [INFO] Voter #25 has verified their VOTER identity using access code "7kdu29"
[19-04-2020 01:28:26] [INFO] Voter #26 has verified their VOTER identity using access code "27k664"
[19-04-2020 01:28:26] [INFO] Voter #27 has verified their VOTER identity using access code "lbk8az"
[19-04-2020 01:28:26] [INFO] Voter #28 has verified their VOTER identity using access code "d07pfo"
[19-04-2020 01:28:26] [INFO] Voter #29 has verified their VOTER identity using access code "8rjcck"
[19-04-2020 01:28:26] [INFO] Voter #30 has verified their VOTER identity using access code "8vhujg"
[19-04-2020 01:28:26] [INFO] Voter #31 has verified their VOTER identity using access code "zcd7ht"
[19-04-2020 01:28:26] [INFO] Voter #32 has verified their VOTER identity using access code "4isonc"
[19-04-2020 01:28:26] [INFO] Voter #33 has verified their VOTER identity using access code "syjdmb"
[19-04-2020 01:28:26] [INFO] Voter #34 has verified their VOTER identity using access code "n826ay"
[19-04-2020 01:28:26] [INFO] Voter #35 has verified their VOTER identity using access code "kx96oz"
[19-04-2020 01:28:26] [INFO] Voter #36 has verified their VOTER identity using access code "ukvlyb"
[19-04-2020 01:28:26] [INFO] Voter #37 has verified their VOTER identity using access code "fy96xr"
[19-04-2020 01:28:26] [INFO] Voter #38 has verified their VOTER identity using access code "hp3chy"
[19-04-2020 01:28:26] [INFO] Voter #39 has verified their VOTER identity using access code "oif5cu"
[19-04-2020 01:28:26] [INFO] Voter #40 has verified their VOTER identity using access code "ze47l8"
[19-04-2020 01:28:26] [INFO] Voter #41 has verified their VOTER identity using access code "2dkpl1"
[19-04-2020 01:28:26] [INFO] Voter #42 has verified their VOTER identity using access code "amnl10"
[19-04-2020 01:28:26] [INFO] Voter #43 has verified their VOTER identity using access code "vexk7m"
[19-04-2020 01:28:26] [INFO] Voter #44 has verified their VOTER identity using access code "hhdww8"
[19-04-2020 01:28:26] [INFO] Voter #45 has verified their VOTER identity using access code "5sxonc"
[19-04-2020 01:28:26] [INFO] Voter #46 has verified their VOTER identity using access code "ftn9fd"
[19-04-2020 01:28:26] [INFO] Voter #47 has verified their VOTER identity using access code "fiqbqw"
[19-04-2020 01:28:26] [INFO] Voter #48 has verified their VOTER identity using access code "n9bwvx"
[19-04-2020 01:28:26] [INFO] Voter #49 has verified their VOTER identity using access code "gw8626"
[19-04-2020 01:28:26] [INFO] Voter #50 has verified their VOTER identity using access code "hqrqtf"
[19-04-2020 01:28:26] [INFO] Voter #51 has verified their VOTER identity using access code "sw9kj2"
[19-04-2020 01:28:26] [INFO] Voter #52 has verified their VOTER identity using access code "ncxr9w"
[19-04-2020 01:28:26] [INFO] Voter #53 has verified their VOTER identity using access code "2olfd4"
[19-04-2020 01:28:26] [INFO] Voter #54 has verified their VOTER identity using access code "tku3a8"
[19-04-2020 01:28:26] [INFO] Voter #55 has verified their VOTER identity using access code "u1w97j"
[19-04-2020 01:28:26] [INFO] Voter #56 has verified their VOTER identity using access code "5x104w"
[19-04-2020 01:28:26] [INFO] Voter #57 has verified their VOTER identity using access code "ipuuwz"
[19-04-2020 01:28:26] [INFO] Voter #58 has verified their VOTER identity using access code "1wrl9a"
[19-04-2020 01:28:26] [INFO] Voter #59 has verified their VOTER identity using access code "jlvkru"
[19-04-2020 01:28:26] [INFO] Voter #60 has verified their VOTER identity using access code "ydsniu"
[19-04-2020 01:28:26] [INFO] Voter #61 has verified their VOTER identity using access code "wa70ar"
[19-04-2020 01:28:26] [INFO] Voter #62 has verified their VOTER identity using access code "hz812j"
[19-04-2020 01:28:26] [INFO] Voter #63 has verified their VOTER identity using access code "ncz16a"
[19-04-2020 01:28:26] [INFO] Voter #64 has verified their VOTER identity using access code "vp1fel"
[19-04-2020 01:28:26] [INFO] Voter #65 has verified their VOTER identity using access code "ohe5r5"
[19-04-2020 01:28:26] [INFO] Voter #66 has verified their VOTER identity using access code "nrb33b"
[19-04-2020 01:28:26] [INFO] Voter #67 has verified their VOTER identity using access code "614zd6"
[19-04-2020 01:28:26] [INFO] Voter #68 has verified their VOTER identity using access code "869pvw"
[19-04-2020 01:28:26] [INFO] Voter #69 has verified their VOTER identity using access code "1j2xbu"
[19-04-2020 01:28:26] [INFO] Voter #70 has verified their VOTER identity using access code "2mzeh0"
[19-04-2020 01:28:26] [INFO] Voter #71 has verified their VOTER identity using access code "iiyds0"
[19-04-2020 01:28:26] [INFO] Voter #72 has verified their VOTER identity using access code "ki5bpl"
[19-04-2020 01:28:26] [INFO] Voter #73 has verified their VOTER identity using access code "8u8s0m"
[19-04-2020 01:28:26] [INFO] Voter #74 has verified their VOTER identity using access code "dmgomk"
[19-04-2020 01:28:26] [INFO] Voter #75 has verified their VOTER identity using access code "ps8me3"
[19-04-2020 01:28:26] [INFO] Voter #76 has verified their VOTER identity using access code "u6j1w7"
[19-04-2020 01:28:26] [INFO] Voter #77 has verified their VOTER identity using access code "2b040w"
[19-04-2020 01:28:26] [INFO] Voter #78 has verified their VOTER identity using access code "3c7f7r"
[19-04-2020 01:28:26] [INFO] Voter #79 has verified their VOTER identity using access code "picg28"
[19-04-2020 01:28:26] [INFO] Voter #80 has verified their VOTER identity using access code "yivo2f"
[19-04-2020 01:28:26] [INFO] Voter #81 has verified their VOTER identity using access code "05btd6"
[19-04-2020 01:28:26] [INFO] Voter #82 has verified their VOTER identity using access code "t8pof1"
[19-04-2020 01:28:26] [INFO] Voter #83 has verified their VOTER identity using access code "kkjk7x"
[19-04-2020 01:28:26] [INFO] Voter #84 has verified their VOTER identity using access code "95m2kv"
[19-04-2020 01:28:26] [INFO] Voter #85 has verified their VOTER identity using access code "o0qrbb"
[19-04-2020 01:28:26] [INFO] Voter #86 has verified their VOTER identity using access code "fos5k4"
[19-04-2020 01:28:26] [INFO] Voter #87 has verified their VOTER identity using access code "r4ckjk"
[19-04-2020 01:28:26] [INFO] Voter #88 has verified their VOTER identity using access code "cerm9f"
[19-04-2020 01:28:26] [INFO] Voter #89 has verified their VOTER identity using access code "vo69sy"
[19-04-2020 01:28:26] [INFO] Voter #90 has verified their VOTER identity using access code "620by5"
[19-04-2020 01:28:26] [INFO] Voter #91 has verified their VOTER identity using access code "rj28yj"
[19-04-2020 01:28:26] [INFO] Voter #92 has verified their VOTER identity using access code "i65ws8"
[19-04-2020 01:28:26] [INFO] Voter #93 has verified their VOTER identity using access code "83lhik"
[19-04-2020 01:28:26] [INFO] Voter #94 has verified their VOTER identity using access code "m4px2f"
[19-04-2020 01:28:26] [INFO] Voter #95 has verified their VOTER identity using access code "fp2il5"
[19-04-2020 01:28:26] [INFO] Voter #96 has verified their VOTER identity using access code "2vugxw"
[19-04-2020 01:28:26] [INFO] Voter #97 has verified their VOTER identity using access code "nj32te"
[19-04-2020 01:28:26] [INFO] Voter #98 has verified their VOTER identity using access code "lvubw0"
[19-04-2020 01:28:26] [INFO] Voter #99 has verified their VOTER identity using access code "uiercu"
[19-04-2020 01:28:42] [INFO] Joe Furfaro has changed the question ID to 1
[19-04-2020 01:28:42] [INFO] Voter #15 has voted "True"
[19-04-2020 01:28:42] [INFO] Voter #17 has voted "False"
[19-04-2020 01:28:42] [INFO] Voter #16 has voted "False"
[19-04-2020 01:28:42] [INFO] Voter #18 has voted "False"
[19-04-2020 01:28:42] [INFO] Voter #19 has voted "False"
[19-04-2020 01:28:42] [INFO] Voter #20 has voted "True"
[19-04-2020 01:28:42] [INFO] Voter #21 has voted "True"
[19-04-2020 01:28:42] [INFO] Voter #22 has voted "False"
[19-04-2020 01:28:42] [INFO] Voter #23 has voted "False"
[19-04-2020 01:28:42] [INFO] Voter #24 has voted "False"
[19-04-2020 01:28:42] [INFO] Voter #25 has voted "False"
[19-04-2020 01:28:42] [INFO] Voter #26 has voted "True"
[19-04-2020 01:28:42] [INFO] Voter #27 has voted "True"
[19-04-2020 01:28:42] [INFO] Voter #28 has voted "True"
[19-04-2020 01:28:42] [INFO] Voter #29 has voted "False"
[19-04-2020 01:28:42] [INFO] Voter #30 has voted "True"
[19-04-2020 01:28:42] [INFO] Voter #31 has voted "False"
[19-04-2020 01:28:42] [INFO] Voter #32 has voted "False"
[19-04-2020 01:28:42] [INFO] Voter #33 has voted "True"
[19-04-2020 01:28:42] [INFO] Voter #34 has voted "False"
[19-04-2020 01:28:42] [INFO] Voter #35 has voted "True"
[19-04-2020 01:28:42] [INFO] Voter #36 has voted "False"
[19-04-2020 01:28:42] [INFO] Voter #37 has voted "True"
[19-04-2020 01:28:42] [INFO] Voter #38 has voted "False"
[19-04-2020 01:28:42] [INFO] Voter #39 has voted "True"
[19-04-2020 01:28:42] [INFO] Voter #40 has voted "False"
[19-04-2020 01:28:42] [INFO] Voter #41 has voted "True"
[19-04-2020 01:28:42] [INFO] Voter #42 has voted "False"
[19-04-2020 01:28:42] [INFO] Voter #43 has voted "True"
[19-04-2020 01:28:42] [INFO] Voter #44 has voted "False"
[19-04-2020 01:28:42] [INFO] Voter #45 has voted "False"
[19-04-2020 01:28:42] [INFO] Voter #46 has voted "False"
[19-04-2020 01:28:42] [INFO] Voter #47 has voted "False"
[19-04-2020 01:28:42] [INFO] Voter #48 has voted "False"
[19-04-2020 01:28:42] [INFO] Voter #49 has voted "True"
[19-04-2020 01:28:42] [INFO] Voter #50 has voted "True"
[19-04-2020 01:28:42] [INFO] Voter #51 has voted "False"
[19-04-2020 01:28:42] [INFO] Voter #52 has voted "False"
[19-04-2020 01:28:42] [INFO] Voter #53 has voted "True"
[19-04-2020 01:28:42] [INFO] Voter #54 has voted "False"
[19-04-2020 01:28:42] [INFO] Voter #55 has voted "True"
[19-04-2020 01:28:42] [INFO] Voter #56 has voted "False"
[19-04-2020 01:28:42] [INFO] Voter #57 has voted "True"
[19-04-2020 01:28:42] [INFO] Voter #58 has voted "False"
[19-04-2020 01:28:42] [INFO] Voter #59 has voted "False"
[19-04-2020 01:28:42] [INFO] Voter #60 has voted "False"
[19-04-2020 01:28:42] [INFO] Voter #61 has voted "False"
[19-04-2020 01:28:42] [INFO] Voter #62 has voted "False"
[19-04-2020 01:28:42] [INFO] Voter #63 has voted "True"
[19-04-2020 01:28:42] [INFO] Voter #64 has voted "False"
[19-04-2020 01:28:42] [INFO] Voter #65 has voted "False"
[19-04-2020 01:28:42] [INFO] Voter #66 has voted "True"
[19-04-2020 01:28:42] [INFO] Voter #67 has voted "False"
[19-04-2020 01:28:42] [INFO] Voter #68 has voted "False"
[19-04-2020 01:28:42] [INFO] Voter #69 has voted "False"
[19-04-2020 01:28:42] [INFO] Voter #70 has voted "False"
[19-04-2020 01:28:42] [INFO] Voter #71 has voted "True"
[19-04-2020 01:28:42] [INFO] Voter #0 has voted "False"
[19-04-2020 01:28:42] [INFO] Voter #72 has voted "True"
[19-04-2020 01:28:42] [INFO] Voter #1 has voted "True"
[19-04-2020 01:28:42] [INFO] Voter #73 has voted "True"
[19-04-2020 01:28:42] [INFO] Voter #2 has voted "False"
[19-04-2020 01:28:42] [INFO] Voter #74 has voted "False"
[19-04-2020 01:28:42] [INFO] Voter #3 has voted "True"
[19-04-2020 01:28:42] [INFO] Voter #75 has voted "True"
[19-04-2020 01:28:42] [INFO] Voter #4 has voted "False"
[19-04-2020 01:28:42] [INFO] Voter #76 has voted "True"
[19-04-2020 01:28:42] [INFO] Voter #5 has voted "False"
[19-04-2020 01:28:42] [INFO] Voter #77 has voted "False"
[19-04-2020 01:28:42] [INFO] Voter #6 has voted "True"
[19-04-2020 01:28:42] [INFO] Voter #78 has voted "False"
[19-04-2020 01:28:42] [INFO] Voter #7 has voted "True"
[19-04-2020 01:28:42] [INFO] Voter #79 has voted "True"
[19-04-2020 01:28:42] [INFO] Voter #8 has voted "False"
[19-04-2020 01:28:42] [INFO] Voter #80 has voted "True"
[19-04-2020 01:28:42] [INFO] Voter #9 has voted "False"
[19-04-2020 01:28:42] [INFO] Voter #81 has voted "True"
[19-04-2020 01:28:42] [INFO] Voter #10 has voted "False"
[19-04-2020 01:28:42] [INFO] Voter #82 has voted "True"
[19-04-2020 01:28:42] [INFO] Voter #11 has voted "False"
[19-04-2020 01:28:42] [INFO] Voter #83 has voted "False"
[19-04-2020 01:28:42] [INFO] Voter #12 has voted "True"
[19-04-2020 01:28:42] [INFO] Voter #84 has voted "True"
[19-04-2020 01:28:42] [INFO] Voter #13 has voted "True"
[19-04-2020 01:28:42] [INFO] Voter #85 has voted "False"
[19-04-2020 01:28:42] [INFO] Voter #14 has voted "False"
[19-04-2020 01:28:42] [INFO] Voter #86 has voted "False"
[19-04-2020 01:28:42] [INFO] Voter #87 has voted "True"
[19-04-2020 01:28:42] [INFO] Voter #88 has voted "False"
[19-04-2020 01:28:42] [INFO] Voter #89 has voted "False"
[19-04-2020 01:28:42] [INFO] Voter #90 has voted "False"
[19-04-2020 01:28:42] [INFO] Voter #91 has voted "True"
[19-04-2020 01:28:42] [INFO] Voter #92 has voted "True"
[19-04-2020 01:28:42] [INFO] Voter #93 has voted "True"
[19-04-2020 01:28:42] [INFO] Voter #94 has voted "True"
[19-04-2020 01:28:42] [INFO] Voter #95 has voted "True"
[19-04-2020 01:28:42] [INFO] Voter #96 has voted "False"
[19-04-2020 01:28:42] [INFO] Voter #97 has voted "False"
[19-04-2020 01:28:42] [INFO] Voter #98 has voted "False"
[19-04-2020 01:28:42] [INFO] Voter #99 has voted "True"
[19-04-2020 01:28:49] [INFO] Joe Furfaro has changed the question ID to 2
[19-04-2020 01:28:49] [INFO] Voter #15 has voted "Cameron"
[19-04-2020 01:28:49] [INFO] Voter #16 has voted "Ted"
[19-04-2020 01:28:49] [INFO] Voter #17 has voted "Robert"
[19-04-2020 01:28:49] [INFO] Voter #18 has voted "Cameron"
[19-04-2020 01:28:49] [INFO] Voter #19 has voted "Robert"
[19-04-2020 01:28:49] [INFO] Voter #20 has voted "Cameron"
[19-04-2020 01:28:49] [INFO] Voter #21 has voted "Cameron"
[19-04-2020 01:28:49] [INFO] Voter #22 has voted "Cameron"
[19-04-2020 01:28:49] [INFO] Voter #23 has voted "Ted"
[19-04-2020 01:28:49] [INFO] Voter #24 has voted "Robert"
[19-04-2020 01:28:49] [INFO] Voter #25 has voted "Cameron"
[19-04-2020 01:28:49] [INFO] Voter #26 has voted "Ted"
[19-04-2020 01:28:49] [INFO] Voter #27 has voted "Cameron"
[19-04-2020 01:28:49] [INFO] Voter #28 has voted "Robert"
[19-04-2020 01:28:49] [INFO] Voter #29 has voted "Robert"
[19-04-2020 01:28:49] [INFO] Voter #30 has voted "Cameron"
[19-04-2020 01:28:49] [INFO] Voter #31 has voted "Robert"
[19-04-2020 01:28:49] [INFO] Voter #32 has voted "Robert"
[19-04-2020 01:28:49] [INFO] Voter #33 has voted "Cameron"
[19-04-2020 01:28:49] [INFO] Voter #34 has voted "Ted"
[19-04-2020 01:28:49] [INFO] Voter #35 has voted "Robert"
[19-04-2020 01:28:49] [INFO] Voter #36 has voted "Robert"
[19-04-2020 01:28:49] [INFO] Voter #37 has voted "Robert"
[19-04-2020 01:28:49] [INFO] Voter #38 has voted "Robert"
[19-04-2020 01:28:49] [INFO] Voter #39 has voted "Ted"
[19-04-2020 01:28:49] [INFO] Voter #40 has voted "Ted"
[19-04-2020 01:28:49] [INFO] Voter #41 has voted "Cameron"
[19-04-2020 01:28:49] [INFO] Voter #42 has voted "Robert"
[19-04-2020 01:28:49] [INFO] Voter #43 has voted "Robert"
[19-04-2020 01:28:49] [INFO] Voter #44 has voted "Robert"
[19-04-2020 01:28:49] [INFO] Voter #45 has voted "Ted"
[19-04-2020 01:28:49] [INFO] Voter #46 has voted "Ted"
[19-04-2020 01:28:49] [INFO] Voter #47 has voted "Cameron"
[19-04-2020 01:28:49] [INFO] Voter #48 has voted "Ted"
[19-04-2020 01:28:49] [INFO] Voter #49 has voted "Ted"
[19-04-2020 01:28:49] [INFO] Voter #50 has voted "Robert"
[19-04-2020 01:28:49] [INFO] Voter #51 has voted "Robert"
[19-04-2020 01:28:49] [INFO] Voter #52 has voted "Robert"
[19-04-2020 01:28:49] [INFO] Voter #53 has voted "Robert"
[19-04-2020 01:28:49] [INFO] Voter #54 has voted "Cameron"
[19-04-2020 01:28:49] [INFO] Voter #55 has voted "Ted"
[19-04-2020 01:28:49] [INFO] Voter #56 has voted "Ted"
[19-04-2020 01:28:49] [INFO] Voter #57 has voted "Cameron"
[19-04-2020 01:28:49] [INFO] Voter #58 has voted "Ted"
[19-04-2020 01:28:49] [INFO] Voter #59 has voted "Robert"
[19-04-2020 01:28:49] [INFO] Voter #60 has voted "Ted"
[19-04-2020 01:28:49] [INFO] Voter #61 has voted "Robert"
[19-04-2020 01:28:49] [INFO] Voter #62 has voted "Cameron"
[19-04-2020 01:28:49] [INFO] Voter #63 has voted "Ted"
[19-04-2020 01:28:49] [INFO] Voter #64 has voted "Ted"
[19-04-2020 01:28:49] [INFO] Voter #65 has voted "Ted"
[19-04-2020 01:28:49] [INFO] Voter #66 has voted "Ted"
[19-04-2020 01:28:49] [INFO] Voter #67 has voted "Ted"
[19-04-2020 01:28:49] [INFO] Voter #68 has voted "Cameron"
[19-04-2020 01:28:49] [INFO] Voter #69 has voted "Cameron"
[19-04-2020 01:28:49] [INFO] Voter #70 has voted "Cameron"
[19-04-2020 01:28:49] [INFO] Voter #71 has voted "Ted"
[19-04-2020 01:28:49] [INFO] Voter #0 has voted "Robert"
[19-04-2020 01:28:49] [INFO] Voter #72 has voted "Robert"
[19-04-2020 01:28:49] [INFO] Voter #1 has voted "Ted"
[19-04-2020 01:28:49] [INFO] Voter #73 has voted "Ted"
[19-04-2020 01:28:49] [INFO] Voter #2 has voted "Robert"
[19-04-2020 01:28:49] [INFO] Voter #74 has voted "Cameron"
[19-04-2020 01:28:49] [INFO] Voter #3 has voted "Ted"
[19-04-2020 01:28:49] [INFO] Voter #75 has voted "Robert"
[19-04-2020 01:28:49] [INFO] Voter #4 has voted "Robert"
[19-04-2020 01:28:49] [INFO] Voter #76 has voted "Cameron"
[19-04-2020 01:28:49] [INFO] Voter #5 has voted "Robert"
[19-04-2020 01:28:49] [INFO] Voter #77 has voted "Cameron"
[19-04-2020 01:28:49] [INFO] Voter #6 has voted "Ted"
[19-04-2020 01:28:49] [INFO] Voter #78 has voted "Robert"
[19-04-2020 01:28:49] [INFO] Voter #7 has voted "Cameron"
[19-04-2020 01:28:49] [INFO] Voter #79 has voted "Ted"
[19-04-2020 01:28:49] [INFO] Voter #8 has voted "Cameron"
[19-04-2020 01:28:49] [INFO] Voter #80 has voted "Ted"
[19-04-2020 01:28:49] [INFO] Voter #9 has voted "Robert"
[19-04-2020 01:28:49] [INFO] Voter #81 has voted "Robert"
[19-04-2020 01:28:49] [INFO] Voter #10 has voted "Robert"
[19-04-2020 01:28:49] [INFO] Voter #82 has voted "Ted"
[19-04-2020 01:28:49] [INFO] Voter #11 has voted "Cameron"
[19-04-2020 01:28:49] [INFO] Voter #83 has voted "Robert"
[19-04-2020 01:28:49] [INFO] Voter #12 has voted "Cameron"
[19-04-2020 01:28:49] [INFO] Voter #84 has voted "Robert"
[19-04-2020 01:28:49] [INFO] Voter #13 has voted "Robert"
[19-04-2020 01:28:49] [INFO] Voter #85 has voted "Robert"
[19-04-2020 01:28:49] [INFO] Voter #14 has voted "Robert"
[19-04-2020 01:28:49] [INFO] Voter #86 has voted "Robert"
[19-04-2020 01:28:49] [INFO] Voter #87 has voted "Ted"
[19-04-2020 01:28:49] [INFO] Voter #88 has voted "Robert"
[19-04-2020 01:28:49] [INFO] Voter #89 has voted "Cameron"
[19-04-2020 01:28:49] [INFO] Voter #90 has voted "Cameron"
[19-04-2020 01:28:49] [INFO] Voter #91 has voted "Ted"
[19-04-2020 01:28:49] [INFO] Voter #92 has voted "Ted"
[19-04-2020 01:28:49] [INFO] Voter #93 has voted "Robert"
[19-04-2020 01:28:49] [INFO] Voter #94 has voted "Cameron"
[19-04-2020 01:28:49] [INFO] Voter #95 has voted "Robert"
[19-04-2020 01:28:49] [INFO] Voter #96 has voted "Ted"
[19-04-2020 01:28:49] [INFO] Voter #97 has voted "Robert"
[19-04-2020 01:28:49] [INFO] Voter #98 has voted "Ted"
[19-04-2020 01:28:49] [INFO] Voter #99 has voted "Robert"
[19-04-2020 01:28:55] [INFO] Joe Furfaro has changed the question ID to 1
[19-04-2020 01:28:57] [INFO] Joe Furfaro has cleared the current question
[19-04-2020 01:28:59] [INFO] Joe Furfaro has reset the votes on question 1
[19-04-2020 01:29:00] [INFO] Joe Furfaro has changed the question ID to 1
[19-04-2020 01:29:00] [INFO] Voter #15 has voted "False"
[19-04-2020 01:29:00] [INFO] Voter #16 has voted "True"
[19-04-2020 01:29:00] [INFO] Voter #17 has voted "False"
[19-04-2020 01:29:00] [INFO] Voter #18 has voted "True"
[19-04-2020 01:29:00] [INFO] Voter #19 has voted "True"
[19-04-2020 01:29:00] [INFO] Voter #20 has voted "False"
[19-04-2020 01:29:00] [INFO] Voter #21 has voted "False"
[19-04-2020 01:29:00] [INFO] Voter #22 has voted "True"
[19-04-2020 01:29:00] [INFO] Voter #23 has voted "False"
[19-04-2020 01:29:00] [INFO] Voter #24 has voted "True"
[19-04-2020 01:29:00] [INFO] Voter #25 has voted "True"
[19-04-2020 01:29:00] [INFO] Voter #26 has voted "False"
[19-04-2020 01:29:00] [INFO] Voter #27 has voted "False"
[19-04-2020 01:29:00] [INFO] Voter #28 has voted "False"
[19-04-2020 01:29:00] [INFO] Voter #29 has voted "False"
[19-04-2020 01:29:00] [INFO] Voter #30 has voted "True"
[19-04-2020 01:29:00] [INFO] Voter #31 has voted "False"
[19-04-2020 01:29:00] [INFO] Voter #32 has voted "True"
[19-04-2020 01:29:00] [INFO] Voter #33 has voted "False"
[19-04-2020 01:29:00] [INFO] Voter #34 has voted "False"
[19-04-2020 01:29:00] [INFO] Voter #35 has voted "True"
[19-04-2020 01:29:00] [INFO] Voter #36 has voted "False"
[19-04-2020 01:29:00] [INFO] Voter #37 has voted "False"
[19-04-2020 01:29:00] [INFO] Voter #38 has voted "False"
[19-04-2020 01:29:00] [INFO] Voter #39 has voted "False"
[19-04-2020 01:29:00] [INFO] Voter #40 has voted "True"
[19-04-2020 01:29:00] [INFO] Voter #41 has voted "True"
[19-04-2020 01:29:00] [INFO] Voter #42 has voted "False"
[19-04-2020 01:29:00] [INFO] Voter #43 has voted "True"
[19-04-2020 01:29:00] [INFO] Voter #44 has voted "True"
[19-04-2020 01:29:00] [INFO] Voter #45 has voted "False"
[19-04-2020 01:29:00] [INFO] Voter #46 has voted "False"
[19-04-2020 01:29:00] [INFO] Voter #47 has voted "True"
[19-04-2020 01:29:00] [INFO] Voter #48 has voted "False"
[19-04-2020 01:29:00] [INFO] Voter #49 has voted "False"
[19-04-2020 01:29:00] [INFO] Voter #50 has voted "True"
[19-04-2020 01:29:00] [INFO] Voter #51 has voted "True"
[19-04-2020 01:29:00] [INFO] Voter #52 has voted "True"
[19-04-2020 01:29:00] [INFO] Voter #53 has voted "True"
[19-04-2020 01:29:00] [INFO] Voter #54 has voted "True"
[19-04-2020 01:29:00] [INFO] Voter #55 has voted "True"
[19-04-2020 01:29:00] [INFO] Voter #56 has voted "False"
[19-04-2020 01:29:00] [INFO] Voter #57 has voted "True"
[19-04-2020 01:29:00] [INFO] Voter #58 has voted "True"
[19-04-2020 01:29:00] [INFO] Voter #59 has voted "False"
[19-04-2020 01:29:00] [INFO] Voter #60 has voted "True"
[19-04-2020 01:29:00] [INFO] Voter #61 has voted "False"
[19-04-2020 01:29:00] [INFO] Voter #62 has voted "True"
[19-04-2020 01:29:00] [INFO] Voter #63 has voted "True"
[19-04-2020 01:29:00] [INFO] Voter #64 has voted "False"
[19-04-2020 01:29:00] [INFO] Voter #65 has voted "False"
[19-04-2020 01:29:00] [INFO] Voter #66 has voted "False"
[19-04-2020 01:29:00] [INFO] Voter #67 has voted "False"
[19-04-2020 01:29:00] [INFO] Voter #68 has voted "True"
[19-04-2020 01:29:00] [INFO] Voter #69 has voted "False"
[19-04-2020 01:29:00] [INFO] Voter #70 has voted "False"
[19-04-2020 01:29:00] [INFO] Voter #71 has voted "False"
[19-04-2020 01:29:00] [INFO] Voter #0 has voted "False"
[19-04-2020 01:29:00] [INFO] Voter #72 has voted "True"
[19-04-2020 01:29:00] [INFO] Voter #1 has voted "True"
[19-04-2020 01:29:00] [INFO] Voter #73 has voted "True"
[19-04-2020 01:29:00] [INFO] Voter #2 has voted "False"
[19-04-2020 01:29:00] [INFO] Voter #74 has voted "False"
[19-04-2020 01:29:00] [INFO] Voter #3 has voted "True"
[19-04-2020 01:29:00] [INFO] Voter #75 has voted "True"
[19-04-2020 01:29:00] [INFO] Voter #4 has voted "False"
[19-04-2020 01:29:00] [INFO] Voter #76 has voted "True"
[19-04-2020 01:29:00] [INFO] Voter #5 has voted "True"
[19-04-2020 01:29:00] [INFO] Voter #77 has voted "False"
[19-04-2020 01:29:00] [INFO] Voter #6 has voted "False"
[19-04-2020 01:29:00] [INFO] Voter #78 has voted "True"
[19-04-2020 01:29:00] [INFO] Voter #7 has voted "True"
[19-04-2020 01:29:00] [INFO] Voter #79 has voted "False"
[19-04-2020 01:29:00] [INFO] Voter #8 has voted "False"
[19-04-2020 01:29:00] [INFO] Voter #80 has voted "False"
[19-04-2020 01:29:00] [INFO] Voter #9 has voted "True"
[19-04-2020 01:29:00] [INFO] Voter #81 has voted "False"
[19-04-2020 01:29:00] [INFO] Voter #10 has voted "False"
[19-04-2020 01:29:00] [INFO] Voter #82 has voted "True"
[19-04-2020 01:29:00] [INFO] Voter #11 has voted "False"
[19-04-2020 01:29:00] [INFO] Voter #83 has voted "False"
[19-04-2020 01:29:00] [INFO] Voter #12 has voted "True"
[19-04-2020 01:29:00] [INFO] Voter #84 has voted "False"
[19-04-2020 01:29:00] [INFO] Voter #13 has voted "False"
[19-04-2020 01:29:00] [INFO] Voter #85 has voted "True"
[19-04-2020 01:29:00] [INFO] Voter #14 has voted "False"
[19-04-2020 01:29:00] [INFO] Voter #86 has voted "True"
[19-04-2020 01:29:00] [INFO] Voter #87 has voted "True"
[19-04-2020 01:29:00] [INFO] Voter #88 has voted "False"
[19-04-2020 01:29:00] [INFO] Voter #89 has voted "False"
[19-04-2020 01:29:00] [INFO] Voter #90 has voted "True"
[19-04-2020 01:29:00] [INFO] Voter #91 has voted "False"
[19-04-2020 01:29:00] [INFO] Voter #92 has voted "False"
[19-04-2020 01:29:01] [INFO] Voter #93 has voted "True"
[19-04-2020 01:29:01] [INFO] Voter #94 has voted "True"
[19-04-2020 01:29:01] [INFO] Voter #95 has voted "True"
[19-04-2020 01:29:01] [INFO] Voter #96 has voted "False"
[19-04-2020 01:29:01] [INFO] Voter #97 has voted "True"
[19-04-2020 01:29:01] [INFO] Voter #98 has voted "True"
[19-04-2020 01:29:01] [INFO] Voter #99 has voted "True"
[19-04-2020 01:29:03] [INFO] Joe Furfaro has cleared the current question
[19-04-2020 01:29:12] [INFO] Joe Furfaro has reset the votes on question 2
[19-04-2020 01:29:14] [INFO] Joe Furfaro has reset the votes on question 1
[19-04-2020 01:29:18] [INFO] Closing logger
