[19-04-2020 01:26:46] [INFO] Starting logger
[19-04-2020 01:26:51] [INFO] Voter #1 has verified their VOTER identity using access code "a3nzc8"
[19-04-2020 01:26:51] [INFO] Voter #0 has verified their VOTER identity using access code "qmzcw8"
[19-04-2020 01:26:51] [INFO] Voter #2 has verified their VOTER identity using access code "yu1imx"
[19-04-2020 01:26:51] [INFO] Voter #3 has verified their VOTER identity using access code "7j4jee"
[19-04-2020 01:26:51] [INFO] Voter #4 has verified their VOTER identity using access code "52poa8"
[19-04-2020 01:26:51] [INFO] Voter #5 has verified their VOTER identity using access code "cmqdzx"
[19-04-2020 01:26:51] [INFO] Voter #6 has verified their VOTER identity using access code "9o5xfq"
[19-04-2020 01:26:51] [INFO] Voter #7 has verified their VOTER identity using access code "8ojyo1"
[19-04-2020 01:26:51] [INFO] Voter #8 has verified their VOTER identity using access code "dmy6r0"
[19-04-2020 01:26:51] [INFO] Voter #9 has verified their VOTER identity using access code "1t4sbr"
[19-04-2020 01:26:51] [INFO] Voter #10 has verified their VOTER identity using access code "2tzrvm"
[19-04-2020 01:26:51] [INFO] Voter #11 has verified their VOTER identity using access code "732ysd"
[19-04-2020 01:26:51] [INFO] Voter #12 has verified their VOTER identity using access code "0uvjtw"
[19-04-2020 01:26:52] [INFO] Voter #13 has verified their VOTER identity using access code "h5badn"
[19-04-2020 01:26:52] [INFO] Voter #14 has verified their VOTER identity using access code "hij1pq"
[19-04-2020 01:26:52] [INFO] Voter #15 has verified their VOTER identity using access code "tadl79"
[19-04-2020 01:26:52] [INFO] Voter #16 has verified their VOTER identity using access code "kiu15p"
[19-04-2020 01:26:52] [INFO] Voter #17 has verified their VOTER identity using access code "bc435t"
[19-04-2020 01:26:52] [INFO] Voter #18 has verified their VOTER identity using access code "vmwxrd"
[19-04-2020 01:26:52] [INFO] Voter #19 has verified their VOTER identity using access code "opghve"
[19-04-2020 01:26:52] [INFO] Voter #20 has verified their VOTER identity using access code "p5svxk"
[19-04-2020 01:26:52] [INFO] Voter #21 has verified their VOTER identity using access code "ymd1hn"
[19-04-2020 01:26:52] [INFO] Voter #22 has verified their VOTER identity using access code "109qe1"
[19-04-2020 01:26:52] [INFO] Voter #23 has verified their VOTER identity using access code "taz34f"
[19-04-2020 01:26:52] [INFO] Voter #24 has verified their VOTER identity using access code "llgms6"
[19-04-2020 01:26:52] [INFO] Voter #25 has verified their VOTER identity using access code "zylanw"
[19-04-2020 01:26:52] [INFO] Voter #26 has verified their VOTER identity using access code "q4otod"
[19-04-2020 01:26:53] [INFO] Voter #27 has verified their VOTER identity using access code "indb1q"
[19-04-2020 01:26:53] [INFO] Voter #28 has verified their VOTER identity using access code "iu2ys3"
[19-04-2020 01:26:53] [INFO] Voter #29 has verified their VOTER identity using access code "dz1i4u"
[19-04-2020 01:26:53] [INFO] Voter #30 has verified their VOTER identity using access code "6oe6ep"
[19-04-2020 01:26:53] [INFO] Voter #31 has verified their VOTER identity using access code "0wa0ed"
[19-04-2020 01:26:53] [INFO] Voter #32 has verified their VOTER identity using access code "b3tgkg"
[19-04-2020 01:26:53] [INFO] Voter #33 has verified their VOTER identity using access code "4nth93"
[19-04-2020 01:26:53] [INFO] Voter #34 has verified their VOTER identity using access code "vtbxwc"
[19-04-2020 01:26:53] [INFO] Voter #35 has verified their VOTER identity using access code "j6vsjd"
[19-04-2020 01:26:53] [INFO] Voter #36 has verified their VOTER identity using access code "rq80bw"
[19-04-2020 01:26:53] [INFO] Voter #37 has verified their VOTER identity using access code "b7ubg7"
[19-04-2020 01:26:53] [INFO] Voter #38 has verified their VOTER identity using access code "0m4e1u"
[19-04-2020 01:26:53] [INFO] Voter #39 has verified their VOTER identity using access code "c9i6l6"
[19-04-2020 01:26:53] [INFO] Voter #40 has verified their VOTER identity using access code "n64ff2"
[19-04-2020 01:26:53] [INFO] Voter #41 has verified their VOTER identity using access code "2o05rp"
[19-04-2020 01:26:53] [INFO] Voter #42 has verified their VOTER identity using access code "w91e54"
[19-04-2020 01:26:53] [INFO] Voter #43 has verified their VOTER identity using access code "nhej4y"
[19-04-2020 01:26:53] [INFO] Voter #44 has verified their VOTER identity using access code "6qamqd"
[19-04-2020 01:26:53] [INFO] Voter #45 has verified their VOTER identity using access code "2945pg"
[19-04-2020 01:26:53] [INFO] Voter #46 has verified their VOTER identity using access code "3raufw"
[19-04-2020 01:26:53] [INFO] Voter #47 has verified their VOTER identity using access code "oi1ja0"
[19-04-2020 01:26:53] [INFO] Voter #48 has verified their VOTER identity using access code "nwc7y8"
[19-04-2020 01:26:53] [INFO] Voter #49 has verified their VOTER identity using access code "qd0ryr"
[19-04-2020 01:26:53] [INFO] Voter #50 has verified their VOTER identity using access code "2odzl7"
[19-04-2020 01:26:53] [INFO] Voter #51 has verified their VOTER identity using access code "brprlw"
[19-04-2020 01:26:53] [INFO] Voter #56 has verified their VOTER identity using access code "m07uwt"
[19-04-2020 01:26:53] [INFO] Voter #52 has verified their VOTER identity using access code "6gwq59"
[19-04-2020 01:26:53] [INFO] Voter #54 has verified their VOTER identity using access code "6641lw"
[19-04-2020 01:26:53] [INFO] Voter #53 has verified their VOTER identity using access code "6xsrog"
[19-04-2020 01:26:53] [INFO] Voter #55 has verified their VOTER identity using access code "4q1115"
[19-04-2020 01:26:53] [INFO] Voter #57 has verified their VOTER identity using access code "r1p9cd"
[19-04-2020 01:26:53] [INFO] Voter #58 has verified their VOTER identity using access code "yd1lp3"
[19-04-2020 01:26:53] [INFO] Voter #59 has verified their VOTER identity using access code "lmvll9"
[19-04-2020 01:26:53] [INFO] Voter #60 has verified their VOTER identity using access code "32a8rc"
[19-04-2020 01:26:53] [INFO] VOTER Voter #60 disconnected
[19-04-2020 01:26:53] [INFO] VOTER Voter #59 disconnected
[19-04-2020 01:26:53] [INFO] VOTER Voter #58 disconnected
[19-04-2020 01:26:53] [INFO] VOTER Voter #57 disconnected
[19-04-2020 01:26:53] [INFO] VOTER Voter #56 disconnected
[19-04-2020 01:26:53] [INFO] VOTER Voter #55 disconnected
[19-04-2020 01:26:53] [INFO] VOTER Voter #54 disconnected
[19-04-2020 01:26:53] [INFO] VOTER Voter #53 disconnected
[19-04-2020 01:26:53] [INFO] VOTER Voter #52 disconnected
[19-04-2020 01:26:53] [INFO] VOTER Voter #51 disconnected
[19-04-2020 01:26:53] [INFO] VOTER Voter #50 disconnected
[19-04-2020 01:26:53] [INFO] VOTER Voter #49 disconnected
[19-04-2020 01:26:53] [INFO] VOTER Voter #48 disconnected
[19-04-2020 01:26:53] [INFO] VOTER Voter #47 disconnected
[19-04-2020 01:26:53] [INFO] VOTER Voter #45 disconnected
[19-04-2020 01:26:53] [INFO] VOTER Voter #44 disconnected
[19-04-2020 01:26:53] [INFO] VOTER Voter #43 disconnected
[19-04-2020 01:26:53] [INFO] VOTER Voter #23 disconnected
[19-04-2020 01:26:53] [INFO] VOTER Voter #22 disconnected
[19-04-2020 01:26:53] [INFO] VOTER Voter #21 disconnected
[19-04-2020 01:26:53] [INFO] VOTER Voter #20 disconnected
[19-04-2020 01:26:53] [INFO] VOTER Voter #19 disconnected
[19-04-2020 01:26:53] [INFO] VOTER Voter #18 disconnected
[19-04-2020 01:26:53] [INFO] VOTER Voter #17 disconnected
[19-04-2020 01:26:53] [INFO] VOTER Voter #16 disconnected
[19-04-2020 01:26:53] [INFO] VOTER Voter #15 disconnected
[19-04-2020 01:26:53] [INFO] VOTER Voter #14 disconnected
[19-04-2020 01:26:53] [INFO] VOTER Voter #13 disconnected
[19-04-2020 01:26:53] [INFO] VOTER Voter #12 disconnected
[19-04-2020 01:26:53] [INFO] VOTER Voter #11 disconnected
[19-04-2020 01:26:53] [INFO] VOTER Voter #10 disconnected
[19-04-2020 01:26:53] [INFO] VOTER Voter #9 disconnected
[19-04-2020 01:26:53] [INFO] VOTER Voter #8 disconnected
[19-04-2020 01:26:53] [INFO] VOTER Voter #7 disconnected
[19-04-2020 01:26:53] [INFO] VOTER Voter #6 disconnected
[19-04-2020 01:26:53] [INFO] VOTER Voter #5 disconnected
[19-04-2020 01:26:53] [INFO] VOTER Voter #4 disconnected
[19-04-2020 01:26:53] [INFO] VOTER Voter #3 disconnected
[19-04-2020 01:26:53] [INFO] VOTER Voter #2 disconnected
[19-04-2020 01:26:53] [INFO] VOTER Voter #0 disconnected
[19-04-2020 01:26:53] [INFO] VOTER Voter #1 disconnected
[19-04-2020 01:26:53] [INFO] VOTER Voter #41 disconnected
[19-04-2020 01:26:53] [INFO] VOTER Voter #42 disconnected
[19-04-2020 01:26:53] [INFO] VOTER Voter #46 disconnected
[19-04-2020 01:26:53] [INFO] VOTER Voter #40 disconnected
[19-04-2020 01:26:53] [INFO] VOTER Voter #39 disconnected
[19-04-2020 01:26:53] [INFO] VOTER Voter #38 disconnected
[19-04-2020 01:26:53] [INFO] VOTER Voter #37 disconnected
[19-04-2020 01:26:53] [INFO] VOTER Voter #36 disconnected
[19-04-2020 01:26:53] [INFO] VOTER Voter #35 disconnected
[19-04-2020 01:26:53] [INFO] VOTER Voter #34 disconnected
[19-04-2020 01:26:53] [INFO] VOTER Voter #33 disconnected
[19-04-2020 01:26:53] [INFO] VOTER Voter #32 disconnected
[19-04-2020 01:26:53] [INFO] VOTER Voter #31 disconnected
[19-04-2020 01:26:53] [INFO] VOTER Voter #30 disconnected
[19-04-2020 01:26:53] [INFO] VOTER Voter #29 disconnected
[19-04-2020 01:26:53] [INFO] VOTER Voter #28 disconnected
[19-04-2020 01:26:53] [INFO] VOTER Voter #27 disconnected
[19-04-2020 01:26:53] [INFO] VOTER Voter #26 disconnected
[19-04-2020 01:26:53] [INFO] VOTER Voter #25 disconnected
[19-04-2020 01:26:53] [INFO] VOTER Voter #24 disconnected
[19-04-2020 01:27:24] [INFO] Closing logger
