[19-04-2020 01:30:45] [INFO] Starting logger
[19-04-2020 01:30:49] [INFO] Voter #0 has verified their VOTER identity using access code "9oip21"
[19-04-2020 01:30:49] [INFO] Voter #1 has verified their VOTER identity using access code "7fvklg"
[19-04-2020 01:30:49] [INFO] Voter #2 has verified their VOTER identity using access code "v27a0p"
[19-04-2020 01:30:49] [INFO] Voter #3 has verified their VOTER identity using access code "cvvyrm"
[19-04-2020 01:30:49] [INFO] Voter #4 has verified their VOTER identity using access code "u1h3tc"
[19-04-2020 01:30:49] [INFO] Voter #5 has verified their VOTER identity using access code "ouer46"
[19-04-2020 01:30:49] [INFO] Voter #6 has verified their VOTER identity using access code "yiigoj"
[19-04-2020 01:30:49] [INFO] Voter #9 has verified their VOTER identity using access code "leui81"
[19-04-2020 01:30:49] [INFO] Voter #7 has verified their VOTER identity using access code "b4rmmz"
[19-04-2020 01:30:49] [INFO] Voter #8 has verified their VOTER identity using access code "pknahi"
[19-04-2020 01:30:49] [INFO] Voter #10 has verified their VOTER identity using access code "b1p23d"
[19-04-2020 01:30:49] [INFO] Voter #11 has verified their VOTER identity using access code "u238pw"
[19-04-2020 01:30:49] [INFO] Voter #12 has verified their VOTER identity using access code "kx7523"
[19-04-2020 01:30:49] [INFO] Voter #13 has verified their VOTER identity using access code "lldqf1"
[19-04-2020 01:30:49] [INFO] Voter #14 has verified their VOTER identity using access code "diiu0v"
[19-04-2020 01:30:50] [INFO] Voter #15 has verified their VOTER identity using access code "v7v5bi"
[19-04-2020 01:30:50] [INFO] Voter #16 has verified their VOTER identity using access code "4ng473"
[19-04-2020 01:30:50] [INFO] Voter #17 has verified their VOTER identity using access code "7u9pcp"
[19-04-2020 01:30:50] [INFO] Voter #18 has verified their VOTER identity using access code "h78c1h"
[19-04-2020 01:30:50] [INFO] Voter #19 has verified their VOTER identity using access code "k5u8eh"
[19-04-2020 01:30:50] [INFO] Voter #20 has verified their VOTER identity using access code "obzblj"
[19-04-2020 01:30:50] [INFO] Voter #21 has verified their VOTER identity using access code "kuc1w0"
[19-04-2020 01:30:50] [INFO] Voter #22 has verified their VOTER identity using access code "59tez9"
[19-04-2020 01:30:50] [INFO] Voter #23 has verified their VOTER identity using access code "1250to"
[19-04-2020 01:30:50] [INFO] Voter #24 has verified their VOTER identity using access code "ldjzj4"
[19-04-2020 01:30:50] [INFO] Voter #25 has verified their VOTER identity using access code "a9m81w"
[19-04-2020 01:30:50] [INFO] Voter #26 has verified their VOTER identity using access code "ql4ndu"
[19-04-2020 01:30:50] [INFO] Voter #27 has verified their VOTER identity using access code "xbs3bf"
[19-04-2020 01:30:50] [INFO] Voter #28 has verified their VOTER identity using access code "3esxs4"
[19-04-2020 01:30:50] [INFO] Voter #29 has verified their VOTER identity using access code "1q674v"
[19-04-2020 01:30:50] [INFO] Voter #30 has verified their VOTER identity using access code "o94nfn"
[19-04-2020 01:30:50] [INFO] Voter #31 has verified their VOTER identity using access code "3yngje"
[19-04-2020 01:30:50] [INFO] Voter #32 has verified their VOTER identity using access code "4okq1b"
[19-04-2020 01:30:50] [INFO] Voter #33 has verified their VOTER identity using access code "dljzy4"
[19-04-2020 01:30:50] [INFO] Voter #34 has verified their VOTER identity using access code "luze9v"
[19-04-2020 01:30:50] [INFO] Voter #35 has verified their VOTER identity using access code "a7jc51"
[19-04-2020 01:30:50] [INFO] Voter #36 has verified their VOTER identity using access code "eicddv"
[19-04-2020 01:30:50] [INFO] Voter #37 has verified their VOTER identity using access code "5bhomh"
[19-04-2020 01:30:50] [INFO] Voter #38 has verified their VOTER identity using access code "tavqrv"
[19-04-2020 01:30:50] [INFO] Voter #39 has verified their VOTER identity using access code "ybyuuc"
[19-04-2020 01:30:50] [INFO] Voter #40 has verified their VOTER identity using access code "c23nbk"
[19-04-2020 01:30:50] [INFO] Voter #41 has verified their VOTER identity using access code "720oj5"
[19-04-2020 01:30:50] [INFO] Voter #42 has verified their VOTER identity using access code "vhb9z6"
[19-04-2020 01:30:50] [INFO] Voter #43 has verified their VOTER identity using access code "ocgjws"
[19-04-2020 01:30:50] [INFO] Voter #44 has verified their VOTER identity using access code "rrl00l"
[19-04-2020 01:30:50] [INFO] Voter #45 has verified their VOTER identity using access code "7wgz37"
[19-04-2020 01:30:50] [INFO] Voter #46 has verified their VOTER identity using access code "pg8j7l"
[19-04-2020 01:30:50] [INFO] Voter #48 has verified their VOTER identity using access code "exvlag"
[19-04-2020 01:30:50] [INFO] Voter #47 has verified their VOTER identity using access code "89ni7f"
[19-04-2020 01:30:51] [INFO] Voter #49 has verified their VOTER identity using access code "drhers"
[19-04-2020 01:30:51] [INFO] Voter #50 has verified their VOTER identity using access code "ltcjty"
[19-04-2020 01:30:51] [INFO] Voter #52 has verified their VOTER identity using access code "ymyxhg"
[19-04-2020 01:30:51] [INFO] Voter #51 has verified their VOTER identity using access code "pl2ryh"
[19-04-2020 01:30:51] [INFO] Voter #53 has verified their VOTER identity using access code "fwc42d"
[19-04-2020 01:30:51] [INFO] Voter #54 has verified their VOTER identity using access code "qgsmfm"
[19-04-2020 01:30:51] [INFO] Voter #55 has verified their VOTER identity using access code "blcnls"
[19-04-2020 01:30:51] [INFO] Voter #56 has verified their VOTER identity using access code "qo9eyj"
[19-04-2020 01:30:51] [INFO] Voter #57 has verified their VOTER identity using access code "2rgbaa"
[19-04-2020 01:30:51] [INFO] Voter #58 has verified their VOTER identity using access code "4y7ym9"
[19-04-2020 01:30:51] [INFO] Voter #59 has verified their VOTER identity using access code "frnfp4"
[19-04-2020 01:30:51] [INFO] Voter #60 has verified their VOTER identity using access code "pn8gcb"
[19-04-2020 01:30:51] [INFO] Voter #61 has verified their VOTER identity using access code "je58ap"
[19-04-2020 01:30:51] [INFO] Voter #62 has verified their VOTER identity using access code "d5qztd"
[19-04-2020 01:30:51] [INFO] Voter #63 has verified their VOTER identity using access code "5svjiw"
[19-04-2020 01:30:51] [INFO] Voter #64 has verified their VOTER identity using access code "gly01i"
[19-04-2020 01:30:51] [INFO] Voter #65 has verified their VOTER identity using access code "bmixc9"
[19-04-2020 01:30:51] [INFO] Voter #67 has verified their VOTER identity using access code "tum2z2"
[19-04-2020 01:30:51] [INFO] Voter #66 has verified their VOTER identity using access code "mnppl0"
[19-04-2020 01:30:51] [INFO] Voter #68 has verified their VOTER identity using access code "xmxg88"
[19-04-2020 01:30:51] [INFO] Voter #69 has verified their VOTER identity using access code "542ujh"
[19-04-2020 01:30:51] [INFO] Voter #79 has verified their VOTER identity using access code "lqwvii"
[19-04-2020 01:30:51] [INFO] Voter #78 has verified their VOTER identity using access code "ti67da"
[19-04-2020 01:30:51] [INFO] Voter #70 has verified their VOTER identity using access code "wnpk3i"
[19-04-2020 01:30:51] [INFO] Voter #75 has verified their VOTER identity using access code "7end8n"
[19-04-2020 01:30:51] [INFO] Voter #82 has verified their VOTER identity using access code "odzj8d"
[19-04-2020 01:30:51] [INFO] Voter #71 has verified their VOTER identity using access code "bxzluo"
[19-04-2020 01:30:51] [INFO] Voter #73 has verified their VOTER identity using access code "xgmk4f"
[19-04-2020 01:30:51] [INFO] Voter #77 has verified their VOTER identity using access code "r76lqs"
[19-04-2020 01:30:51] [INFO] Voter #81 has verified their VOTER identity using access code "x9vnvi"
[19-04-2020 01:30:51] [INFO] Voter #72 has verified their VOTER identity using access code "0v1vdt"
[19-04-2020 01:30:51] [INFO] Voter #83 has verified their VOTER identity using access code "ybhyi6"
[19-04-2020 01:30:51] [INFO] Voter #76 has verified their VOTER identity using access code "vbzjp5"
[19-04-2020 01:30:51] [INFO] Voter #74 has verified their VOTER identity using access code "yln1fi"
[19-04-2020 01:30:51] [INFO] Voter #80 has verified their VOTER identity using access code "okvm3e"
[19-04-2020 01:30:51] [INFO] Voter #84 has verified their VOTER identity using access code "ro59q7"
[19-04-2020 01:30:51] [INFO] Voter #85 has verified their VOTER identity using access code "bmymou"
[19-04-2020 01:30:51] [INFO] Voter #86 has verified their VOTER identity using access code "9zwca3"
[19-04-2020 01:30:51] [INFO] Voter #87 has verified their VOTER identity using access code "ypptbh"
[19-04-2020 01:30:51] [INFO] Voter #88 has verified their VOTER identity using access code "h1ihcx"
[19-04-2020 01:30:51] [INFO] Voter #89 has verified their VOTER identity using access code "wt8ywv"
[19-04-2020 01:30:51] [INFO] Voter #90 has verified their VOTER identity using access code "5jo2nj"
[19-04-2020 01:30:51] [INFO] Voter #91 has verified their VOTER identity using access code "ih5qea"
[19-04-2020 01:30:51] [INFO] Voter #92 has verified their VOTER identity using access code "9ikxm9"
[19-04-2020 01:30:51] [INFO] Voter #93 has verified their VOTER identity using access code "stkuut"
[19-04-2020 01:30:51] [INFO] Voter #94 has verified their VOTER identity using access code "duh30x"
[19-04-2020 01:30:51] [INFO] Voter #95 has verified their VOTER identity using access code "25nbc8"
[19-04-2020 01:30:51] [INFO] Voter #96 has verified their VOTER identity using access code "5cxqhw"
[19-04-2020 01:30:51] [INFO] Voter #97 has verified their VOTER identity using access code "2ioclc"
[19-04-2020 01:30:51] [INFO] Voter #98 has verified their VOTER identity using access code "n1n7mm"
[19-04-2020 01:30:51] [INFO] Voter #99 has verified their VOTER identity using access code "vmbbev"
[19-04-2020 01:30:51] [INFO] Voter #100 has verified their VOTER identity using access code "b9ulcg"
[19-04-2020 01:30:51] [INFO] Voter #101 has verified their VOTER identity using access code "qglz4b"
[19-04-2020 01:30:51] [INFO] Voter #102 has verified their VOTER identity using access code "5xrmpp"
[19-04-2020 01:30:51] [INFO] Voter #103 has verified their VOTER identity using access code "axgh7j"
[19-04-2020 01:30:51] [INFO] Voter #104 has verified their VOTER identity using access code "9os10t"
[19-04-2020 01:30:51] [INFO] Voter #105 has verified their VOTER identity using access code "3wxdif"
[19-04-2020 01:30:51] [INFO] Voter #106 has verified their VOTER identity using access code "efxr19"
[19-04-2020 01:30:51] [INFO] Voter #107 has verified their VOTER identity using access code "jw4k3a"
[19-04-2020 01:30:51] [INFO] Voter #108 has verified their VOTER identity using access code "xxm22c"
[19-04-2020 01:30:51] [INFO] Voter #109 has verified their VOTER identity using access code "ihdlw7"
[19-04-2020 01:30:51] [INFO] Voter #110 has verified their VOTER identity using access code "1mraqu"
[19-04-2020 01:30:51] [INFO] Voter #111 has verified their VOTER identity using access code "xt7fec"
[19-04-2020 01:30:51] [INFO] Voter #112 has verified their VOTER identity using access code "opwgrq"
[19-04-2020 01:30:51] [INFO] Voter #113 has verified their VOTER identity using access code "dr6btf"
[19-04-2020 01:30:51] [INFO] Voter #114 has verified their VOTER identity using access code "b2pmry"
[19-04-2020 01:30:51] [INFO] Voter #115 has verified their VOTER identity using access code "pu7bpc"
[19-04-2020 01:30:51] [INFO] Voter #116 has verified their VOTER identity using access code "egotre"
[19-04-2020 01:30:51] [INFO] Voter #117 has verified their VOTER identity using access code "9aoigb"
[19-04-2020 01:30:51] [INFO] Voter #118 has verified their VOTER identity using access code "fhdcu9"
[19-04-2020 01:30:51] [INFO] Voter #119 has verified their VOTER identity using access code "4bqfzs"
[19-04-2020 01:30:51] [INFO] Voter #120 has verified their VOTER identity using access code "33v5ym"
[19-04-2020 01:30:51] [INFO] Voter #121 has verified their VOTER identity using access code "w32bef"
[19-04-2020 01:30:51] [INFO] Voter #122 has verified their VOTER identity using access code "w99ytr"
[19-04-2020 01:30:51] [INFO] Voter #123 has verified their VOTER identity using access code "4pa1tn"
[19-04-2020 01:30:51] [INFO] Voter #124 has verified their VOTER identity using access code "37urn8"
[19-04-2020 01:30:51] [INFO] Voter #125 has verified their VOTER identity using access code "cysrn6"
[19-04-2020 01:30:51] [INFO] Voter #126 has verified their VOTER identity using access code "atizzk"
[19-04-2020 01:30:51] [INFO] Voter #127 has verified their VOTER identity using access code "ujh3kk"
[19-04-2020 01:30:51] [INFO] Voter #128 has verified their VOTER identity using access code "peaeks"
[19-04-2020 01:30:51] [INFO] Voter #130 has verified their VOTER identity using access code "ewqolk"
[19-04-2020 01:30:51] [INFO] Voter #129 has verified their VOTER identity using access code "jiyyk1"
[19-04-2020 01:30:51] [INFO] Voter #131 has verified their VOTER identity using access code "eydlrh"
[19-04-2020 01:30:51] [INFO] Voter #132 has verified their VOTER identity using access code "je2zap"
[19-04-2020 01:30:51] [INFO] Voter #133 has verified their VOTER identity using access code "0f2bhx"
[19-04-2020 01:30:51] [INFO] Voter #134 has verified their VOTER identity using access code "xzhk0u"
[19-04-2020 01:30:51] [INFO] Voter #135 has verified their VOTER identity using access code "subzj5"
[19-04-2020 01:30:51] [INFO] Voter #136 has verified their VOTER identity using access code "yhwyj1"
[19-04-2020 01:30:51] [INFO] Voter #137 has verified their VOTER identity using access code "k1t6wt"
[19-04-2020 01:30:51] [INFO] Voter #138 has verified their VOTER identity using access code "jkj6id"
[19-04-2020 01:30:51] [INFO] Voter #139 has verified their VOTER identity using access code "30j20y"
[19-04-2020 01:30:51] [INFO] Voter #140 has verified their VOTER identity using access code "p8j64w"
[19-04-2020 01:30:51] [INFO] Voter #141 has verified their VOTER identity using access code "kucvaq"
[19-04-2020 01:30:51] [INFO] Voter #142 has verified their VOTER identity using access code "dw41xt"
[19-04-2020 01:30:51] [INFO] Voter #143 has verified their VOTER identity using access code "ez2njz"
[19-04-2020 01:30:51] [INFO] Voter #144 has verified their VOTER identity using access code "2yoj52"
[19-04-2020 01:30:51] [INFO] Voter #145 has verified their VOTER identity using access code "gbvv97"
[19-04-2020 01:30:51] [INFO] Voter #146 has verified their VOTER identity using access code "xwkqrm"
[19-04-2020 01:30:51] [INFO] Voter #147 has verified their VOTER identity using access code "orjnf5"
[19-04-2020 01:30:51] [INFO] Voter #148 has verified their VOTER identity using access code "qu59gk"
[19-04-2020 01:30:51] [INFO] Voter #149 has verified their VOTER identity using access code "ekjd6q"
[19-04-2020 01:30:51] [INFO] Voter #150 has verified their VOTER identity using access code "3kta9s"
[19-04-2020 01:30:51] [INFO] Voter #151 has verified their VOTER identity using access code "9judj4"
[19-04-2020 01:30:51] [INFO] Voter #152 has verified their VOTER identity using access code "28blnn"
[19-04-2020 01:30:51] [INFO] Voter #153 has verified their VOTER identity using access code "rdcrmf"
[19-04-2020 01:30:51] [INFO] Voter #154 has verified their VOTER identity using access code "01c9l0"
[19-04-2020 01:30:51] [INFO] Voter #155 has verified their VOTER identity using access code "pqq97n"
[19-04-2020 01:30:51] [INFO] Voter #156 has verified their VOTER identity using access code "fsvyov"
[19-04-2020 01:30:51] [INFO] Voter #157 has verified their VOTER identity using access code "77sxr2"
[19-04-2020 01:30:51] [INFO] Voter #158 has verified their VOTER identity using access code "qcju8j"
[19-04-2020 01:30:51] [INFO] Voter #159 has verified their VOTER identity using access code "svawof"
[19-04-2020 01:30:51] [INFO] Voter #160 has verified their VOTER identity using access code "jx6683"
[19-04-2020 01:30:51] [INFO] Voter #161 has verified their VOTER identity using access code "zcf8cz"
[19-04-2020 01:30:51] [INFO] Voter #162 has verified their VOTER identity using access code "p8k4ks"
[19-04-2020 01:30:51] [INFO] Voter #163 has verified their VOTER identity using access code "qp2s7f"
[19-04-2020 01:30:51] [INFO] Voter #164 has verified their VOTER identity using access code "cvyrpu"
[19-04-2020 01:30:51] [INFO] Voter #165 has verified their VOTER identity using access code "x1btc3"
[19-04-2020 01:30:51] [INFO] Voter #166 has verified their VOTER identity using access code "i0u55z"
[19-04-2020 01:30:51] [INFO] Voter #167 has verified their VOTER identity using access code "h54ial"
[19-04-2020 01:30:51] [INFO] Voter #168 has verified their VOTER identity using access code "1wq4g5"
[19-04-2020 01:30:51] [INFO] Voter #169 has verified their VOTER identity using access code "eluaas"
[19-04-2020 01:30:51] [INFO] Voter #170 has verified their VOTER identity using access code "k408zq"
[19-04-2020 01:30:51] [INFO] Voter #171 has verified their VOTER identity using access code "sj149o"
[19-04-2020 01:30:51] [INFO] Voter #172 has verified their VOTER identity using access code "rfo2k1"
[19-04-2020 01:30:51] [INFO] Voter #173 has verified their VOTER identity using access code "10j4tz"
[19-04-2020 01:30:51] [INFO] Voter #174 has verified their VOTER identity using access code "idz692"
[19-04-2020 01:30:51] [INFO] Voter #175 has verified their VOTER identity using access code "onfm9e"
[19-04-2020 01:30:51] [INFO] Voter #176 has verified their VOTER identity using access code "kjxllb"
[19-04-2020 01:30:51] [INFO] Voter #177 has verified their VOTER identity using access code "erj88q"
[19-04-2020 01:30:51] [INFO] Voter #178 has verified their VOTER identity using access code "8ased0"
[19-04-2020 01:30:51] [INFO] Voter #179 has verified their VOTER identity using access code "y9ws7y"
[19-04-2020 01:30:51] [INFO] Voter #180 has verified their VOTER identity using access code "x2l4lq"
[19-04-2020 01:30:51] [INFO] Voter #181 has verified their VOTER identity using access code "8uuvhm"
[19-04-2020 01:30:51] [INFO] Voter #182 has verified their VOTER identity using access code "51jrf4"
[19-04-2020 01:30:51] [INFO] Voter #183 has verified their VOTER identity using access code "rysmjs"
[19-04-2020 01:30:51] [INFO] Voter #184 has verified their VOTER identity using access code "6bmk12"
[19-04-2020 01:30:51] [INFO] Voter #185 has verified their VOTER identity using access code "qfqzfx"
[19-04-2020 01:30:51] [INFO] Voter #186 has verified their VOTER identity using access code "eu6cb4"
[19-04-2020 01:30:51] [INFO] Voter #187 has verified their VOTER identity using access code "i5xfzx"
[19-04-2020 01:30:51] [INFO] Voter #188 has verified their VOTER identity using access code "2ptt0v"
[19-04-2020 01:30:51] [INFO] Voter #189 has verified their VOTER identity using access code "l9vmez"
[19-04-2020 01:30:51] [INFO] Voter #190 has verified their VOTER identity using access code "do2u6s"
[19-04-2020 01:30:51] [INFO] Voter #191 has verified their VOTER identity using access code "zxx0ez"
[19-04-2020 01:30:51] [INFO] Voter #192 has verified their VOTER identity using access code "7acbg4"
[19-04-2020 01:30:51] [INFO] Voter #193 has verified their VOTER identity using access code "9eighr"
[19-04-2020 01:30:51] [INFO] Voter #194 has verified their VOTER identity using access code "1yspya"
[19-04-2020 01:30:51] [INFO] Voter #195 has verified their VOTER identity using access code "w9q3uw"
[19-04-2020 01:30:51] [INFO] Voter #196 has verified their VOTER identity using access code "0k6kc7"
[19-04-2020 01:30:51] [INFO] Voter #197 has verified their VOTER identity using access code "uj97wn"
[19-04-2020 01:30:51] [INFO] Voter #198 has verified their VOTER identity using access code "fp44vc"
[19-04-2020 01:30:51] [INFO] Voter #199 has verified their VOTER identity using access code "wnsmu9"
[19-04-2020 01:30:51] [INFO] Voter #200 has verified their VOTER identity using access code "2myd49"
[19-04-2020 01:30:51] [INFO] Voter #201 has verified their VOTER identity using access code "rgl3mm"
[19-04-2020 01:30:51] [INFO] Voter #202 has verified their VOTER identity using access code "0gtqd8"
[19-04-2020 01:30:51] [INFO] Voter #203 has verified their VOTER identity using access code "qoyohn"
[19-04-2020 01:30:51] [INFO] Voter #204 has verified their VOTER identity using access code "ehn7ws"
[19-04-2020 01:30:51] [INFO] Voter #205 has verified their VOTER identity using access code "ueb2et"
[19-04-2020 01:30:51] [INFO] Voter #206 has verified their VOTER identity using access code "nzxnxg"
[19-04-2020 01:30:51] [INFO] Voter #207 has verified their VOTER identity using access code "70bu57"
[19-04-2020 01:30:51] [INFO] Voter #208 has verified their VOTER identity using access code "x3fkfg"
[19-04-2020 01:30:51] [INFO] Voter #209 has verified their VOTER identity using access code "i0a1t9"
[19-04-2020 01:30:51] [INFO] Voter #210 has verified their VOTER identity using access code "93w3bt"
[19-04-2020 01:30:51] [INFO] Voter #211 has verified their VOTER identity using access code "r1mtx9"
[19-04-2020 01:30:51] [INFO] Voter #212 has verified their VOTER identity using access code "l6tx2u"
[19-04-2020 01:30:51] [INFO] Voter #213 has verified their VOTER identity using access code "yhbxil"
[19-04-2020 01:30:51] [INFO] Voter #214 has verified their VOTER identity using access code "iuonv9"
[19-04-2020 01:30:51] [INFO] Voter #215 has verified their VOTER identity using access code "kp1usu"
[19-04-2020 01:30:51] [INFO] Voter #216 has verified their VOTER identity using access code "3c86l0"
[19-04-2020 01:30:51] [INFO] Voter #217 has verified their VOTER identity using access code "swbjho"
[19-04-2020 01:30:51] [INFO] Voter #218 has verified their VOTER identity using access code "l2zgpi"
[19-04-2020 01:30:51] [INFO] Voter #219 has verified their VOTER identity using access code "5kufhy"
[19-04-2020 01:30:51] [INFO] Voter #220 has verified their VOTER identity using access code "h2fwxx"
[19-04-2020 01:30:51] [INFO] Voter #221 has verified their VOTER identity using access code "tyojj1"
[19-04-2020 01:30:51] [INFO] Voter #222 has verified their VOTER identity using access code "kvgxhi"
[19-04-2020 01:30:51] [INFO] Voter #223 has verified their VOTER identity using access code "acdlty"
[19-04-2020 01:30:51] [INFO] Voter #225 has verified their VOTER identity using access code "uehnyx"
[19-04-2020 01:30:51] [INFO] Voter #226 has verified their VOTER identity using access code "lfhcmc"
[19-04-2020 01:30:51] [INFO] Voter #227 has verified their VOTER identity using access code "87jhlv"
[19-04-2020 01:30:51] [INFO] Voter #228 has verified their VOTER identity using access code "y3qh9n"
[19-04-2020 01:30:51] [INFO] Voter #229 has verified their VOTER identity using access code "a2b3kh"
[19-04-2020 01:30:51] [INFO] Voter #230 has verified their VOTER identity using access code "1fwzbu"
[19-04-2020 01:30:51] [INFO] Voter #231 has verified their VOTER identity using access code "w71pbb"
[19-04-2020 01:30:51] [INFO] Voter #232 has verified their VOTER identity using access code "arvo94"
[19-04-2020 01:30:51] [INFO] Voter #233 has verified their VOTER identity using access code "tjaqnc"
[19-04-2020 01:30:51] [INFO] Voter #234 has verified their VOTER identity using access code "rssrmn"
[19-04-2020 01:30:51] [INFO] Voter #235 has verified their VOTER identity using access code "h1yajx"
[19-04-2020 01:30:51] [INFO] Voter #236 has verified their VOTER identity using access code "tc9y75"
[19-04-2020 01:30:51] [INFO] Voter #237 has verified their VOTER identity using access code "20z78k"
[19-04-2020 01:30:51] [INFO] Voter #238 has verified their VOTER identity using access code "6vf2pc"
[19-04-2020 01:30:51] [INFO] Voter #239 has verified their VOTER identity using access code "1jwr5r"
[19-04-2020 01:30:51] [INFO] Voter #240 has verified their VOTER identity using access code "81nbfn"
[19-04-2020 01:30:51] [INFO] Voter #241 has verified their VOTER identity using access code "lve8uy"
[19-04-2020 01:30:51] [INFO] Voter #242 has verified their VOTER identity using access code "umthoi"
[19-04-2020 01:30:51] [INFO] Voter #243 has verified their VOTER identity using access code "btf4ch"
[19-04-2020 01:30:51] [INFO] Voter #224 has verified their VOTER identity using access code "wqowwd"
[19-04-2020 01:30:51] [INFO] Voter #244 has verified their VOTER identity using access code "locjs9"
[19-04-2020 01:30:51] [INFO] Voter #245 has verified their VOTER identity using access code "4r6rn3"
[19-04-2020 01:30:51] [INFO] Voter #246 has verified their VOTER identity using access code "ht90tc"
[19-04-2020 01:30:51] [INFO] Voter #247 has verified their VOTER identity using access code "rpyrby"
[19-04-2020 01:30:51] [INFO] Voter #249 has verified their VOTER identity using access code "4d5ue6"
[19-04-2020 01:30:51] [INFO] Voter #248 has verified their VOTER identity using access code "odqtby"
[19-04-2020 01:30:58] [INFO] Joe Furfaro has verified their ADMIN identity using access code "Dipole2001!"
[19-04-2020 01:31:45] [INFO] Joe Furfaro has changed the question ID to 1
[19-04-2020 01:31:45] [INFO] Voter #142 has voted "False"
[19-04-2020 01:31:45] [INFO] Voter #214 has voted "False"
[19-04-2020 01:31:45] [INFO] Voter #215 has voted "False"
[19-04-2020 01:31:45] [INFO] Voter #144 has voted "False"
[19-04-2020 01:31:45] [INFO] Voter #216 has voted "False"
[19-04-2020 01:31:45] [INFO] Voter #143 has voted "True"
[19-04-2020 01:31:45] [INFO] Voter #145 has voted "True"
[19-04-2020 01:31:45] [INFO] Voter #217 has voted "False"
[19-04-2020 01:31:45] [INFO] Voter #146 has voted "True"
[19-04-2020 01:31:45] [INFO] Voter #218 has voted "False"
[19-04-2020 01:31:45] [INFO] Voter #147 has voted "False"
[19-04-2020 01:31:45] [INFO] Voter #219 has voted "False"
[19-04-2020 01:31:45] [INFO] Voter #148 has voted "True"
[19-04-2020 01:31:45] [INFO] Voter #220 has voted "True"
[19-04-2020 01:31:45] [INFO] Voter #149 has voted "False"
[19-04-2020 01:31:45] [INFO] Voter #221 has voted "False"
[19-04-2020 01:31:45] [INFO] Voter #150 has voted "True"
[19-04-2020 01:31:45] [INFO] Voter #222 has voted "False"
[19-04-2020 01:31:45] [INFO] Voter #151 has voted "True"
[19-04-2020 01:31:45] [INFO] Voter #223 has voted "True"
[19-04-2020 01:31:45] [INFO] Voter #152 has voted "False"
[19-04-2020 01:31:45] [INFO] Voter #224 has voted "True"
[19-04-2020 01:31:45] [INFO] Voter #153 has voted "False"
[19-04-2020 01:31:45] [INFO] Voter #225 has voted "False"
[19-04-2020 01:31:45] [INFO] Voter #154 has voted "False"
[19-04-2020 01:31:45] [INFO] Voter #226 has voted "True"
[19-04-2020 01:31:45] [INFO] Voter #155 has voted "False"
[19-04-2020 01:31:45] [INFO] Voter #227 has voted "False"
[19-04-2020 01:31:45] [INFO] Voter #156 has voted "True"
[19-04-2020 01:31:45] [INFO] Voter #228 has voted "True"
[19-04-2020 01:31:45] [INFO] Voter #157 has voted "True"
[19-04-2020 01:31:45] [INFO] Voter #229 has voted "False"
[19-04-2020 01:31:45] [INFO] Voter #158 has voted "True"
[19-04-2020 01:31:45] [INFO] Voter #230 has voted "True"
[19-04-2020 01:31:45] [INFO] Voter #159 has voted "False"
[19-04-2020 01:31:45] [INFO] Voter #231 has voted "True"
[19-04-2020 01:31:45] [INFO] Voter #160 has voted "True"
[19-04-2020 01:31:45] [INFO] Voter #232 has voted "False"
[19-04-2020 01:31:45] [INFO] Voter #161 has voted "True"
[19-04-2020 01:31:45] [INFO] Voter #233 has voted "False"
[19-04-2020 01:31:45] [INFO] Voter #162 has voted "True"
[19-04-2020 01:31:45] [INFO] Voter #234 has voted "False"
[19-04-2020 01:31:45] [INFO] Voter #163 has voted "False"
[19-04-2020 01:31:45] [INFO] Voter #235 has voted "True"
[19-04-2020 01:31:45] [INFO] Voter #164 has voted "False"
[19-04-2020 01:31:45] [INFO] Voter #236 has voted "False"
[19-04-2020 01:31:45] [INFO] Voter #165 has voted "False"
[19-04-2020 01:31:45] [INFO] Voter #237 has voted "True"
[19-04-2020 01:31:45] [INFO] Voter #166 has voted "True"
[19-04-2020 01:31:45] [INFO] Voter #238 has voted "True"
[19-04-2020 01:31:45] [INFO] Voter #167 has voted "True"
[19-04-2020 01:31:45] [INFO] Voter #239 has voted "False"
[19-04-2020 01:31:45] [INFO] Voter #168 has voted "False"
[19-04-2020 01:31:45] [INFO] Voter #240 has voted "False"
[19-04-2020 01:31:45] [INFO] Voter #169 has voted "True"
[19-04-2020 01:31:45] [INFO] Voter #241 has voted "False"
[19-04-2020 01:31:45] [INFO] Voter #170 has voted "False"
[19-04-2020 01:31:45] [INFO] Voter #242 has voted "False"
[19-04-2020 01:31:45] [INFO] Voter #171 has voted "True"
[19-04-2020 01:31:45] [INFO] Voter #243 has voted "True"
[19-04-2020 01:31:45] [INFO] Voter #140 has voted "True"
[19-04-2020 01:31:45] [INFO] Voter #172 has voted "True"
[19-04-2020 01:31:45] [INFO] Voter #244 has voted "False"
[19-04-2020 01:31:45] [INFO] Voter #173 has voted "False"
[19-04-2020 01:31:45] [INFO] Voter #245 has voted "True"
[19-04-2020 01:31:45] [INFO] Voter #174 has voted "False"
[19-04-2020 01:31:45] [INFO] Voter #246 has voted "False"
[19-04-2020 01:31:45] [INFO] Voter #175 has voted "True"
[19-04-2020 01:31:45] [INFO] Voter #247 has voted "True"
[19-04-2020 01:31:45] [INFO] Voter #176 has voted "True"
[19-04-2020 01:31:45] [INFO] Voter #248 has voted "True"
[19-04-2020 01:31:45] [INFO] Voter #177 has voted "True"
[19-04-2020 01:31:45] [INFO] Voter #249 has voted "True"
[19-04-2020 01:31:45] [INFO] Voter #141 has voted "False"
[19-04-2020 01:31:45] [INFO] Voter #178 has voted "False"
[19-04-2020 01:31:45] [INFO] Voter #179 has voted "False"
[19-04-2020 01:31:45] [INFO] Voter #180 has voted "False"
[19-04-2020 01:31:45] [INFO] Voter #181 has voted "False"
[19-04-2020 01:31:45] [INFO] Voter #182 has voted "True"
[19-04-2020 01:31:45] [INFO] Voter #183 has voted "False"
[19-04-2020 01:31:45] [INFO] Voter #184 has voted "False"
[19-04-2020 01:31:45] [INFO] Voter #185 has voted "False"
[19-04-2020 01:31:45] [INFO] Voter #186 has voted "True"
[19-04-2020 01:31:45] [INFO] Voter #187 has voted "False"
[19-04-2020 01:31:45] [INFO] Voter #188 has voted "False"
[19-04-2020 01:31:45] [INFO] Voter #189 has voted "True"
[19-04-2020 01:31:45] [INFO] Voter #190 has voted "False"
[19-04-2020 01:31:45] [INFO] Voter #191 has voted "False"
[19-04-2020 01:31:45] [INFO] Voter #192 has voted "False"
[19-04-2020 01:31:45] [INFO] Voter #193 has voted "False"
[19-04-2020 01:31:45] [INFO] Voter #194 has voted "False"
[19-04-2020 01:31:45] [INFO] Voter #195 has voted "True"
[19-04-2020 01:31:45] [INFO] Voter #196 has voted "False"
[19-04-2020 01:31:45] [INFO] Voter #197 has voted "False"
[19-04-2020 01:31:45] [INFO] Voter #198 has voted "False"
[19-04-2020 01:31:45] [INFO] Voter #199 has voted "False"
[19-04-2020 01:31:45] [INFO] Voter #200 has voted "True"
[19-04-2020 01:31:45] [INFO] Voter #201 has voted "False"
[19-04-2020 01:31:45] [INFO] Voter #202 has voted "False"
[19-04-2020 01:31:45] [INFO] Voter #203 has voted "False"
[19-04-2020 01:31:45] [INFO] Voter #204 has voted "True"
[19-04-2020 01:31:45] [INFO] Voter #205 has voted "False"
[19-04-2020 01:31:45] [INFO] Voter #206 has voted "True"
[19-04-2020 01:31:45] [INFO] Voter #207 has voted "False"
[19-04-2020 01:31:45] [INFO] Voter #208 has voted "False"
[19-04-2020 01:31:45] [INFO] Voter #209 has voted "False"
[19-04-2020 01:31:45] [INFO] Voter #210 has voted "False"
[19-04-2020 01:31:45] [INFO] Voter #211 has voted "True"
[19-04-2020 01:31:45] [INFO] Voter #212 has voted "True"
[19-04-2020 01:31:45] [INFO] Voter #213 has voted "False"
[19-04-2020 01:31:45] [INFO] Voter #70 has voted "True"
[19-04-2020 01:31:45] [INFO] Voter #71 has voted "False"
[19-04-2020 01:31:45] [INFO] Voter #0 has voted "True"
[19-04-2020 01:31:45] [INFO] Voter #72 has voted "True"
[19-04-2020 01:31:45] [INFO] Voter #1 has voted "False"
[19-04-2020 01:31:45] [INFO] Voter #73 has voted "False"
[19-04-2020 01:31:45] [INFO] Voter #2 has voted "True"
[19-04-2020 01:31:45] [INFO] Voter #74 has voted "False"
[19-04-2020 01:31:45] [INFO] Voter #3 has voted "True"
[19-04-2020 01:31:45] [INFO] Voter #75 has voted "False"
[19-04-2020 01:31:45] [INFO] Voter #4 has voted "False"
[19-04-2020 01:31:45] [INFO] Voter #76 has voted "False"
[19-04-2020 01:31:45] [INFO] Voter #5 has voted "True"
[19-04-2020 01:31:45] [INFO] Voter #77 has voted "True"
[19-04-2020 01:31:45] [INFO] Voter #6 has voted "True"
[19-04-2020 01:31:45] [INFO] Voter #78 has voted "False"
[19-04-2020 01:31:45] [INFO] Voter #7 has voted "False"
[19-04-2020 01:31:45] [INFO] Voter #79 has voted "True"
[19-04-2020 01:31:45] [INFO] Voter #8 has voted "False"
[19-04-2020 01:31:45] [INFO] Voter #80 has voted "False"
[19-04-2020 01:31:45] [INFO] Voter #9 has voted "True"
[19-04-2020 01:31:45] [INFO] Voter #81 has voted "False"
[19-04-2020 01:31:45] [INFO] Voter #10 has voted "True"
[19-04-2020 01:31:45] [INFO] Voter #82 has voted "True"
[19-04-2020 01:31:45] [INFO] Voter #11 has voted "True"
[19-04-2020 01:31:45] [INFO] Voter #83 has voted "False"
[19-04-2020 01:31:45] [INFO] Voter #12 has voted "True"
[19-04-2020 01:31:45] [INFO] Voter #84 has voted "True"
[19-04-2020 01:31:45] [INFO] Voter #13 has voted "True"
[19-04-2020 01:31:45] [INFO] Voter #85 has voted "False"
[19-04-2020 01:31:45] [INFO] Voter #14 has voted "True"
[19-04-2020 01:31:45] [INFO] Voter #86 has voted "False"
[19-04-2020 01:31:45] [INFO] Voter #15 has voted "True"
[19-04-2020 01:31:45] [INFO] Voter #87 has voted "True"
[19-04-2020 01:31:45] [INFO] Voter #16 has voted "False"
[19-04-2020 01:31:45] [INFO] Voter #88 has voted "True"
[19-04-2020 01:31:45] [INFO] Voter #17 has voted "True"
[19-04-2020 01:31:45] [INFO] Voter #89 has voted "True"
[19-04-2020 01:31:45] [INFO] Voter #18 has voted "True"
[19-04-2020 01:31:45] [INFO] Voter #90 has voted "False"
[19-04-2020 01:31:45] [INFO] Voter #19 has voted "False"
[19-04-2020 01:31:45] [INFO] Voter #91 has voted "True"
[19-04-2020 01:31:45] [INFO] Voter #20 has voted "False"
[19-04-2020 01:31:45] [INFO] Voter #92 has voted "True"
[19-04-2020 01:31:45] [INFO] Voter #21 has voted "True"
[19-04-2020 01:31:45] [INFO] Voter #93 has voted "False"
[19-04-2020 01:31:45] [INFO] Voter #22 has voted "True"
[19-04-2020 01:31:45] [INFO] Voter #94 has voted "False"
[19-04-2020 01:31:45] [INFO] Voter #23 has voted "True"
[19-04-2020 01:31:45] [INFO] Voter #95 has voted "False"
[19-04-2020 01:31:45] [INFO] Voter #24 has voted "True"
[19-04-2020 01:31:45] [INFO] Voter #96 has voted "True"
[19-04-2020 01:31:45] [INFO] Voter #25 has voted "True"
[19-04-2020 01:31:45] [INFO] Voter #97 has voted "True"
[19-04-2020 01:31:45] [INFO] Voter #26 has voted "False"
[19-04-2020 01:31:45] [INFO] Voter #98 has voted "False"
[19-04-2020 01:31:45] [INFO] Voter #27 has voted "False"
[19-04-2020 01:31:45] [INFO] Voter #99 has voted "False"
[19-04-2020 01:31:45] [INFO] Voter #28 has voted "False"
[19-04-2020 01:31:45] [INFO] Voter #100 has voted "True"
[19-04-2020 01:31:45] [INFO] Voter #29 has voted "True"
[19-04-2020 01:31:45] [INFO] Voter #101 has voted "True"
[19-04-2020 01:31:45] [INFO] Voter #30 has voted "True"
[19-04-2020 01:31:45] [INFO] Voter #102 has voted "True"
[19-04-2020 01:31:45] [INFO] Voter #31 has voted "True"
[19-04-2020 01:31:45] [INFO] Voter #103 has voted "True"
[19-04-2020 01:31:45] [INFO] Voter #32 has voted "False"
[19-04-2020 01:31:45] [INFO] Voter #104 has voted "False"
[19-04-2020 01:31:45] [INFO] Voter #33 has voted "False"
[19-04-2020 01:31:45] [INFO] Voter #105 has voted "False"
[19-04-2020 01:31:45] [INFO] Voter #34 has voted "True"
[19-04-2020 01:31:45] [INFO] Voter #106 has voted "True"
[19-04-2020 01:31:45] [INFO] Voter #35 has voted "False"
[19-04-2020 01:31:45] [INFO] Voter #107 has voted "False"
[19-04-2020 01:31:45] [INFO] Voter #36 has voted "False"
[19-04-2020 01:31:45] [INFO] Voter #108 has voted "True"
[19-04-2020 01:31:45] [INFO] Voter #37 has voted "False"
[19-04-2020 01:31:45] [INFO] Voter #109 has voted "False"
[19-04-2020 01:31:45] [INFO] Voter #38 has voted "True"
[19-04-2020 01:31:45] [INFO] Voter #110 has voted "True"
[19-04-2020 01:31:45] [INFO] Voter #39 has voted "True"
[19-04-2020 01:31:45] [INFO] Voter #111 has voted "True"
[19-04-2020 01:31:45] [INFO] Voter #40 has voted "False"
[19-04-2020 01:31:45] [INFO] Voter #112 has voted "True"
[19-04-2020 01:31:45] [INFO] Voter #41 has voted "False"
[19-04-2020 01:31:45] [INFO] Voter #113 has voted "True"
[19-04-2020 01:31:45] [INFO] Voter #42 has voted "False"
[19-04-2020 01:31:45] [INFO] Voter #114 has voted "False"
[19-04-2020 01:31:45] [INFO] Voter #43 has voted "False"
[19-04-2020 01:31:45] [INFO] Voter #115 has voted "True"
[19-04-2020 01:31:45] [INFO] Voter #44 has voted "False"
[19-04-2020 01:31:45] [INFO] Voter #116 has voted "False"
[19-04-2020 01:31:45] [INFO] Voter #45 has voted "True"
[19-04-2020 01:31:45] [INFO] Voter #117 has voted "True"
[19-04-2020 01:31:45] [INFO] Voter #46 has voted "True"
[19-04-2020 01:31:45] [INFO] Voter #118 has voted "False"
[19-04-2020 01:31:45] [INFO] Voter #47 has voted "False"
[19-04-2020 01:31:45] [INFO] Voter #119 has voted "False"
[19-04-2020 01:31:45] [INFO] Voter #48 has voted "False"
[19-04-2020 01:31:45] [INFO] Voter #120 has voted "False"
[19-04-2020 01:31:45] [INFO] Voter #49 has voted "True"
[19-04-2020 01:31:45] [INFO] Voter #121 has voted "True"
[19-04-2020 01:31:45] [INFO] Voter #50 has voted "True"
[19-04-2020 01:31:45] [INFO] Voter #122 has voted "False"
[19-04-2020 01:31:45] [INFO] Voter #51 has voted "True"
[19-04-2020 01:31:45] [INFO] Voter #123 has voted "True"
[19-04-2020 01:31:45] [INFO] Voter #52 has voted "True"
[19-04-2020 01:31:45] [INFO] Voter #124 has voted "True"
[19-04-2020 01:31:45] [INFO] Voter #53 has voted "False"
[19-04-2020 01:31:45] [INFO] Voter #125 has voted "False"
[19-04-2020 01:31:45] [INFO] Voter #54 has voted "True"
[19-04-2020 01:31:45] [INFO] Voter #126 has voted "True"
[19-04-2020 01:31:45] [INFO] Voter #55 has voted "True"
[19-04-2020 01:31:45] [INFO] Voter #127 has voted "True"
[19-04-2020 01:31:45] [INFO] Voter #56 has voted "True"
[19-04-2020 01:31:45] [INFO] Voter #128 has voted "False"
[19-04-2020 01:31:45] [INFO] Voter #57 has voted "False"
[19-04-2020 01:31:45] [INFO] Voter #129 has voted "False"
[19-04-2020 01:31:45] [INFO] Voter #58 has voted "True"
[19-04-2020 01:31:45] [INFO] Voter #130 has voted "True"
[19-04-2020 01:31:45] [INFO] Voter #59 has voted "False"
[19-04-2020 01:31:45] [INFO] Voter #131 has voted "True"
[19-04-2020 01:31:45] [INFO] Voter #60 has voted "False"
[19-04-2020 01:31:45] [INFO] Voter #132 has voted "True"
[19-04-2020 01:31:45] [INFO] Voter #61 has voted "True"
[19-04-2020 01:31:45] [INFO] Voter #133 has voted "True"
[19-04-2020 01:31:45] [INFO] Voter #62 has voted "False"
[19-04-2020 01:31:45] [INFO] Voter #134 has voted "True"
[19-04-2020 01:31:45] [INFO] Voter #63 has voted "True"
[19-04-2020 01:31:45] [INFO] Voter #135 has voted "True"
[19-04-2020 01:31:45] [INFO] Voter #64 has voted "False"
[19-04-2020 01:31:45] [INFO] Voter #136 has voted "True"
[19-04-2020 01:31:45] [INFO] Voter #65 has voted "True"
[19-04-2020 01:31:45] [INFO] Voter #137 has voted "False"
[19-04-2020 01:31:45] [INFO] Voter #66 has voted "False"
[19-04-2020 01:31:45] [INFO] Voter #138 has voted "True"
[19-04-2020 01:31:45] [INFO] Voter #67 has voted "True"
[19-04-2020 01:31:45] [INFO] Voter #139 has voted "True"
[19-04-2020 01:31:45] [INFO] Voter #68 has voted "True"
[19-04-2020 01:31:45] [INFO] Voter #69 has voted "False"
[19-04-2020 01:31:48] [INFO] Joe Furfaro has changed the question ID to 2
[19-04-2020 01:31:48] [INFO] Voter #142 has voted "Ted"
[19-04-2020 01:31:48] [INFO] Voter #214 has voted "Ted"
[19-04-2020 01:31:48] [INFO] Voter #143 has voted "Ted"
[19-04-2020 01:31:48] [INFO] Voter #215 has voted "Ted"
[19-04-2020 01:31:48] [INFO] Voter #144 has voted "Robert"
[19-04-2020 01:31:48] [INFO] Voter #216 has voted "Robert"
[19-04-2020 01:31:48] [INFO] Voter #145 has voted "Robert"
[19-04-2020 01:31:48] [INFO] Voter #217 has voted "Ted"
[19-04-2020 01:31:48] [INFO] Voter #146 has voted "Robert"
[19-04-2020 01:31:48] [INFO] Voter #218 has voted "Ted"
[19-04-2020 01:31:48] [INFO] Voter #147 has voted "Robert"
[19-04-2020 01:31:48] [INFO] Voter #219 has voted "Cameron"
[19-04-2020 01:31:48] [INFO] Voter #148 has voted "Cameron"
[19-04-2020 01:31:48] [INFO] Voter #220 has voted "Robert"
[19-04-2020 01:31:48] [INFO] Voter #149 has voted "Robert"
[19-04-2020 01:31:48] [INFO] Voter #221 has voted "Ted"
[19-04-2020 01:31:48] [INFO] Voter #150 has voted "Cameron"
[19-04-2020 01:31:48] [INFO] Voter #222 has voted "Ted"
[19-04-2020 01:31:48] [INFO] Voter #151 has voted "Cameron"
[19-04-2020 01:31:48] [INFO] Voter #223 has voted "Ted"
[19-04-2020 01:31:48] [INFO] Voter #152 has voted "Cameron"
[19-04-2020 01:31:48] [INFO] Voter #224 has voted "Ted"
[19-04-2020 01:31:48] [INFO] Voter #153 has voted "Cameron"
[19-04-2020 01:31:48] [INFO] Voter #225 has voted "Robert"
[19-04-2020 01:31:48] [INFO] Voter #154 has voted "Robert"
[19-04-2020 01:31:48] [INFO] Voter #226 has voted "Cameron"
[19-04-2020 01:31:48] [INFO] Voter #155 has voted "Robert"
[19-04-2020 01:31:48] [INFO] Voter #227 has voted "Robert"
[19-04-2020 01:31:48] [INFO] Voter #156 has voted "Ted"
[19-04-2020 01:31:48] [INFO] Voter #228 has voted "Robert"
[19-04-2020 01:31:48] [INFO] Voter #157 has voted "Ted"
[19-04-2020 01:31:48] [INFO] Voter #229 has voted "Robert"
[19-04-2020 01:31:48] [INFO] Voter #158 has voted "Robert"
[19-04-2020 01:31:48] [INFO] Voter #230 has voted "Cameron"
[19-04-2020 01:31:48] [INFO] Voter #159 has voted "Robert"
[19-04-2020 01:31:48] [INFO] Voter #231 has voted "Cameron"
[19-04-2020 01:31:48] [INFO] Voter #160 has voted "Cameron"
[19-04-2020 01:31:48] [INFO] Voter #232 has voted "Ted"
[19-04-2020 01:31:48] [INFO] Voter #161 has voted "Cameron"
[19-04-2020 01:31:48] [INFO] Voter #233 has voted "Ted"
[19-04-2020 01:31:48] [INFO] Voter #162 has voted "Cameron"
[19-04-2020 01:31:48] [INFO] Voter #234 has voted "Cameron"
[19-04-2020 01:31:48] [INFO] Voter #163 has voted "Robert"
[19-04-2020 01:31:48] [INFO] Voter #235 has voted "Cameron"
[19-04-2020 01:31:48] [INFO] Voter #164 has voted "Robert"
[19-04-2020 01:31:48] [INFO] Voter #236 has voted "Cameron"
[19-04-2020 01:31:48] [INFO] Voter #165 has voted "Robert"
[19-04-2020 01:31:48] [INFO] Voter #237 has voted "Ted"
[19-04-2020 01:31:48] [INFO] Voter #166 has voted "Robert"
[19-04-2020 01:31:48] [INFO] Voter #238 has voted "Ted"
[19-04-2020 01:31:48] [INFO] Voter #167 has voted "Ted"
[19-04-2020 01:31:48] [INFO] Voter #239 has voted "Cameron"
[19-04-2020 01:31:48] [INFO] Voter #168 has voted "Robert"
[19-04-2020 01:31:48] [INFO] Voter #240 has voted "Robert"
[19-04-2020 01:31:48] [INFO] Voter #169 has voted "Robert"
[19-04-2020 01:31:48] [INFO] Voter #241 has voted "Ted"
[19-04-2020 01:31:48] [INFO] Voter #170 has voted "Cameron"
[19-04-2020 01:31:48] [INFO] Voter #242 has voted "Ted"
[19-04-2020 01:31:48] [INFO] Voter #171 has voted "Robert"
[19-04-2020 01:31:48] [INFO] Voter #243 has voted "Cameron"
[19-04-2020 01:31:48] [INFO] Voter #140 has voted "Cameron"
[19-04-2020 01:31:48] [INFO] Voter #172 has voted "Cameron"
[19-04-2020 01:31:48] [INFO] Voter #244 has voted "Ted"
[19-04-2020 01:31:48] [INFO] Voter #173 has voted "Robert"
[19-04-2020 01:31:48] [INFO] Voter #245 has voted "Cameron"
[19-04-2020 01:31:48] [INFO] Voter #174 has voted "Ted"
[19-04-2020 01:31:48] [INFO] Voter #246 has voted "Ted"
[19-04-2020 01:31:48] [INFO] Voter #175 has voted "Robert"
[19-04-2020 01:31:48] [INFO] Voter #247 has voted "Cameron"
[19-04-2020 01:31:48] [INFO] Voter #176 has voted "Ted"
[19-04-2020 01:31:48] [INFO] Voter #248 has voted "Ted"
[19-04-2020 01:31:48] [INFO] Voter #177 has voted "Ted"
[19-04-2020 01:31:48] [INFO] Voter #249 has voted "Robert"
[19-04-2020 01:31:48] [INFO] Voter #141 has voted "Ted"
[19-04-2020 01:31:48] [INFO] Voter #178 has voted "Cameron"
[19-04-2020 01:31:48] [INFO] Voter #179 has voted "Cameron"
[19-04-2020 01:31:48] [INFO] Voter #180 has voted "Robert"
[19-04-2020 01:31:48] [INFO] Voter #181 has voted "Robert"
[19-04-2020 01:31:48] [INFO] Voter #182 has voted "Ted"
[19-04-2020 01:31:48] [INFO] Voter #183 has voted "Robert"
[19-04-2020 01:31:48] [INFO] Voter #184 has voted "Ted"
[19-04-2020 01:31:48] [INFO] Voter #185 has voted "Robert"
[19-04-2020 01:31:48] [INFO] Voter #186 has voted "Ted"
[19-04-2020 01:31:48] [INFO] Voter #187 has voted "Robert"
[19-04-2020 01:31:48] [INFO] Voter #188 has voted "Robert"
[19-04-2020 01:31:48] [INFO] Voter #189 has voted "Robert"
[19-04-2020 01:31:48] [INFO] Voter #190 has voted "Robert"
[19-04-2020 01:31:48] [INFO] Voter #191 has voted "Cameron"
[19-04-2020 01:31:48] [INFO] Voter #192 has voted "Robert"
[19-04-2020 01:31:48] [INFO] Voter #193 has voted "Robert"
[19-04-2020 01:31:48] [INFO] Voter #194 has voted "Ted"
[19-04-2020 01:31:48] [INFO] Voter #195 has voted "Robert"
[19-04-2020 01:31:48] [INFO] Voter #196 has voted "Robert"
[19-04-2020 01:31:48] [INFO] Voter #197 has voted "Cameron"
[19-04-2020 01:31:48] [INFO] Voter #198 has voted "Cameron"
[19-04-2020 01:31:48] [INFO] Voter #199 has voted "Cameron"
[19-04-2020 01:31:48] [INFO] Voter #200 has voted "Cameron"
[19-04-2020 01:31:48] [INFO] Voter #201 has voted "Robert"
[19-04-2020 01:31:48] [INFO] Voter #202 has voted "Ted"
[19-04-2020 01:31:48] [INFO] Voter #203 has voted "Cameron"
[19-04-2020 01:31:48] [INFO] Voter #204 has voted "Cameron"
[19-04-2020 01:31:48] [INFO] Voter #205 has voted "Cameron"
[19-04-2020 01:31:48] [INFO] Voter #206 has voted "Cameron"
[19-04-2020 01:31:48] [INFO] Voter #207 has voted "Ted"
[19-04-2020 01:31:48] [INFO] Voter #208 has voted "Ted"
[19-04-2020 01:31:48] [INFO] Voter #209 has voted "Robert"
[19-04-2020 01:31:48] [INFO] Voter #210 has voted "Ted"
[19-04-2020 01:31:48] [INFO] Voter #211 has voted "Cameron"
[19-04-2020 01:31:48] [INFO] Voter #212 has voted "Robert"
[19-04-2020 01:31:48] [INFO] Voter #213 has voted "Robert"
[19-04-2020 01:31:48] [INFO] Voter #70 has voted "Robert"
[19-04-2020 01:31:48] [INFO] Voter #71 has voted "Ted"
[19-04-2020 01:31:48] [INFO] Voter #0 has voted "Ted"
[19-04-2020 01:31:48] [INFO] Voter #72 has voted "Cameron"
[19-04-2020 01:31:48] [INFO] Voter #1 has voted "Cameron"
[19-04-2020 01:31:48] [INFO] Voter #73 has voted "Cameron"
[19-04-2020 01:31:48] [INFO] Voter #2 has voted "Cameron"
[19-04-2020 01:31:48] [INFO] Voter #74 has voted "Robert"
[19-04-2020 01:31:48] [INFO] Voter #3 has voted "Robert"
[19-04-2020 01:31:48] [INFO] Voter #75 has voted "Cameron"
[19-04-2020 01:31:48] [INFO] Voter #4 has voted "Robert"
[19-04-2020 01:31:48] [INFO] Voter #76 has voted "Cameron"
[19-04-2020 01:31:48] [INFO] Voter #5 has voted "Cameron"
[19-04-2020 01:31:48] [INFO] Voter #77 has voted "Cameron"
[19-04-2020 01:31:48] [INFO] Voter #6 has voted "Cameron"
[19-04-2020 01:31:48] [INFO] Voter #78 has voted "Ted"
[19-04-2020 01:31:48] [INFO] Voter #7 has voted "Ted"
[19-04-2020 01:31:48] [INFO] Voter #79 has voted "Ted"
[19-04-2020 01:31:48] [INFO] Voter #8 has voted "Ted"
[19-04-2020 01:31:48] [INFO] Voter #80 has voted "Ted"
[19-04-2020 01:31:48] [INFO] Voter #9 has voted "Cameron"
[19-04-2020 01:31:48] [INFO] Voter #81 has voted "Ted"
[19-04-2020 01:31:48] [INFO] Voter #10 has voted "Ted"
[19-04-2020 01:31:48] [INFO] Voter #82 has voted "Cameron"
[19-04-2020 01:31:48] [INFO] Voter #11 has voted "Robert"
[19-04-2020 01:31:48] [INFO] Voter #83 has voted "Cameron"
[19-04-2020 01:31:48] [INFO] Voter #12 has voted "Ted"
[19-04-2020 01:31:48] [INFO] Voter #84 has voted "Robert"
[19-04-2020 01:31:48] [INFO] Voter #13 has voted "Cameron"
[19-04-2020 01:31:48] [INFO] Voter #85 has voted "Cameron"
[19-04-2020 01:31:48] [INFO] Voter #14 has voted "Cameron"
[19-04-2020 01:31:48] [INFO] Voter #86 has voted "Ted"
[19-04-2020 01:31:48] [INFO] Voter #15 has voted "Robert"
[19-04-2020 01:31:48] [INFO] Voter #87 has voted "Ted"
[19-04-2020 01:31:48] [INFO] Voter #16 has voted "Ted"
[19-04-2020 01:31:48] [INFO] Voter #88 has voted "Ted"
[19-04-2020 01:31:48] [INFO] Voter #17 has voted "Cameron"
[19-04-2020 01:31:48] [INFO] Voter #89 has voted "Ted"
[19-04-2020 01:31:48] [INFO] Voter #18 has voted "Robert"
[19-04-2020 01:31:48] [INFO] Voter #90 has voted "Robert"
[19-04-2020 01:31:48] [INFO] Voter #19 has voted "Robert"
[19-04-2020 01:31:48] [INFO] Voter #91 has voted "Ted"
[19-04-2020 01:31:48] [INFO] Voter #20 has voted "Ted"
[19-04-2020 01:31:48] [INFO] Voter #92 has voted "Robert"
[19-04-2020 01:31:48] [INFO] Voter #21 has voted "Cameron"
[19-04-2020 01:31:48] [INFO] Voter #93 has voted "Cameron"
[19-04-2020 01:31:48] [INFO] Voter #22 has voted "Ted"
[19-04-2020 01:31:48] [INFO] Voter #94 has voted "Ted"
[19-04-2020 01:31:48] [INFO] Voter #23 has voted "Robert"
[19-04-2020 01:31:48] [INFO] Voter #95 has voted "Robert"
[19-04-2020 01:31:48] [INFO] Voter #24 has voted "Cameron"
[19-04-2020 01:31:48] [INFO] Voter #96 has voted "Ted"
[19-04-2020 01:31:48] [INFO] Voter #25 has voted "Cameron"
[19-04-2020 01:31:48] [INFO] Voter #97 has voted "Ted"
[19-04-2020 01:31:48] [INFO] Voter #26 has voted "Ted"
[19-04-2020 01:31:48] [INFO] Voter #98 has voted "Ted"
[19-04-2020 01:31:48] [INFO] Voter #27 has voted "Cameron"
[19-04-2020 01:31:48] [INFO] Voter #99 has voted "Robert"
[19-04-2020 01:31:48] [INFO] Voter #28 has voted "Cameron"
[19-04-2020 01:31:48] [INFO] Voter #100 has voted "Cameron"
[19-04-2020 01:31:48] [INFO] Voter #29 has voted "Ted"
[19-04-2020 01:31:48] [INFO] Voter #101 has voted "Robert"
[19-04-2020 01:31:48] [INFO] Voter #30 has voted "Cameron"
[19-04-2020 01:31:48] [INFO] Voter #102 has voted "Robert"
[19-04-2020 01:31:48] [INFO] Voter #31 has voted "Robert"
[19-04-2020 01:31:48] [INFO] Voter #103 has voted "Robert"
[19-04-2020 01:31:48] [INFO] Voter #32 has voted "Cameron"
[19-04-2020 01:31:48] [INFO] Voter #104 has voted "Ted"
[19-04-2020 01:31:48] [INFO] Voter #33 has voted "Robert"
[19-04-2020 01:31:48] [INFO] Voter #105 has voted "Ted"
[19-04-2020 01:31:48] [INFO] Voter #34 has voted "Cameron"
[19-04-2020 01:31:48] [INFO] Voter #106 has voted "Ted"
[19-04-2020 01:31:48] [INFO] Voter #35 has voted "Ted"
[19-04-2020 01:31:48] [INFO] Voter #107 has voted "Ted"
[19-04-2020 01:31:48] [INFO] Voter #36 has voted "Cameron"
[19-04-2020 01:31:48] [INFO] Voter #108 has voted "Cameron"
[19-04-2020 01:31:48] [INFO] Voter #37 has voted "Robert"
[19-04-2020 01:31:48] [INFO] Voter #109 has voted "Cameron"
[19-04-2020 01:31:48] [INFO] Voter #38 has voted "Cameron"
[19-04-2020 01:31:48] [INFO] Voter #110 has voted "Ted"
[19-04-2020 01:31:48] [INFO] Voter #39 has voted "Ted"
[19-04-2020 01:31:48] [INFO] Voter #111 has voted "Ted"
[19-04-2020 01:31:48] [INFO] Voter #40 has voted "Robert"
[19-04-2020 01:31:48] [INFO] Voter #112 has voted "Ted"
[19-04-2020 01:31:48] [INFO] Voter #41 has voted "Ted"
[19-04-2020 01:31:48] [INFO] Voter #113 has voted "Cameron"
[19-04-2020 01:31:48] [INFO] Voter #42 has voted "Robert"
[19-04-2020 01:31:48] [INFO] Voter #114 has voted "Cameron"
[19-04-2020 01:31:48] [INFO] Voter #43 has voted "Ted"
[19-04-2020 01:31:48] [INFO] Voter #115 has voted "Cameron"
[19-04-2020 01:31:48] [INFO] Voter #44 has voted "Robert"
[19-04-2020 01:31:48] [INFO] Voter #116 has voted "Cameron"
[19-04-2020 01:31:48] [INFO] Voter #45 has voted "Ted"
[19-04-2020 01:31:48] [INFO] Voter #117 has voted "Ted"
[19-04-2020 01:31:48] [INFO] Voter #46 has voted "Ted"
[19-04-2020 01:31:48] [INFO] Voter #118 has voted "Robert"
[19-04-2020 01:31:48] [INFO] Voter #47 has voted "Robert"
[19-04-2020 01:31:48] [INFO] Voter #119 has voted "Robert"
[19-04-2020 01:31:48] [INFO] Voter #48 has voted "Robert"
[19-04-2020 01:31:48] [INFO] Voter #120 has voted "Ted"
[19-04-2020 01:31:48] [INFO] Voter #49 has voted "Ted"
[19-04-2020 01:31:48] [INFO] Voter #121 has voted "Cameron"
[19-04-2020 01:31:48] [INFO] Voter #50 has voted "Robert"
[19-04-2020 01:31:48] [INFO] Voter #122 has voted "Robert"
[19-04-2020 01:31:48] [INFO] Voter #51 has voted "Robert"
[19-04-2020 01:31:48] [INFO] Voter #123 has voted "Cameron"
[19-04-2020 01:31:48] [INFO] Voter #52 has voted "Robert"
[19-04-2020 01:31:48] [INFO] Voter #124 has voted "Robert"
[19-04-2020 01:31:48] [INFO] Voter #53 has voted "Robert"
[19-04-2020 01:31:48] [INFO] Voter #125 has voted "Robert"
[19-04-2020 01:31:48] [INFO] Voter #54 has voted "Cameron"
[19-04-2020 01:31:48] [INFO] Voter #126 has voted "Cameron"
[19-04-2020 01:31:48] [INFO] Voter #55 has voted "Ted"
[19-04-2020 01:31:48] [INFO] Voter #127 has voted "Robert"
[19-04-2020 01:31:48] [INFO] Voter #56 has voted "Ted"
[19-04-2020 01:31:48] [INFO] Voter #128 has voted "Ted"
[19-04-2020 01:31:48] [INFO] Voter #57 has voted "Ted"
[19-04-2020 01:31:48] [INFO] Voter #129 has voted "Cameron"
[19-04-2020 01:31:48] [INFO] Voter #58 has voted "Robert"
[19-04-2020 01:31:48] [INFO] Voter #130 has voted "Ted"
[19-04-2020 01:31:48] [INFO] Voter #59 has voted "Robert"
[19-04-2020 01:31:48] [INFO] Voter #131 has voted "Cameron"
[19-04-2020 01:31:48] [INFO] Voter #60 has voted "Cameron"
[19-04-2020 01:31:48] [INFO] Voter #132 has voted "Robert"
[19-04-2020 01:31:48] [INFO] Voter #61 has voted "Cameron"
[19-04-2020 01:31:48] [INFO] Voter #133 has voted "Robert"
[19-04-2020 01:31:48] [INFO] Voter #62 has voted "Ted"
[19-04-2020 01:31:48] [INFO] Voter #134 has voted "Robert"
[19-04-2020 01:31:48] [INFO] Voter #63 has voted "Ted"
[19-04-2020 01:31:48] [INFO] Voter #135 has voted "Ted"
[19-04-2020 01:31:48] [INFO] Voter #64 has voted "Robert"
[19-04-2020 01:31:48] [INFO] Voter #136 has voted "Cameron"
[19-04-2020 01:31:48] [INFO] Voter #65 has voted "Robert"
[19-04-2020 01:31:48] [INFO] Voter #137 has voted "Cameron"
[19-04-2020 01:31:48] [INFO] Voter #66 has voted "Ted"
[19-04-2020 01:31:48] [INFO] Voter #138 has voted "Cameron"
[19-04-2020 01:31:48] [INFO] Voter #67 has voted "Ted"
[19-04-2020 01:31:48] [INFO] Voter #139 has voted "Robert"
[19-04-2020 01:31:48] [INFO] Voter #68 has voted "Cameron"
[19-04-2020 01:31:48] [INFO] Voter #69 has voted "Cameron"
[19-04-2020 01:31:58] [INFO] Closing logger
