[19-04-2020 01:15:33] [INFO] Starting logger
[19-04-2020 01:21:10] [INFO] Voter #0 has verified their VOTER identity using access code "kpb7v5"
[19-04-2020 01:21:20] [INFO] VOTER Voter #0 disconnected
[19-04-2020 01:22:38] [INFO] Voter #0 has verified their VOTER identity using access code "kpb7v5"
[19-04-2020 01:22:40] [INFO] VOTER Voter #0 disconnected
[19-04-2020 01:23:14] [INFO] Voter #0 has verified their VOTER identity using access code "kpb7v5"
[19-04-2020 01:23:18] [INFO] VOTER Voter #0 disconnected
[19-04-2020 01:24:06] [WARNING] VOTER login failed using access code "byn6yy"
[19-04-2020 01:24:06] [WARNING] VOTER login failed using access code "6c9zpw"
[19-04-2020 01:24:06] [WARNING] VOTER login failed using access code "dhlobe"
[19-04-2020 01:24:06] [WARNING] VOTER login failed using access code "q0r4tq"
[19-04-2020 01:24:06] [WARNING] VOTER login failed using access code "w77q3q"
[19-04-2020 01:24:06] [WARNING] VOTER login failed using access code "adzcdu"
[19-04-2020 01:24:07] [WARNING] VOTER login failed using access code "vbq6vw"
[19-04-2020 01:24:07] [WARNING] VOTER login failed using access code "fqdtck"
[19-04-2020 01:24:07] [WARNING] VOTER login failed using access code "tpfl5g"
[19-04-2020 01:24:07] [WARNING] VOTER login failed using access code "5ss12z"
[19-04-2020 01:24:07] [WARNING] VOTER login failed using access code "gu4v5c"
[19-04-2020 01:24:07] [WARNING] VOTER login failed using access code "flw5ij"
[19-04-2020 01:24:07] [WARNING] VOTER login failed using access code "20ys3m"
[19-04-2020 01:24:07] [WARNING] VOTER login failed using access code "wj4d5k"
[19-04-2020 01:24:07] [WARNING] VOTER login failed using access code "atqu7u"
[19-04-2020 01:24:07] [WARNING] VOTER login failed using access code "f9d8dx"
[19-04-2020 01:24:07] [WARNING] VOTER login failed using access code "cnpeyv"
[19-04-2020 01:24:07] [WARNING] VOTER login failed using access code "4nratr"
[19-04-2020 01:24:07] [WARNING] VOTER login failed using access code "b45yib"
[19-04-2020 01:24:07] [WARNING] VOTER login failed using access code "ilw6kj"
[19-04-2020 01:24:07] [WARNING] VOTER login failed using access code "gumwrm"
[19-04-2020 01:24:07] [WARNING] VOTER login failed using access code "yvi03r"
[19-04-2020 01:24:07] [WARNING] VOTER login failed using access code "h20p47"
[19-04-2020 01:24:07] [WARNING] VOTER login failed using access code "witnie"
[19-04-2020 01:24:07] [WARNING] VOTER login failed using access code "wwmlo1"
[19-04-2020 01:24:07] [WARNING] VOTER login failed using access code "8z0932"
[19-04-2020 01:24:07] [WARNING] VOTER login failed using access code "6vnclq"
[19-04-2020 01:24:07] [WARNING] VOTER login failed using access code "mu3x5t"
[19-04-2020 01:24:07] [WARNING] VOTER login failed using access code "k861d5"
[19-04-2020 01:24:07] [WARNING] VOTER login failed using access code "bmapzz"
[19-04-2020 01:24:07] [WARNING] VOTER login failed using access code "niqiwz"
[19-04-2020 01:24:07] [WARNING] VOTER login failed using access code "ka7p6u"
[19-04-2020 01:24:07] [WARNING] VOTER login failed using access code "edt9cy"
[19-04-2020 01:24:07] [WARNING] VOTER login failed using access code "p4pfvu"
[19-04-2020 01:24:07] [WARNING] VOTER login failed using access code "px9g9c"
[19-04-2020 01:24:07] [WARNING] VOTER login failed using access code "np4tpd"
[19-04-2020 01:24:07] [WARNING] VOTER login failed using access code "p9h9au"
[19-04-2020 01:24:07] [WARNING] VOTER login failed using access code "dzm8oh"
[19-04-2020 01:24:07] [WARNING] VOTER login failed using access code "nij3og"
[19-04-2020 01:24:07] [WARNING] VOTER login failed using access code "is9c36"
[19-04-2020 01:24:07] [WARNING] VOTER login failed using access code "fdwf8o"
[19-04-2020 01:24:07] [WARNING] VOTER login failed using access code "r6l3j0"
[19-04-2020 01:24:07] [WARNING] VOTER login failed using access code "u0oygr"
[19-04-2020 01:24:07] [WARNING] VOTER login failed using access code "ooezkj"
[19-04-2020 01:24:07] [WARNING] VOTER login failed using access code "yyg95u"
[19-04-2020 01:24:07] [WARNING] VOTER login failed using access code "5qg2xu"
[19-04-2020 01:24:07] [WARNING] VOTER login failed using access code "hjooji"
[19-04-2020 01:24:07] [WARNING] VOTER login failed using access code "wov9b7"
[19-04-2020 01:24:07] [WARNING] VOTER login failed using access code "5yd8ml"
[19-04-2020 01:24:07] [WARNING] VOTER login failed using access code "uyxbx6"
[19-04-2020 01:24:07] [WARNING] VOTER login failed using access code "yowq9a"
[19-04-2020 01:24:07] [WARNING] VOTER login failed using access code "wv6k2l"
[19-04-2020 01:24:07] [WARNING] VOTER login failed using access code "exbc58"
[19-04-2020 01:24:07] [WARNING] VOTER login failed using access code "zgqp0e"
[19-04-2020 01:24:07] [WARNING] VOTER login failed using access code "leyguu"
[19-04-2020 01:24:07] [WARNING] VOTER login failed using access code "wzmnmv"
[19-04-2020 01:24:07] [WARNING] VOTER login failed using access code "thbdi0"
[19-04-2020 01:24:07] [WARNING] VOTER login failed using access code "yuu8bs"
[19-04-2020 01:24:07] [WARNING] VOTER login failed using access code "irpu08"
[19-04-2020 01:24:07] [WARNING] VOTER login failed using access code "iepzwu"
[19-04-2020 01:24:07] [WARNING] VOTER login failed using access code "n4axk5"
[19-04-2020 01:24:07] [WARNING] VOTER login failed using access code "r6od0p"
[19-04-2020 01:24:07] [WARNING] VOTER login failed using access code "l36u0g"
[19-04-2020 01:24:07] [WARNING] VOTER login failed using access code "bhu88x"
[19-04-2020 01:24:07] [WARNING] VOTER login failed using access code "pz5mp5"
[19-04-2020 01:24:07] [WARNING] VOTER login failed using access code "tyn3aw"
[19-04-2020 01:24:07] [WARNING] VOTER login failed using access code "nt1olh"
[19-04-2020 01:24:07] [WARNING] VOTER login failed using access code "1pkp9u"
[19-04-2020 01:24:07] [WARNING] VOTER login failed using access code "rnib70"
[19-04-2020 01:24:07] [WARNING] VOTER login failed using access code "4rio3p"
[19-04-2020 01:24:07] [WARNING] VOTER login failed using access code "vzs0wv"
[19-04-2020 01:24:07] [WARNING] VOTER login failed using access code "ukbajz"
[19-04-2020 01:24:07] [WARNING] VOTER login failed using access code "6l95qq"
[19-04-2020 01:24:07] [WARNING] VOTER login failed using access code "fbxyvr"
[19-04-2020 01:24:07] [WARNING] VOTER login failed using access code "uihasi"
[19-04-2020 01:24:07] [WARNING] VOTER login failed using access code "afqigk"
[19-04-2020 01:24:07] [WARNING] VOTER login failed using access code "ok4sbc"
[19-04-2020 01:24:07] [WARNING] VOTER login failed using access code "troibj"
[19-04-2020 01:24:07] [WARNING] VOTER login failed using access code "z25992"
[19-04-2020 01:24:07] [WARNING] VOTER login failed using access code "fwpq26"
[19-04-2020 01:24:07] [WARNING] VOTER login failed using access code "kc9non"
[19-04-2020 01:24:07] [WARNING] VOTER login failed using access code "nbw6bj"
[19-04-2020 01:24:07] [WARNING] VOTER login failed using access code "3o8ja4"
[19-04-2020 01:24:07] [WARNING] VOTER login failed using access code "29phjm"
[19-04-2020 01:24:07] [WARNING] VOTER login failed using access code "aq7vgj"
[19-04-2020 01:24:07] [WARNING] VOTER login failed using access code "u6sewj"
[19-04-2020 01:24:07] [WARNING] VOTER login failed using access code "03t850"
[19-04-2020 01:24:07] [WARNING] VOTER login failed using access code "bentij"
[19-04-2020 01:24:07] [WARNING] VOTER login failed using access code "q4oiq7"
[19-04-2020 01:24:07] [WARNING] VOTER login failed using access code "8ti087"
[19-04-2020 01:24:07] [WARNING] VOTER login failed using access code "8e3688"
[19-04-2020 01:24:07] [WARNING] VOTER login failed using access code "09gxzd"
[19-04-2020 01:24:07] [WARNING] VOTER login failed using access code "ic8qab"
[19-04-2020 01:24:07] [WARNING] VOTER login failed using access code "nqhsq5"
[19-04-2020 01:24:07] [WARNING] VOTER login failed using access code "mwpoat"
[19-04-2020 01:24:07] [WARNING] VOTER login failed using access code "6vxifb"
[19-04-2020 01:24:07] [WARNING] VOTER login failed using access code "1mlbrp"
[19-04-2020 01:24:07] [WARNING] VOTER login failed using access code "mhxzrs"
[19-04-2020 01:24:07] [WARNING] VOTER login failed using access code "6lna6l"
[19-04-2020 01:24:07] [WARNING] VOTER login failed using access code "hsws1i"
[19-04-2020 01:24:12] [INFO] Closing logger
