[19-04-2020 01:24:14] [INFO] Starting logger
[19-04-2020 01:24:18] [INFO] Voter #1 has verified their VOTER identity using access code "byn6yy"
[19-04-2020 01:24:18] [INFO] Voter #0 has verified their VOTER identity using access code "6c9zpw"
[19-04-2020 01:24:18] [INFO] Voter #2 has verified their VOTER identity using access code "dhlobe"
[19-04-2020 01:24:18] [INFO] Voter #3 has verified their VOTER identity using access code "q0r4tq"
[19-04-2020 01:24:18] [INFO] Voter #4 has verified their VOTER identity using access code "w77q3q"
[19-04-2020 01:24:18] [INFO] Voter #5 has verified their VOTER identity using access code "adzcdu"
[19-04-2020 01:24:18] [INFO] Voter #6 has verified their VOTER identity using access code "vbq6vw"
[19-04-2020 01:24:18] [INFO] Voter #7 has verified their VOTER identity using access code "fqdtck"
[19-04-2020 01:24:18] [INFO] Voter #8 has verified their VOTER identity using access code "tpfl5g"
[19-04-2020 01:24:18] [INFO] Voter #9 has verified their VOTER identity using access code "gu4v5c"
[19-04-2020 01:24:18] [INFO] Voter #10 has verified their VOTER identity using access code "5ss12z"
[19-04-2020 01:24:18] [INFO] Voter #11 has verified their VOTER identity using access code "flw5ij"
[19-04-2020 01:24:18] [INFO] Voter #12 has verified their VOTER identity using access code "20ys3m"
[19-04-2020 01:24:18] [INFO] Voter #13 has verified their VOTER identity using access code "wj4d5k"
[19-04-2020 01:24:18] [INFO] Voter #14 has verified their VOTER identity using access code "atqu7u"
[19-04-2020 01:24:18] [INFO] Voter #15 has verified their VOTER identity using access code "f9d8dx"
[19-04-2020 01:24:18] [INFO] Voter #16 has verified their VOTER identity using access code "cnpeyv"
[19-04-2020 01:24:18] [INFO] Voter #17 has verified their VOTER identity using access code "4nratr"
[19-04-2020 01:24:18] [INFO] Voter #18 has verified their VOTER identity using access code "b45yib"
[19-04-2020 01:24:18] [INFO] Voter #19 has verified their VOTER identity using access code "ilw6kj"
[19-04-2020 01:24:18] [INFO] Voter #20 has verified their VOTER identity using access code "gumwrm"
[19-04-2020 01:24:18] [INFO] Voter #21 has verified their VOTER identity using access code "yvi03r"
[19-04-2020 01:24:18] [INFO] Voter #22 has verified their VOTER identity using access code "h20p47"
[19-04-2020 01:24:18] [INFO] Voter #23 has verified their VOTER identity using access code "witnie"
[19-04-2020 01:24:18] [INFO] Voter #24 has verified their VOTER identity using access code "wwmlo1"
[19-04-2020 01:24:18] [INFO] Voter #25 has verified their VOTER identity using access code "8z0932"
[19-04-2020 01:24:18] [INFO] Voter #26 has verified their VOTER identity using access code "6vnclq"
[19-04-2020 01:24:18] [INFO] Voter #27 has verified their VOTER identity using access code "mu3x5t"
[19-04-2020 01:24:18] [INFO] Voter #28 has verified their VOTER identity using access code "k861d5"
[19-04-2020 01:24:18] [INFO] Voter #29 has verified their VOTER identity using access code "bmapzz"
[19-04-2020 01:24:18] [INFO] Voter #30 has verified their VOTER identity using access code "niqiwz"
[19-04-2020 01:24:18] [INFO] Voter #31 has verified their VOTER identity using access code "ka7p6u"
[19-04-2020 01:24:18] [INFO] Voter #32 has verified their VOTER identity using access code "edt9cy"
[19-04-2020 01:24:18] [INFO] Voter #33 has verified their VOTER identity using access code "p4pfvu"
[19-04-2020 01:24:18] [INFO] Voter #34 has verified their VOTER identity using access code "px9g9c"
[19-04-2020 01:24:18] [INFO] Voter #35 has verified their VOTER identity using access code "np4tpd"
[19-04-2020 01:24:18] [INFO] Voter #36 has verified their VOTER identity using access code "p9h9au"
[19-04-2020 01:24:18] [INFO] Voter #37 has verified their VOTER identity using access code "dzm8oh"
[19-04-2020 01:24:18] [INFO] Voter #38 has verified their VOTER identity using access code "nij3og"
[19-04-2020 01:24:18] [INFO] Voter #39 has verified their VOTER identity using access code "is9c36"
[19-04-2020 01:24:18] [INFO] Voter #40 has verified their VOTER identity using access code "fdwf8o"
[19-04-2020 01:24:18] [INFO] Voter #41 has verified their VOTER identity using access code "r6l3j0"
[19-04-2020 01:24:18] [INFO] Voter #42 has verified their VOTER identity using access code "u0oygr"
[19-04-2020 01:24:18] [INFO] Voter #43 has verified their VOTER identity using access code "ooezkj"
[19-04-2020 01:24:19] [INFO] Voter #44 has verified their VOTER identity using access code "yyg95u"
[19-04-2020 01:24:19] [INFO] Voter #45 has verified their VOTER identity using access code "5qg2xu"
[19-04-2020 01:24:19] [INFO] Voter #46 has verified their VOTER identity using access code "hjooji"
[19-04-2020 01:24:19] [INFO] Voter #47 has verified their VOTER identity using access code "wov9b7"
[19-04-2020 01:24:19] [INFO] Voter #48 has verified their VOTER identity using access code "5yd8ml"
[19-04-2020 01:24:19] [INFO] Voter #49 has verified their VOTER identity using access code "uyxbx6"
[19-04-2020 01:24:19] [INFO] Voter #50 has verified their VOTER identity using access code "yowq9a"
[19-04-2020 01:24:19] [INFO] Voter #51 has verified their VOTER identity using access code "wv6k2l"
[19-04-2020 01:24:19] [INFO] Voter #52 has verified their VOTER identity using access code "exbc58"
[19-04-2020 01:24:19] [INFO] Voter #53 has verified their VOTER identity using access code "zgqp0e"
[19-04-2020 01:24:19] [INFO] Voter #54 has verified their VOTER identity using access code "leyguu"
[19-04-2020 01:24:19] [INFO] Voter #55 has verified their VOTER identity using access code "wzmnmv"
[19-04-2020 01:24:19] [INFO] Voter #56 has verified their VOTER identity using access code "thbdi0"
[19-04-2020 01:24:19] [INFO] Voter #57 has verified their VOTER identity using access code "yuu8bs"
[19-04-2020 01:24:19] [INFO] Voter #58 has verified their VOTER identity using access code "irpu08"
[19-04-2020 01:24:19] [INFO] Voter #59 has verified their VOTER identity using access code "iepzwu"
[19-04-2020 01:24:19] [INFO] Voter #60 has verified their VOTER identity using access code "n4axk5"
[19-04-2020 01:24:19] [INFO] Voter #61 has verified their VOTER identity using access code "r6od0p"
[19-04-2020 01:24:19] [INFO] Voter #62 has verified their VOTER identity using access code "l36u0g"
[19-04-2020 01:24:19] [INFO] Voter #63 has verified their VOTER identity using access code "bhu88x"
[19-04-2020 01:24:19] [INFO] Voter #64 has verified their VOTER identity using access code "pz5mp5"
[19-04-2020 01:24:19] [INFO] Voter #65 has verified their VOTER identity using access code "tyn3aw"
[19-04-2020 01:24:19] [INFO] Voter #66 has verified their VOTER identity using access code "nt1olh"
[19-04-2020 01:24:19] [INFO] Voter #67 has verified their VOTER identity using access code "troibj"
[19-04-2020 01:24:19] [INFO] Voter #68 has verified their VOTER identity using access code "1pkp9u"
[19-04-2020 01:24:19] [INFO] Voter #69 has verified their VOTER identity using access code "rnib70"
[19-04-2020 01:24:19] [INFO] Voter #70 has verified their VOTER identity using access code "4rio3p"
[19-04-2020 01:24:19] [INFO] Voter #71 has verified their VOTER identity using access code "vzs0wv"
[19-04-2020 01:24:19] [INFO] Voter #72 has verified their VOTER identity using access code "ukbajz"
[19-04-2020 01:24:19] [INFO] Voter #73 has verified their VOTER identity using access code "6l95qq"
[19-04-2020 01:24:19] [INFO] Voter #74 has verified their VOTER identity using access code "fbxyvr"
[19-04-2020 01:24:19] [INFO] Voter #75 has verified their VOTER identity using access code "uihasi"
[19-04-2020 01:24:19] [INFO] Voter #76 has verified their VOTER identity using access code "afqigk"
[19-04-2020 01:24:19] [INFO] Voter #77 has verified their VOTER identity using access code "ok4sbc"
[19-04-2020 01:24:19] [INFO] Voter #78 has verified their VOTER identity using access code "z25992"
[19-04-2020 01:24:19] [INFO] Voter #79 has verified their VOTER identity using access code "fwpq26"
[19-04-2020 01:24:19] [INFO] Voter #80 has verified their VOTER identity using access code "kc9non"
[19-04-2020 01:24:19] [INFO] Voter #81 has verified their VOTER identity using access code "nbw6bj"
[19-04-2020 01:24:19] [INFO] Voter #82 has verified their VOTER identity using access code "3o8ja4"
[19-04-2020 01:24:19] [INFO] Voter #83 has verified their VOTER identity using access code "29phjm"
[19-04-2020 01:24:19] [INFO] Voter #84 has verified their VOTER identity using access code "aq7vgj"
[19-04-2020 01:24:19] [INFO] Voter #85 has verified their VOTER identity using access code "u6sewj"
[19-04-2020 01:24:19] [INFO] Voter #86 has verified their VOTER identity using access code "03t850"
[19-04-2020 01:24:19] [INFO] Voter #87 has verified their VOTER identity using access code "bentij"
[19-04-2020 01:24:19] [INFO] Voter #88 has verified their VOTER identity using access code "q4oiq7"
[19-04-2020 01:24:19] [INFO] Voter #90 has verified their VOTER identity using access code "8e3688"
[19-04-2020 01:24:19] [INFO] Voter #89 has verified their VOTER identity using access code "8ti087"
[19-04-2020 01:24:19] [INFO] Voter #91 has verified their VOTER identity using access code "09gxzd"
[19-04-2020 01:24:19] [INFO] Voter #92 has verified their VOTER identity using access code "ic8qab"
[19-04-2020 01:24:19] [INFO] Voter #93 has verified their VOTER identity using access code "nqhsq5"
[19-04-2020 01:24:19] [INFO] Voter #94 has verified their VOTER identity using access code "mwpoat"
[19-04-2020 01:24:19] [INFO] Voter #95 has verified their VOTER identity using access code "6vxifb"
[19-04-2020 01:24:19] [INFO] Voter #96 has verified their VOTER identity using access code "1mlbrp"
[19-04-2020 01:24:19] [INFO] Voter #97 has verified their VOTER identity using access code "mhxzrs"
[19-04-2020 01:24:19] [INFO] Voter #98 has verified their VOTER identity using access code "6lna6l"
[19-04-2020 01:24:19] [INFO] Voter #99 has verified their VOTER identity using access code "hsws1i"
[19-04-2020 01:24:42] [INFO] Joe Furfaro has verified their ADMIN identity using access code "Dipole2001!"
[19-04-2020 01:24:43] [INFO] Joe Furfaro has changed the question ID to 1
[19-04-2020 01:24:43] [INFO] Voter #89 has voted "True"
[19-04-2020 01:24:43] [INFO] Voter #90 has voted "True"
[19-04-2020 01:24:43] [INFO] Voter #91 has voted "False"
[19-04-2020 01:24:43] [INFO] Voter #92 has voted "False"
[19-04-2020 01:24:43] [INFO] Voter #93 has voted "True"
[19-04-2020 01:24:43] [INFO] Voter #94 has voted "True"
[19-04-2020 01:24:43] [INFO] Voter #95 has voted "False"
[19-04-2020 01:24:43] [INFO] Voter #96 has voted "True"
[19-04-2020 01:24:43] [INFO] Voter #97 has voted "False"
[19-04-2020 01:24:43] [INFO] Voter #98 has voted "False"
[19-04-2020 01:24:43] [INFO] Voter #99 has voted "False"
[19-04-2020 01:24:43] [INFO] Voter #17 has voted "True"
[19-04-2020 01:24:43] [INFO] Voter #18 has voted "True"
[19-04-2020 01:24:43] [INFO] Voter #19 has voted "False"
[19-04-2020 01:24:43] [INFO] Voter #20 has voted "False"
[19-04-2020 01:24:43] [INFO] Voter #21 has voted "False"
[19-04-2020 01:24:43] [INFO] Voter #22 has voted "True"
[19-04-2020 01:24:43] [INFO] Voter #23 has voted "True"
[19-04-2020 01:24:43] [INFO] Voter #24 has voted "False"
[19-04-2020 01:24:43] [INFO] Voter #25 has voted "True"
[19-04-2020 01:24:43] [INFO] Voter #26 has voted "False"
[19-04-2020 01:24:43] [INFO] Voter #27 has voted "False"
[19-04-2020 01:24:43] [INFO] Voter #28 has voted "False"
[19-04-2020 01:24:43] [INFO] Voter #29 has voted "True"
[19-04-2020 01:24:43] [INFO] Voter #30 has voted "True"
[19-04-2020 01:24:43] [INFO] Voter #31 has voted "True"
[19-04-2020 01:24:43] [INFO] Voter #32 has voted "False"
[19-04-2020 01:24:43] [INFO] Voter #33 has voted "True"
[19-04-2020 01:24:43] [INFO] Voter #34 has voted "False"
[19-04-2020 01:24:43] [INFO] Voter #35 has voted "False"
[19-04-2020 01:24:43] [INFO] Voter #36 has voted "True"
[19-04-2020 01:24:43] [INFO] Voter #37 has voted "True"
[19-04-2020 01:24:43] [INFO] Voter #38 has voted "True"
[19-04-2020 01:24:43] [INFO] Voter #39 has voted "False"
[19-04-2020 01:24:43] [INFO] Voter #40 has voted "True"
[19-04-2020 01:24:43] [INFO] Voter #41 has voted "True"
[19-04-2020 01:24:43] [INFO] Voter #42 has voted "True"
[19-04-2020 01:24:43] [INFO] Voter #43 has voted "True"
[19-04-2020 01:24:43] [INFO] Voter #44 has voted "False"
[19-04-2020 01:24:43] [INFO] Voter #45 has voted "True"
[19-04-2020 01:24:43] [INFO] Voter #46 has voted "True"
[19-04-2020 01:24:43] [INFO] Voter #47 has voted "True"
[19-04-2020 01:24:43] [INFO] Voter #48 has voted "True"
[19-04-2020 01:24:43] [INFO] Voter #49 has voted "True"
[19-04-2020 01:24:43] [INFO] Voter #50 has voted "True"
[19-04-2020 01:24:43] [INFO] Voter #51 has voted "False"
[19-04-2020 01:24:43] [INFO] Voter #52 has voted "True"
[19-04-2020 01:24:43] [INFO] Voter #53 has voted "False"
[19-04-2020 01:24:43] [INFO] Voter #54 has voted "True"
[19-04-2020 01:24:43] [INFO] Voter #55 has voted "False"
[19-04-2020 01:24:43] [INFO] Voter #56 has voted "True"
[19-04-2020 01:24:43] [INFO] Voter #57 has voted "False"
[19-04-2020 01:24:43] [INFO] Voter #58 has voted "False"
[19-04-2020 01:24:43] [INFO] Voter #59 has voted "False"
[19-04-2020 01:24:43] [INFO] Voter #60 has voted "True"
[19-04-2020 01:24:43] [INFO] Voter #61 has voted "False"
[19-04-2020 01:24:43] [INFO] Voter #62 has voted "False"
[19-04-2020 01:24:43] [INFO] Voter #63 has voted "True"
[19-04-2020 01:24:43] [INFO] Voter #64 has voted "True"
[19-04-2020 01:24:43] [INFO] Voter #65 has voted "False"
[19-04-2020 01:24:43] [INFO] Voter #66 has voted "False"
[19-04-2020 01:24:43] [INFO] Voter #67 has voted "True"
[19-04-2020 01:24:43] [INFO] Voter #68 has voted "False"
[19-04-2020 01:24:43] [INFO] Voter #69 has voted "False"
[19-04-2020 01:24:43] [INFO] Voter #70 has voted "False"
[19-04-2020 01:24:43] [INFO] Voter #71 has voted "False"
[19-04-2020 01:24:43] [INFO] Voter #0 has voted "True"
[19-04-2020 01:24:43] [INFO] Voter #72 has voted "False"
[19-04-2020 01:24:43] [INFO] Voter #1 has voted "True"
[19-04-2020 01:24:43] [INFO] Voter #73 has voted "False"
[19-04-2020 01:24:43] [INFO] Voter #2 has voted "True"
[19-04-2020 01:24:43] [INFO] Voter #74 has voted "True"
[19-04-2020 01:24:43] [INFO] Voter #3 has voted "False"
[19-04-2020 01:24:43] [INFO] Voter #75 has voted "True"
[19-04-2020 01:24:43] [INFO] Voter #4 has voted "False"
[19-04-2020 01:24:43] [INFO] Voter #76 has voted "False"
[19-04-2020 01:24:43] [INFO] Voter #5 has voted "True"
[19-04-2020 01:24:43] [INFO] Voter #77 has voted "False"
[19-04-2020 01:24:43] [INFO] Voter #6 has voted "False"
[19-04-2020 01:24:43] [INFO] Voter #78 has voted "False"
[19-04-2020 01:24:43] [INFO] Voter #7 has voted "False"
[19-04-2020 01:24:43] [INFO] Voter #79 has voted "False"
[19-04-2020 01:24:43] [INFO] Voter #87 has voted "False"
[19-04-2020 01:24:43] [INFO] Voter #8 has voted "False"
[19-04-2020 01:24:43] [INFO] Voter #80 has voted "False"
[19-04-2020 01:24:43] [INFO] Voter #9 has voted "True"
[19-04-2020 01:24:43] [INFO] Voter #81 has voted "False"
[19-04-2020 01:24:43] [INFO] Voter #10 has voted "False"
[19-04-2020 01:24:43] [INFO] Voter #82 has voted "True"
[19-04-2020 01:24:43] [INFO] Voter #11 has voted "False"
[19-04-2020 01:24:43] [INFO] Voter #83 has voted "False"
[19-04-2020 01:24:43] [INFO] Voter #12 has voted "False"
[19-04-2020 01:24:43] [INFO] Voter #84 has voted "True"
[19-04-2020 01:24:43] [INFO] Voter #88 has voted "False"
[19-04-2020 01:24:43] [INFO] Voter #13 has voted "True"
[19-04-2020 01:24:43] [INFO] Voter #85 has voted "True"
[19-04-2020 01:24:43] [INFO] Voter #14 has voted "True"
[19-04-2020 01:24:43] [INFO] Voter #86 has voted "False"
[19-04-2020 01:24:43] [INFO] Voter #15 has voted "False"
[19-04-2020 01:24:43] [INFO] Voter #16 has voted "True"
[19-04-2020 01:25:11] [INFO] Joe Furfaro has cleared the current question
[19-04-2020 01:25:16] [INFO] Closing logger
