[19-04-2020 01:29:32] [INFO] Starting logger
[19-04-2020 01:29:35] [INFO] Voter #1 has verified their VOTER identity using access code "h4suwc"
[19-04-2020 01:29:35] [INFO] Voter #2 has verified their VOTER identity using access code "rdi5vf"
[19-04-2020 01:29:35] [INFO] Voter #0 has verified their VOTER identity using access code "r9kxio"
[19-04-2020 01:29:35] [INFO] Voter #3 has verified their VOTER identity using access code "8dxw7q"
[19-04-2020 01:29:35] [INFO] Voter #4 has verified their VOTER identity using access code "dn2pfa"
[19-04-2020 01:29:35] [INFO] Voter #5 has verified their VOTER identity using access code "7z32ou"
[19-04-2020 01:29:35] [INFO] Voter #6 has verified their VOTER identity using access code "xvly5r"
[19-04-2020 01:29:35] [INFO] Voter #7 has verified their VOTER identity using access code "3kctpp"
[19-04-2020 01:29:35] [INFO] Voter #8 has verified their VOTER identity using access code "3tzern"
[19-04-2020 01:29:35] [INFO] Voter #9 has verified their VOTER identity using access code "rfz2dp"
[19-04-2020 01:29:35] [INFO] Voter #10 has verified their VOTER identity using access code "v44uy7"
[19-04-2020 01:29:35] [INFO] Voter #11 has verified their VOTER identity using access code "rgbc3z"
[19-04-2020 01:29:35] [INFO] Voter #12 has verified their VOTER identity using access code "2trsu3"
[19-04-2020 01:29:35] [INFO] Voter #13 has verified their VOTER identity using access code "gyyuvd"
[19-04-2020 01:29:36] [INFO] Voter #14 has verified their VOTER identity using access code "za3x2b"
[19-04-2020 01:29:36] [INFO] Voter #15 has verified their VOTER identity using access code "j2i6cx"
[19-04-2020 01:29:36] [INFO] Voter #16 has verified their VOTER identity using access code "k1so8a"
[19-04-2020 01:29:36] [INFO] Voter #17 has verified their VOTER identity using access code "3mdy77"
[19-04-2020 01:29:36] [INFO] Voter #18 has verified their VOTER identity using access code "dtue21"
[19-04-2020 01:29:36] [INFO] Voter #19 has verified their VOTER identity using access code "9y52m6"
[19-04-2020 01:29:36] [INFO] Voter #20 has verified their VOTER identity using access code "oujvhi"
[19-04-2020 01:29:36] [INFO] Voter #21 has verified their VOTER identity using access code "52yfb6"
[19-04-2020 01:29:36] [INFO] Voter #22 has verified their VOTER identity using access code "fyofrg"
[19-04-2020 01:29:36] [INFO] Voter #23 has verified their VOTER identity using access code "x7q2v4"
[19-04-2020 01:29:36] [INFO] Voter #24 has verified their VOTER identity using access code "it8eh9"
[19-04-2020 01:29:36] [INFO] Voter #25 has verified their VOTER identity using access code "1lzyi9"
[19-04-2020 01:29:36] [INFO] Voter #26 has verified their VOTER identity using access code "n5qo11"
[19-04-2020 01:29:36] [INFO] Voter #27 has verified their VOTER identity using access code "xzd6u0"
[19-04-2020 01:29:36] [INFO] Voter #28 has verified their VOTER identity using access code "s93dql"
[19-04-2020 01:29:36] [INFO] Voter #30 has verified their VOTER identity using access code "pc6668"
[19-04-2020 01:29:36] [INFO] Voter #31 has verified their VOTER identity using access code "aesnwz"
[19-04-2020 01:29:36] [INFO] Voter #32 has verified their VOTER identity using access code "gviw2m"
[19-04-2020 01:29:36] [INFO] Voter #33 has verified their VOTER identity using access code "w2lcgw"
[19-04-2020 01:29:36] [INFO] Voter #34 has verified their VOTER identity using access code "bvovsv"
[19-04-2020 01:29:36] [INFO] Voter #35 has verified their VOTER identity using access code "6u9kbn"
[19-04-2020 01:29:36] [INFO] Voter #36 has verified their VOTER identity using access code "u152mr"
[19-04-2020 01:29:36] [INFO] Voter #37 has verified their VOTER identity using access code "sgl7jo"
[19-04-2020 01:29:36] [INFO] Voter #38 has verified their VOTER identity using access code "8qjwbd"
[19-04-2020 01:29:36] [INFO] Voter #29 has verified their VOTER identity using access code "b0kse8"
[19-04-2020 01:29:36] [INFO] Voter #39 has verified their VOTER identity using access code "0sc3jg"
[19-04-2020 01:29:36] [INFO] Voter #40 has verified their VOTER identity using access code "crun5e"
[19-04-2020 01:29:36] [INFO] Voter #41 has verified their VOTER identity using access code "izamrk"
[19-04-2020 01:29:36] [INFO] Voter #42 has verified their VOTER identity using access code "knv888"
[19-04-2020 01:29:36] [INFO] Voter #43 has verified their VOTER identity using access code "9chglu"
[19-04-2020 01:29:36] [INFO] Voter #44 has verified their VOTER identity using access code "7zohjg"
[19-04-2020 01:29:36] [INFO] Voter #45 has verified their VOTER identity using access code "yq09yw"
[19-04-2020 01:29:36] [INFO] Voter #46 has verified their VOTER identity using access code "bbyzqd"
[19-04-2020 01:29:36] [INFO] Voter #47 has verified their VOTER identity using access code "qdane4"
[19-04-2020 01:29:36] [INFO] Voter #48 has verified their VOTER identity using access code "sd72jk"
[19-04-2020 01:29:36] [INFO] Voter #49 has verified their VOTER identity using access code "dwi7kp"
[19-04-2020 01:29:36] [INFO] Voter #50 has verified their VOTER identity using access code "hrwf2n"
[19-04-2020 01:29:36] [INFO] Voter #51 has verified their VOTER identity using access code "llgotg"
[19-04-2020 01:29:36] [INFO] Voter #52 has verified their VOTER identity using access code "oamsgy"
[19-04-2020 01:29:36] [INFO] Voter #53 has verified their VOTER identity using access code "0yydl2"
[19-04-2020 01:29:36] [INFO] Voter #54 has verified their VOTER identity using access code "c81h1p"
[19-04-2020 01:29:36] [INFO] Voter #55 has verified their VOTER identity using access code "de2t12"
[19-04-2020 01:29:36] [INFO] Voter #56 has verified their VOTER identity using access code "5qhrrx"
[19-04-2020 01:29:36] [INFO] Voter #57 has verified their VOTER identity using access code "rm1pjk"
[19-04-2020 01:29:36] [INFO] Voter #58 has verified their VOTER identity using access code "w0xshg"
[19-04-2020 01:29:36] [INFO] Voter #59 has verified their VOTER identity using access code "ugqshm"
[19-04-2020 01:29:36] [INFO] Voter #60 has verified their VOTER identity using access code "5tr6hz"
[19-04-2020 01:29:36] [INFO] Voter #61 has verified their VOTER identity using access code "h2apj1"
[19-04-2020 01:29:36] [INFO] Voter #62 has verified their VOTER identity using access code "c3kx24"
[19-04-2020 01:29:36] [INFO] Voter #63 has verified their VOTER identity using access code "ldi9oa"
[19-04-2020 01:29:36] [INFO] Voter #64 has verified their VOTER identity using access code "3qpdnw"
[19-04-2020 01:29:36] [INFO] Voter #65 has verified their VOTER identity using access code "o457c5"
[19-04-2020 01:29:36] [INFO] Voter #66 has verified their VOTER identity using access code "jcwyk5"
[19-04-2020 01:29:36] [INFO] Voter #67 has verified their VOTER identity using access code "pr2zx1"
[19-04-2020 01:29:36] [INFO] Voter #68 has verified their VOTER identity using access code "2x9n38"
[19-04-2020 01:29:36] [INFO] Voter #69 has verified their VOTER identity using access code "53emvi"
[19-04-2020 01:29:36] [INFO] Voter #70 has verified their VOTER identity using access code "76nn8s"
[19-04-2020 01:29:36] [INFO] Voter #71 has verified their VOTER identity using access code "mxgwxu"
[19-04-2020 01:29:36] [INFO] Voter #72 has verified their VOTER identity using access code "6lulfa"
[19-04-2020 01:29:36] [INFO] Voter #73 has verified their VOTER identity using access code "l8xyog"
[19-04-2020 01:29:36] [INFO] Voter #74 has verified their VOTER identity using access code "tu5m1p"
[19-04-2020 01:29:36] [INFO] Voter #75 has verified their VOTER identity using access code "k2r7d0"
[19-04-2020 01:29:36] [INFO] Voter #76 has verified their VOTER identity using access code "87dzu4"
[19-04-2020 01:29:36] [INFO] Voter #77 has verified their VOTER identity using access code "t7vhc0"
[19-04-2020 01:29:36] [INFO] Voter #78 has verified their VOTER identity using access code "a9y0qk"
[19-04-2020 01:29:36] [INFO] Voter #79 has verified their VOTER identity using access code "d9pk4g"
[19-04-2020 01:29:36] [INFO] Voter #80 has verified their VOTER identity using access code "5vdlue"
[19-04-2020 01:29:37] [INFO] Voter #81 has verified their VOTER identity using access code "05intb"
[19-04-2020 01:29:37] [INFO] Voter #82 has verified their VOTER identity using access code "26l1pl"
[19-04-2020 01:29:37] [INFO] Voter #83 has verified their VOTER identity using access code "jze3si"
[19-04-2020 01:29:37] [INFO] Voter #84 has verified their VOTER identity using access code "derhdm"
[19-04-2020 01:29:37] [INFO] Voter #85 has verified their VOTER identity using access code "wiarv9"
[19-04-2020 01:29:37] [INFO] Voter #86 has verified their VOTER identity using access code "gum7vx"
[19-04-2020 01:29:37] [INFO] Voter #87 has verified their VOTER identity using access code "p9oj67"
[19-04-2020 01:29:37] [INFO] Voter #88 has verified their VOTER identity using access code "2gycpx"
[19-04-2020 01:29:37] [INFO] Voter #89 has verified their VOTER identity using access code "lbnwjy"
[19-04-2020 01:29:37] [INFO] Voter #90 has verified their VOTER identity using access code "9aap4s"
[19-04-2020 01:29:37] [INFO] Voter #91 has verified their VOTER identity using access code "52y6fn"
[19-04-2020 01:29:37] [INFO] Voter #92 has verified their VOTER identity using access code "gbwnbs"
[19-04-2020 01:29:37] [INFO] Voter #93 has verified their VOTER identity using access code "z898qc"
[19-04-2020 01:29:37] [INFO] Voter #94 has verified their VOTER identity using access code "1zahi8"
[19-04-2020 01:29:37] [INFO] Voter #95 has verified their VOTER identity using access code "m6o7nf"
[19-04-2020 01:29:37] [INFO] Voter #96 has verified their VOTER identity using access code "o22vjq"
[19-04-2020 01:29:37] [INFO] Voter #97 has verified their VOTER identity using access code "a4gd7r"
[19-04-2020 01:29:37] [INFO] Voter #98 has verified their VOTER identity using access code "935uec"
[19-04-2020 01:29:37] [INFO] Voter #99 has verified their VOTER identity using access code "x0mtnr"
[19-04-2020 01:29:37] [INFO] Voter #100 has verified their VOTER identity using access code "4njhzh"
[19-04-2020 01:29:37] [INFO] Voter #101 has verified their VOTER identity using access code "fvyevc"
[19-04-2020 01:29:37] [INFO] Voter #102 has verified their VOTER identity using access code "gp564l"
[19-04-2020 01:29:37] [INFO] Voter #103 has verified their VOTER identity using access code "hnoeao"
[19-04-2020 01:29:37] [INFO] Voter #104 has verified their VOTER identity using access code "buze2b"
[19-04-2020 01:29:37] [INFO] Voter #105 has verified their VOTER identity using access code "vvuohi"
[19-04-2020 01:29:37] [INFO] Voter #106 has verified their VOTER identity using access code "7hche2"
[19-04-2020 01:29:37] [INFO] Voter #107 has verified their VOTER identity using access code "qg2pdu"
[19-04-2020 01:29:37] [INFO] Voter #108 has verified their VOTER identity using access code "9y5qse"
[19-04-2020 01:29:37] [INFO] Voter #109 has verified their VOTER identity using access code "dht6g5"
[19-04-2020 01:29:37] [INFO] Voter #110 has verified their VOTER identity using access code "ha6be0"
[19-04-2020 01:29:37] [INFO] Voter #111 has verified their VOTER identity using access code "kdt9ug"
[19-04-2020 01:29:37] [INFO] Voter #112 has verified their VOTER identity using access code "g6gz4i"
[19-04-2020 01:29:37] [INFO] Voter #113 has verified their VOTER identity using access code "zw9ovx"
[19-04-2020 01:29:37] [INFO] Voter #114 has verified their VOTER identity using access code "b07uvz"
[19-04-2020 01:29:37] [INFO] Voter #115 has verified their VOTER identity using access code "faxfrf"
[19-04-2020 01:29:37] [INFO] Voter #116 has verified their VOTER identity using access code "45qvi2"
[19-04-2020 01:29:37] [INFO] Voter #117 has verified their VOTER identity using access code "zvzhsv"
[19-04-2020 01:29:37] [INFO] Voter #118 has verified their VOTER identity using access code "p7ax10"
[19-04-2020 01:29:37] [INFO] Voter #119 has verified their VOTER identity using access code "kiv549"
[19-04-2020 01:29:37] [INFO] Voter #120 has verified their VOTER identity using access code "mntuqf"
[19-04-2020 01:29:37] [INFO] Voter #121 has verified their VOTER identity using access code "1hqh3a"
[19-04-2020 01:29:37] [INFO] Voter #122 has verified their VOTER identity using access code "e7rrdl"
[19-04-2020 01:29:37] [INFO] Voter #123 has verified their VOTER identity using access code "6yyy5f"
[19-04-2020 01:29:37] [INFO] Voter #124 has verified their VOTER identity using access code "eyjk8h"
[19-04-2020 01:29:37] [INFO] Voter #125 has verified their VOTER identity using access code "hlsqdz"
[19-04-2020 01:29:37] [INFO] Voter #126 has verified their VOTER identity using access code "0ay7yq"
[19-04-2020 01:29:37] [INFO] Voter #127 has verified their VOTER identity using access code "3f2bww"
[19-04-2020 01:29:37] [INFO] Voter #128 has verified their VOTER identity using access code "gccmv6"
[19-04-2020 01:29:37] [INFO] Voter #129 has verified their VOTER identity using access code "yqd6rf"
[19-04-2020 01:29:37] [INFO] Voter #130 has verified their VOTER identity using access code "k6lzfx"
[19-04-2020 01:29:37] [INFO] Voter #131 has verified their VOTER identity using access code "1ekal5"
[19-04-2020 01:29:37] [INFO] Voter #132 has verified their VOTER identity using access code "3xgsss"
[19-04-2020 01:29:37] [INFO] Voter #133 has verified their VOTER identity using access code "ps6meq"
[19-04-2020 01:29:37] [INFO] Voter #134 has verified their VOTER identity using access code "r2oxwm"
[19-04-2020 01:29:37] [INFO] Voter #135 has verified their VOTER identity using access code "g512xs"
[19-04-2020 01:29:37] [INFO] Voter #136 has verified their VOTER identity using access code "rrjhn5"
[19-04-2020 01:29:37] [INFO] Voter #137 has verified their VOTER identity using access code "24sv95"
[19-04-2020 01:29:37] [INFO] Voter #138 has verified their VOTER identity using access code "ql1ftg"
[19-04-2020 01:29:37] [INFO] Voter #139 has verified their VOTER identity using access code "55uybv"
[19-04-2020 01:29:37] [INFO] Voter #140 has verified their VOTER identity using access code "68q70x"
[19-04-2020 01:29:37] [INFO] Voter #141 has verified their VOTER identity using access code "aghqar"
[19-04-2020 01:29:37] [INFO] Voter #142 has verified their VOTER identity using access code "yqytqd"
[19-04-2020 01:29:37] [INFO] Voter #143 has verified their VOTER identity using access code "ztw2sq"
[19-04-2020 01:29:37] [INFO] Voter #144 has verified their VOTER identity using access code "e10nse"
[19-04-2020 01:29:37] [INFO] Voter #145 has verified their VOTER identity using access code "wgi19v"
[19-04-2020 01:29:37] [INFO] Voter #146 has verified their VOTER identity using access code "t98mdr"
[19-04-2020 01:29:37] [INFO] Voter #147 has verified their VOTER identity using access code "c6ejc0"
[19-04-2020 01:29:37] [INFO] Voter #148 has verified their VOTER identity using access code "b8tfs8"
[19-04-2020 01:29:37] [INFO] Voter #149 has verified their VOTER identity using access code "808eol"
[19-04-2020 01:29:37] [INFO] Voter #150 has verified their VOTER identity using access code "3poi4l"
[19-04-2020 01:29:37] [INFO] Voter #152 has verified their VOTER identity using access code "j6zg3a"
[19-04-2020 01:29:37] [INFO] Voter #151 has verified their VOTER identity using access code "1ovxmh"
[19-04-2020 01:29:37] [INFO] Voter #153 has verified their VOTER identity using access code "9pmbik"
[19-04-2020 01:29:37] [INFO] Voter #154 has verified their VOTER identity using access code "f44hsi"
[19-04-2020 01:29:37] [INFO] Voter #155 has verified their VOTER identity using access code "vjzqs4"
[19-04-2020 01:29:37] [INFO] Voter #156 has verified their VOTER identity using access code "vjwwqp"
[19-04-2020 01:29:37] [INFO] Voter #157 has verified their VOTER identity using access code "i035sx"
[19-04-2020 01:29:37] [INFO] Voter #158 has verified their VOTER identity using access code "93hyh8"
[19-04-2020 01:29:37] [INFO] Voter #159 has verified their VOTER identity using access code "1p196c"
[19-04-2020 01:29:37] [INFO] Voter #160 has verified their VOTER identity using access code "v6lpj7"
[19-04-2020 01:29:37] [INFO] Voter #161 has verified their VOTER identity using access code "j2y47a"
[19-04-2020 01:29:37] [INFO] Voter #176 has verified their VOTER identity using access code "ol8t1u"
[19-04-2020 01:29:37] [INFO] Voter #179 has verified their VOTER identity using access code "7be0ma"
[19-04-2020 01:29:37] [INFO] Voter #175 has verified their VOTER identity using access code "5j9hdr"
[19-04-2020 01:29:37] [INFO] Voter #168 has verified their VOTER identity using access code "cs17rl"
[19-04-2020 01:29:37] [INFO] Voter #172 has verified their VOTER identity using access code "thbtoq"
[19-04-2020 01:29:37] [INFO] Voter #167 has verified their VOTER identity using access code "hywnxr"
[19-04-2020 01:29:37] [INFO] Voter #173 has verified their VOTER identity using access code "leqp6h"
[19-04-2020 01:29:37] [INFO] Voter #174 has verified their VOTER identity using access code "cdmdyw"
[19-04-2020 01:29:37] [INFO] Voter #169 has verified their VOTER identity using access code "rlcxwg"
[19-04-2020 01:29:37] [INFO] Voter #178 has verified their VOTER identity using access code "mvczu3"
[19-04-2020 01:29:37] [INFO] Voter #177 has verified their VOTER identity using access code "rnm2h1"
[19-04-2020 01:29:37] [INFO] Voter #164 has verified their VOTER identity using access code "u5oria"
[19-04-2020 01:29:37] [INFO] Voter #163 has verified their VOTER identity using access code "a1orag"
[19-04-2020 01:29:37] [INFO] Voter #170 has verified their VOTER identity using access code "4zktzm"
[19-04-2020 01:29:37] [INFO] Voter #166 has verified their VOTER identity using access code "qrqf69"
[19-04-2020 01:29:37] [INFO] Voter #171 has verified their VOTER identity using access code "3233o3"
[19-04-2020 01:29:37] [INFO] Voter #165 has verified their VOTER identity using access code "osnmny"
[19-04-2020 01:29:37] [INFO] Voter #162 has verified their VOTER identity using access code "dtbk8h"
[19-04-2020 01:29:37] [INFO] Voter #180 has verified their VOTER identity using access code "n9osx9"
[19-04-2020 01:29:37] [INFO] Voter #181 has verified their VOTER identity using access code "98q81j"
[19-04-2020 01:29:37] [INFO] Voter #182 has verified their VOTER identity using access code "ebx4s8"
[19-04-2020 01:29:37] [INFO] Voter #183 has verified their VOTER identity using access code "l5llt9"
[19-04-2020 01:29:37] [INFO] Voter #184 has verified their VOTER identity using access code "is6r1g"
[19-04-2020 01:29:37] [INFO] Voter #185 has verified their VOTER identity using access code "kloe6r"
[19-04-2020 01:29:37] [INFO] Voter #186 has verified their VOTER identity using access code "er9los"
[19-04-2020 01:29:37] [INFO] Voter #187 has verified their VOTER identity using access code "7t1goj"
[19-04-2020 01:29:37] [INFO] Voter #188 has verified their VOTER identity using access code "ef2sq2"
[19-04-2020 01:29:37] [INFO] Voter #189 has verified their VOTER identity using access code "nplek3"
[19-04-2020 01:29:37] [INFO] Voter #190 has verified their VOTER identity using access code "2fogtg"
[19-04-2020 01:29:37] [INFO] Voter #191 has verified their VOTER identity using access code "vg8a09"
[19-04-2020 01:29:37] [INFO] Voter #192 has verified their VOTER identity using access code "tsvv2d"
[19-04-2020 01:29:37] [INFO] Voter #193 has verified their VOTER identity using access code "un12gu"
[19-04-2020 01:29:37] [INFO] Voter #194 has verified their VOTER identity using access code "9jvqya"
[19-04-2020 01:29:37] [INFO] Voter #195 has verified their VOTER identity using access code "ubs9m6"
[19-04-2020 01:29:37] [INFO] Voter #196 has verified their VOTER identity using access code "306gr8"
[19-04-2020 01:29:37] [INFO] Voter #197 has verified their VOTER identity using access code "knol99"
[19-04-2020 01:29:37] [INFO] Voter #198 has verified their VOTER identity using access code "okzkcz"
[19-04-2020 01:29:37] [INFO] Voter #199 has verified their VOTER identity using access code "n3jo2s"
[19-04-2020 01:29:47] [INFO] Joe Furfaro has verified their ADMIN identity using access code "Dipole2001!"
[19-04-2020 01:29:57] [INFO] Joe Furfaro has changed the question ID to 1
[19-04-2020 01:29:57] [INFO] Voter #78 has voted "False"
[19-04-2020 01:29:58] [INFO] Voter #150 has voted "True"
[19-04-2020 01:29:58] [INFO] Voter #79 has voted "True"
[19-04-2020 01:29:58] [INFO] Voter #151 has voted "True"
[19-04-2020 01:29:58] [INFO] Voter #80 has voted "True"
[19-04-2020 01:29:58] [INFO] Voter #152 has voted "False"
[19-04-2020 01:29:58] [INFO] Voter #81 has voted "True"
[19-04-2020 01:29:58] [INFO] Voter #153 has voted "False"
[19-04-2020 01:29:58] [INFO] Voter #82 has voted "False"
[19-04-2020 01:29:58] [INFO] Voter #154 has voted "True"
[19-04-2020 01:29:58] [INFO] Voter #83 has voted "False"
[19-04-2020 01:29:58] [INFO] Voter #155 has voted "True"
[19-04-2020 01:29:58] [INFO] Voter #84 has voted "True"
[19-04-2020 01:29:58] [INFO] Voter #156 has voted "False"
[19-04-2020 01:29:58] [INFO] Voter #85 has voted "False"
[19-04-2020 01:29:58] [INFO] Voter #157 has voted "True"
[19-04-2020 01:29:58] [INFO] Voter #86 has voted "False"
[19-04-2020 01:29:58] [INFO] Voter #158 has voted "True"
[19-04-2020 01:29:58] [INFO] Voter #87 has voted "False"
[19-04-2020 01:29:58] [INFO] Voter #159 has voted "False"
[19-04-2020 01:29:58] [INFO] Voter #88 has voted "False"
[19-04-2020 01:29:58] [INFO] Voter #160 has voted "True"
[19-04-2020 01:29:58] [INFO] Voter #89 has voted "True"
[19-04-2020 01:29:58] [INFO] Voter #161 has voted "True"
[19-04-2020 01:29:58] [INFO] Voter #90 has voted "False"
[19-04-2020 01:29:58] [INFO] Voter #162 has voted "False"
[19-04-2020 01:29:58] [INFO] Voter #91 has voted "True"
[19-04-2020 01:29:58] [INFO] Voter #163 has voted "False"
[19-04-2020 01:29:58] [INFO] Voter #92 has voted "True"
[19-04-2020 01:29:58] [INFO] Voter #164 has voted "False"
[19-04-2020 01:29:58] [INFO] Voter #93 has voted "False"
[19-04-2020 01:29:58] [INFO] Voter #165 has voted "False"
[19-04-2020 01:29:58] [INFO] Voter #94 has voted "False"
[19-04-2020 01:29:58] [INFO] Voter #166 has voted "False"
[19-04-2020 01:29:58] [INFO] Voter #95 has voted "True"
[19-04-2020 01:29:58] [INFO] Voter #167 has voted "True"
[19-04-2020 01:29:58] [INFO] Voter #96 has voted "True"
[19-04-2020 01:29:58] [INFO] Voter #168 has voted "False"
[19-04-2020 01:29:58] [INFO] Voter #97 has voted "True"
[19-04-2020 01:29:58] [INFO] Voter #169 has voted "True"
[19-04-2020 01:29:58] [INFO] Voter #98 has voted "True"
[19-04-2020 01:29:58] [INFO] Voter #170 has voted "False"
[19-04-2020 01:29:58] [INFO] Voter #99 has voted "True"
[19-04-2020 01:29:58] [INFO] Voter #171 has voted "True"
[19-04-2020 01:29:58] [INFO] Voter #100 has voted "False"
[19-04-2020 01:29:58] [INFO] Voter #172 has voted "True"
[19-04-2020 01:29:58] [INFO] Voter #101 has voted "True"
[19-04-2020 01:29:58] [INFO] Voter #173 has voted "False"
[19-04-2020 01:29:58] [INFO] Voter #102 has voted "False"
[19-04-2020 01:29:58] [INFO] Voter #174 has voted "True"
[19-04-2020 01:29:58] [INFO] Voter #103 has voted "False"
[19-04-2020 01:29:58] [INFO] Voter #175 has voted "False"
[19-04-2020 01:29:58] [INFO] Voter #104 has voted "True"
[19-04-2020 01:29:58] [INFO] Voter #176 has voted "True"
[19-04-2020 01:29:58] [INFO] Voter #105 has voted "False"
[19-04-2020 01:29:58] [INFO] Voter #177 has voted "False"
[19-04-2020 01:29:58] [INFO] Voter #106 has voted "False"
[19-04-2020 01:29:58] [INFO] Voter #178 has voted "True"
[19-04-2020 01:29:58] [INFO] Voter #107 has voted "True"
[19-04-2020 01:29:58] [INFO] Voter #179 has voted "False"
[19-04-2020 01:29:58] [INFO] Voter #108 has voted "True"
[19-04-2020 01:29:58] [INFO] Voter #180 has voted "False"
[19-04-2020 01:29:58] [INFO] Voter #109 has voted "False"
[19-04-2020 01:29:58] [INFO] Voter #181 has voted "False"
[19-04-2020 01:29:58] [INFO] Voter #110 has voted "False"
[19-04-2020 01:29:58] [INFO] Voter #182 has voted "False"
[19-04-2020 01:29:58] [INFO] Voter #111 has voted "True"
[19-04-2020 01:29:58] [INFO] Voter #183 has voted "True"
[19-04-2020 01:29:58] [INFO] Voter #112 has voted "False"
[19-04-2020 01:29:58] [INFO] Voter #184 has voted "True"
[19-04-2020 01:29:58] [INFO] Voter #113 has voted "False"
[19-04-2020 01:29:58] [INFO] Voter #185 has voted "False"
[19-04-2020 01:29:58] [INFO] Voter #114 has voted "True"
[19-04-2020 01:29:58] [INFO] Voter #186 has voted "False"
[19-04-2020 01:29:58] [INFO] Voter #115 has voted "True"
[19-04-2020 01:29:58] [INFO] Voter #187 has voted "True"
[19-04-2020 01:29:58] [INFO] Voter #116 has voted "False"
[19-04-2020 01:29:58] [INFO] Voter #188 has voted "False"
[19-04-2020 01:29:58] [INFO] Voter #117 has voted "True"
[19-04-2020 01:29:58] [INFO] Voter #189 has voted "False"
[19-04-2020 01:29:58] [INFO] Voter #118 has voted "False"
[19-04-2020 01:29:58] [INFO] Voter #190 has voted "True"
[19-04-2020 01:29:58] [INFO] Voter #119 has voted "True"
[19-04-2020 01:29:58] [INFO] Voter #191 has voted "True"
[19-04-2020 01:29:58] [INFO] Voter #120 has voted "True"
[19-04-2020 01:29:58] [INFO] Voter #192 has voted "True"
[19-04-2020 01:29:58] [INFO] Voter #121 has voted "False"
[19-04-2020 01:29:58] [INFO] Voter #193 has voted "False"
[19-04-2020 01:29:58] [INFO] Voter #122 has voted "True"
[19-04-2020 01:29:58] [INFO] Voter #194 has voted "True"
[19-04-2020 01:29:58] [INFO] Voter #123 has voted "False"
[19-04-2020 01:29:58] [INFO] Voter #195 has voted "True"
[19-04-2020 01:29:58] [INFO] Voter #124 has voted "True"
[19-04-2020 01:29:58] [INFO] Voter #196 has voted "False"
[19-04-2020 01:29:58] [INFO] Voter #125 has voted "False"
[19-04-2020 01:29:58] [INFO] Voter #197 has voted "True"
[19-04-2020 01:29:58] [INFO] Voter #126 has voted "False"
[19-04-2020 01:29:58] [INFO] Voter #198 has voted "True"
[19-04-2020 01:29:58] [INFO] Voter #127 has voted "True"
[19-04-2020 01:29:58] [INFO] Voter #199 has voted "False"
[19-04-2020 01:29:58] [INFO] Voter #128 has voted "False"
[19-04-2020 01:29:58] [INFO] Voter #129 has voted "False"
[19-04-2020 01:29:58] [INFO] Voter #130 has voted "False"
[19-04-2020 01:29:58] [INFO] Voter #131 has voted "True"
[19-04-2020 01:29:58] [INFO] Voter #132 has voted "False"
[19-04-2020 01:29:58] [INFO] Voter #133 has voted "True"
[19-04-2020 01:29:58] [INFO] Voter #134 has voted "True"
[19-04-2020 01:29:58] [INFO] Voter #135 has voted "False"
[19-04-2020 01:29:58] [INFO] Voter #136 has voted "True"
[19-04-2020 01:29:58] [INFO] Voter #137 has voted "False"
[19-04-2020 01:29:58] [INFO] Voter #138 has voted "True"
[19-04-2020 01:29:58] [INFO] Voter #139 has voted "True"
[19-04-2020 01:29:58] [INFO] Voter #140 has voted "False"
[19-04-2020 01:29:58] [INFO] Voter #141 has voted "False"
[19-04-2020 01:29:58] [INFO] Voter #142 has voted "True"
[19-04-2020 01:29:58] [INFO] Voter #143 has voted "True"
[19-04-2020 01:29:58] [INFO] Voter #144 has voted "True"
[19-04-2020 01:29:58] [INFO] Voter #145 has voted "False"
[19-04-2020 01:29:58] [INFO] Voter #146 has voted "False"
[19-04-2020 01:29:58] [INFO] Voter #147 has voted "False"
[19-04-2020 01:29:58] [INFO] Voter #148 has voted "False"
[19-04-2020 01:29:58] [INFO] Voter #149 has voted "True"
[19-04-2020 01:29:58] [INFO] Voter #6 has voted "False"
[19-04-2020 01:29:58] [INFO] Voter #7 has voted "False"
[19-04-2020 01:29:58] [INFO] Voter #8 has voted "False"
[19-04-2020 01:29:58] [INFO] Voter #9 has voted "True"
[19-04-2020 01:29:58] [INFO] Voter #10 has voted "True"
[19-04-2020 01:29:58] [INFO] Voter #11 has voted "True"
[19-04-2020 01:29:58] [INFO] Voter #12 has voted "True"
[19-04-2020 01:29:58] [INFO] Voter #13 has voted "False"
[19-04-2020 01:29:58] [INFO] Voter #4 has voted "True"
[19-04-2020 01:29:58] [INFO] Voter #14 has voted "True"
[19-04-2020 01:29:58] [INFO] Voter #15 has voted "False"
[19-04-2020 01:29:58] [INFO] Voter #16 has voted "False"
[19-04-2020 01:29:58] [INFO] Voter #17 has voted "True"
[19-04-2020 01:29:58] [INFO] Voter #18 has voted "False"
[19-04-2020 01:29:58] [INFO] Voter #5 has voted "True"
[19-04-2020 01:29:58] [INFO] Voter #19 has voted "False"
[19-04-2020 01:29:58] [INFO] Voter #20 has voted "False"
[19-04-2020 01:29:58] [INFO] Voter #21 has voted "True"
[19-04-2020 01:29:58] [INFO] Voter #22 has voted "False"
[19-04-2020 01:29:58] [INFO] Voter #23 has voted "True"
[19-04-2020 01:29:58] [INFO] Voter #24 has voted "True"
[19-04-2020 01:29:58] [INFO] Voter #25 has voted "False"
[19-04-2020 01:29:58] [INFO] Voter #26 has voted "False"
[19-04-2020 01:29:58] [INFO] Voter #27 has voted "True"
[19-04-2020 01:29:58] [INFO] Voter #28 has voted "False"
[19-04-2020 01:29:58] [INFO] Voter #29 has voted "False"
[19-04-2020 01:29:58] [INFO] Voter #30 has voted "False"
[19-04-2020 01:29:58] [INFO] Voter #31 has voted "False"
[19-04-2020 01:29:58] [INFO] Voter #32 has voted "False"
[19-04-2020 01:29:58] [INFO] Voter #33 has voted "True"
[19-04-2020 01:29:58] [INFO] Voter #34 has voted "True"
[19-04-2020 01:29:58] [INFO] Voter #35 has voted "True"
[19-04-2020 01:29:58] [INFO] Voter #36 has voted "True"
[19-04-2020 01:29:58] [INFO] Voter #37 has voted "False"
[19-04-2020 01:29:58] [INFO] Voter #38 has voted "False"
[19-04-2020 01:29:58] [INFO] Voter #39 has voted "True"
[19-04-2020 01:29:58] [INFO] Voter #40 has voted "True"
[19-04-2020 01:29:58] [INFO] Voter #41 has voted "True"
[19-04-2020 01:29:58] [INFO] Voter #42 has voted "True"
[19-04-2020 01:29:58] [INFO] Voter #43 has voted "True"
[19-04-2020 01:29:58] [INFO] Voter #44 has voted "True"
[19-04-2020 01:29:58] [INFO] Voter #45 has voted "True"
[19-04-2020 01:29:58] [INFO] Voter #46 has voted "True"
[19-04-2020 01:29:58] [INFO] Voter #47 has voted "False"
[19-04-2020 01:29:58] [INFO] Voter #48 has voted "False"
[19-04-2020 01:29:58] [INFO] Voter #49 has voted "True"
[19-04-2020 01:29:58] [INFO] Voter #50 has voted "False"
[19-04-2020 01:29:58] [INFO] Voter #51 has voted "True"
[19-04-2020 01:29:58] [INFO] Voter #52 has voted "False"
[19-04-2020 01:29:58] [INFO] Voter #53 has voted "True"
[19-04-2020 01:29:58] [INFO] Voter #54 has voted "True"
[19-04-2020 01:29:58] [INFO] Voter #55 has voted "False"
[19-04-2020 01:29:58] [INFO] Voter #56 has voted "False"
[19-04-2020 01:29:58] [INFO] Voter #57 has voted "True"
[19-04-2020 01:29:58] [INFO] Voter #58 has voted "False"
[19-04-2020 01:29:58] [INFO] Voter #59 has voted "False"
[19-04-2020 01:29:58] [INFO] Voter #60 has voted "False"
[19-04-2020 01:29:58] [INFO] Voter #61 has voted "True"
[19-04-2020 01:29:58] [INFO] Voter #62 has voted "False"
[19-04-2020 01:29:58] [INFO] Voter #63 has voted "False"
[19-04-2020 01:29:58] [INFO] Voter #64 has voted "True"
[19-04-2020 01:29:58] [INFO] Voter #65 has voted "True"
[19-04-2020 01:29:58] [INFO] Voter #66 has voted "False"
[19-04-2020 01:29:58] [INFO] Voter #67 has voted "True"
[19-04-2020 01:29:58] [INFO] Voter #68 has voted "True"
[19-04-2020 01:29:58] [INFO] Voter #69 has voted "True"
[19-04-2020 01:29:58] [INFO] Voter #70 has voted "False"
[19-04-2020 01:29:58] [INFO] Voter #71 has voted "False"
[19-04-2020 01:29:58] [INFO] Voter #0 has voted "True"
[19-04-2020 01:29:58] [INFO] Voter #72 has voted "True"
[19-04-2020 01:29:58] [INFO] Voter #1 has voted "False"
[19-04-2020 01:29:58] [INFO] Voter #73 has voted "True"
[19-04-2020 01:29:58] [INFO] Voter #2 has voted "False"
[19-04-2020 01:29:58] [INFO] Voter #74 has voted "False"
[19-04-2020 01:29:58] [INFO] Voter #3 has voted "False"
[19-04-2020 01:29:58] [INFO] Voter #75 has voted "False"
[19-04-2020 01:29:58] [INFO] Voter #76 has voted "False"
[19-04-2020 01:29:58] [INFO] Voter #77 has voted "True"
[19-04-2020 01:30:02] [INFO] Joe Furfaro has changed the question ID to 2
[19-04-2020 01:30:02] [INFO] Voter #78 has voted "Cameron"
[19-04-2020 01:30:02] [INFO] Voter #150 has voted "Ted"
[19-04-2020 01:30:02] [INFO] Voter #79 has voted "Cameron"
[19-04-2020 01:30:02] [INFO] Voter #151 has voted "Ted"
[19-04-2020 01:30:02] [INFO] Voter #80 has voted "Robert"
[19-04-2020 01:30:02] [INFO] Voter #152 has voted "Cameron"
[19-04-2020 01:30:02] [INFO] Voter #81 has voted "Ted"
[19-04-2020 01:30:02] [INFO] Voter #153 has voted "Ted"
[19-04-2020 01:30:02] [INFO] Voter #82 has voted "Ted"
[19-04-2020 01:30:02] [INFO] Voter #154 has voted "Robert"
[19-04-2020 01:30:02] [INFO] Voter #83 has voted "Cameron"
[19-04-2020 01:30:02] [INFO] Voter #155 has voted "Robert"
[19-04-2020 01:30:02] [INFO] Voter #84 has voted "Ted"
[19-04-2020 01:30:02] [INFO] Voter #156 has voted "Robert"
[19-04-2020 01:30:02] [INFO] Voter #85 has voted "Ted"
[19-04-2020 01:30:02] [INFO] Voter #157 has voted "Robert"
[19-04-2020 01:30:02] [INFO] Voter #86 has voted "Robert"
[19-04-2020 01:30:02] [INFO] Voter #158 has voted "Ted"
[19-04-2020 01:30:02] [INFO] Voter #87 has voted "Robert"
[19-04-2020 01:30:02] [INFO] Voter #159 has voted "Ted"
[19-04-2020 01:30:02] [INFO] Voter #88 has voted "Ted"
[19-04-2020 01:30:02] [INFO] Voter #160 has voted "Ted"
[19-04-2020 01:30:02] [INFO] Voter #89 has voted "Ted"
[19-04-2020 01:30:02] [INFO] Voter #161 has voted "Ted"
[19-04-2020 01:30:02] [INFO] Voter #90 has voted "Ted"
[19-04-2020 01:30:02] [INFO] Voter #162 has voted "Cameron"
[19-04-2020 01:30:02] [INFO] Voter #91 has voted "Robert"
[19-04-2020 01:30:02] [INFO] Voter #163 has voted "Cameron"
[19-04-2020 01:30:02] [INFO] Voter #92 has voted "Cameron"
[19-04-2020 01:30:02] [INFO] Voter #164 has voted "Robert"
[19-04-2020 01:30:02] [INFO] Voter #93 has voted "Ted"
[19-04-2020 01:30:02] [INFO] Voter #165 has voted "Cameron"
[19-04-2020 01:30:02] [INFO] Voter #94 has voted "Cameron"
[19-04-2020 01:30:02] [INFO] Voter #166 has voted "Robert"
[19-04-2020 01:30:02] [INFO] Voter #95 has voted "Ted"
[19-04-2020 01:30:02] [INFO] Voter #167 has voted "Robert"
[19-04-2020 01:30:02] [INFO] Voter #96 has voted "Robert"
[19-04-2020 01:30:02] [INFO] Voter #168 has voted "Ted"
[19-04-2020 01:30:02] [INFO] Voter #97 has voted "Cameron"
[19-04-2020 01:30:02] [INFO] Voter #169 has voted "Robert"
[19-04-2020 01:30:02] [INFO] Voter #98 has voted "Ted"
[19-04-2020 01:30:02] [INFO] Voter #170 has voted "Ted"
[19-04-2020 01:30:02] [INFO] Voter #99 has voted "Robert"
[19-04-2020 01:30:02] [INFO] Voter #171 has voted "Cameron"
[19-04-2020 01:30:02] [INFO] Voter #100 has voted "Ted"
[19-04-2020 01:30:02] [INFO] Voter #172 has voted "Robert"
[19-04-2020 01:30:02] [INFO] Voter #101 has voted "Cameron"
[19-04-2020 01:30:02] [INFO] Voter #173 has voted "Cameron"
[19-04-2020 01:30:02] [INFO] Voter #102 has voted "Robert"
[19-04-2020 01:30:02] [INFO] Voter #174 has voted "Robert"
[19-04-2020 01:30:02] [INFO] Voter #103 has voted "Cameron"
[19-04-2020 01:30:02] [INFO] Voter #175 has voted "Ted"
[19-04-2020 01:30:02] [INFO] Voter #104 has voted "Ted"
[19-04-2020 01:30:02] [INFO] Voter #176 has voted "Robert"
[19-04-2020 01:30:02] [INFO] Voter #105 has voted "Ted"
[19-04-2020 01:30:02] [INFO] Voter #177 has voted "Cameron"
[19-04-2020 01:30:02] [INFO] Voter #106 has voted "Ted"
[19-04-2020 01:30:02] [INFO] Voter #178 has voted "Cameron"
[19-04-2020 01:30:02] [INFO] Voter #107 has voted "Ted"
[19-04-2020 01:30:02] [INFO] Voter #179 has voted "Robert"
[19-04-2020 01:30:02] [INFO] Voter #108 has voted "Cameron"
[19-04-2020 01:30:02] [INFO] Voter #180 has voted "Ted"
[19-04-2020 01:30:02] [INFO] Voter #109 has voted "Cameron"
[19-04-2020 01:30:02] [INFO] Voter #181 has voted "Robert"
[19-04-2020 01:30:02] [INFO] Voter #110 has voted "Ted"
[19-04-2020 01:30:02] [INFO] Voter #182 has voted "Ted"
[19-04-2020 01:30:02] [INFO] Voter #111 has voted "Robert"
[19-04-2020 01:30:02] [INFO] Voter #183 has voted "Robert"
[19-04-2020 01:30:02] [INFO] Voter #112 has voted "Cameron"
[19-04-2020 01:30:02] [INFO] Voter #184 has voted "Robert"
[19-04-2020 01:30:02] [INFO] Voter #113 has voted "Robert"
[19-04-2020 01:30:02] [INFO] Voter #185 has voted "Ted"
[19-04-2020 01:30:02] [INFO] Voter #114 has voted "Cameron"
[19-04-2020 01:30:02] [INFO] Voter #186 has voted "Ted"
[19-04-2020 01:30:02] [INFO] Voter #115 has voted "Cameron"
[19-04-2020 01:30:02] [INFO] Voter #187 has voted "Robert"
[19-04-2020 01:30:02] [INFO] Voter #116 has voted "Ted"
[19-04-2020 01:30:02] [INFO] Voter #188 has voted "Ted"
[19-04-2020 01:30:02] [INFO] Voter #117 has voted "Cameron"
[19-04-2020 01:30:02] [INFO] Voter #189 has voted "Cameron"
[19-04-2020 01:30:02] [INFO] Voter #118 has voted "Robert"
[19-04-2020 01:30:02] [INFO] Voter #190 has voted "Robert"
[19-04-2020 01:30:02] [INFO] Voter #119 has voted "Robert"
[19-04-2020 01:30:02] [INFO] Voter #191 has voted "Cameron"
[19-04-2020 01:30:02] [INFO] Voter #120 has voted "Ted"
[19-04-2020 01:30:02] [INFO] Voter #192 has voted "Cameron"
[19-04-2020 01:30:02] [INFO] Voter #121 has voted "Ted"
[19-04-2020 01:30:02] [INFO] Voter #193 has voted "Ted"
[19-04-2020 01:30:02] [INFO] Voter #122 has voted "Robert"
[19-04-2020 01:30:02] [INFO] Voter #194 has voted "Robert"
[19-04-2020 01:30:02] [INFO] Voter #123 has voted "Ted"
[19-04-2020 01:30:02] [INFO] Voter #195 has voted "Ted"
[19-04-2020 01:30:02] [INFO] Voter #124 has voted "Cameron"
[19-04-2020 01:30:02] [INFO] Voter #196 has voted "Cameron"
[19-04-2020 01:30:02] [INFO] Voter #125 has voted "Ted"
[19-04-2020 01:30:02] [INFO] Voter #197 has voted "Ted"
[19-04-2020 01:30:02] [INFO] Voter #126 has voted "Robert"
[19-04-2020 01:30:02] [INFO] Voter #198 has voted "Cameron"
[19-04-2020 01:30:02] [INFO] Voter #127 has voted "Cameron"
[19-04-2020 01:30:02] [INFO] Voter #199 has voted "Robert"
[19-04-2020 01:30:02] [INFO] Voter #128 has voted "Cameron"
[19-04-2020 01:30:02] [INFO] Voter #129 has voted "Ted"
[19-04-2020 01:30:02] [INFO] Voter #130 has voted "Robert"
[19-04-2020 01:30:02] [INFO] Voter #131 has voted "Robert"
[19-04-2020 01:30:02] [INFO] Voter #132 has voted "Cameron"
[19-04-2020 01:30:02] [INFO] Voter #133 has voted "Cameron"
[19-04-2020 01:30:02] [INFO] Voter #134 has voted "Cameron"
[19-04-2020 01:30:02] [INFO] Voter #135 has voted "Cameron"
[19-04-2020 01:30:02] [INFO] Voter #136 has voted "Robert"
[19-04-2020 01:30:02] [INFO] Voter #137 has voted "Ted"
[19-04-2020 01:30:02] [INFO] Voter #138 has voted "Ted"
[19-04-2020 01:30:02] [INFO] Voter #139 has voted "Cameron"
[19-04-2020 01:30:02] [INFO] Voter #140 has voted "Robert"
[19-04-2020 01:30:02] [INFO] Voter #141 has voted "Robert"
[19-04-2020 01:30:02] [INFO] Voter #142 has voted "Robert"
[19-04-2020 01:30:02] [INFO] Voter #143 has voted "Cameron"
[19-04-2020 01:30:02] [INFO] Voter #144 has voted "Robert"
[19-04-2020 01:30:02] [INFO] Voter #145 has voted "Cameron"
[19-04-2020 01:30:02] [INFO] Voter #146 has voted "Ted"
[19-04-2020 01:30:02] [INFO] Voter #147 has voted "Ted"
[19-04-2020 01:30:02] [INFO] Voter #148 has voted "Robert"
[19-04-2020 01:30:02] [INFO] Voter #149 has voted "Ted"
[19-04-2020 01:30:02] [INFO] Voter #6 has voted "Cameron"
[19-04-2020 01:30:02] [INFO] Voter #7 has voted "Robert"
[19-04-2020 01:30:02] [INFO] Voter #8 has voted "Ted"
[19-04-2020 01:30:02] [INFO] Voter #9 has voted "Robert"
[19-04-2020 01:30:02] [INFO] Voter #10 has voted "Ted"
[19-04-2020 01:30:02] [INFO] Voter #11 has voted "Cameron"
[19-04-2020 01:30:02] [INFO] Voter #12 has voted "Cameron"
[19-04-2020 01:30:02] [INFO] Voter #13 has voted "Robert"
[19-04-2020 01:30:02] [INFO] Voter #4 has voted "Cameron"
[19-04-2020 01:30:02] [INFO] Voter #14 has voted "Cameron"
[19-04-2020 01:30:02] [INFO] Voter #15 has voted "Robert"
[19-04-2020 01:30:02] [INFO] Voter #16 has voted "Cameron"
[19-04-2020 01:30:02] [INFO] Voter #17 has voted "Ted"
[19-04-2020 01:30:02] [INFO] Voter #18 has voted "Cameron"
[19-04-2020 01:30:02] [INFO] Voter #5 has voted "Ted"
[19-04-2020 01:30:02] [INFO] Voter #19 has voted "Robert"
[19-04-2020 01:30:02] [INFO] Voter #20 has voted "Cameron"
[19-04-2020 01:30:02] [INFO] Voter #21 has voted "Cameron"
[19-04-2020 01:30:02] [INFO] Voter #22 has voted "Robert"
[19-04-2020 01:30:02] [INFO] Voter #23 has voted "Ted"
[19-04-2020 01:30:02] [INFO] Voter #24 has voted "Robert"
[19-04-2020 01:30:02] [INFO] Voter #25 has voted "Ted"
[19-04-2020 01:30:02] [INFO] Voter #26 has voted "Robert"
[19-04-2020 01:30:02] [INFO] Voter #27 has voted "Cameron"
[19-04-2020 01:30:02] [INFO] Voter #28 has voted "Cameron"
[19-04-2020 01:30:02] [INFO] Voter #29 has voted "Ted"
[19-04-2020 01:30:02] [INFO] Voter #30 has voted "Cameron"
[19-04-2020 01:30:02] [INFO] Voter #31 has voted "Robert"
[19-04-2020 01:30:02] [INFO] Voter #32 has voted "Robert"
[19-04-2020 01:30:02] [INFO] Voter #33 has voted "Cameron"
[19-04-2020 01:30:02] [INFO] Voter #34 has voted "Robert"
[19-04-2020 01:30:02] [INFO] Voter #35 has voted "Ted"
[19-04-2020 01:30:02] [INFO] Voter #36 has voted "Cameron"
[19-04-2020 01:30:02] [INFO] Voter #37 has voted "Ted"
[19-04-2020 01:30:02] [INFO] Voter #38 has voted "Cameron"
[19-04-2020 01:30:02] [INFO] Voter #39 has voted "Robert"
[19-04-2020 01:30:02] [INFO] Voter #40 has voted "Ted"
[19-04-2020 01:30:02] [INFO] Voter #41 has voted "Ted"
[19-04-2020 01:30:02] [INFO] Voter #42 has voted "Robert"
[19-04-2020 01:30:02] [INFO] Voter #43 has voted "Cameron"
[19-04-2020 01:30:02] [INFO] Voter #44 has voted "Robert"
[19-04-2020 01:30:02] [INFO] Voter #45 has voted "Ted"
[19-04-2020 01:30:02] [INFO] Voter #46 has voted "Ted"
[19-04-2020 01:30:02] [INFO] Voter #47 has voted "Ted"
[19-04-2020 01:30:02] [INFO] Voter #48 has voted "Ted"
[19-04-2020 01:30:02] [INFO] Voter #49 has voted "Cameron"
[19-04-2020 01:30:02] [INFO] Voter #50 has voted "Cameron"
[19-04-2020 01:30:02] [INFO] Voter #51 has voted "Robert"
[19-04-2020 01:30:02] [INFO] Voter #52 has voted "Ted"
[19-04-2020 01:30:02] [INFO] Voter #53 has voted "Cameron"
[19-04-2020 01:30:02] [INFO] Voter #54 has voted "Ted"
[19-04-2020 01:30:02] [INFO] Voter #55 has voted "Cameron"
[19-04-2020 01:30:02] [INFO] Voter #56 has voted "Ted"
[19-04-2020 01:30:02] [INFO] Voter #57 has voted "Cameron"
[19-04-2020 01:30:02] [INFO] Voter #58 has voted "Robert"
[19-04-2020 01:30:02] [INFO] Voter #59 has voted "Cameron"
[19-04-2020 01:30:02] [INFO] Voter #60 has voted "Cameron"
[19-04-2020 01:30:02] [INFO] Voter #61 has voted "Robert"
[19-04-2020 01:30:02] [INFO] Voter #62 has voted "Robert"
[19-04-2020 01:30:02] [INFO] Voter #63 has voted "Robert"
[19-04-2020 01:30:02] [INFO] Voter #64 has voted "Robert"
[19-04-2020 01:30:02] [INFO] Voter #65 has voted "Cameron"
[19-04-2020 01:30:02] [INFO] Voter #66 has voted "Cameron"
[19-04-2020 01:30:02] [INFO] Voter #67 has voted "Robert"
[19-04-2020 01:30:02] [INFO] Voter #68 has voted "Cameron"
[19-04-2020 01:30:02] [INFO] Voter #69 has voted "Cameron"
[19-04-2020 01:30:02] [INFO] Voter #70 has voted "Robert"
[19-04-2020 01:30:02] [INFO] Voter #71 has voted "Robert"
[19-04-2020 01:30:02] [INFO] Voter #0 has voted "Cameron"
[19-04-2020 01:30:02] [INFO] Voter #72 has voted "Cameron"
[19-04-2020 01:30:02] [INFO] Voter #1 has voted "Robert"
[19-04-2020 01:30:02] [INFO] Voter #73 has voted "Cameron"
[19-04-2020 01:30:02] [INFO] Voter #2 has voted "Ted"
[19-04-2020 01:30:02] [INFO] Voter #74 has voted "Ted"
[19-04-2020 01:30:02] [INFO] Voter #3 has voted "Cameron"
[19-04-2020 01:30:02] [INFO] Voter #75 has voted "Robert"
[19-04-2020 01:30:02] [INFO] Voter #76 has voted "Ted"
[19-04-2020 01:30:02] [INFO] Voter #77 has voted "Ted"
[19-04-2020 01:30:39] [INFO] Closing logger
