[19-04-2020 01:34:21] [INFO] Starting logger
[19-04-2020 01:34:27] [INFO] Joe Furfaro has verified their ADMIN identity using access code "Dipole2001!"
[19-04-2020 01:34:38] [WARNING] VOTER login failed using access code "5z0vpg"
[19-04-2020 01:34:38] [WARNING] VOTER login failed using access code "u0dhjq"
[19-04-2020 01:34:38] [WARNING] VOTER login failed using access code "8cbubt"
[19-04-2020 01:34:38] [WARNING] VOTER login failed using access code "ibh7ks"
[19-04-2020 01:34:38] [WARNING] VOTER login failed using access code "texdyx"
[19-04-2020 01:34:38] [WARNING] VOTER login failed using access code "stqkel"
[19-04-2020 01:34:38] [WARNING] VOTER login failed using access code "o6yh8p"
[19-04-2020 01:34:38] [WARNING] VOTER login failed using access code "lmsxvu"
[19-04-2020 01:34:38] [WARNING] VOTER login failed using access code "0rq1bb"
[19-04-2020 01:34:38] [WARNING] VOTER login failed using access code "kcqqr6"
[19-04-2020 01:34:38] [WARNING] VOTER login failed using access code "h5nspm"
[19-04-2020 01:34:38] [WARNING] VOTER login failed using access code "ihv1dx"
[19-04-2020 01:34:38] [WARNING] VOTER login failed using access code "sry3tb"
[19-04-2020 01:34:38] [WARNING] VOTER login failed using access code "x9pdtr"
[19-04-2020 01:34:38] [WARNING] VOTER login failed using access code "vxx0yu"
[19-04-2020 01:34:38] [WARNING] VOTER login failed using access code "q4epc5"
[19-04-2020 01:34:38] [WARNING] VOTER login failed using access code "4p6xz2"
[19-04-2020 01:34:38] [WARNING] VOTER login failed using access code "cdq4m1"
[19-04-2020 01:34:38] [WARNING] VOTER login failed using access code "717e0q"
[19-04-2020 01:34:38] [WARNING] VOTER login failed using access code "zjo8yk"
[19-04-2020 01:34:38] [WARNING] VOTER login failed using access code "rwbpyl"
[19-04-2020 01:34:38] [WARNING] VOTER login failed using access code "axf5b0"
[19-04-2020 01:34:38] [WARNING] VOTER login failed using access code "vq9ueg"
[19-04-2020 01:34:38] [WARNING] VOTER login failed using access code "f90elj"
[19-04-2020 01:34:38] [WARNING] VOTER login failed using access code "3upx3y"
[19-04-2020 01:34:38] [WARNING] VOTER login failed using access code "kxaqnr"
[19-04-2020 01:34:38] [WARNING] VOTER login failed using access code "uhspcg"
[19-04-2020 01:34:38] [WARNING] VOTER login failed using access code "0rudgm"
[19-04-2020 01:34:38] [WARNING] VOTER login failed using access code "z6rk2a"
[19-04-2020 01:34:38] [WARNING] VOTER login failed using access code "0a2120"
[19-04-2020 01:34:38] [WARNING] VOTER login failed using access code "8q8f0n"
[19-04-2020 01:34:38] [WARNING] VOTER login failed using access code "kp5meu"
[19-04-2020 01:34:38] [WARNING] VOTER login failed using access code "t1mhrm"
[19-04-2020 01:34:38] [WARNING] VOTER login failed using access code "3x0top"
[19-04-2020 01:34:38] [WARNING] VOTER login failed using access code "ms25pt"
[19-04-2020 01:34:38] [WARNING] VOTER login failed using access code "43khhl"
[19-04-2020 01:34:38] [WARNING] VOTER login failed using access code "4tiqs9"
[19-04-2020 01:34:38] [WARNING] VOTER login failed using access code "lf2gti"
[19-04-2020 01:34:38] [WARNING] VOTER login failed using access code "pds68a"
[19-04-2020 01:34:38] [WARNING] VOTER login failed using access code "1qxnxr"
[19-04-2020 01:34:38] [WARNING] VOTER login failed using access code "ygaoa7"
[19-04-2020 01:34:38] [WARNING] VOTER login failed using access code "nsv72p"
[19-04-2020 01:34:38] [WARNING] VOTER login failed using access code "yldgme"
[19-04-2020 01:34:38] [WARNING] VOTER login failed using access code "w8tyoy"
[19-04-2020 01:34:38] [WARNING] VOTER login failed using access code "529rpe"
[19-04-2020 01:34:38] [WARNING] VOTER login failed using access code "9l5yuc"
[19-04-2020 01:34:38] [WARNING] VOTER login failed using access code "w8vk8m"
[19-04-2020 01:34:38] [WARNING] VOTER login failed using access code "v8whp8"
[19-04-2020 01:34:38] [WARNING] VOTER login failed using access code "n397ui"
[19-04-2020 01:34:38] [WARNING] VOTER login failed using access code "zhbztr"
[19-04-2020 01:34:38] [WARNING] VOTER login failed using access code "eqom9z"
[19-04-2020 01:34:38] [WARNING] VOTER login failed using access code "2ouyon"
[19-04-2020 01:34:38] [WARNING] VOTER login failed using access code "lpqnkz"
[19-04-2020 01:34:38] [WARNING] VOTER login failed using access code "f9hb79"
[19-04-2020 01:34:38] [WARNING] VOTER login failed using access code "9liju2"
[19-04-2020 01:34:38] [WARNING] VOTER login failed using access code "htqs04"
[19-04-2020 01:34:38] [WARNING] VOTER login failed using access code "xcpuvu"
[19-04-2020 01:34:38] [WARNING] VOTER login failed using access code "o12obv"
[19-04-2020 01:34:38] [WARNING] VOTER login failed using access code "odq6v8"
[19-04-2020 01:34:38] [WARNING] VOTER login failed using access code "y75a1b"
[19-04-2020 01:34:38] [WARNING] VOTER login failed using access code "c9x5ht"
[19-04-2020 01:34:38] [WARNING] VOTER login failed using access code "5axncq"
[19-04-2020 01:34:38] [WARNING] VOTER login failed using access code "1onlzp"
[19-04-2020 01:34:38] [WARNING] VOTER login failed using access code "jg8btk"
[19-04-2020 01:34:38] [WARNING] VOTER login failed using access code "2e35pc"
[19-04-2020 01:34:38] [WARNING] VOTER login failed using access code "p9wtf1"
[19-04-2020 01:34:38] [WARNING] VOTER login failed using access code "ndpcl5"
[19-04-2020 01:34:38] [WARNING] VOTER login failed using access code "hqlywn"
[19-04-2020 01:34:38] [WARNING] VOTER login failed using access code "n45jej"
[19-04-2020 01:34:38] [WARNING] VOTER login failed using access code "kcudf0"
[19-04-2020 01:34:38] [WARNING] VOTER login failed using access code "icenro"
[19-04-2020 01:34:38] [WARNING] VOTER login failed using access code "tkx4vj"
[19-04-2020 01:34:38] [WARNING] VOTER login failed using access code "vy2y4u"
[19-04-2020 01:34:38] [WARNING] VOTER login failed using access code "54fkci"
[19-04-2020 01:34:38] [WARNING] VOTER login failed using access code "5ge9gf"
[19-04-2020 01:34:38] [WARNING] VOTER login failed using access code "hy4cfb"
[19-04-2020 01:34:38] [WARNING] VOTER login failed using access code "o3xhw6"
[19-04-2020 01:34:38] [WARNING] VOTER login failed using access code "u953p2"
[19-04-2020 01:34:38] [WARNING] VOTER login failed using access code "64ca9s"
[19-04-2020 01:34:38] [WARNING] VOTER login failed using access code "yp6a2h"
[19-04-2020 01:34:38] [WARNING] VOTER login failed using access code "fu5ais"
[19-04-2020 01:34:38] [WARNING] VOTER login failed using access code "110aoh"
[19-04-2020 01:34:38] [WARNING] VOTER login failed using access code "kvjfpu"
[19-04-2020 01:34:38] [WARNING] VOTER login failed using access code "sgfb2o"
[19-04-2020 01:34:38] [WARNING] VOTER login failed using access code "dw1s4v"
[19-04-2020 01:34:38] [WARNING] VOTER login failed using access code "86vjkv"
[19-04-2020 01:34:38] [WARNING] VOTER login failed using access code "jhreqa"
[19-04-2020 01:34:38] [WARNING] VOTER login failed using access code "ryui74"
[19-04-2020 01:34:38] [WARNING] VOTER login failed using access code "qhroy4"
[19-04-2020 01:34:38] [WARNING] VOTER login failed using access code "kv4g0c"
[19-04-2020 01:34:38] [WARNING] VOTER login failed using access code "rj1ldc"
[19-04-2020 01:34:38] [WARNING] VOTER login failed using access code "sz4toh"
[19-04-2020 01:34:38] [WARNING] VOTER login failed using access code "crqi91"
[19-04-2020 01:34:38] [WARNING] VOTER login failed using access code "tn5knv"
[19-04-2020 01:34:38] [WARNING] VOTER login failed using access code "fa8zll"
[19-04-2020 01:34:38] [WARNING] VOTER login failed using access code "u8cd4t"
[19-04-2020 01:34:38] [WARNING] VOTER login failed using access code "xlq023"
[19-04-2020 01:34:38] [WARNING] VOTER login failed using access code "9wiytf"
[19-04-2020 01:34:38] [WARNING] VOTER login failed using access code "2v7dqe"
[19-04-2020 01:34:38] [WARNING] VOTER login failed using access code "46hq8a"
[19-04-2020 01:34:38] [WARNING] VOTER login failed using access code "meansa"
[19-04-2020 01:34:38] [WARNING] VOTER login failed using access code "xhz1zn"
[19-04-2020 01:34:38] [WARNING] VOTER login failed using access code "8sif1b"
[19-04-2020 01:34:38] [WARNING] VOTER login failed using access code "hi0vo3"
[19-04-2020 01:34:38] [WARNING] VOTER login failed using access code "wf2twy"
[19-04-2020 01:34:38] [WARNING] VOTER login failed using access code "gbd547"
[19-04-2020 01:34:38] [WARNING] VOTER login failed using access code "obxkc3"
[19-04-2020 01:34:38] [WARNING] VOTER login failed using access code "o0ilkq"
[19-04-2020 01:34:38] [WARNING] VOTER login failed using access code "536we7"
[19-04-2020 01:34:38] [WARNING] VOTER login failed using access code "43woky"
[19-04-2020 01:34:38] [WARNING] VOTER login failed using access code "62vech"
[19-04-2020 01:34:38] [WARNING] VOTER login failed using access code "6wjvvh"
[19-04-2020 01:34:38] [WARNING] VOTER login failed using access code "1lyjq2"
[19-04-2020 01:34:38] [WARNING] VOTER login failed using access code "x31p9z"
[19-04-2020 01:34:38] [WARNING] VOTER login failed using access code "dt7mif"
[19-04-2020 01:34:38] [WARNING] VOTER login failed using access code "t3b0n9"
[19-04-2020 01:34:38] [WARNING] VOTER login failed using access code "8oonvn"
[19-04-2020 01:34:38] [WARNING] VOTER login failed using access code "k3ca9f"
[19-04-2020 01:34:38] [WARNING] VOTER login failed using access code "cwnm1p"
[19-04-2020 01:34:38] [WARNING] VOTER login failed using access code "r1q8t0"
[19-04-2020 01:34:38] [WARNING] VOTER login failed using access code "m21pu8"
[19-04-2020 01:34:38] [WARNING] VOTER login failed using access code "r0f63n"
[19-04-2020 01:34:38] [WARNING] VOTER login failed using access code "fq05jl"
[19-04-2020 01:34:38] [WARNING] VOTER login failed using access code "i66xvo"
[19-04-2020 01:34:38] [WARNING] VOTER login failed using access code "u6iyc3"
[19-04-2020 01:34:38] [WARNING] VOTER login failed using access code "o8ddq0"
[19-04-2020 01:34:38] [WARNING] VOTER login failed using access code "vdysdd"
[19-04-2020 01:34:38] [WARNING] VOTER login failed using access code "jslurl"
[19-04-2020 01:34:38] [WARNING] VOTER login failed using access code "iyezet"
[19-04-2020 01:34:38] [WARNING] VOTER login failed using access code "jp7bfq"
[19-04-2020 01:34:38] [WARNING] VOTER login failed using access code "7x9hh3"
[19-04-2020 01:34:38] [WARNING] VOTER login failed using access code "9ofo5v"
[19-04-2020 01:34:38] [WARNING] VOTER login failed using access code "7yjkmr"
[19-04-2020 01:34:38] [WARNING] VOTER login failed using access code "cbagxs"
[19-04-2020 01:34:38] [WARNING] VOTER login failed using access code "or3vzw"
[19-04-2020 01:34:38] [WARNING] VOTER login failed using access code "7v4p3o"
[19-04-2020 01:34:38] [WARNING] VOTER login failed using access code "btsp9u"
[19-04-2020 01:34:38] [WARNING] VOTER login failed using access code "y1ano6"
[19-04-2020 01:34:38] [WARNING] VOTER login failed using access code "g7ara3"
[19-04-2020 01:34:38] [WARNING] VOTER login failed using access code "w9rcba"
[19-04-2020 01:34:38] [WARNING] VOTER login failed using access code "5fsmdi"
[19-04-2020 01:34:38] [WARNING] VOTER login failed using access code "rcvziw"
[19-04-2020 01:34:38] [WARNING] VOTER login failed using access code "zebmxz"
[19-04-2020 01:34:38] [WARNING] VOTER login failed using access code "j46xxm"
[19-04-2020 01:34:38] [WARNING] VOTER login failed using access code "lg9f88"
[19-04-2020 01:34:38] [WARNING] VOTER login failed using access code "bun0jz"
[19-04-2020 01:34:38] [WARNING] VOTER login failed using access code "ddgd1s"
[19-04-2020 01:34:38] [WARNING] VOTER login failed using access code "pm1040"
[19-04-2020 01:34:38] [WARNING] VOTER login failed using access code "bk2vly"
[19-04-2020 01:34:38] [WARNING] VOTER login failed using access code "c7ckmd"
[19-04-2020 01:34:45] [INFO] Closing logger
