[19-04-2020 01:37:43] [INFO] Starting logger
[19-04-2020 01:37:50] [INFO] Voter #12 has verified their VOTER identity using access code "15xy27"
[19-04-2020 01:37:50] [INFO] Voter #15 has verified their VOTER identity using access code "sgm684"
[19-04-2020 01:37:50] [INFO] Voter #4 has verified their VOTER identity using access code "cqiv0f"
[19-04-2020 01:37:50] [INFO] Voter #14 has verified their VOTER identity using access code "il7sw6"
[19-04-2020 01:37:50] [INFO] Voter #18 has verified their VOTER identity using access code "03klwn"
[19-04-2020 01:37:50] [INFO] Voter #1 has verified their VOTER identity using access code "o00lve"
[19-04-2020 01:37:51] [INFO] Voter #234 has verified their VOTER identity using access code "xzll7f"
[19-04-2020 01:37:51] [INFO] Voter #230 has verified their VOTER identity using access code "r98zyz"
[19-04-2020 01:37:51] [INFO] Voter #93 has verified their VOTER identity using access code "3udyvo"
[19-04-2020 01:37:51] [INFO] Voter #241 has verified their VOTER identity using access code "7lo6jo"
[19-04-2020 01:37:51] [INFO] Voter #16 has verified their VOTER identity using access code "voxsl6"
[19-04-2020 01:37:51] [INFO] Voter #13 has verified their VOTER identity using access code "3jbhli"
[19-04-2020 01:37:51] [INFO] Voter #17 has verified their VOTER identity using access code "sa4pgz"
[19-04-2020 01:37:51] [INFO] Voter #0 has verified their VOTER identity using access code "m1sp5v"
[19-04-2020 01:37:51] [INFO] Voter #6 has verified their VOTER identity using access code "enkw76"
[19-04-2020 01:37:51] [INFO] Voter #218 has verified their VOTER identity using access code "u8b13v"
[19-04-2020 01:37:51] [INFO] Voter #8 has verified their VOTER identity using access code "b0lxh0"
[19-04-2020 01:37:51] [INFO] Voter #232 has verified their VOTER identity using access code "o0c7je"
[19-04-2020 01:37:51] [INFO] Voter #151 has verified their VOTER identity using access code "hwlc2d"
[19-04-2020 01:37:51] [INFO] Voter #7 has verified their VOTER identity using access code "1f7phm"
[19-04-2020 01:37:51] [INFO] Voter #237 has verified their VOTER identity using access code "ijz6pd"
[19-04-2020 01:37:51] [INFO] Voter #238 has verified their VOTER identity using access code "5atowy"
[19-04-2020 01:37:51] [INFO] Voter #2 has verified their VOTER identity using access code "pdu4q7"
[19-04-2020 01:37:51] [INFO] Voter #246 has verified their VOTER identity using access code "et7okp"
[19-04-2020 01:37:51] [INFO] Voter #193 has verified their VOTER identity using access code "c7jjoq"
[19-04-2020 01:37:51] [INFO] Voter #185 has verified their VOTER identity using access code "515v7m"
[19-04-2020 01:37:51] [INFO] Voter #9 has verified their VOTER identity using access code "u2m4en"
[19-04-2020 01:37:51] [INFO] Voter #197 has verified their VOTER identity using access code "qhiw3r"
[19-04-2020 01:37:51] [INFO] Voter #11 has verified their VOTER identity using access code "reirbe"
[19-04-2020 01:37:51] [INFO] Voter #187 has verified their VOTER identity using access code "vdgocn"
[19-04-2020 01:37:51] [INFO] Voter #139 has verified their VOTER identity using access code "bzbqrt"
[19-04-2020 01:37:51] [INFO] Voter #62 has verified their VOTER identity using access code "7nzty7"
[19-04-2020 01:37:51] [INFO] Voter #103 has verified their VOTER identity using access code "9l2kgz"
[19-04-2020 01:37:51] [INFO] Voter #94 has verified their VOTER identity using access code "34kub5"
[19-04-2020 01:37:51] [INFO] Voter #110 has verified their VOTER identity using access code "kmh25r"
[19-04-2020 01:37:51] [INFO] Voter #160 has verified their VOTER identity using access code "q9dp6s"
[19-04-2020 01:37:51] [INFO] Voter #190 has verified their VOTER identity using access code "umrl4f"
[19-04-2020 01:37:51] [INFO] Voter #61 has verified their VOTER identity using access code "5ch8si"
[19-04-2020 01:37:51] [INFO] Voter #19 has verified their VOTER identity using access code "cv97l1"
[19-04-2020 01:37:51] [INFO] Voter #205 has verified their VOTER identity using access code "z3lm05"
[19-04-2020 01:37:51] [INFO] Voter #164 has verified their VOTER identity using access code "7r2ofa"
[19-04-2020 01:37:51] [INFO] Voter #88 has verified their VOTER identity using access code "etyibz"
[19-04-2020 01:37:51] [INFO] Voter #214 has verified their VOTER identity using access code "uvz3ly"
[19-04-2020 01:37:51] [INFO] Voter #36 has verified their VOTER identity using access code "ycdv5c"
[19-04-2020 01:37:51] [INFO] Voter #123 has verified their VOTER identity using access code "z0gfnm"
[19-04-2020 01:37:51] [INFO] Voter #51 has verified their VOTER identity using access code "h5sp30"
[19-04-2020 01:37:51] [INFO] Voter #122 has verified their VOTER identity using access code "cbjvk0"
[19-04-2020 01:37:51] [INFO] Voter #31 has verified their VOTER identity using access code "td5a3c"
[19-04-2020 01:37:51] [INFO] Voter #233 has verified their VOTER identity using access code "e0xiok"
[19-04-2020 01:37:51] [INFO] Voter #207 has verified their VOTER identity using access code "yebhrf"
[19-04-2020 01:37:51] [INFO] Voter #145 has verified their VOTER identity using access code "q8s8hn"
[19-04-2020 01:37:51] [INFO] Voter #236 has verified their VOTER identity using access code "c0bbgv"
[19-04-2020 01:37:51] [INFO] Voter #226 has verified their VOTER identity using access code "2rui24"
[19-04-2020 01:37:51] [INFO] Voter #216 has verified their VOTER identity using access code "vcb530"
[19-04-2020 01:37:51] [INFO] Voter #248 has verified their VOTER identity using access code "1up10j"
[19-04-2020 01:37:51] [INFO] Voter #206 has verified their VOTER identity using access code "iv34nl"
[19-04-2020 01:37:51] [INFO] Voter #25 has verified their VOTER identity using access code "hi2gl1"
[19-04-2020 01:37:51] [INFO] Voter #33 has verified their VOTER identity using access code "ezi5qi"
[19-04-2020 01:37:51] [INFO] Voter #50 has verified their VOTER identity using access code "uqmdfp"
[19-04-2020 01:37:51] [INFO] Voter #210 has verified their VOTER identity using access code "26g9hg"
[19-04-2020 01:37:51] [INFO] Voter #85 has verified their VOTER identity using access code "39565u"
[19-04-2020 01:37:51] [INFO] Voter #68 has verified their VOTER identity using access code "kzckch"
[19-04-2020 01:37:51] [INFO] Voter #118 has verified their VOTER identity using access code "5b7gij"
[19-04-2020 01:37:51] [INFO] Voter #56 has verified their VOTER identity using access code "jfugcf"
[19-04-2020 01:37:51] [INFO] Voter #32 has verified their VOTER identity using access code "0wnlx6"
[19-04-2020 01:37:51] [INFO] Voter #195 has verified their VOTER identity using access code "nr8a97"
[19-04-2020 01:37:51] [INFO] Voter #69 has verified their VOTER identity using access code "pctwex"
[19-04-2020 01:37:51] [INFO] Voter #225 has verified their VOTER identity using access code "jyir2k"
[19-04-2020 01:37:51] [INFO] Voter #83 has verified their VOTER identity using access code "oykd3c"
[19-04-2020 01:37:51] [INFO] Voter #215 has verified their VOTER identity using access code "692a8a"
[19-04-2020 01:37:51] [INFO] Voter #57 has verified their VOTER identity using access code "9i7mlj"
[19-04-2020 01:37:51] [INFO] Voter #101 has verified their VOTER identity using access code "bbsabw"
[19-04-2020 01:37:51] [INFO] Voter #227 has verified their VOTER identity using access code "tkkvnt"
[19-04-2020 01:37:51] [INFO] Voter #186 has verified their VOTER identity using access code "syuym0"
[19-04-2020 01:37:51] [INFO] Voter #52 has verified their VOTER identity using access code "zekl8c"
[19-04-2020 01:37:51] [INFO] Voter #79 has verified their VOTER identity using access code "9ucdqa"
[19-04-2020 01:37:51] [INFO] Voter #213 has verified their VOTER identity using access code "j9l8mm"
[19-04-2020 01:37:51] [INFO] Voter #168 has verified their VOTER identity using access code "y7vv3o"
[19-04-2020 01:37:51] [INFO] Voter #163 has verified their VOTER identity using access code "21r31m"
[19-04-2020 01:37:51] [INFO] Voter #178 has verified their VOTER identity using access code "0eg66r"
[19-04-2020 01:37:51] [INFO] Voter #162 has verified their VOTER identity using access code "obsase"
[19-04-2020 01:37:51] [INFO] Voter #53 has verified their VOTER identity using access code "59wcos"
[19-04-2020 01:37:51] [INFO] Voter #107 has verified their VOTER identity using access code "4dwaky"
[19-04-2020 01:37:51] [INFO] Voter #46 has verified their VOTER identity using access code "37qymu"
[19-04-2020 01:37:51] [INFO] Voter #119 has verified their VOTER identity using access code "hpuvzl"
[19-04-2020 01:37:51] [INFO] Voter #75 has verified their VOTER identity using access code "mvhju2"
[19-04-2020 01:37:51] [INFO] Voter #212 has verified their VOTER identity using access code "415u3p"
[19-04-2020 01:37:51] [INFO] Voter #144 has verified their VOTER identity using access code "hjnj7z"
[19-04-2020 01:37:51] [INFO] Voter #188 has verified their VOTER identity using access code "1f5ipz"
[19-04-2020 01:37:51] [INFO] Voter #240 has verified their VOTER identity using access code "kac4yw"
[19-04-2020 01:37:51] [INFO] Voter #44 has verified their VOTER identity using access code "934jr2"
[19-04-2020 01:37:51] [INFO] Voter #153 has verified their VOTER identity using access code "ryhfca"
[19-04-2020 01:37:51] [INFO] Voter #108 has verified their VOTER identity using access code "un0nej"
[19-04-2020 01:37:51] [INFO] Voter #27 has verified their VOTER identity using access code "xjchmo"
[19-04-2020 01:37:51] [INFO] Voter #134 has verified their VOTER identity using access code "z2wo2c"
[19-04-2020 01:37:51] [INFO] Voter #39 has verified their VOTER identity using access code "i8cf74"
[19-04-2020 01:37:51] [INFO] Voter #87 has verified their VOTER identity using access code "a3mprc"
[19-04-2020 01:37:51] [INFO] Voter #112 has verified their VOTER identity using access code "bruvdn"
[19-04-2020 01:37:51] [INFO] Voter #191 has verified their VOTER identity using access code "guh2db"
[19-04-2020 01:37:51] [INFO] Voter #120 has verified their VOTER identity using access code "up481j"
[19-04-2020 01:37:51] [INFO] Voter #199 has verified their VOTER identity using access code "xduqpl"
[19-04-2020 01:37:51] [INFO] Voter #245 has verified their VOTER identity using access code "ji6ulo"
[19-04-2020 01:37:51] [INFO] Voter #126 has verified their VOTER identity using access code "ljvkl2"
[19-04-2020 01:37:51] [INFO] Voter #111 has verified their VOTER identity using access code "s92dog"
[19-04-2020 01:37:51] [INFO] Voter #179 has verified their VOTER identity using access code "ozp70b"
[19-04-2020 01:37:51] [INFO] Voter #244 has verified their VOTER identity using access code "f17ff5"
[19-04-2020 01:37:51] [INFO] Voter #116 has verified their VOTER identity using access code "hcict6"
[19-04-2020 01:37:51] [INFO] Voter #143 has verified their VOTER identity using access code "66ksr5"
[19-04-2020 01:37:51] [INFO] Voter #201 has verified their VOTER identity using access code "hk08dq"
[19-04-2020 01:37:51] [INFO] Voter #229 has verified their VOTER identity using access code "zolukc"
[19-04-2020 01:37:51] [INFO] Voter #124 has verified their VOTER identity using access code "wry4k8"
[19-04-2020 01:37:51] [INFO] Voter #84 has verified their VOTER identity using access code "dj6oo5"
[19-04-2020 01:37:51] [INFO] Voter #211 has verified their VOTER identity using access code "cx2h8q"
[19-04-2020 01:37:51] [INFO] Voter #92 has verified their VOTER identity using access code "xu6phj"
[19-04-2020 01:37:51] [INFO] Voter #231 has verified their VOTER identity using access code "dpzrt9"
[19-04-2020 01:37:51] [INFO] Voter #24 has verified their VOTER identity using access code "i3u40m"
[19-04-2020 01:37:51] [INFO] Voter #137 has verified their VOTER identity using access code "pj6qke"
[19-04-2020 01:37:51] [INFO] Voter #189 has verified their VOTER identity using access code "46ts0b"
[19-04-2020 01:37:51] [INFO] Voter #155 has verified their VOTER identity using access code "j4jnqb"
[19-04-2020 01:37:51] [INFO] Voter #70 has verified their VOTER identity using access code "p2mavf"
[19-04-2020 01:37:51] [INFO] Voter #67 has verified their VOTER identity using access code "v4u2ru"
[19-04-2020 01:37:51] [INFO] Voter #138 has verified their VOTER identity using access code "crlkb0"
[19-04-2020 01:37:51] [INFO] Voter #77 has verified their VOTER identity using access code "4nfzyw"
[19-04-2020 01:37:51] [INFO] Voter #99 has verified their VOTER identity using access code "weez4k"
[19-04-2020 01:37:51] [INFO] Voter #127 has verified their VOTER identity using access code "ctle27"
[19-04-2020 01:37:51] [INFO] Voter #90 has verified their VOTER identity using access code "v3h016"
[19-04-2020 01:37:51] [INFO] Voter #135 has verified their VOTER identity using access code "8d3kit"
[19-04-2020 01:37:51] [INFO] Voter #98 has verified their VOTER identity using access code "r43ict"
[19-04-2020 01:37:51] [INFO] Voter #130 has verified their VOTER identity using access code "fsz85j"
[19-04-2020 01:37:51] [INFO] Voter #20 has verified their VOTER identity using access code "wimwfl"
[19-04-2020 01:37:51] [INFO] Voter #97 has verified their VOTER identity using access code "m4ngb8"
[19-04-2020 01:37:51] [INFO] Voter #38 has verified their VOTER identity using access code "5d2l3s"
[19-04-2020 01:37:51] [INFO] Voter #21 has verified their VOTER identity using access code "wig2kz"
[19-04-2020 01:37:51] [INFO] Voter #109 has verified their VOTER identity using access code "xgj82h"
[19-04-2020 01:37:51] [INFO] Voter #45 has verified their VOTER identity using access code "8akjx7"
[19-04-2020 01:37:51] [INFO] Voter #203 has verified their VOTER identity using access code "iy9xk9"
[19-04-2020 01:37:51] [INFO] Voter #43 has verified their VOTER identity using access code "pa5kla"
[19-04-2020 01:37:51] [INFO] Voter #115 has verified their VOTER identity using access code "vtdx16"
[19-04-2020 01:37:51] [INFO] Voter #196 has verified their VOTER identity using access code "dbrcqg"
[19-04-2020 01:37:51] [INFO] Voter #165 has verified their VOTER identity using access code "yp92nn"
[19-04-2020 01:37:51] [INFO] Voter #28 has verified their VOTER identity using access code "d12llr"
[19-04-2020 01:37:51] [INFO] Voter #82 has verified their VOTER identity using access code "glacb1"
[19-04-2020 01:37:51] [INFO] Voter #86 has verified their VOTER identity using access code "t2pxh0"
[19-04-2020 01:37:51] [INFO] Voter #198 has verified their VOTER identity using access code "vq8nq6"
[19-04-2020 01:37:51] [INFO] Voter #59 has verified their VOTER identity using access code "9xn1ds"
[19-04-2020 01:37:51] [INFO] Voter #177 has verified their VOTER identity using access code "yhgq9o"
[19-04-2020 01:37:51] [INFO] Voter #176 has verified their VOTER identity using access code "7au3ri"
[19-04-2020 01:37:51] [INFO] Voter #78 has verified their VOTER identity using access code "pk78tu"
[19-04-2020 01:37:51] [INFO] Voter #175 has verified their VOTER identity using access code "76n310"
[19-04-2020 01:37:51] [INFO] Voter #235 has verified their VOTER identity using access code "7kz3eh"
[19-04-2020 01:37:51] [INFO] Voter #169 has verified their VOTER identity using access code "d3m2n1"
[19-04-2020 01:37:51] [INFO] Voter #71 has verified their VOTER identity using access code "tr26g7"
[19-04-2020 01:37:51] [INFO] Voter #64 has verified their VOTER identity using access code "zrgwx5"
[19-04-2020 01:37:51] [INFO] Voter #37 has verified their VOTER identity using access code "3swjbe"
[19-04-2020 01:37:51] [INFO] Voter #202 has verified their VOTER identity using access code "q2yhk0"
[19-04-2020 01:37:51] [INFO] Voter #22 has verified their VOTER identity using access code "0nxhkf"
[19-04-2020 01:37:51] [INFO] Voter #42 has verified their VOTER identity using access code "leg6yf"
[19-04-2020 01:37:52] [INFO] Voter #242 has verified their VOTER identity using access code "j9yr6y"
[19-04-2020 01:37:52] [INFO] Voter #66 has verified their VOTER identity using access code "p0wq3u"
[19-04-2020 01:37:52] [INFO] Voter #30 has verified their VOTER identity using access code "9dzvav"
[19-04-2020 01:37:52] [INFO] Voter #81 has verified their VOTER identity using access code "zc10m7"
[19-04-2020 01:37:52] [INFO] Voter #106 has verified their VOTER identity using access code "fx77eh"
[19-04-2020 01:37:52] [INFO] Voter #204 has verified their VOTER identity using access code "q6f8wt"
[19-04-2020 01:37:52] [INFO] Voter #220 has verified their VOTER identity using access code "6txqcq"
[19-04-2020 01:37:52] [INFO] Voter #49 has verified their VOTER identity using access code "9oleue"
[19-04-2020 01:37:52] [INFO] Voter #76 has verified their VOTER identity using access code "rbz1hj"
[19-04-2020 01:37:52] [INFO] Voter #223 has verified their VOTER identity using access code "k3jw6q"
[19-04-2020 01:37:52] [INFO] Voter #100 has verified their VOTER identity using access code "us3yuc"
[19-04-2020 01:37:52] [INFO] Voter #136 has verified their VOTER identity using access code "tkbkua"
[19-04-2020 01:37:52] [INFO] Voter #221 has verified their VOTER identity using access code "c8fmdy"
[19-04-2020 01:37:52] [INFO] Voter #96 has verified their VOTER identity using access code "8rqrxf"
[19-04-2020 01:37:52] [INFO] Voter #117 has verified their VOTER identity using access code "wx0m0p"
[19-04-2020 01:37:52] [INFO] Voter #60 has verified their VOTER identity using access code "jmq7qv"
[19-04-2020 01:37:52] [INFO] Voter #10 has verified their VOTER identity using access code "0a87ud"
[19-04-2020 01:37:52] [INFO] Voter #3 has verified their VOTER identity using access code "v8j1qz"
[19-04-2020 01:37:52] [INFO] Voter #89 has verified their VOTER identity using access code "c228z8"
[19-04-2020 01:37:52] [INFO] Voter #23 has verified their VOTER identity using access code "c00pps"
[19-04-2020 01:37:52] [INFO] Voter #200 has verified their VOTER identity using access code "3uwqtw"
[19-04-2020 01:37:52] [INFO] Voter #113 has verified their VOTER identity using access code "12hpwh"
[19-04-2020 01:37:52] [INFO] Voter #40 has verified their VOTER identity using access code "skzhyv"
[19-04-2020 01:37:52] [INFO] Voter #104 has verified their VOTER identity using access code "7vu9gq"
[19-04-2020 01:37:52] [INFO] Voter #170 has verified their VOTER identity using access code "grvhpl"
[19-04-2020 01:37:52] [INFO] Voter #149 has verified their VOTER identity using access code "18x2vx"
[19-04-2020 01:37:52] [INFO] Voter #228 has verified their VOTER identity using access code "bpdp48"
[19-04-2020 01:37:52] [INFO] Voter #26 has verified their VOTER identity using access code "mvgwgv"
[19-04-2020 01:37:52] [INFO] Voter #158 has verified their VOTER identity using access code "81ua7j"
[19-04-2020 01:37:52] [INFO] Voter #224 has verified their VOTER identity using access code "3qqoiy"
[19-04-2020 01:37:52] [INFO] Voter #141 has verified their VOTER identity using access code "32n45k"
[19-04-2020 01:37:52] [INFO] Voter #34 has verified their VOTER identity using access code "qll5pa"
[19-04-2020 01:37:52] [INFO] Voter #150 has verified their VOTER identity using access code "389hp9"
[19-04-2020 01:37:52] [INFO] Voter #146 has verified their VOTER identity using access code "qzc70c"
[19-04-2020 01:37:52] [INFO] Voter #80 has verified their VOTER identity using access code "bxc6ih"
[19-04-2020 01:37:52] [INFO] Voter #243 has verified their VOTER identity using access code "ygurdz"
[19-04-2020 01:37:52] [INFO] Voter #249 has verified their VOTER identity using access code "izmsh8"
[19-04-2020 01:37:52] [INFO] Voter #128 has verified their VOTER identity using access code "uorz88"
[19-04-2020 01:37:52] [INFO] Voter #157 has verified their VOTER identity using access code "1w4w1v"
[19-04-2020 01:37:52] [INFO] Voter #154 has verified their VOTER identity using access code "zwu927"
[19-04-2020 01:37:52] [INFO] Voter #58 has verified their VOTER identity using access code "8cds9l"
[19-04-2020 01:37:52] [INFO] Voter #184 has verified their VOTER identity using access code "6itahg"
[19-04-2020 01:37:52] [INFO] Voter #74 has verified their VOTER identity using access code "0jh9lh"
[19-04-2020 01:37:52] [INFO] Voter #156 has verified their VOTER identity using access code "qwsoen"
[19-04-2020 01:37:52] [INFO] Voter #35 has verified their VOTER identity using access code "dr47j4"
[19-04-2020 01:37:52] [INFO] Voter #208 has verified their VOTER identity using access code "veslnh"
[19-04-2020 01:37:52] [INFO] Voter #192 has verified their VOTER identity using access code "ftlti4"
[19-04-2020 01:37:52] [INFO] Voter #180 has verified their VOTER identity using access code "sgqtqk"
[19-04-2020 01:37:52] [INFO] Voter #194 has verified their VOTER identity using access code "a80oop"
[19-04-2020 01:37:52] [INFO] Voter #148 has verified their VOTER identity using access code "lt9yyl"
[19-04-2020 01:37:52] [INFO] Voter #167 has verified their VOTER identity using access code "c4u58x"
[19-04-2020 01:37:52] [INFO] Voter #129 has verified their VOTER identity using access code "7m5i95"
[19-04-2020 01:37:53] [INFO] Voter #95 has verified their VOTER identity using access code "t8m98u"
[19-04-2020 01:37:53] [INFO] Voter #65 has verified their VOTER identity using access code "tevz3d"
[19-04-2020 01:37:53] [INFO] Voter #171 has verified their VOTER identity using access code "m3f0mu"
[19-04-2020 01:37:53] [INFO] Voter #166 has verified their VOTER identity using access code "o07r6e"
[19-04-2020 01:37:53] [INFO] Voter #152 has verified their VOTER identity using access code "27wui7"
[19-04-2020 01:37:53] [INFO] Voter #131 has verified their VOTER identity using access code "cm80gp"
[19-04-2020 01:37:53] [INFO] Voter #209 has verified their VOTER identity using access code "0n3n0s"
[19-04-2020 01:37:53] [INFO] Voter #132 has verified their VOTER identity using access code "boer3y"
[19-04-2020 01:37:53] [INFO] Voter #105 has verified their VOTER identity using access code "9hgx5q"
[19-04-2020 01:37:53] [INFO] Voter #173 has verified their VOTER identity using access code "a0u42n"
[19-04-2020 01:37:54] [INFO] Voter #142 has verified their VOTER identity using access code "woz2yy"
[19-04-2020 01:37:54] [INFO] Voter #217 has verified their VOTER identity using access code "2k9mtj"
[19-04-2020 01:37:54] [INFO] Voter #29 has verified their VOTER identity using access code "wkn1dm"
[19-04-2020 01:37:54] [INFO] Voter #140 has verified their VOTER identity using access code "orfza5"
[19-04-2020 01:37:54] [INFO] Voter #125 has verified their VOTER identity using access code "q3jyv8"
[19-04-2020 01:37:54] [INFO] Voter #102 has verified their VOTER identity using access code "mbr9ss"
[19-04-2020 01:37:54] [INFO] Voter #183 has verified their VOTER identity using access code "2mutg8"
[19-04-2020 01:37:54] [INFO] Voter #133 has verified their VOTER identity using access code "70876o"
[19-04-2020 01:37:54] [INFO] Voter #5 has verified their VOTER identity using access code "he84hv"
[19-04-2020 01:37:54] [INFO] Voter #147 has verified their VOTER identity using access code "ti3poc"
[19-04-2020 01:37:54] [INFO] Voter #114 has verified their VOTER identity using access code "88quhs"
[19-04-2020 01:37:54] [INFO] Voter #121 has verified their VOTER identity using access code "8u898i"
[19-04-2020 01:37:54] [INFO] Voter #48 has verified their VOTER identity using access code "iwyu0q"
[19-04-2020 01:37:54] [INFO] Voter #91 has verified their VOTER identity using access code "rukhuc"
[19-04-2020 01:37:54] [INFO] Voter #161 has verified their VOTER identity using access code "bixjbm"
[19-04-2020 01:37:55] [INFO] Voter #63 has verified their VOTER identity using access code "3nn4z1"
[19-04-2020 01:37:55] [INFO] Voter #239 has verified their VOTER identity using access code "3xpdxz"
[19-04-2020 01:37:55] [INFO] Voter #159 has verified their VOTER identity using access code "j0lhh8"
[19-04-2020 01:37:55] [INFO] Voter #47 has verified their VOTER identity using access code "lowzju"
[19-04-2020 01:37:55] [INFO] Voter #41 has verified their VOTER identity using access code "p8ofw9"
[19-04-2020 01:37:55] [INFO] Voter #222 has verified their VOTER identity using access code "hs6say"
[19-04-2020 01:37:55] [INFO] Voter #182 has verified their VOTER identity using access code "z6ocf5"
[19-04-2020 01:37:55] [INFO] Voter #55 has verified their VOTER identity using access code "1hwcza"
[19-04-2020 01:37:55] [INFO] Voter #73 has verified their VOTER identity using access code "c3dzsf"
[19-04-2020 01:37:55] [INFO] Voter #54 has verified their VOTER identity using access code "e7prhd"
[19-04-2020 01:37:55] [INFO] Voter #172 has verified their VOTER identity using access code "mp0mzq"
[19-04-2020 01:37:55] [INFO] Voter #181 has verified their VOTER identity using access code "vxm1r3"
[19-04-2020 01:37:55] [INFO] Voter #72 has verified their VOTER identity using access code "n7evgv"
[19-04-2020 01:37:55] [INFO] Voter #219 has verified their VOTER identity using access code "vbrjwb"
[19-04-2020 01:37:55] [INFO] Voter #174 has verified their VOTER identity using access code "tdgu3t"
[19-04-2020 01:37:55] [INFO] Voter #247 has verified their VOTER identity using access code "9hdtwu"
[19-04-2020 01:38:21] [INFO] Joe Furfaro has verified their ADMIN identity using access code "Dipole2001!"
[19-04-2020 01:38:29] [INFO] Joe Furfaro has changed the question ID to 1
[19-04-2020 01:38:29] [INFO] Voter #1 has voted "False"
[19-04-2020 01:38:29] [INFO] Voter #6 has voted "True"
[19-04-2020 01:38:29] [INFO] Voter #91 has voted "False"
[19-04-2020 01:38:29] [INFO] Voter #5 has voted "True"
[19-04-2020 01:38:29] [INFO] Voter #10 has voted "False"
[19-04-2020 01:38:29] [INFO] Voter #2 has voted "True"
[19-04-2020 01:38:29] [INFO] Voter #4 has voted "False"
[19-04-2020 01:38:29] [INFO] Voter #89 has voted "True"
[19-04-2020 01:38:29] [INFO] Voter #18 has voted "False"
[19-04-2020 01:38:29] [INFO] Voter #3 has voted "False"
[19-04-2020 01:38:29] [INFO] Voter #135 has voted "False"
[19-04-2020 01:38:29] [INFO] Voter #81 has voted "True"
[19-04-2020 01:38:29] [INFO] Voter #147 has voted "False"
[19-04-2020 01:38:29] [INFO] Voter #12 has voted "False"
[19-04-2020 01:38:29] [INFO] Voter #0 has voted "True"
[19-04-2020 01:38:29] [INFO] Voter #20 has voted "False"
[19-04-2020 01:38:29] [INFO] Voter #64 has voted "False"
[19-04-2020 01:38:29] [INFO] Voter #73 has voted "True"
[19-04-2020 01:38:29] [INFO] Voter #127 has voted "True"
[19-04-2020 01:38:29] [INFO] Voter #23 has voted "True"
[19-04-2020 01:38:29] [INFO] Voter #78 has voted "True"
[19-04-2020 01:38:29] [INFO] Voter #76 has voted "True"
[19-04-2020 01:38:29] [INFO] Voter #72 has voted "False"
[19-04-2020 01:38:29] [INFO] Voter #93 has voted "True"
[19-04-2020 01:38:29] [INFO] Voter #181 has voted "True"
[19-04-2020 01:38:29] [INFO] Voter #178 has voted "True"
[19-04-2020 01:38:29] [INFO] Voter #132 has voted "False"
[19-04-2020 01:38:29] [INFO] Voter #7 has voted "True"
[19-04-2020 01:38:29] [INFO] Voter #111 has voted "True"
[19-04-2020 01:38:29] [INFO] Voter #45 has voted "False"
[19-04-2020 01:38:29] [INFO] Voter #74 has voted "True"
[19-04-2020 01:38:29] [INFO] Voter #136 has voted "True"
[19-04-2020 01:38:29] [INFO] Voter #232 has voted "True"
[19-04-2020 01:38:29] [INFO] Voter #80 has voted "True"
[19-04-2020 01:38:29] [INFO] Voter #96 has voted "True"
[19-04-2020 01:38:29] [INFO] Voter #39 has voted "False"
[19-04-2020 01:38:29] [INFO] Voter #198 has voted "False"
[19-04-2020 01:38:29] [INFO] Voter #16 has voted "False"
[19-04-2020 01:38:29] [INFO] Voter #196 has voted "False"
[19-04-2020 01:38:29] [INFO] Voter #97 has voted "False"
[19-04-2020 01:38:29] [INFO] Voter #108 has voted "False"
[19-04-2020 01:38:29] [INFO] Voter #32 has voted "False"
[19-04-2020 01:38:29] [INFO] Voter #90 has voted "False"
[19-04-2020 01:38:29] [INFO] Voter #234 has voted "True"
[19-04-2020 01:38:29] [INFO] Voter #247 has voted "False"
[19-04-2020 01:38:29] [INFO] Voter #158 has voted "False"
[19-04-2020 01:38:29] [INFO] Voter #41 has voted "False"
[19-04-2020 01:38:29] [INFO] Voter #235 has voted "True"
[19-04-2020 01:38:29] [INFO] Voter #62 has voted "False"
[19-04-2020 01:38:29] [INFO] Voter #63 has voted "True"
[19-04-2020 01:38:29] [INFO] Voter #191 has voted "False"
[19-04-2020 01:38:29] [INFO] Voter #40 has voted "False"
[19-04-2020 01:38:29] [INFO] Voter #85 has voted "True"
[19-04-2020 01:38:29] [INFO] Voter #84 has voted "False"
[19-04-2020 01:38:29] [INFO] Voter #56 has voted "False"
[19-04-2020 01:38:29] [INFO] Voter #207 has voted "True"
[19-04-2020 01:38:29] [INFO] Voter #92 has voted "True"
[19-04-2020 01:38:29] [INFO] Voter #205 has voted "True"
[19-04-2020 01:38:29] [INFO] Voter #58 has voted "False"
[19-04-2020 01:38:29] [INFO] Voter #206 has voted "False"
[19-04-2020 01:38:29] [INFO] Voter #211 has voted "False"
[19-04-2020 01:38:29] [INFO] Voter #86 has voted "False"
[19-04-2020 01:38:29] [INFO] Voter #214 has voted "False"
[19-04-2020 01:38:29] [INFO] Voter #237 has voted "False"
[19-04-2020 01:38:29] [INFO] Voter #131 has voted "False"
[19-04-2020 01:38:29] [INFO] Voter #103 has voted "True"
[19-04-2020 01:38:29] [INFO] Voter #79 has voted "True"
[19-04-2020 01:38:29] [INFO] Voter #202 has voted "False"
[19-04-2020 01:38:29] [INFO] Voter #31 has voted "True"
[19-04-2020 01:38:29] [INFO] Voter #54 has voted "True"
[19-04-2020 01:38:29] [INFO] Voter #185 has voted "False"
[19-04-2020 01:38:29] [INFO] Voter #70 has voted "True"
[19-04-2020 01:38:29] [INFO] Voter #46 has voted "False"
[19-04-2020 01:38:29] [INFO] Voter #184 has voted "False"
[19-04-2020 01:38:29] [INFO] Voter #77 has voted "True"
[19-04-2020 01:38:29] [INFO] Voter #160 has voted "False"
[19-04-2020 01:38:29] [INFO] Voter #88 has voted "True"
[19-04-2020 01:38:29] [INFO] Voter #148 has voted "False"
[19-04-2020 01:38:29] [INFO] Voter #14 has voted "False"
[19-04-2020 01:38:29] [INFO] Voter #190 has voted "True"
[19-04-2020 01:38:29] [INFO] Voter #161 has voted "False"
[19-04-2020 01:38:29] [INFO] Voter #167 has voted "False"
[19-04-2020 01:38:29] [INFO] Voter #124 has voted "False"
[19-04-2020 01:38:29] [INFO] Voter #102 has voted "False"
[19-04-2020 01:38:29] [INFO] Voter #156 has voted "False"
[19-04-2020 01:38:29] [INFO] Voter #11 has voted "False"
[19-04-2020 01:38:29] [INFO] Voter #146 has voted "False"
[19-04-2020 01:38:29] [INFO] Voter #9 has voted "False"
[19-04-2020 01:38:29] [INFO] Voter #219 has voted "True"
[19-04-2020 01:38:29] [INFO] Voter #197 has voted "False"
[19-04-2020 01:38:29] [INFO] Voter #49 has voted "False"
[19-04-2020 01:38:29] [INFO] Voter #106 has voted "False"
[19-04-2020 01:38:29] [INFO] Voter #180 has voted "False"
[19-04-2020 01:38:29] [INFO] Voter #231 has voted "False"
[19-04-2020 01:38:29] [INFO] Voter #60 has voted "False"
[19-04-2020 01:38:29] [INFO] Voter #179 has voted "False"
[19-04-2020 01:38:29] [INFO] Voter #193 has voted "True"
[19-04-2020 01:38:29] [INFO] Voter #101 has voted "False"
[19-04-2020 01:38:29] [INFO] Voter #244 has voted "True"
[19-04-2020 01:38:29] [INFO] Voter #13 has voted "True"
[19-04-2020 01:38:29] [INFO] Voter #15 has voted "True"
[19-04-2020 01:38:29] [INFO] Voter #21 has voted "False"
[19-04-2020 01:38:29] [INFO] Voter #164 has voted "True"
[19-04-2020 01:38:29] [INFO] Voter #220 has voted "False"
[19-04-2020 01:38:29] [INFO] Voter #99 has voted "True"
[19-04-2020 01:38:29] [INFO] Voter #192 has voted "False"
[19-04-2020 01:38:29] [INFO] Voter #203 has voted "True"
[19-04-2020 01:38:29] [INFO] Voter #109 has voted "True"
[19-04-2020 01:38:29] [INFO] Voter #213 has voted "False"
[19-04-2020 01:38:29] [INFO] Voter #128 has voted "True"
[19-04-2020 01:38:29] [INFO] Voter #133 has voted "False"
[19-04-2020 01:38:29] [INFO] Voter #242 has voted "True"
[19-04-2020 01:38:29] [INFO] Voter #52 has voted "False"
[19-04-2020 01:38:29] [INFO] Voter #82 has voted "False"
[19-04-2020 01:38:29] [INFO] Voter #37 has voted "True"
[19-04-2020 01:38:29] [INFO] Voter #110 has voted "False"
[19-04-2020 01:38:29] [INFO] Voter #238 has voted "True"
[19-04-2020 01:38:29] [INFO] Voter #140 has voted "True"
[19-04-2020 01:38:29] [INFO] Voter #168 has voted "False"
[19-04-2020 01:38:29] [INFO] Voter #71 has voted "False"
[19-04-2020 01:38:29] [INFO] Voter #139 has voted "True"
[19-04-2020 01:38:29] [INFO] Voter #115 has voted "True"
[19-04-2020 01:38:29] [INFO] Voter #121 has voted "True"
[19-04-2020 01:38:29] [INFO] Voter #166 has voted "True"
[19-04-2020 01:38:29] [INFO] Voter #248 has voted "False"
[19-04-2020 01:38:29] [INFO] Voter #26 has voted "False"
[19-04-2020 01:38:29] [INFO] Voter #94 has voted "True"
[19-04-2020 01:38:29] [INFO] Voter #105 has voted "True"
[19-04-2020 01:38:29] [INFO] Voter #150 has voted "False"
[19-04-2020 01:38:29] [INFO] Voter #24 has voted "True"
[19-04-2020 01:38:29] [INFO] Voter #19 has voted "True"
[19-04-2020 01:38:29] [INFO] Voter #201 has voted "True"
[19-04-2020 01:38:29] [INFO] Voter #199 has voted "True"
[19-04-2020 01:38:29] [INFO] Voter #118 has voted "True"
[19-04-2020 01:38:29] [INFO] Voter #222 has voted "True"
[19-04-2020 01:38:29] [INFO] Voter #215 has voted "False"
[19-04-2020 01:38:29] [INFO] Voter #27 has voted "False"
[19-04-2020 01:38:29] [INFO] Voter #17 has voted "True"
[19-04-2020 01:38:29] [INFO] Voter #172 has voted "True"
[19-04-2020 01:38:29] [INFO] Voter #95 has voted "False"
[19-04-2020 01:38:29] [INFO] Voter #177 has voted "True"
[19-04-2020 01:38:29] [INFO] Voter #223 has voted "False"
[19-04-2020 01:38:29] [INFO] Voter #29 has voted "False"
[19-04-2020 01:38:29] [INFO] Voter #187 has voted "True"
[19-04-2020 01:38:29] [INFO] Voter #8 has voted "True"
[19-04-2020 01:38:29] [INFO] Voter #119 has voted "False"
[19-04-2020 01:38:29] [INFO] Voter #243 has voted "True"
[19-04-2020 01:38:29] [INFO] Voter #83 has voted "False"
[19-04-2020 01:38:29] [INFO] Voter #174 has voted "False"
[19-04-2020 01:38:29] [INFO] Voter #67 has voted "False"
[19-04-2020 01:38:29] [INFO] Voter #125 has voted "True"
[19-04-2020 01:38:29] [INFO] Voter #57 has voted "True"
[19-04-2020 01:38:29] [INFO] Voter #226 has voted "True"
[19-04-2020 01:38:29] [INFO] Voter #241 has voted "True"
[19-04-2020 01:38:29] [INFO] Voter #141 has voted "True"
[19-04-2020 01:38:29] [INFO] Voter #227 has voted "True"
[19-04-2020 01:38:29] [INFO] Voter #53 has voted "False"
[19-04-2020 01:38:29] [INFO] Voter #44 has voted "True"
[19-04-2020 01:38:29] [INFO] Voter #216 has voted "False"
[19-04-2020 01:38:29] [INFO] Voter #221 has voted "True"
[19-04-2020 01:38:29] [INFO] Voter #218 has voted "True"
[19-04-2020 01:38:29] [INFO] Voter #149 has voted "False"
[19-04-2020 01:38:29] [INFO] Voter #98 has voted "True"
[19-04-2020 01:38:29] [INFO] Voter #114 has voted "False"
[19-04-2020 01:38:29] [INFO] Voter #28 has voted "True"
[19-04-2020 01:38:29] [INFO] Voter #176 has voted "True"
[19-04-2020 01:38:29] [INFO] Voter #224 has voted "False"
[19-04-2020 01:38:29] [INFO] Voter #61 has voted "True"
[19-04-2020 01:38:29] [INFO] Voter #129 has voted "True"
[19-04-2020 01:38:29] [INFO] Voter #173 has voted "False"
[19-04-2020 01:38:29] [INFO] Voter #162 has voted "False"
[19-04-2020 01:38:29] [INFO] Voter #104 has voted "True"
[19-04-2020 01:38:29] [INFO] Voter #217 has voted "True"
[19-04-2020 01:38:29] [INFO] Voter #165 has voted "True"
[19-04-2020 01:38:29] [INFO] Voter #55 has voted "False"
[19-04-2020 01:38:29] [INFO] Voter #151 has voted "False"
[19-04-2020 01:38:29] [INFO] Voter #112 has voted "True"
[19-04-2020 01:38:29] [INFO] Voter #113 has voted "False"
[19-04-2020 01:38:29] [INFO] Voter #122 has voted "False"
[19-04-2020 01:38:29] [INFO] Voter #142 has voted "True"
[19-04-2020 01:38:29] [INFO] Voter #36 has voted "False"
[19-04-2020 01:38:29] [INFO] Voter #50 has voted "False"
[19-04-2020 01:38:29] [INFO] Voter #75 has voted "True"
[19-04-2020 01:38:29] [INFO] Voter #138 has voted "True"
[19-04-2020 01:38:29] [INFO] Voter #48 has voted "True"
[19-04-2020 01:38:29] [INFO] Voter #51 has voted "False"
[19-04-2020 01:38:29] [INFO] Voter #153 has voted "True"
[19-04-2020 01:38:29] [INFO] Voter #170 has voted "True"
[19-04-2020 01:38:29] [INFO] Voter #66 has voted "True"
[19-04-2020 01:38:29] [INFO] Voter #204 has voted "True"
[19-04-2020 01:38:29] [INFO] Voter #157 has voted "False"
[19-04-2020 01:38:29] [INFO] Voter #171 has voted "False"
[19-04-2020 01:38:29] [INFO] Voter #229 has voted "True"
[19-04-2020 01:38:29] [INFO] Voter #145 has voted "False"
[19-04-2020 01:38:29] [INFO] Voter #65 has voted "False"
[19-04-2020 01:38:29] [INFO] Voter #186 has voted "True"
[19-04-2020 01:38:29] [INFO] Voter #123 has voted "False"
[19-04-2020 01:38:29] [INFO] Voter #182 has voted "True"
[19-04-2020 01:38:29] [INFO] Voter #230 has voted "True"
[19-04-2020 01:38:29] [INFO] Voter #159 has voted "False"
[19-04-2020 01:38:29] [INFO] Voter #240 has voted "False"
[19-04-2020 01:38:29] [INFO] Voter #87 has voted "False"
[19-04-2020 01:38:29] [INFO] Voter #246 has voted "True"
[19-04-2020 01:38:29] [INFO] Voter #155 has voted "True"
[19-04-2020 01:38:29] [INFO] Voter #143 has voted "True"
[19-04-2020 01:38:29] [INFO] Voter #228 has voted "False"
[19-04-2020 01:38:29] [INFO] Voter #163 has voted "False"
[19-04-2020 01:38:29] [INFO] Voter #38 has voted "False"
[19-04-2020 01:38:29] [INFO] Voter #208 has voted "False"
[19-04-2020 01:38:29] [INFO] Voter #210 has voted "True"
[19-04-2020 01:38:29] [INFO] Voter #209 has voted "True"
[19-04-2020 01:38:29] [INFO] Voter #195 has voted "False"
[19-04-2020 01:38:29] [INFO] Voter #68 has voted "False"
[19-04-2020 01:38:29] [INFO] Voter #144 has voted "False"
[19-04-2020 01:38:29] [INFO] Voter #69 has voted "False"
[19-04-2020 01:38:29] [INFO] Voter #126 has voted "False"
[19-04-2020 01:38:29] [INFO] Voter #43 has voted "True"
[19-04-2020 01:38:29] [INFO] Voter #194 has voted "False"
[19-04-2020 01:38:29] [INFO] Voter #130 has voted "True"
[19-04-2020 01:38:29] [INFO] Voter #239 has voted "True"
[19-04-2020 01:38:29] [INFO] Voter #152 has voted "False"
[19-04-2020 01:38:29] [INFO] Voter #200 has voted "False"
[19-04-2020 01:38:29] [INFO] Voter #120 has voted "True"
[19-04-2020 01:38:29] [INFO] Voter #245 has voted "False"
[19-04-2020 01:38:29] [INFO] Voter #183 has voted "True"
[19-04-2020 01:38:29] [INFO] Voter #212 has voted "False"
[19-04-2020 01:38:29] [INFO] Voter #59 has voted "True"
[19-04-2020 01:38:29] [INFO] Voter #134 has voted "True"
[19-04-2020 01:38:29] [INFO] Voter #22 has voted "False"
[19-04-2020 01:38:29] [INFO] Voter #100 has voted "False"
[19-04-2020 01:38:29] [INFO] Voter #35 has voted "True"
[19-04-2020 01:38:29] [INFO] Voter #25 has voted "True"
[19-04-2020 01:38:29] [INFO] Voter #225 has voted "False"
[19-04-2020 01:38:29] [INFO] Voter #34 has voted "True"
[19-04-2020 01:38:29] [INFO] Voter #249 has voted "False"
[19-04-2020 01:38:29] [INFO] Voter #233 has voted "True"
[19-04-2020 01:38:29] [INFO] Voter #117 has voted "False"
[19-04-2020 01:38:29] [INFO] Voter #236 has voted "True"
[19-04-2020 01:38:29] [INFO] Voter #30 has voted "True"
[19-04-2020 01:38:29] [INFO] Voter #107 has voted "True"
[19-04-2020 01:38:29] [INFO] Voter #175 has voted "False"
[19-04-2020 01:38:29] [INFO] Voter #137 has voted "True"
[19-04-2020 01:38:29] [INFO] Voter #169 has voted "False"
[19-04-2020 01:38:29] [INFO] Voter #47 has voted "False"
[19-04-2020 01:38:29] [INFO] Voter #189 has voted "False"
[19-04-2020 01:38:29] [INFO] Voter #33 has voted "False"
[19-04-2020 01:38:29] [INFO] Voter #116 has voted "True"
[19-04-2020 01:38:29] [INFO] Voter #188 has voted "True"
[19-04-2020 01:38:29] [INFO] Voter #154 has voted "False"
[19-04-2020 01:38:29] [INFO] Voter #42 has voted "False"
[19-04-2020 01:39:15] [INFO] Joe Furfaro has changed the question ID to 2
[19-04-2020 01:39:15] [INFO] Voter #70 has voted "Robert"
[19-04-2020 01:39:15] [INFO] Voter #71 has voted "Ted"
[19-04-2020 01:39:15] [INFO] Voter #0 has voted "Ted"
[19-04-2020 01:39:15] [INFO] Voter #72 has voted "Cameron"
[19-04-2020 01:39:15] [INFO] Voter #77 has voted "Robert"
[19-04-2020 01:39:15] [INFO] Voter #74 has voted "Robert"
[19-04-2020 01:39:15] [INFO] Voter #5 has voted "Ted"
[19-04-2020 01:39:15] [INFO] Voter #76 has voted "Ted"
[19-04-2020 01:39:15] [INFO] Voter #75 has voted "Robert"
[19-04-2020 01:39:15] [INFO] Voter #1 has voted "Ted"
[19-04-2020 01:39:15] [INFO] Voter #4 has voted "Cameron"
[19-04-2020 01:39:15] [INFO] Voter #6 has voted "Ted"
[19-04-2020 01:39:15] [INFO] Voter #3 has voted "Cameron"
[19-04-2020 01:39:15] [INFO] Voter #78 has voted "Ted"
[19-04-2020 01:39:15] [INFO] Voter #92 has voted "Ted"
[19-04-2020 01:39:15] [INFO] Voter #121 has voted "Robert"
[19-04-2020 01:39:15] [INFO] Voter #73 has voted "Ted"
[19-04-2020 01:39:15] [INFO] Voter #84 has voted "Cameron"
[19-04-2020 01:39:15] [INFO] Voter #36 has voted "Ted"
[19-04-2020 01:39:15] [INFO] Voter #200 has voted "Ted"
[19-04-2020 01:39:15] [INFO] Voter #105 has voted "Cameron"
[19-04-2020 01:39:15] [INFO] Voter #166 has voted "Robert"
[19-04-2020 01:39:15] [INFO] Voter #45 has voted "Cameron"
[19-04-2020 01:39:15] [INFO] Voter #44 has voted "Cameron"
[19-04-2020 01:39:15] [INFO] Voter #225 has voted "Robert"
[19-04-2020 01:39:15] [INFO] Voter #141 has voted "Robert"
[19-04-2020 01:39:15] [INFO] Voter #18 has voted "Ted"
[19-04-2020 01:39:15] [INFO] Voter #228 has voted "Cameron"
[19-04-2020 01:39:15] [INFO] Voter #104 has voted "Robert"
[19-04-2020 01:39:15] [INFO] Voter #83 has voted "Cameron"
[19-04-2020 01:39:15] [INFO] Voter #90 has voted "Cameron"
[19-04-2020 01:39:15] [INFO] Voter #179 has voted "Robert"
[19-04-2020 01:39:15] [INFO] Voter #209 has voted "Cameron"
[19-04-2020 01:39:15] [INFO] Voter #101 has voted "Ted"
[19-04-2020 01:39:15] [INFO] Voter #96 has voted "Robert"
[19-04-2020 01:39:15] [INFO] Voter #7 has voted "Ted"
[19-04-2020 01:39:15] [INFO] Voter #97 has voted "Robert"
[19-04-2020 01:39:15] [INFO] Voter #13 has voted "Cameron"
[19-04-2020 01:39:15] [INFO] Voter #88 has voted "Ted"
[19-04-2020 01:39:15] [INFO] Voter #35 has voted "Robert"
[19-04-2020 01:39:15] [INFO] Voter #41 has voted "Cameron"
[19-04-2020 01:39:15] [INFO] Voter #46 has voted "Robert"
[19-04-2020 01:39:15] [INFO] Voter #152 has voted "Ted"
[19-04-2020 01:39:15] [INFO] Voter #85 has voted "Ted"
[19-04-2020 01:39:15] [INFO] Voter #118 has voted "Ted"
[19-04-2020 01:39:15] [INFO] Voter #122 has voted "Ted"
[19-04-2020 01:39:15] [INFO] Voter #94 has voted "Robert"
[19-04-2020 01:39:15] [INFO] Voter #48 has voted "Ted"
[19-04-2020 01:39:15] [INFO] Voter #2 has voted "Ted"
[19-04-2020 01:39:15] [INFO] Voter #245 has voted "Cameron"
[19-04-2020 01:39:15] [INFO] Voter #130 has voted "Ted"
[19-04-2020 01:39:15] [INFO] Voter #8 has voted "Ted"
[19-04-2020 01:39:15] [INFO] Voter #149 has voted "Robert"
[19-04-2020 01:39:15] [INFO] Voter #151 has voted "Robert"
[19-04-2020 01:39:15] [INFO] Voter #146 has voted "Robert"
[19-04-2020 01:39:15] [INFO] Voter #226 has voted "Ted"
[19-04-2020 01:39:15] [INFO] Voter #234 has voted "Robert"
[19-04-2020 01:39:15] [INFO] Voter #120 has voted "Ted"
[19-04-2020 01:39:15] [INFO] Voter #21 has voted "Robert"
[19-04-2020 01:39:15] [INFO] Voter #64 has voted "Cameron"
[19-04-2020 01:39:15] [INFO] Voter #133 has voted "Cameron"
[19-04-2020 01:39:15] [INFO] Voter #43 has voted "Robert"
[19-04-2020 01:39:15] [INFO] Voter #47 has voted "Cameron"
[19-04-2020 01:39:15] [INFO] Voter #167 has voted "Robert"
[19-04-2020 01:39:15] [INFO] Voter #117 has voted "Cameron"
[19-04-2020 01:39:15] [INFO] Voter #17 has voted "Cameron"
[19-04-2020 01:39:15] [INFO] Voter #50 has voted "Cameron"
[19-04-2020 01:39:15] [INFO] Voter #98 has voted "Cameron"
[19-04-2020 01:39:15] [INFO] Voter #208 has voted "Ted"
[19-04-2020 01:39:15] [INFO] Voter #170 has voted "Robert"
[19-04-2020 01:39:15] [INFO] Voter #54 has voted "Ted"
[19-04-2020 01:39:15] [INFO] Voter #189 has voted "Ted"
[19-04-2020 01:39:15] [INFO] Voter #184 has voted "Cameron"
[19-04-2020 01:39:15] [INFO] Voter #158 has voted "Cameron"
[19-04-2020 01:39:15] [INFO] Voter #154 has voted "Cameron"
[19-04-2020 01:39:15] [INFO] Voter #235 has voted "Ted"
[19-04-2020 01:39:15] [INFO] Voter #15 has voted "Cameron"
[19-04-2020 01:39:15] [INFO] Voter #14 has voted "Ted"
[19-04-2020 01:39:15] [INFO] Voter #231 has voted "Robert"
[19-04-2020 01:39:15] [INFO] Voter #82 has voted "Cameron"
[19-04-2020 01:39:15] [INFO] Voter #52 has voted "Cameron"
[19-04-2020 01:39:15] [INFO] Voter #86 has voted "Cameron"
[19-04-2020 01:39:15] [INFO] Voter #171 has voted "Ted"
[19-04-2020 01:39:15] [INFO] Voter #175 has voted "Robert"
[19-04-2020 01:39:15] [INFO] Voter #204 has voted "Cameron"
[19-04-2020 01:39:15] [INFO] Voter #205 has voted "Ted"
[19-04-2020 01:39:15] [INFO] Voter #247 has voted "Ted"
[19-04-2020 01:39:15] [INFO] Voter #39 has voted "Robert"
[19-04-2020 01:39:15] [INFO] Voter #99 has voted "Robert"
[19-04-2020 01:39:15] [INFO] Voter #198 has voted "Robert"
[19-04-2020 01:39:15] [INFO] Voter #61 has voted "Ted"
[19-04-2020 01:39:15] [INFO] Voter #23 has voted "Ted"
[19-04-2020 01:39:15] [INFO] Voter #229 has voted "Ted"
[19-04-2020 01:39:15] [INFO] Voter #16 has voted "Cameron"
[19-04-2020 01:39:15] [INFO] Voter #87 has voted "Ted"
[19-04-2020 01:39:15] [INFO] Voter #241 has voted "Robert"
[19-04-2020 01:39:15] [INFO] Voter #108 has voted "Cameron"
[19-04-2020 01:39:15] [INFO] Voter #243 has voted "Cameron"
[19-04-2020 01:39:15] [INFO] Voter #32 has voted "Cameron"
[19-04-2020 01:39:15] [INFO] Voter #207 has voted "Ted"
[19-04-2020 01:39:15] [INFO] Voter #210 has voted "Cameron"
[19-04-2020 01:39:15] [INFO] Voter #25 has voted "Robert"
[19-04-2020 01:39:15] [INFO] Voter #192 has voted "Cameron"
[19-04-2020 01:39:15] [INFO] Voter #100 has voted "Ted"
[19-04-2020 01:39:15] [INFO] Voter #197 has voted "Cameron"
[19-04-2020 01:39:15] [INFO] Voter #195 has voted "Ted"
[19-04-2020 01:39:15] [INFO] Voter #129 has voted "Ted"
[19-04-2020 01:39:15] [INFO] Voter #190 has voted "Ted"
[19-04-2020 01:39:15] [INFO] Voter #57 has voted "Ted"
[19-04-2020 01:39:15] [INFO] Voter #169 has voted "Ted"
[19-04-2020 01:39:15] [INFO] Voter #242 has voted "Cameron"
[19-04-2020 01:39:15] [INFO] Voter #172 has voted "Robert"
[19-04-2020 01:39:15] [INFO] Voter #174 has voted "Ted"
[19-04-2020 01:39:15] [INFO] Voter #180 has voted "Ted"
[19-04-2020 01:39:15] [INFO] Voter #187 has voted "Cameron"
[19-04-2020 01:39:15] [INFO] Voter #28 has voted "Robert"
[19-04-2020 01:39:15] [INFO] Voter #211 has voted "Ted"
[19-04-2020 01:39:15] [INFO] Voter #68 has voted "Ted"
[19-04-2020 01:39:15] [INFO] Voter #191 has voted "Ted"
[19-04-2020 01:39:15] [INFO] Voter #55 has voted "Cameron"
[19-04-2020 01:39:15] [INFO] Voter #56 has voted "Robert"
[19-04-2020 01:39:15] [INFO] Voter #29 has voted "Cameron"
[19-04-2020 01:39:15] [INFO] Voter #136 has voted "Robert"
[19-04-2020 01:39:15] [INFO] Voter #40 has voted "Cameron"
[19-04-2020 01:39:15] [INFO] Voter #148 has voted "Ted"
[19-04-2020 01:39:15] [INFO] Voter #215 has voted "Robert"
[19-04-2020 01:39:15] [INFO] Voter #31 has voted "Ted"
[19-04-2020 01:39:15] [INFO] Voter #157 has voted "Robert"
[19-04-2020 01:39:15] [INFO] Voter #103 has voted "Robert"
[19-04-2020 01:39:15] [INFO] Voter #238 has voted "Cameron"
[19-04-2020 01:39:15] [INFO] Voter #233 has voted "Cameron"
[19-04-2020 01:39:15] [INFO] Voter #162 has voted "Ted"
[19-04-2020 01:39:15] [INFO] Voter #155 has voted "Robert"
[19-04-2020 01:39:15] [INFO] Voter #164 has voted "Robert"
[19-04-2020 01:39:15] [INFO] Voter #109 has voted "Ted"
[19-04-2020 01:39:15] [INFO] Voter #246 has voted "Cameron"
[19-04-2020 01:39:15] [INFO] Voter #116 has voted "Cameron"
[19-04-2020 01:39:15] [INFO] Voter #106 has voted "Ted"
[19-04-2020 01:39:15] [INFO] Voter #132 has voted "Ted"
[19-04-2020 01:39:15] [INFO] Voter #34 has voted "Ted"
[19-04-2020 01:39:15] [INFO] Voter #67 has voted "Cameron"
[19-04-2020 01:39:15] [INFO] Voter #140 has voted "Ted"
[19-04-2020 01:39:15] [INFO] Voter #63 has voted "Cameron"
[19-04-2020 01:39:15] [INFO] Voter #102 has voted "Ted"
[19-04-2020 01:39:15] [INFO] Voter #201 has voted "Cameron"
[19-04-2020 01:39:15] [INFO] Voter #19 has voted "Ted"
[19-04-2020 01:39:15] [INFO] Voter #165 has voted "Cameron"
[19-04-2020 01:39:15] [INFO] Voter #80 has voted "Ted"
[19-04-2020 01:39:15] [INFO] Voter #20 has voted "Ted"
[19-04-2020 01:39:15] [INFO] Voter #91 has voted "Cameron"
[19-04-2020 01:39:15] [INFO] Voter #124 has voted "Ted"
[19-04-2020 01:39:15] [INFO] Voter #79 has voted "Robert"
[19-04-2020 01:39:15] [INFO] Voter #66 has voted "Cameron"
[19-04-2020 01:39:15] [INFO] Voter #188 has voted "Ted"
[19-04-2020 01:39:15] [INFO] Voter #58 has voted "Ted"
[19-04-2020 01:39:15] [INFO] Voter #150 has voted "Robert"
[19-04-2020 01:39:15] [INFO] Voter #160 has voted "Cameron"
[19-04-2020 01:39:15] [INFO] Voter #168 has voted "Cameron"
[19-04-2020 01:39:15] [INFO] Voter #49 has voted "Ted"
[19-04-2020 01:39:15] [INFO] Voter #227 has voted "Robert"
[19-04-2020 01:39:15] [INFO] Voter #95 has voted "Cameron"
[19-04-2020 01:39:15] [INFO] Voter #27 has voted "Robert"
[19-04-2020 01:39:15] [INFO] Voter #178 has voted "Ted"
[19-04-2020 01:39:15] [INFO] Voter #30 has voted "Cameron"
[19-04-2020 01:39:15] [INFO] Voter #93 has voted "Ted"
[19-04-2020 01:39:15] [INFO] Voter #12 has voted "Robert"
[19-04-2020 01:39:15] [INFO] Voter #249 has voted "Ted"
[19-04-2020 01:39:15] [INFO] Voter #24 has voted "Ted"
[19-04-2020 01:39:15] [INFO] Voter #186 has voted "Robert"
[19-04-2020 01:39:15] [INFO] Voter #219 has voted "Ted"
[19-04-2020 01:39:15] [INFO] Voter #10 has voted "Robert"
[19-04-2020 01:39:15] [INFO] Voter #237 has voted "Cameron"
[19-04-2020 01:39:15] [INFO] Voter #144 has voted "Robert"
[19-04-2020 01:39:15] [INFO] Voter #161 has voted "Cameron"
[19-04-2020 01:39:15] [INFO] Voter #213 has voted "Ted"
[19-04-2020 01:39:15] [INFO] Voter #53 has voted "Ted"
[19-04-2020 01:39:15] [INFO] Voter #203 has voted "Robert"
[19-04-2020 01:39:15] [INFO] Voter #212 has voted "Ted"
[19-04-2020 01:39:15] [INFO] Voter #26 has voted "Cameron"
[19-04-2020 01:39:15] [INFO] Voter #181 has voted "Ted"
[19-04-2020 01:39:15] [INFO] Voter #126 has voted "Cameron"
[19-04-2020 01:39:15] [INFO] Voter #176 has voted "Cameron"
[19-04-2020 01:39:15] [INFO] Voter #127 has voted "Ted"
[19-04-2020 01:39:15] [INFO] Voter #38 has voted "Robert"
[19-04-2020 01:39:15] [INFO] Voter #177 has voted "Ted"
[19-04-2020 01:39:15] [INFO] Voter #135 has voted "Ted"
[19-04-2020 01:39:15] [INFO] Voter #218 has voted "Ted"
[19-04-2020 01:39:15] [INFO] Voter #128 has voted "Ted"
[19-04-2020 01:39:15] [INFO] Voter #224 has voted "Cameron"
[19-04-2020 01:39:15] [INFO] Voter #244 has voted "Ted"
[19-04-2020 01:39:15] [INFO] Voter #206 has voted "Cameron"
[19-04-2020 01:39:15] [INFO] Voter #248 has voted "Robert"
[19-04-2020 01:39:15] [INFO] Voter #183 has voted "Robert"
[19-04-2020 01:39:15] [INFO] Voter #81 has voted "Robert"
[19-04-2020 01:39:15] [INFO] Voter #194 has voted "Robert"
[19-04-2020 01:39:15] [INFO] Voter #139 has voted "Ted"
[19-04-2020 01:39:15] [INFO] Voter #223 has voted "Ted"
[19-04-2020 01:39:15] [INFO] Voter #193 has voted "Ted"
[19-04-2020 01:39:15] [INFO] Voter #69 has voted "Cameron"
[19-04-2020 01:39:15] [INFO] Voter #216 has voted "Robert"
[19-04-2020 01:39:15] [INFO] Voter #143 has voted "Cameron"
[19-04-2020 01:39:15] [INFO] Voter #114 has voted "Cameron"
[19-04-2020 01:39:15] [INFO] Voter #163 has voted "Ted"
[19-04-2020 01:39:15] [INFO] Voter #89 has voted "Ted"
[19-04-2020 01:39:15] [INFO] Voter #214 has voted "Ted"
[19-04-2020 01:39:15] [INFO] Voter #153 has voted "Cameron"
[19-04-2020 01:39:15] [INFO] Voter #112 has voted "Cameron"
[19-04-2020 01:39:15] [INFO] Voter #202 has voted "Ted"
[19-04-2020 01:39:15] [INFO] Voter #125 has voted "Robert"
[19-04-2020 01:39:15] [INFO] Voter #199 has voted "Robert"
[19-04-2020 01:39:15] [INFO] Voter #159 has voted "Cameron"
[19-04-2020 01:39:15] [INFO] Voter #240 has voted "Ted"
[19-04-2020 01:39:15] [INFO] Voter #37 has voted "Robert"
[19-04-2020 01:39:15] [INFO] Voter #131 has voted "Cameron"
[19-04-2020 01:39:15] [INFO] Voter #145 has voted "Robert"
[19-04-2020 01:39:15] [INFO] Voter #62 has voted "Ted"
[19-04-2020 01:39:15] [INFO] Voter #239 has voted "Cameron"
[19-04-2020 01:39:15] [INFO] Voter #156 has voted "Cameron"
[19-04-2020 01:39:15] [INFO] Voter #51 has voted "Cameron"
[19-04-2020 01:39:15] [INFO] Voter #123 has voted "Cameron"
[19-04-2020 01:39:15] [INFO] Voter #59 has voted "Cameron"
[19-04-2020 01:39:15] [INFO] Voter #107 has voted "Ted"
[19-04-2020 01:39:15] [INFO] Voter #222 has voted "Robert"
[19-04-2020 01:39:15] [INFO] Voter #217 has voted "Cameron"
[19-04-2020 01:39:15] [INFO] Voter #232 has voted "Robert"
[19-04-2020 01:39:15] [INFO] Voter #113 has voted "Robert"
[19-04-2020 01:39:15] [INFO] Voter #185 has voted "Cameron"
[19-04-2020 01:39:15] [INFO] Voter #115 has voted "Ted"
[19-04-2020 01:39:15] [INFO] Voter #173 has voted "Cameron"
[19-04-2020 01:39:15] [INFO] Voter #9 has voted "Robert"
[19-04-2020 01:39:15] [INFO] Voter #221 has voted "Robert"
[19-04-2020 01:39:15] [INFO] Voter #110 has voted "Ted"
[19-04-2020 01:39:15] [INFO] Voter #134 has voted "Robert"
[19-04-2020 01:39:15] [INFO] Voter #22 has voted "Cameron"
[19-04-2020 01:39:15] [INFO] Voter #138 has voted "Ted"
[19-04-2020 01:39:15] [INFO] Voter #42 has voted "Robert"
[19-04-2020 01:39:15] [INFO] Voter #11 has voted "Ted"
[19-04-2020 01:39:15] [INFO] Voter #60 has voted "Ted"
[19-04-2020 01:39:15] [INFO] Voter #182 has voted "Cameron"
[19-04-2020 01:39:15] [INFO] Voter #33 has voted "Cameron"
[19-04-2020 01:39:15] [INFO] Voter #137 has voted "Ted"
[19-04-2020 01:39:15] [INFO] Voter #65 has voted "Cameron"
[19-04-2020 01:39:15] [INFO] Voter #196 has voted "Ted"
[19-04-2020 01:39:15] [INFO] Voter #220 has voted "Ted"
[19-04-2020 01:39:15] [INFO] Voter #119 has voted "Ted"
[19-04-2020 01:39:15] [INFO] Voter #142 has voted "Ted"
[19-04-2020 01:39:15] [INFO] Voter #111 has voted "Ted"
[19-04-2020 01:39:15] [INFO] Voter #236 has voted "Robert"
[19-04-2020 01:39:15] [INFO] Voter #147 has voted "Cameron"
[19-04-2020 01:39:15] [INFO] Voter #230 has voted "Ted"
[19-04-2020 02:25:46] [INFO] VOTER Voter #187 disconnected
[19-04-2020 02:25:46] [INFO] VOTER Voter #0 disconnected
[19-04-2020 02:25:46] [INFO] VOTER Voter #103 disconnected
[19-04-2020 02:25:46] [INFO] VOTER Voter #2 disconnected
[19-04-2020 02:25:46] [INFO] VOTER Voter #5 disconnected
[19-04-2020 02:25:46] [INFO] VOTER Voter #94 disconnected
[19-04-2020 02:25:46] [INFO] VOTER Voter #218 disconnected
[19-04-2020 02:25:46] [INFO] VOTER Voter #1 disconnected
[19-04-2020 02:25:46] [INFO] VOTER Voter #241 disconnected
[19-04-2020 02:25:46] [INFO] VOTER Voter #11 disconnected
[19-04-2020 02:25:46] [INFO] VOTER Voter #14 disconnected
[19-04-2020 02:25:46] [INFO] VOTER Voter #8 disconnected
[19-04-2020 02:25:46] [INFO] VOTER Voter #12 disconnected
[19-04-2020 02:25:46] [INFO] VOTER Voter #9 disconnected
[19-04-2020 02:25:46] [INFO] VOTER Voter #230 disconnected
[19-04-2020 02:25:46] [INFO] VOTER Voter #246 disconnected
[19-04-2020 02:25:46] [INFO] VOTER Voter #10 disconnected
[19-04-2020 02:25:46] [INFO] VOTER Voter #151 disconnected
[19-04-2020 02:25:46] [INFO] VOTER Voter #17 disconnected
[19-04-2020 02:25:46] [INFO] VOTER Voter #16 disconnected
[19-04-2020 02:25:46] [INFO] VOTER Voter #93 disconnected
[19-04-2020 02:25:46] [INFO] VOTER Voter #234 disconnected
[19-04-2020 02:25:46] [INFO] VOTER Voter #62 disconnected
[19-04-2020 02:25:46] [INFO] VOTER Voter #238 disconnected
[19-04-2020 02:25:46] [INFO] VOTER Voter #139 disconnected
[19-04-2020 02:25:46] [INFO] VOTER Voter #232 disconnected
[19-04-2020 02:25:46] [INFO] VOTER Voter #6 disconnected
[19-04-2020 02:25:46] [INFO] VOTER Voter #185 disconnected
[19-04-2020 02:25:46] [INFO] VOTER Voter #4 disconnected
[19-04-2020 02:25:46] [INFO] VOTER Voter #18 disconnected
[19-04-2020 02:25:46] [INFO] VOTER Voter #3 disconnected
[19-04-2020 02:25:46] [INFO] VOTER Voter #193 disconnected
[19-04-2020 02:25:46] [INFO] VOTER Voter #13 disconnected
[19-04-2020 02:25:46] [INFO] VOTER Voter #237 disconnected
[19-04-2020 02:25:46] [INFO] VOTER Voter #197 disconnected
[19-04-2020 02:25:46] [INFO] VOTER Voter #15 disconnected
[19-04-2020 02:25:46] [INFO] VOTER Voter #7 disconnected
[19-04-2020 02:25:47] [INFO] VOTER Voter #210 disconnected
[19-04-2020 02:25:47] [INFO] VOTER Voter #33 disconnected
[19-04-2020 02:25:47] [INFO] VOTER Voter #69 disconnected
[19-04-2020 02:25:47] [INFO] VOTER Voter #125 disconnected
[19-04-2020 02:25:47] [INFO] VOTER Voter #160 disconnected
[19-04-2020 02:25:47] [INFO] VOTER Voter #51 disconnected
[19-04-2020 02:25:47] [INFO] VOTER Voter #36 disconnected
[19-04-2020 02:25:47] [INFO] VOTER Voter #217 disconnected
[19-04-2020 02:25:47] [INFO] VOTER Voter #110 disconnected
[19-04-2020 02:25:47] [INFO] VOTER Voter #236 disconnected
[19-04-2020 02:25:47] [INFO] VOTER Voter #123 disconnected
[19-04-2020 02:25:47] [INFO] VOTER Voter #50 disconnected
[19-04-2020 02:25:47] [INFO] VOTER Voter #206 disconnected
[19-04-2020 02:25:47] [INFO] VOTER Voter #145 disconnected
[19-04-2020 02:25:47] [INFO] VOTER Voter #186 disconnected
[19-04-2020 02:25:47] [INFO] VOTER Voter #164 disconnected
[19-04-2020 02:25:47] [INFO] VOTER Voter #233 disconnected
[19-04-2020 02:25:47] [INFO] VOTER Voter #88 disconnected
[19-04-2020 02:25:47] [INFO] VOTER Voter #227 disconnected
[19-04-2020 02:25:47] [INFO] VOTER Voter #29 disconnected
[19-04-2020 02:25:47] [INFO] VOTER Voter #83 disconnected
[19-04-2020 02:25:47] [INFO] VOTER Voter #19 disconnected
[19-04-2020 02:25:47] [INFO] VOTER Voter #183 disconnected
[19-04-2020 02:25:47] [INFO] VOTER Voter #133 disconnected
[19-04-2020 02:25:47] [INFO] VOTER Voter #215 disconnected
[19-04-2020 02:25:47] [INFO] VOTER Voter #140 disconnected
[19-04-2020 02:25:47] [INFO] VOTER Voter #68 disconnected
[19-04-2020 02:25:47] [INFO] VOTER Voter #225 disconnected
[19-04-2020 02:25:47] [INFO] VOTER Voter #32 disconnected
[19-04-2020 02:25:47] [INFO] VOTER Voter #85 disconnected
[19-04-2020 02:25:47] [INFO] VOTER Voter #134 disconnected
[19-04-2020 02:25:48] [INFO] VOTER Voter #61 disconnected
[19-04-2020 02:25:48] [INFO] VOTER Voter #118 disconnected
[19-04-2020 02:25:48] [INFO] VOTER Voter #31 disconnected
[19-04-2020 02:25:48] [INFO] VOTER Voter #195 disconnected
[19-04-2020 02:25:48] [INFO] VOTER Voter #122 disconnected
[19-04-2020 02:25:48] [INFO] VOTER Voter #102 disconnected
[19-04-2020 02:25:48] [INFO] VOTER Voter #226 disconnected
[19-04-2020 02:25:48] [INFO] VOTER Voter #56 disconnected
[19-04-2020 02:25:48] [INFO] VOTER Voter #57 disconnected
[19-04-2020 02:25:48] [INFO] VOTER Voter #190 disconnected
[19-04-2020 02:25:48] [INFO] VOTER Voter #101 disconnected
[19-04-2020 02:25:48] [INFO] VOTER Voter #207 disconnected
[19-04-2020 02:25:48] [INFO] VOTER Voter #214 disconnected
[19-04-2020 02:25:48] [INFO] VOTER Voter #25 disconnected
[19-04-2020 02:25:50] [INFO] VOTER Voter #245 disconnected
[19-04-2020 02:25:50] [INFO] VOTER Voter #59 disconnected
[19-04-2020 02:25:50] [INFO] VOTER Voter #201 disconnected
[19-04-2020 02:25:50] [INFO] VOTER Voter #203 disconnected
[19-04-2020 02:25:50] [INFO] VOTER Voter #157 disconnected
[19-04-2020 02:25:50] [INFO] VOTER Voter #90 disconnected
[19-04-2020 02:25:50] [INFO] VOTER Voter #240 disconnected
[19-04-2020 02:25:50] [INFO] VOTER Voter #44 disconnected
[19-04-2020 02:25:50] [INFO] VOTER Voter #100 disconnected
[19-04-2020 02:25:50] [INFO] VOTER Voter #152 disconnected
[19-04-2020 02:25:50] [INFO] VOTER Voter #53 disconnected
[19-04-2020 02:25:50] [INFO] VOTER Voter #75 disconnected
[19-04-2020 02:25:50] [INFO] VOTER Voter #115 disconnected
[19-04-2020 02:25:50] [INFO] VOTER Voter #120 disconnected
[19-04-2020 02:25:50] [INFO] VOTER Voter #111 disconnected
[19-04-2020 02:25:50] [INFO] VOTER Voter #96 disconnected
[19-04-2020 02:25:50] [INFO] VOTER Voter #39 disconnected
[19-04-2020 02:25:50] [INFO] VOTER Voter #78 disconnected
[19-04-2020 02:25:50] [INFO] VOTER Voter #199 disconnected
[19-04-2020 02:25:50] [INFO] VOTER Voter #95 disconnected
[19-04-2020 02:25:50] [INFO] VOTER Voter #37 disconnected
[19-04-2020 02:25:50] [INFO] VOTER Voter #77 disconnected
[19-04-2020 02:25:50] [INFO] VOTER Voter #28 disconnected
[19-04-2020 02:25:50] [INFO] VOTER Voter #165 disconnected
[19-04-2020 02:25:50] [INFO] VOTER Voter #84 disconnected
[19-04-2020 02:25:50] [INFO] VOTER Voter #43 disconnected
[19-04-2020 02:25:50] [INFO] VOTER Voter #76 disconnected
[19-04-2020 02:25:50] [INFO] VOTER Voter #177 disconnected
[19-04-2020 02:25:50] [INFO] VOTER Voter #179 disconnected
[19-04-2020 02:25:50] [INFO] VOTER Voter #86 disconnected
[19-04-2020 02:25:50] [INFO] VOTER Voter #116 disconnected
[19-04-2020 02:25:50] [INFO] VOTER Voter #45 disconnected
[19-04-2020 02:25:50] [INFO] VOTER Voter #148 disconnected
[19-04-2020 02:25:50] [INFO] VOTER Voter #22 disconnected
[19-04-2020 02:25:50] [INFO] VOTER Voter #244 disconnected
[19-04-2020 02:25:50] [INFO] VOTER Voter #126 disconnected
[19-04-2020 02:25:50] [INFO] VOTER Voter #97 disconnected
[19-04-2020 02:25:50] [INFO] VOTER Voter #108 disconnected
[19-04-2020 02:25:50] [INFO] VOTER Voter #105 disconnected
[19-04-2020 02:25:50] [INFO] VOTER Voter #52 disconnected
[19-04-2020 02:25:50] [INFO] VOTER Voter #20 disconnected
[19-04-2020 02:25:50] [INFO] VOTER Voter #135 disconnected
[19-04-2020 02:25:50] [INFO] VOTER Voter #204 disconnected
[19-04-2020 02:25:50] [INFO] VOTER Voter #23 disconnected
[19-04-2020 02:25:50] [INFO] VOTER Voter #98 disconnected
[19-04-2020 02:25:50] [INFO] VOTER Voter #178 disconnected
[19-04-2020 02:25:50] [INFO] VOTER Voter #155 disconnected
[19-04-2020 02:25:50] [INFO] VOTER Voter #142 disconnected
[19-04-2020 02:25:50] [INFO] VOTER Voter #109 disconnected
[19-04-2020 02:25:50] [INFO] VOTER Voter #167 disconnected
[19-04-2020 02:25:50] [INFO] VOTER Voter #208 disconnected
[19-04-2020 02:25:50] [INFO] VOTER Voter #166 disconnected
[19-04-2020 02:25:50] [INFO] VOTER Voter #67 disconnected
[19-04-2020 02:25:50] [INFO] VOTER Voter #106 disconnected
[19-04-2020 02:25:50] [INFO] VOTER Voter #79 disconnected
[19-04-2020 02:25:50] [INFO] VOTER Voter #198 disconnected
[19-04-2020 02:25:50] [INFO] VOTER Voter #153 disconnected
[19-04-2020 02:25:50] [INFO] VOTER Voter #71 disconnected
[19-04-2020 02:25:50] [INFO] VOTER Voter #224 disconnected
[19-04-2020 02:25:50] [INFO] VOTER Voter #64 disconnected
[19-04-2020 02:25:50] [INFO] VOTER Voter #163 disconnected
[19-04-2020 02:25:50] [INFO] VOTER Voter #154 disconnected
[19-04-2020 02:25:50] [INFO] VOTER Voter #112 disconnected
[19-04-2020 02:25:50] [INFO] VOTER Voter #24 disconnected
[19-04-2020 02:25:50] [INFO] VOTER Voter #136 disconnected
[19-04-2020 02:25:50] [INFO] VOTER Voter #150 disconnected
[19-04-2020 02:25:50] [INFO] VOTER Voter #175 disconnected
[19-04-2020 02:25:50] [INFO] VOTER Voter #213 disconnected
[19-04-2020 02:25:50] [INFO] VOTER Voter #221 disconnected
[19-04-2020 02:25:50] [INFO] VOTER Voter #65 disconnected
[19-04-2020 02:25:50] [INFO] VOTER Voter #248 disconnected
[19-04-2020 02:25:50] [INFO] VOTER Voter #149 disconnected
[19-04-2020 02:25:50] [INFO] VOTER Voter #212 disconnected
[19-04-2020 02:25:50] [INFO] VOTER Voter #132 disconnected
[19-04-2020 02:25:50] [INFO] VOTER Voter #107 disconnected
[19-04-2020 02:25:50] [INFO] VOTER Voter #89 disconnected
[19-04-2020 02:25:50] [INFO] VOTER Voter #128 disconnected
[19-04-2020 02:25:50] [INFO] VOTER Voter #223 disconnected
[19-04-2020 02:25:50] [INFO] VOTER Voter #42 disconnected
[19-04-2020 02:25:50] [INFO] VOTER Voter #176 disconnected
[19-04-2020 02:25:50] [INFO] VOTER Voter #60 disconnected
[19-04-2020 02:25:50] [INFO] VOTER Voter #27 disconnected
[19-04-2020 02:25:50] [INFO] VOTER Voter #220 disconnected
[19-04-2020 02:25:50] [INFO] VOTER Voter #66 disconnected
[19-04-2020 02:25:50] [INFO] VOTER Voter #26 disconnected
[19-04-2020 02:25:50] [INFO] VOTER Voter #194 disconnected
[19-04-2020 02:25:50] [INFO] VOTER Voter #46 disconnected
[19-04-2020 02:25:50] [INFO] VOTER Voter #87 disconnected
[19-04-2020 02:25:50] [INFO] VOTER Voter #231 disconnected
[19-04-2020 02:25:50] [INFO] VOTER Voter #104 disconnected
[19-04-2020 02:25:50] [INFO] VOTER Voter #196 disconnected
[19-04-2020 02:25:50] [INFO] VOTER Voter #146 disconnected
[19-04-2020 02:25:50] [INFO] VOTER Voter #243 disconnected
[19-04-2020 02:25:50] [INFO] VOTER Voter #144 disconnected
[19-04-2020 02:25:50] [INFO] VOTER Voter #34 disconnected
[19-04-2020 02:25:50] [INFO] VOTER Voter #35 disconnected
[19-04-2020 02:25:50] [INFO] VOTER Voter #173 disconnected
[19-04-2020 02:25:50] [INFO] VOTER Voter #48 disconnected
[19-04-2020 02:25:50] [INFO] VOTER Voter #21 disconnected
[19-04-2020 02:25:50] [INFO] VOTER Voter #200 disconnected
[19-04-2020 02:25:50] [INFO] VOTER Voter #30 disconnected
[19-04-2020 02:25:50] [INFO] VOTER Voter #202 disconnected
[19-04-2020 02:25:50] [INFO] VOTER Voter #191 disconnected
[19-04-2020 02:25:50] [INFO] VOTER Voter #58 disconnected
[19-04-2020 02:25:50] [INFO] VOTER Voter #229 disconnected
[19-04-2020 02:25:50] [INFO] VOTER Voter #127 disconnected
[19-04-2020 02:25:50] [INFO] VOTER Voter #130 disconnected
[19-04-2020 02:25:50] [INFO] VOTER Voter #188 disconnected
[19-04-2020 02:25:50] [INFO] VOTER Voter #184 disconnected
[19-04-2020 02:25:50] [INFO] VOTER Voter #170 disconnected
[19-04-2020 02:25:50] [INFO] VOTER Voter #158 disconnected
[19-04-2020 02:25:50] [INFO] VOTER Voter #228 disconnected
[19-04-2020 02:25:50] [INFO] VOTER Voter #171 disconnected
[19-04-2020 02:25:50] [INFO] VOTER Voter #114 disconnected
[19-04-2020 02:25:50] [INFO] VOTER Voter #169 disconnected
[19-04-2020 02:25:50] [INFO] VOTER Voter #113 disconnected
[19-04-2020 02:25:50] [INFO] VOTER Voter #235 disconnected
[19-04-2020 02:25:50] [INFO] VOTER Voter #124 disconnected
[19-04-2020 02:25:50] [INFO] VOTER Voter #161 disconnected
[19-04-2020 02:25:50] [INFO] VOTER Voter #129 disconnected
