[19-04-2020 01:25:37] [INFO] Starting logger
[19-04-2020 01:25:46] [INFO] Joe Furfaro has verified their ADMIN identity using access code "Dipole2001!"
[19-04-2020 01:25:50] [INFO] Voter #0 has verified their VOTER identity using access code "sd5ptv"
[19-04-2020 01:25:50] [INFO] Voter #1 has verified their VOTER identity using access code "jbiald"
[19-04-2020 01:25:50] [INFO] Voter #2 has verified their VOTER identity using access code "ndinbp"
[19-04-2020 01:25:50] [INFO] Voter #3 has verified their VOTER identity using access code "54ti2s"
[19-04-2020 01:25:50] [INFO] Voter #4 has verified their VOTER identity using access code "tqu4ry"
[19-04-2020 01:25:50] [INFO] Voter #5 has verified their VOTER identity using access code "hrp2xp"
[19-04-2020 01:25:50] [INFO] Voter #6 has verified their VOTER identity using access code "fqdz6y"
[19-04-2020 01:25:50] [INFO] Voter #7 has verified their VOTER identity using access code "x50pkg"
[19-04-2020 01:25:51] [INFO] Voter #8 has verified their VOTER identity using access code "z5drso"
[19-04-2020 01:25:51] [INFO] Voter #9 has verified their VOTER identity using access code "zil28z"
[19-04-2020 01:25:51] [INFO] Voter #10 has verified their VOTER identity using access code "9krdd6"
[19-04-2020 01:25:51] [INFO] Voter #11 has verified their VOTER identity using access code "raaoag"
[19-04-2020 01:25:51] [INFO] Voter #12 has verified their VOTER identity using access code "efyiax"
[19-04-2020 01:25:51] [INFO] Voter #13 has verified their VOTER identity using access code "iaj4e3"
[19-04-2020 01:25:51] [INFO] Voter #14 has verified their VOTER identity using access code "09e526"
[19-04-2020 01:25:51] [INFO] Voter #15 has verified their VOTER identity using access code "uxg599"
[19-04-2020 01:25:51] [INFO] Voter #16 has verified their VOTER identity using access code "bsen28"
[19-04-2020 01:25:51] [INFO] Voter #17 has verified their VOTER identity using access code "zckzsb"
[19-04-2020 01:25:51] [INFO] Voter #18 has verified their VOTER identity using access code "6m2ly6"
[19-04-2020 01:25:51] [INFO] Voter #19 has verified their VOTER identity using access code "ptoi1i"
[19-04-2020 01:25:51] [INFO] Voter #20 has verified their VOTER identity using access code "cryclv"
[19-04-2020 01:25:51] [INFO] Voter #21 has verified their VOTER identity using access code "udz4dr"
[19-04-2020 01:25:51] [INFO] Voter #22 has verified their VOTER identity using access code "j7ngff"
[19-04-2020 01:25:51] [INFO] Voter #23 has verified their VOTER identity using access code "9g566o"
[19-04-2020 01:25:51] [INFO] Voter #24 has verified their VOTER identity using access code "gtfds8"
[19-04-2020 01:25:51] [INFO] Voter #25 has verified their VOTER identity using access code "4awlyh"
[19-04-2020 01:25:51] [INFO] Voter #26 has verified their VOTER identity using access code "f6oyxv"
[19-04-2020 01:25:51] [INFO] Voter #27 has verified their VOTER identity using access code "tbxtge"
[19-04-2020 01:25:51] [INFO] Voter #28 has verified their VOTER identity using access code "4omqtv"
[19-04-2020 01:25:51] [INFO] Voter #29 has verified their VOTER identity using access code "iha5qv"
[19-04-2020 01:25:51] [INFO] Voter #30 has verified their VOTER identity using access code "ofl9oi"
[19-04-2020 01:25:51] [INFO] Voter #31 has verified their VOTER identity using access code "73ri25"
[19-04-2020 01:25:51] [INFO] Voter #32 has verified their VOTER identity using access code "v8c1v3"
[19-04-2020 01:25:51] [INFO] Voter #33 has verified their VOTER identity using access code "ln09a7"
[19-04-2020 01:25:51] [INFO] Voter #34 has verified their VOTER identity using access code "n33hn3"
[19-04-2020 01:25:52] [INFO] Voter #35 has verified their VOTER identity using access code "oj00qw"
[19-04-2020 01:25:52] [INFO] Voter #36 has verified their VOTER identity using access code "fime18"
[19-04-2020 01:25:52] [INFO] Voter #37 has verified their VOTER identity using access code "gx7ige"
[19-04-2020 01:25:52] [INFO] Voter #38 has verified their VOTER identity using access code "cmognu"
[19-04-2020 01:25:52] [INFO] Voter #39 has verified their VOTER identity using access code "kfh92a"
[19-04-2020 01:25:52] [INFO] Voter #40 has verified their VOTER identity using access code "nn39d4"
[19-04-2020 01:25:52] [INFO] Voter #41 has verified their VOTER identity using access code "vtdekd"
[19-04-2020 01:25:52] [INFO] Voter #42 has verified their VOTER identity using access code "gn6r7u"
[19-04-2020 01:25:52] [INFO] Voter #43 has verified their VOTER identity using access code "08y15m"
[19-04-2020 01:25:52] [INFO] Voter #44 has verified their VOTER identity using access code "9lhbo5"
[19-04-2020 01:25:52] [INFO] Voter #45 has verified their VOTER identity using access code "yn0lun"
[19-04-2020 01:25:52] [INFO] Voter #46 has verified their VOTER identity using access code "dshhnt"
[19-04-2020 01:25:52] [INFO] Voter #47 has verified their VOTER identity using access code "b7v73v"
[19-04-2020 01:25:52] [INFO] Voter #48 has verified their VOTER identity using access code "rguw9a"
[19-04-2020 01:25:52] [INFO] Voter #49 has verified their VOTER identity using access code "5beicb"
[19-04-2020 01:25:52] [INFO] Voter #50 has verified their VOTER identity using access code "797onw"
[19-04-2020 01:25:52] [INFO] Voter #51 has verified their VOTER identity using access code "y4oymo"
[19-04-2020 01:25:52] [INFO] Voter #52 has verified their VOTER identity using access code "ecdt8d"
[19-04-2020 01:25:52] [INFO] Voter #53 has verified their VOTER identity using access code "7snq79"
[19-04-2020 01:25:52] [INFO] Voter #54 has verified their VOTER identity using access code "ri5fnw"
[19-04-2020 01:25:52] [INFO] Voter #55 has verified their VOTER identity using access code "625knt"
[19-04-2020 01:25:52] [INFO] Voter #56 has verified their VOTER identity using access code "yqdzei"
[19-04-2020 01:25:52] [INFO] Voter #57 has verified their VOTER identity using access code "n2unk2"
[19-04-2020 01:25:52] [INFO] Voter #58 has verified their VOTER identity using access code "4s1i5o"
[19-04-2020 01:25:52] [INFO] Voter #59 has verified their VOTER identity using access code "518w1r"
[19-04-2020 01:25:52] [INFO] Voter #60 has verified their VOTER identity using access code "nzvrpp"
[19-04-2020 01:25:52] [INFO] Voter #62 has verified their VOTER identity using access code "9adsgz"
[19-04-2020 01:25:52] [INFO] Voter #61 has verified their VOTER identity using access code "bbz9tf"
[19-04-2020 01:25:52] [INFO] Voter #63 has verified their VOTER identity using access code "nyzuhg"
[19-04-2020 01:25:52] [INFO] Voter #64 has verified their VOTER identity using access code "i1zqp3"
[19-04-2020 01:25:52] [INFO] Voter #65 has verified their VOTER identity using access code "mzw1nr"
[19-04-2020 01:25:52] [INFO] Voter #87 has verified their VOTER identity using access code "ne63wh"
[19-04-2020 01:25:52] [INFO] Voter #75 has verified their VOTER identity using access code "cmgpsp"
[19-04-2020 01:25:52] [INFO] Voter #82 has verified their VOTER identity using access code "pejua7"
[19-04-2020 01:25:52] [INFO] Voter #68 has verified their VOTER identity using access code "yrcvfo"
[19-04-2020 01:25:52] [INFO] Voter #69 has verified their VOTER identity using access code "0034k6"
[19-04-2020 01:25:52] [INFO] Voter #79 has verified their VOTER identity using access code "ghdupm"
[19-04-2020 01:25:52] [INFO] Voter #90 has verified their VOTER identity using access code "47djek"
[19-04-2020 01:25:52] [INFO] Voter #83 has verified their VOTER identity using access code "lj3w8w"
[19-04-2020 01:25:52] [INFO] Voter #80 has verified their VOTER identity using access code "g6voo3"
[19-04-2020 01:25:52] [INFO] Voter #74 has verified their VOTER identity using access code "f97dnd"
[19-04-2020 01:25:52] [INFO] Voter #81 has verified their VOTER identity using access code "emiuz5"
[19-04-2020 01:25:52] [INFO] Voter #67 has verified their VOTER identity using access code "pii088"
[19-04-2020 01:25:52] [INFO] Voter #88 has verified their VOTER identity using access code "aarsy5"
[19-04-2020 01:25:52] [INFO] Voter #84 has verified their VOTER identity using access code "hirgta"
[19-04-2020 01:25:52] [INFO] Voter #76 has verified their VOTER identity using access code "5g4uar"
[19-04-2020 01:25:52] [INFO] Voter #70 has verified their VOTER identity using access code "iwl6c1"
[19-04-2020 01:25:52] [INFO] Voter #73 has verified their VOTER identity using access code "jilw96"
[19-04-2020 01:25:52] [INFO] Voter #71 has verified their VOTER identity using access code "o0n4ka"
[19-04-2020 01:25:52] [INFO] Voter #77 has verified their VOTER identity using access code "o0gols"
[19-04-2020 01:25:52] [INFO] Voter #66 has verified their VOTER identity using access code "c0d0e7"
[19-04-2020 01:25:52] [INFO] Voter #72 has verified their VOTER identity using access code "ucgbtk"
[19-04-2020 01:25:52] [INFO] Voter #89 has verified their VOTER identity using access code "chwvan"
[19-04-2020 01:25:52] [INFO] Voter #85 has verified their VOTER identity using access code "0pfdyz"
[19-04-2020 01:25:52] [INFO] Voter #86 has verified their VOTER identity using access code "ekxmoi"
[19-04-2020 01:25:52] [INFO] Voter #78 has verified their VOTER identity using access code "cv7dny"
[19-04-2020 01:26:06] [INFO] VOTER Voter #34 disconnected
[19-04-2020 01:26:06] [INFO] VOTER Voter #33 disconnected
[19-04-2020 01:26:06] [INFO] VOTER Voter #32 disconnected
[19-04-2020 01:26:06] [INFO] VOTER Voter #31 disconnected
[19-04-2020 01:26:06] [INFO] VOTER Voter #30 disconnected
[19-04-2020 01:26:06] [INFO] VOTER Voter #29 disconnected
[19-04-2020 01:26:06] [INFO] VOTER Voter #28 disconnected
[19-04-2020 01:26:06] [INFO] VOTER Voter #27 disconnected
[19-04-2020 01:26:06] [INFO] VOTER Voter #26 disconnected
[19-04-2020 01:26:06] [INFO] VOTER Voter #25 disconnected
[19-04-2020 01:26:06] [INFO] VOTER Voter #24 disconnected
[19-04-2020 01:26:06] [INFO] VOTER Voter #23 disconnected
[19-04-2020 01:26:06] [INFO] VOTER Voter #22 disconnected
[19-04-2020 01:26:06] [INFO] VOTER Voter #21 disconnected
[19-04-2020 01:26:06] [INFO] VOTER Voter #20 disconnected
[19-04-2020 01:26:06] [INFO] VOTER Voter #19 disconnected
[19-04-2020 01:26:06] [INFO] VOTER Voter #18 disconnected
[19-04-2020 01:26:06] [INFO] VOTER Voter #17 disconnected
[19-04-2020 01:26:06] [INFO] VOTER Voter #16 disconnected
[19-04-2020 01:26:06] [INFO] VOTER Voter #15 disconnected
[19-04-2020 01:26:06] [INFO] VOTER Voter #14 disconnected
[19-04-2020 01:26:06] [INFO] VOTER Voter #13 disconnected
[19-04-2020 01:26:06] [INFO] VOTER Voter #12 disconnected
[19-04-2020 01:26:06] [INFO] VOTER Voter #11 disconnected
[19-04-2020 01:26:06] [INFO] VOTER Voter #10 disconnected
[19-04-2020 01:26:06] [INFO] VOTER Voter #9 disconnected
[19-04-2020 01:26:06] [INFO] VOTER Voter #8 disconnected
[19-04-2020 01:26:06] [INFO] VOTER Voter #7 disconnected
[19-04-2020 01:26:06] [INFO] VOTER Voter #6 disconnected
[19-04-2020 01:26:06] [INFO] VOTER Voter #5 disconnected
[19-04-2020 01:26:06] [INFO] VOTER Voter #4 disconnected
[19-04-2020 01:26:06] [INFO] VOTER Voter #3 disconnected
[19-04-2020 01:26:06] [INFO] VOTER Voter #2 disconnected
[19-04-2020 01:26:06] [INFO] VOTER Voter #1 disconnected
[19-04-2020 01:26:06] [INFO] VOTER Voter #0 disconnected
[19-04-2020 01:26:06] [INFO] VOTER Voter #90 disconnected
[19-04-2020 01:26:06] [INFO] VOTER Voter #89 disconnected
[19-04-2020 01:26:06] [INFO] VOTER Voter #88 disconnected
[19-04-2020 01:26:06] [INFO] VOTER Voter #87 disconnected
[19-04-2020 01:26:06] [INFO] VOTER Voter #86 disconnected
[19-04-2020 01:26:06] [INFO] VOTER Voter #84 disconnected
[19-04-2020 01:26:06] [INFO] VOTER Voter #85 disconnected
[19-04-2020 01:26:06] [INFO] VOTER Voter #83 disconnected
[19-04-2020 01:26:06] [INFO] VOTER Voter #82 disconnected
[19-04-2020 01:26:06] [INFO] VOTER Voter #81 disconnected
[19-04-2020 01:26:06] [INFO] VOTER Voter #80 disconnected
[19-04-2020 01:26:06] [INFO] VOTER Voter #79 disconnected
[19-04-2020 01:26:06] [INFO] VOTER Voter #78 disconnected
[19-04-2020 01:26:06] [INFO] VOTER Voter #77 disconnected
[19-04-2020 01:26:06] [INFO] VOTER Voter #76 disconnected
[19-04-2020 01:26:06] [INFO] VOTER Voter #75 disconnected
[19-04-2020 01:26:06] [INFO] VOTER Voter #74 disconnected
[19-04-2020 01:26:06] [INFO] VOTER Voter #73 disconnected
[19-04-2020 01:26:06] [INFO] VOTER Voter #72 disconnected
[19-04-2020 01:26:06] [INFO] VOTER Voter #71 disconnected
[19-04-2020 01:26:06] [INFO] VOTER Voter #70 disconnected
[19-04-2020 01:26:06] [INFO] VOTER Voter #69 disconnected
[19-04-2020 01:26:06] [INFO] VOTER Voter #68 disconnected
[19-04-2020 01:26:06] [INFO] VOTER Voter #67 disconnected
[19-04-2020 01:26:06] [INFO] VOTER Voter #66 disconnected
[19-04-2020 01:26:06] [INFO] VOTER Voter #65 disconnected
[19-04-2020 01:26:06] [INFO] VOTER Voter #64 disconnected
[19-04-2020 01:26:06] [INFO] VOTER Voter #63 disconnected
[19-04-2020 01:26:06] [INFO] VOTER Voter #62 disconnected
[19-04-2020 01:26:06] [INFO] VOTER Voter #61 disconnected
[19-04-2020 01:26:06] [INFO] VOTER Voter #60 disconnected
[19-04-2020 01:26:06] [INFO] VOTER Voter #59 disconnected
[19-04-2020 01:26:06] [INFO] VOTER Voter #58 disconnected
[19-04-2020 01:26:06] [INFO] VOTER Voter #57 disconnected
[19-04-2020 01:26:06] [INFO] VOTER Voter #56 disconnected
[19-04-2020 01:26:06] [INFO] VOTER Voter #55 disconnected
[19-04-2020 01:26:06] [INFO] VOTER Voter #54 disconnected
[19-04-2020 01:26:06] [INFO] VOTER Voter #53 disconnected
[19-04-2020 01:26:06] [INFO] VOTER Voter #52 disconnected
[19-04-2020 01:26:06] [INFO] VOTER Voter #51 disconnected
[19-04-2020 01:26:06] [INFO] VOTER Voter #50 disconnected
[19-04-2020 01:26:06] [INFO] VOTER Voter #49 disconnected
[19-04-2020 01:26:06] [INFO] VOTER Voter #48 disconnected
[19-04-2020 01:26:06] [INFO] VOTER Voter #47 disconnected
[19-04-2020 01:26:06] [INFO] VOTER Voter #46 disconnected
[19-04-2020 01:26:06] [INFO] VOTER Voter #45 disconnected
[19-04-2020 01:26:06] [INFO] VOTER Voter #44 disconnected
[19-04-2020 01:26:06] [INFO] VOTER Voter #43 disconnected
[19-04-2020 01:26:06] [INFO] VOTER Voter #42 disconnected
[19-04-2020 01:26:06] [INFO] VOTER Voter #41 disconnected
[19-04-2020 01:26:06] [INFO] VOTER Voter #40 disconnected
[19-04-2020 01:26:06] [INFO] VOTER Voter #39 disconnected
[19-04-2020 01:26:06] [INFO] VOTER Voter #38 disconnected
[19-04-2020 01:26:06] [INFO] VOTER Voter #37 disconnected
[19-04-2020 01:26:06] [INFO] VOTER Voter #36 disconnected
[19-04-2020 01:26:06] [INFO] VOTER Voter #35 disconnected
[19-04-2020 01:26:38] [INFO] Closing logger
