[21-03-2020 01:19:59] [INFO] Starting logger
[21-03-2020 01:20:52] [WARNING] ADMIN login failed using access code "thing"
[21-03-2020 01:21:00] [INFO] Joe Furfaro has verified their ADMIN identity using access code "secret123"
[21-03-2020 01:29:30] [INFO] ADMIN Joe Furfaro disconnected
[21-03-2020 01:29:36] [INFO] Joe Furfaro has verified their ADMIN identity using access code "secret123"
[21-03-2020 01:30:29] [INFO] ADMIN Joe Furfaro disconnected
[21-03-2020 01:30:39] [INFO] Joe Furfaro has verified their ADMIN identity using access code "secret123"
[21-03-2020 01:31:07] [WARNING] ADMIN duplicate login blocked using access code "secret123"
[21-03-2020 01:31:10] [INFO] ADMIN Joe Furfaro disconnected
[21-03-2020 01:31:15] [INFO] Joe Furfaro has verified their ADMIN identity using access code "secret123"
[21-03-2020 01:31:42] [INFO] ADMIN Joe Furfaro disconnected
[21-03-2020 01:31:46] [INFO] Joe Furfaro has verified their ADMIN identity using access code "secret123"
[21-03-2020 01:32:02] [INFO] ADMIN Joe Furfaro disconnected
[21-03-2020 01:32:06] [INFO] Joe Furfaro has verified their ADMIN identity using access code "secret123"
[21-03-2020 01:32:32] [INFO] ADMIN Joe Furfaro disconnected
[21-03-2020 01:33:30] [INFO] Joe Furfaro has verified their ADMIN identity using access code "secret123"
[21-03-2020 01:34:22] [INFO] ADMIN Joe Furfaro disconnected
[21-03-2020 01:34:26] [INFO] Joe Furfaro has verified their ADMIN identity using access code "secret123"
[21-03-2020 01:35:39] [INFO] ADMIN Joe Furfaro disconnected
[21-03-2020 01:36:31] [WARNING] ADMIN login failed using access code ""
[21-03-2020 01:36:36] [INFO] Joe Furfaro has verified their ADMIN identity using access code "secret123"
[21-03-2020 13:24:46] [INFO] ADMIN Joe Furfaro disconnected
[21-03-2020 13:24:56] [WARNING] ADMIN login failed using access code "decmocracy"
[21-03-2020 13:25:03] [INFO] Joe Furfaro has verified their ADMIN identity using access code "secret123"
[21-03-2020 13:27:04] [INFO] Closing logger
