[21-03-2020 15:53:58] [INFO] Starting logger
[21-03-2020 15:54:10] [WARNING] ADMIN login failed using access code "democracy"
[21-03-2020 15:54:15] [INFO] Joe Furfaro has verified their ADMIN identity using access code "secret123"
[21-03-2020 15:54:41] [INFO] ADMIN Joe Furfaro disconnected
[21-03-2020 15:54:44] [INFO] Joe Furfaro has verified their ADMIN identity using access code "secret123"
[21-03-2020 15:55:11] [INFO] ADMIN Joe Furfaro disconnected
[21-03-2020 15:55:17] [INFO] Joe Furfaro has verified their ADMIN identity using access code "secret123"
[21-03-2020 15:55:24] [WARNING] VOTER login failed using access code "democract"
[21-03-2020 15:55:27] [INFO] Joe Furfaro has verified their VOTER identity using access code "democracy"
[21-03-2020 15:55:34] [INFO] Joe Furfaro has changed the question ID to 1
[21-03-2020 15:55:37] [INFO] Joe Furfaro has voted "IN_FAVOUR"
[21-03-2020 15:56:27] [INFO] VOTER Joe Furfaro disconnected
[21-03-2020 15:57:03] [INFO] Adam Furfaro has verified their VOTER identity using access code "right?"
[21-03-2020 15:57:05] [INFO] Adam Furfaro has voted "ABSTAIN"
[21-03-2020 15:57:25] [INFO] Glenn Peterson has verified their VOTER identity using access code "jonas"
[21-03-2020 15:57:26] [INFO] Glenn Peterson has voted "OPPOSED"
[21-03-2020 15:57:39] [INFO] VOTER Glenn Peterson disconnected
[21-03-2020 15:58:33] [INFO] VOTER Adam Furfaro disconnected
[21-03-2020 15:58:36] [INFO] ADMIN Joe Furfaro disconnected
[21-03-2020 15:58:40] [INFO] Joe Furfaro has verified their ADMIN identity using access code "secret123"
[21-03-2020 15:59:42] [INFO] ADMIN Joe Furfaro disconnected
[21-03-2020 15:59:46] [INFO] Joe Furfaro has verified their ADMIN identity using access code "secret123"
[21-03-2020 16:00:07] [INFO] ADMIN Joe Furfaro disconnected
[21-03-2020 16:00:13] [INFO] Joe Furfaro has verified their ADMIN identity using access code "secret123"
[21-03-2020 16:03:03] [INFO] Closing logger
