[21-04-2020 16:30:01] [INFO] Starting logger
[21-04-2020 16:30:07] [INFO] Admin 2 has verified their ADMIN identity using access code "password"
[21-04-2020 16:30:07] [INFO] Joe Furfaro has verified their ADMIN identity using access code "Dipole2001!"
[21-04-2020 16:30:26] [INFO] Voter #31 has verified their VOTER identity using access code "w7oon3"
[21-04-2020 16:30:26] [INFO] Voter #1 has verified their VOTER identity using access code "gv5l3y"
[21-04-2020 16:30:26] [INFO] Voter #254 has verified their VOTER identity using access code "tpavls"
[21-04-2020 16:30:26] [INFO] Voter #22 has verified their VOTER identity using access code "nrvqt6"
[21-04-2020 16:30:26] [INFO] Voter #23 has verified their VOTER identity using access code "g3ve7a"
[21-04-2020 16:30:26] [INFO] Voter #235 has verified their VOTER identity using access code "ynj9x8"
[21-04-2020 16:30:26] [INFO] Voter #27 has verified their VOTER identity using access code "t4sfa9"
[21-04-2020 16:30:26] [INFO] Voter #61 has verified their VOTER identity using access code "2g7wrh"
[21-04-2020 16:30:26] [INFO] Voter #5 has verified their VOTER identity using access code "d99kgs"
[21-04-2020 16:30:26] [INFO] Voter #172 has verified their VOTER identity using access code "q9uzn5"
[21-04-2020 16:30:26] [INFO] Voter #20 has verified their VOTER identity using access code "m3y0s6"
[21-04-2020 16:30:26] [INFO] Voter #110 has verified their VOTER identity using access code "qewpxw"
[21-04-2020 16:30:26] [INFO] Voter #2 has verified their VOTER identity using access code "vb601v"
[21-04-2020 16:30:26] [INFO] Voter #18 has verified their VOTER identity using access code "zmy5fp"
[21-04-2020 16:30:26] [INFO] Voter #219 has verified their VOTER identity using access code "35snsf"
[21-04-2020 16:30:26] [INFO] Voter #30 has verified their VOTER identity using access code "7021ss"
[21-04-2020 16:30:26] [INFO] Voter #136 has verified their VOTER identity using access code "ffqjio"
[21-04-2020 16:30:26] [INFO] Voter #0 has verified their VOTER identity using access code "65vljw"
[21-04-2020 16:30:26] [INFO] VOTER Voter #254 disconnected
[21-04-2020 16:30:26] [INFO] VOTER Voter #22 disconnected
[21-04-2020 16:30:26] [INFO] VOTER Voter #31 disconnected
[21-04-2020 16:30:26] [INFO] VOTER Voter #1 disconnected
[21-04-2020 16:30:26] [INFO] VOTER Voter #27 disconnected
[21-04-2020 16:30:26] [INFO] VOTER Voter #23 disconnected
[21-04-2020 16:30:26] [INFO] VOTER Voter #5 disconnected
[21-04-2020 16:30:26] [INFO] VOTER Voter #20 disconnected
[21-04-2020 16:30:26] [INFO] VOTER Voter #2 disconnected
[21-04-2020 16:30:26] [INFO] VOTER Voter #30 disconnected
[21-04-2020 16:37:07] [INFO] Closing logger
