[21-03-2020 13:34:41] [INFO] Starting logger
[21-03-2020 13:35:28] [INFO] Joe Furfaro has verified their ADMIN identity using access code "secret123"
[21-03-2020 13:38:08] [INFO] ADMIN Joe Furfaro disconnected
[21-03-2020 13:38:14] [INFO] Joe Furfaro has verified their ADMIN identity using access code "secret123"
[21-03-2020 13:38:54] [INFO] ADMIN Joe Furfaro disconnected
[21-03-2020 13:38:57] [INFO] Joe Furfaro has verified their ADMIN identity using access code "secret123"
[21-03-2020 13:38:59] [INFO] ADMIN Joe Furfaro disconnected
[21-03-2020 13:39:06] [INFO] Joe Furfaro has verified their ADMIN identity using access code "secret123"
[21-03-2020 13:39:59] [INFO] ADMIN Joe Furfaro disconnected
[21-03-2020 13:40:19] [INFO] Joe Furfaro has verified their ADMIN identity using access code "secret123"
[21-03-2020 13:42:53] [INFO] ADMIN Joe Furfaro disconnected
[21-03-2020 13:42:58] [INFO] Joe Furfaro has verified their ADMIN identity using access code "secret123"
[21-03-2020 13:43:10] [INFO] ADMIN Joe Furfaro disconnected
[21-03-2020 13:43:15] [INFO] Joe Furfaro has verified their ADMIN identity using access code "secret123"
[21-03-2020 13:43:25] [INFO] ADMIN Joe Furfaro disconnected
[21-03-2020 13:43:29] [INFO] Joe Furfaro has verified their ADMIN identity using access code "secret123"
[21-03-2020 13:43:57] [INFO] ADMIN Joe Furfaro disconnected
[21-03-2020 13:44:01] [INFO] Joe Furfaro has verified their ADMIN identity using access code "secret123"
[21-03-2020 13:44:07] [INFO] ADMIN Joe Furfaro disconnected
[21-03-2020 13:44:29] [INFO] Joe Furfaro has verified their ADMIN identity using access code "secret123"
[21-03-2020 13:44:44] [INFO] ADMIN Joe Furfaro disconnected
[21-03-2020 13:44:48] [INFO] Joe Furfaro has verified their ADMIN identity using access code "secret123"
[21-03-2020 13:45:00] [INFO] ADMIN Joe Furfaro disconnected
[21-03-2020 13:45:05] [INFO] Joe Furfaro has verified their ADMIN identity using access code "secret123"
[21-03-2020 13:47:59] [INFO] ADMIN Joe Furfaro disconnected
[21-03-2020 13:48:03] [INFO] Joe Furfaro has verified their ADMIN identity using access code "secret123"
[21-03-2020 13:49:41] [INFO] ADMIN Joe Furfaro disconnected
[21-03-2020 13:50:12] [INFO] Joe Furfaro has verified their ADMIN identity using access code "secret123"
[21-03-2020 13:50:47] [INFO] Joe Furfaro has verified their VOTER identity using access code "democracy"
[21-03-2020 13:51:36] [INFO] Joe Furfaro has changed the question ID to 1
[21-03-2020 13:53:36] [INFO] ADMIN Joe Furfaro disconnected
[21-03-2020 13:53:40] [INFO] Joe Furfaro has verified their ADMIN identity using access code "secret123"
[21-03-2020 13:53:41] [INFO] Joe Furfaro has cleared the current question
[21-03-2020 13:53:45] [INFO] Joe Furfaro has changed the question ID to 2
[21-03-2020 13:53:49] [INFO] Joe Furfaro has cleared the current question
[21-03-2020 13:53:53] [INFO] Joe Furfaro has changed the question ID to 1
[21-03-2020 13:53:56] [INFO] Joe Furfaro has voted "IN_FAVOUR"
[21-03-2020 13:53:58] [INFO] Joe Furfaro has cleared the current question
[21-03-2020 13:54:12] [INFO] Joe Furfaro has changed the question ID to 1
[21-03-2020 13:54:18] [INFO] Joe Furfaro has changed the question ID to 2
[21-03-2020 13:54:19] [INFO] Joe Furfaro has voted "IN_FAVOUR"
[21-03-2020 13:54:23] [INFO] Joe Furfaro has cleared the current question
[21-03-2020 13:54:28] [INFO] Joe Furfaro has changed the question ID to 1
[21-03-2020 13:54:32] [INFO] Joe Furfaro has changed the question ID to 2
[21-03-2020 13:54:34] [INFO] Joe Furfaro has cleared the current question
[21-03-2020 13:56:26] [INFO] ADMIN Joe Furfaro disconnected
[21-03-2020 13:56:30] [INFO] Joe Furfaro has verified their ADMIN identity using access code "secret123"
[21-03-2020 13:57:02] [INFO] ADMIN Joe Furfaro disconnected
[21-03-2020 13:57:06] [INFO] Joe Furfaro has verified their ADMIN identity using access code "secret123"
[21-03-2020 13:57:19] [INFO] ADMIN Joe Furfaro disconnected
[21-03-2020 13:57:24] [INFO] Joe Furfaro has verified their ADMIN identity using access code "secret123"
[21-03-2020 13:58:43] [INFO] ADMIN Joe Furfaro disconnected
[21-03-2020 13:58:47] [INFO] Joe Furfaro has verified their ADMIN identity using access code "secret123"
[21-03-2020 13:58:58] [INFO] ADMIN Joe Furfaro disconnected
[21-03-2020 13:59:01] [INFO] Joe Furfaro has verified their ADMIN identity using access code "secret123"
[21-03-2020 13:59:27] [INFO] ADMIN Joe Furfaro disconnected
[21-03-2020 13:59:30] [INFO] Joe Furfaro has verified their ADMIN identity using access code "secret123"
[21-03-2020 14:01:32] [INFO] ADMIN Joe Furfaro disconnected
[21-03-2020 14:06:00] [INFO] Joe Furfaro has verified their ADMIN identity using access code "secret123"
[21-03-2020 14:06:02] [INFO] Joe Furfaro has reset the votes on question 1
[21-03-2020 14:07:09] [INFO] ADMIN Joe Furfaro disconnected
[21-03-2020 14:07:12] [INFO] Joe Furfaro has verified their ADMIN identity using access code "secret123"
[21-03-2020 14:07:22] [INFO] Joe Furfaro has reset the votes on question 2
[21-03-2020 14:07:26] [INFO] ADMIN Joe Furfaro disconnected
[21-03-2020 14:09:50] [INFO] Joe Furfaro has verified their ADMIN identity using access code "secret123"
[21-03-2020 14:09:52] [INFO] Joe Furfaro has reset the votes on question 1
[21-03-2020 14:09:55] [INFO] VOTER Joe Furfaro disconnected
[21-03-2020 14:11:21] [INFO] ADMIN Joe Furfaro disconnected
[21-03-2020 14:11:25] [INFO] Joe Furfaro has verified their ADMIN identity using access code "secret123"
[21-03-2020 14:11:27] [INFO] Joe Furfaro has reset the votes on question 1
[21-03-2020 14:11:31] [INFO] Joe Furfaro has reset the votes on question 2
[21-03-2020 14:11:33] [INFO] Joe Furfaro has changed the question ID to 1
[21-03-2020 14:11:50] [INFO] Joe Furfaro has verified their VOTER identity using access code "democracy"
[21-03-2020 14:12:14] [INFO] ADMIN Joe Furfaro disconnected
[21-03-2020 14:12:18] [INFO] Joe Furfaro has verified their ADMIN identity using access code "secret123"
[21-03-2020 14:12:28] [INFO] Joe Furfaro has cleared the current question
[21-03-2020 14:12:29] [INFO] Joe Furfaro has reset the votes on question 1
[21-03-2020 14:12:34] [INFO] Joe Furfaro has changed the question ID to 1
[21-03-2020 14:12:35] [INFO] Joe Furfaro has voted "IN_FAVOUR"
[21-03-2020 14:12:37] [INFO] Joe Furfaro has changed the question ID to 2
[21-03-2020 14:12:43] [INFO] Joe Furfaro has voted "IN_FAVOUR"
[21-03-2020 14:12:45] [INFO] Joe Furfaro has cleared the current question
[21-03-2020 14:12:48] [INFO] Joe Furfaro has changed the question ID to 1
[21-03-2020 14:12:50] [INFO] Joe Furfaro has changed the question ID to 2
[21-03-2020 14:13:01] [INFO] Joe Furfaro has cleared the current question
[21-03-2020 14:13:09] [INFO] Joe Furfaro has reset the votes on question 2
[21-03-2020 14:13:12] [INFO] Joe Furfaro has changed the question ID to 2
[21-03-2020 14:13:15] [INFO] Joe Furfaro has voted "OPPOSED"
[21-03-2020 14:13:25] [INFO] Joe Furfaro has cleared the current question
[21-03-2020 14:13:27] [INFO] Joe Furfaro has reset the votes on question 2
[21-03-2020 14:13:29] [INFO] Joe Furfaro has reset the votes on question 1
[21-03-2020 14:13:36] [INFO] Closing logger
