[21-04-2020 16:17:55] [INFO] Starting logger
[21-04-2020 16:19:35] [INFO] Joe Furfaro has verified their ADMIN identity using access code "Dipole2001!"
[21-04-2020 16:20:16] [INFO] Admin 2 has verified their ADMIN identity using access code "password"
[21-04-2020 16:21:18] [INFO] Voter #103 has verified their VOTER identity using access code "m54048"
[21-04-2020 16:21:18] [INFO] Voter #109 has verified their VOTER identity using access code "ozaiqe"
[21-04-2020 16:21:18] [INFO] Voter #128 has verified their VOTER identity using access code "t1ru11"
[21-04-2020 16:21:18] [INFO] Voter #118 has verified their VOTER identity using access code "o8i0pi"
[21-04-2020 16:21:18] [INFO] Voter #36 has verified their VOTER identity using access code "dhwu1g"
[21-04-2020 16:21:18] [INFO] Voter #130 has verified their VOTER identity using access code "fher73"
[21-04-2020 16:21:18] [INFO] Voter #35 has verified their VOTER identity using access code "onq26g"
[21-04-2020 16:21:18] [INFO] Voter #125 has verified their VOTER identity using access code "ni8u9q"
[21-04-2020 16:21:18] [INFO] Voter #105 has verified their VOTER identity using access code "gyl6g5"
[21-04-2020 16:21:18] [INFO] Voter #25 has verified their VOTER identity using access code "nofj8n"
[21-04-2020 16:21:18] [INFO] Voter #37 has verified their VOTER identity using access code "q94ahm"
[21-04-2020 16:21:18] [INFO] Voter #119 has verified their VOTER identity using access code "kthtm3"
[21-04-2020 16:21:18] [INFO] Voter #1 has verified their VOTER identity using access code "gv5l3y"
[21-04-2020 16:21:18] [INFO] Voter #129 has verified their VOTER identity using access code "hha33e"
[21-04-2020 16:21:18] [INFO] Voter #91 has verified their VOTER identity using access code "rbleum"
[21-04-2020 16:21:18] [INFO] Voter #127 has verified their VOTER identity using access code "nxmguq"
[21-04-2020 16:21:18] [INFO] Voter #34 has verified their VOTER identity using access code "i38cm9"
[21-04-2020 16:21:18] [INFO] Voter #3 has verified their VOTER identity using access code "c3opj8"
[21-04-2020 16:21:18] [INFO] Voter #88 has verified their VOTER identity using access code "b1gbgf"
[21-04-2020 16:21:18] [INFO] Voter #110 has verified their VOTER identity using access code "qewpxw"
[21-04-2020 16:21:18] [INFO] Voter #4 has verified their VOTER identity using access code "s43osq"
[21-04-2020 16:21:18] [INFO] Voter #30 has verified their VOTER identity using access code "7021ss"
[21-04-2020 16:21:18] [INFO] Voter #5 has verified their VOTER identity using access code "d99kgs"
[21-04-2020 16:21:18] [INFO] Voter #113 has verified their VOTER identity using access code "jjre4b"
[21-04-2020 16:21:18] [INFO] Voter #133 has verified their VOTER identity using access code "f5lvmr"
[21-04-2020 16:21:18] [INFO] Voter #26 has verified their VOTER identity using access code "1l1ash"
[21-04-2020 16:21:18] [INFO] Voter #131 has verified their VOTER identity using access code "lgatyl"
[21-04-2020 16:21:18] [INFO] Voter #38 has verified their VOTER identity using access code "nm37ky"
[21-04-2020 16:21:18] [INFO] Voter #32 has verified their VOTER identity using access code "jor2xz"
[21-04-2020 16:21:18] [INFO] Voter #135 has verified their VOTER identity using access code "fsr2ql"
[21-04-2020 16:21:18] [INFO] Voter #8 has verified their VOTER identity using access code "yy3ktz"
[21-04-2020 16:21:18] [INFO] Voter #141 has verified their VOTER identity using access code "h7qtbb"
[21-04-2020 16:21:18] [INFO] Voter #132 has verified their VOTER identity using access code "e1vk34"
[21-04-2020 16:21:18] [INFO] Voter #14 has verified their VOTER identity using access code "fnypni"
[21-04-2020 16:21:18] [INFO] Voter #136 has verified their VOTER identity using access code "ffqjio"
[21-04-2020 16:21:18] [INFO] Voter #40 has verified their VOTER identity using access code "igel5e"
[21-04-2020 16:21:18] [INFO] Voter #9 has verified their VOTER identity using access code "nw4yk8"
[21-04-2020 16:21:18] [INFO] Voter #19 has verified their VOTER identity using access code "08skve"
[21-04-2020 16:21:18] [INFO] Voter #48 has verified their VOTER identity using access code "7zgd1h"
[21-04-2020 16:21:18] [INFO] Voter #16 has verified their VOTER identity using access code "9ikfw9"
[21-04-2020 16:21:18] [INFO] Voter #31 has verified their VOTER identity using access code "w7oon3"
[21-04-2020 16:21:18] [INFO] Voter #143 has verified their VOTER identity using access code "8sniej"
[21-04-2020 16:21:18] [INFO] Voter #33 has verified their VOTER identity using access code "mg51dd"
[21-04-2020 16:21:18] [INFO] Voter #39 has verified their VOTER identity using access code "96x7dw"
[21-04-2020 16:21:18] [INFO] Voter #29 has verified their VOTER identity using access code "pgtytu"
[21-04-2020 16:21:18] [INFO] Voter #137 has verified their VOTER identity using access code "fnz1al"
[21-04-2020 16:21:18] [INFO] Voter #44 has verified their VOTER identity using access code "pcou74"
[21-04-2020 16:21:18] [INFO] Voter #115 has verified their VOTER identity using access code "xwkmm1"
[21-04-2020 16:21:18] [INFO] Voter #22 has verified their VOTER identity using access code "nrvqt6"
[21-04-2020 16:21:18] [INFO] Voter #13 has verified their VOTER identity using access code "0odoj2"
[21-04-2020 16:21:18] [INFO] Voter #21 has verified their VOTER identity using access code "y7hz2i"
[21-04-2020 16:21:18] [INFO] Voter #6 has verified their VOTER identity using access code "kdrdzq"
[21-04-2020 16:21:18] [INFO] Voter #11 has verified their VOTER identity using access code "f4ihro"
[21-04-2020 16:21:18] [INFO] Voter #47 has verified their VOTER identity using access code "dmdzvj"
[21-04-2020 16:21:18] [INFO] Voter #144 has verified their VOTER identity using access code "40dzkz"
[21-04-2020 16:21:18] [INFO] Voter #49 has verified their VOTER identity using access code "hvg6w8"
[21-04-2020 16:21:18] [INFO] Voter #158 has verified their VOTER identity using access code "42xeu9"
[21-04-2020 16:21:18] [INFO] Voter #151 has verified their VOTER identity using access code "jombua"
[21-04-2020 16:21:18] [INFO] Voter #161 has verified their VOTER identity using access code "lkz2gb"
[21-04-2020 16:21:18] [INFO] Voter #10 has verified their VOTER identity using access code "m9sca4"
[21-04-2020 16:21:18] [INFO] Voter #146 has verified their VOTER identity using access code "4h4r4l"
[21-04-2020 16:21:18] [INFO] Voter #145 has verified their VOTER identity using access code "2ndqdw"
[21-04-2020 16:21:18] [INFO] Voter #42 has verified their VOTER identity using access code "rdearm"
[21-04-2020 16:21:18] [INFO] Voter #46 has verified their VOTER identity using access code "zs5utw"
[21-04-2020 16:21:18] [INFO] Voter #41 has verified their VOTER identity using access code "jhzcoq"
[21-04-2020 16:21:18] [INFO] Voter #54 has verified their VOTER identity using access code "ec4z0g"
[21-04-2020 16:21:18] [INFO] Voter #142 has verified their VOTER identity using access code "tw32hb"
[21-04-2020 16:21:18] [INFO] Voter #138 has verified their VOTER identity using access code "hvh8tn"
[21-04-2020 16:21:18] [INFO] Voter #147 has verified their VOTER identity using access code "oighsd"
[21-04-2020 16:21:18] [INFO] Voter #28 has verified their VOTER identity using access code "uk2jlf"
[21-04-2020 16:21:18] [INFO] Voter #51 has verified their VOTER identity using access code "wvt7eu"
[21-04-2020 16:21:18] [INFO] Voter #17 has verified their VOTER identity using access code "795636"
[21-04-2020 16:21:18] [INFO] Voter #27 has verified their VOTER identity using access code "t4sfa9"
[21-04-2020 16:21:18] [INFO] Voter #56 has verified their VOTER identity using access code "x95vby"
[21-04-2020 16:21:19] [INFO] Voter #134 has verified their VOTER identity using access code "1pvnw3"
[21-04-2020 16:21:19] [INFO] Voter #18 has verified their VOTER identity using access code "zmy5fp"
[21-04-2020 16:21:19] [INFO] Voter #7 has verified their VOTER identity using access code "eig705"
[21-04-2020 16:21:19] [INFO] Voter #12 has verified their VOTER identity using access code "bgv4i6"
[21-04-2020 16:21:19] [INFO] Voter #140 has verified their VOTER identity using access code "7jq1nk"
[21-04-2020 16:21:19] [INFO] Voter #139 has verified their VOTER identity using access code "n8z2i2"
[21-04-2020 16:21:19] [INFO] Voter #157 has verified their VOTER identity using access code "pdkmej"
[21-04-2020 16:21:19] [INFO] Voter #149 has verified their VOTER identity using access code "f15ib2"
[21-04-2020 16:21:19] [INFO] Voter #45 has verified their VOTER identity using access code "qscq20"
[21-04-2020 16:21:19] [INFO] Voter #15 has verified their VOTER identity using access code "a26bwn"
[21-04-2020 16:21:19] [INFO] Voter #155 has verified their VOTER identity using access code "hxkx2h"
[21-04-2020 16:21:19] [INFO] Voter #24 has verified their VOTER identity using access code "m1l9bs"
[21-04-2020 16:21:19] [INFO] Voter #154 has verified their VOTER identity using access code "0xse3n"
[21-04-2020 16:21:19] [INFO] Voter #2 has verified their VOTER identity using access code "vb601v"
[21-04-2020 16:21:19] [INFO] Voter #43 has verified their VOTER identity using access code "kf6uh4"
[21-04-2020 16:21:19] [INFO] Voter #50 has verified their VOTER identity using access code "xreh1x"
[21-04-2020 16:21:19] [INFO] Voter #148 has verified their VOTER identity using access code "jos2wb"
[21-04-2020 16:21:19] [INFO] Voter #126 has verified their VOTER identity using access code "tcs7yj"
[21-04-2020 16:21:19] [INFO] Voter #153 has verified their VOTER identity using access code "1o61cp"
[21-04-2020 16:21:19] [INFO] Voter #52 has verified their VOTER identity using access code "edx5dh"
[21-04-2020 16:21:19] [INFO] Voter #59 has verified their VOTER identity using access code "44fklx"
[21-04-2020 16:21:19] [INFO] Voter #55 has verified their VOTER identity using access code "g4me64"
[21-04-2020 16:21:19] [INFO] Voter #160 has verified their VOTER identity using access code "noev29"
[21-04-2020 16:21:19] [INFO] VOTER Voter #154 disconnected
[21-04-2020 16:21:19] [INFO] VOTER Voter #56 disconnected
[21-04-2020 16:21:19] [INFO] VOTER Voter #59 disconnected
[21-04-2020 16:21:19] [INFO] VOTER Voter #55 disconnected
[21-04-2020 16:21:19] [INFO] VOTER Voter #52 disconnected
[21-04-2020 16:21:19] [INFO] VOTER Voter #42 disconnected
[21-04-2020 16:21:19] [INFO] VOTER Voter #45 disconnected
[21-04-2020 16:21:19] [INFO] VOTER Voter #147 disconnected
[21-04-2020 16:21:19] [INFO] VOTER Voter #41 disconnected
[21-04-2020 16:21:19] [INFO] VOTER Voter #43 disconnected
[21-04-2020 16:21:19] [INFO] VOTER Voter #160 disconnected
[21-04-2020 16:21:19] [INFO] VOTER Voter #148 disconnected
[21-04-2020 16:21:19] [INFO] VOTER Voter #155 disconnected
[21-04-2020 16:21:19] [INFO] VOTER Voter #149 disconnected
[21-04-2020 16:21:19] [INFO] VOTER Voter #153 disconnected
[21-04-2020 16:21:19] [INFO] VOTER Voter #48 disconnected
[21-04-2020 16:21:19] [INFO] VOTER Voter #2 disconnected
[21-04-2020 16:21:19] [INFO] VOTER Voter #157 disconnected
[21-04-2020 16:21:19] [INFO] VOTER Voter #44 disconnected
[21-04-2020 16:21:19] [INFO] VOTER Voter #46 disconnected
[21-04-2020 16:21:19] [INFO] VOTER Voter #18 disconnected
[21-04-2020 16:21:19] [INFO] VOTER Voter #54 disconnected
[21-04-2020 16:21:19] [INFO] VOTER Voter #51 disconnected
[21-04-2020 16:21:19] [INFO] VOTER Voter #22 disconnected
[21-04-2020 16:21:19] [INFO] VOTER Voter #50 disconnected
[21-04-2020 16:21:19] [INFO] VOTER Voter #146 disconnected
[21-04-2020 16:21:19] [INFO] VOTER Voter #15 disconnected
[21-04-2020 16:21:19] [INFO] VOTER Voter #17 disconnected
[21-04-2020 16:21:19] [INFO] VOTER Voter #19 disconnected
[21-04-2020 16:21:19] [INFO] VOTER Voter #145 disconnected
[21-04-2020 16:21:19] [INFO] VOTER Voter #31 disconnected
[21-04-2020 16:21:19] [INFO] VOTER Voter #143 disconnected
[21-04-2020 16:21:19] [INFO] VOTER Voter #16 disconnected
[21-04-2020 16:21:19] [INFO] VOTER Voter #28 disconnected
[21-04-2020 16:21:19] [INFO] VOTER Voter #14 disconnected
[21-04-2020 16:21:19] [INFO] VOTER Voter #32 disconnected
[21-04-2020 16:21:19] [INFO] VOTER Voter #13 disconnected
[21-04-2020 16:21:19] [INFO] VOTER Voter #33 disconnected
[21-04-2020 16:21:19] [INFO] VOTER Voter #30 disconnected
[21-04-2020 16:21:19] [INFO] VOTER Voter #142 disconnected
[21-04-2020 16:21:19] [INFO] VOTER Voter #141 disconnected
[21-04-2020 16:21:19] [INFO] VOTER Voter #29 disconnected
[21-04-2020 16:21:19] [INFO] VOTER Voter #139 disconnected
[21-04-2020 16:21:19] [INFO] VOTER Voter #140 disconnected
[21-04-2020 16:21:19] [INFO] VOTER Voter #137 disconnected
[21-04-2020 16:21:19] [INFO] VOTER Voter #10 disconnected
[21-04-2020 16:21:19] [INFO] VOTER Voter #39 disconnected
[21-04-2020 16:21:19] [INFO] VOTER Voter #27 disconnected
[21-04-2020 16:21:19] [INFO] VOTER Voter #12 disconnected
[21-04-2020 16:21:19] [INFO] VOTER Voter #138 disconnected
[21-04-2020 16:21:19] [INFO] VOTER Voter #7 disconnected
[21-04-2020 16:21:19] [INFO] VOTER Voter #136 disconnected
[21-04-2020 16:21:19] [INFO] VOTER Voter #40 disconnected
[21-04-2020 16:21:19] [INFO] VOTER Voter #24 disconnected
[21-04-2020 16:21:19] [INFO] VOTER Voter #135 disconnected
[21-04-2020 16:21:19] [INFO] VOTER Voter #134 disconnected
[21-04-2020 16:21:19] [INFO] VOTER Voter #8 disconnected
[21-04-2020 16:21:19] [INFO] VOTER Voter #26 disconnected
[21-04-2020 16:21:19] [INFO] VOTER Voter #133 disconnected
[21-04-2020 16:21:19] [INFO] VOTER Voter #38 disconnected
[21-04-2020 16:21:19] [INFO] VOTER Voter #131 disconnected
[21-04-2020 16:21:19] [INFO] VOTER Voter #132 disconnected
[21-04-2020 16:21:19] [INFO] VOTER Voter #9 disconnected
[21-04-2020 16:21:19] [INFO] VOTER Voter #130 disconnected
[21-04-2020 16:21:19] [INFO] VOTER Voter #37 disconnected
[21-04-2020 16:21:19] [INFO] VOTER Voter #128 disconnected
[21-04-2020 16:21:19] [INFO] VOTER Voter #129 disconnected
[21-04-2020 16:21:19] [INFO] VOTER Voter #25 disconnected
[21-04-2020 16:21:19] [INFO] VOTER Voter #3 disconnected
[21-04-2020 16:21:19] [INFO] VOTER Voter #127 disconnected
[21-04-2020 16:21:19] [INFO] VOTER Voter #36 disconnected
[21-04-2020 16:21:19] [INFO] VOTER Voter #115 disconnected
[21-04-2020 16:21:19] [INFO] VOTER Voter #4 disconnected
[21-04-2020 16:21:19] [INFO] VOTER Voter #126 disconnected
[21-04-2020 16:21:19] [INFO] VOTER Voter #5 disconnected
[21-04-2020 16:21:19] [INFO] VOTER Voter #125 disconnected
[21-04-2020 16:21:19] [INFO] VOTER Voter #35 disconnected
[21-04-2020 16:21:19] [INFO] VOTER Voter #118 disconnected
[21-04-2020 16:21:19] [INFO] VOTER Voter #119 disconnected
[21-04-2020 16:21:19] [INFO] VOTER Voter #88 disconnected
[21-04-2020 16:21:19] [INFO] VOTER Voter #113 disconnected
[21-04-2020 16:21:19] [INFO] VOTER Voter #1 disconnected
[21-04-2020 16:21:19] [INFO] VOTER Voter #110 disconnected
[21-04-2020 16:21:19] [INFO] VOTER Voter #109 disconnected
[21-04-2020 16:21:19] [INFO] VOTER Voter #91 disconnected
[21-04-2020 16:21:19] [INFO] VOTER Voter #34 disconnected
[21-04-2020 16:21:19] [INFO] VOTER Voter #103 disconnected
[21-04-2020 16:21:19] [INFO] VOTER Voter #105 disconnected
[21-04-2020 16:21:19] [INFO] VOTER Voter #151 disconnected
[21-04-2020 16:21:19] [INFO] VOTER Voter #158 disconnected
[21-04-2020 16:21:19] [INFO] VOTER Voter #47 disconnected
[21-04-2020 16:21:19] [INFO] VOTER Voter #161 disconnected
[21-04-2020 16:21:19] [INFO] VOTER Voter #49 disconnected
[21-04-2020 16:21:19] [INFO] VOTER Voter #21 disconnected
[21-04-2020 16:21:19] [INFO] VOTER Voter #144 disconnected
[21-04-2020 16:21:19] [INFO] VOTER Voter #11 disconnected
[21-04-2020 16:21:19] [INFO] VOTER Voter #6 disconnected
[21-04-2020 16:24:53] [INFO] Closing logger
