[21-04-2020 16:05:58] [INFO] Starting logger
[21-04-2020 16:06:12] [INFO] Admin 2 has verified their ADMIN identity using access code "password"
[21-04-2020 16:06:13] [INFO] Joe Furfaro has verified their ADMIN identity using access code "Dipole2001!"
[21-04-2020 16:06:27] [WARNING] VOTER login failed using access code "gomtag"
[21-04-2020 16:06:27] [WARNING] VOTER login failed using access code "xdav8v"
[21-04-2020 16:06:27] [WARNING] VOTER login failed using access code "jdc8kl"
[21-04-2020 16:06:27] [WARNING] VOTER login failed using access code "gv5g84"
[21-04-2020 16:06:27] [WARNING] VOTER login failed using access code "b8gv24"
[21-04-2020 16:06:27] [WARNING] VOTER login failed using access code "qaghht"
[21-04-2020 16:06:27] [WARNING] VOTER login failed using access code "synoz7"
[21-04-2020 16:06:27] [WARNING] VOTER login failed using access code "58hfqs"
[21-04-2020 16:06:27] [WARNING] VOTER login failed using access code "kck98f"
[21-04-2020 16:06:28] [WARNING] VOTER login failed using access code "xk8614"
[21-04-2020 16:06:28] [WARNING] VOTER login failed using access code "fln5nm"
[21-04-2020 16:06:28] [WARNING] VOTER login failed using access code "2pxpsv"
[21-04-2020 16:06:28] [WARNING] VOTER login failed using access code "uptmbf"
[21-04-2020 16:06:28] [WARNING] VOTER login failed using access code "23eul3"
[21-04-2020 16:06:28] [WARNING] VOTER login failed using access code "z6l9sq"
[21-04-2020 16:06:28] [WARNING] VOTER login failed using access code "ip21dp"
[21-04-2020 16:06:28] [WARNING] VOTER login failed using access code "etteoj"
[21-04-2020 16:06:28] [WARNING] VOTER login failed using access code "bdubj6"
[21-04-2020 16:06:28] [WARNING] VOTER login failed using access code "mdb1ga"
[21-04-2020 16:06:28] [WARNING] VOTER login failed using access code "gb0wtu"
[21-04-2020 16:06:28] [WARNING] VOTER login failed using access code "9y64e7"
[21-04-2020 16:06:28] [WARNING] VOTER login failed using access code "aqcd24"
[21-04-2020 16:06:28] [WARNING] VOTER login failed using access code "9ukmho"
[21-04-2020 16:06:28] [WARNING] VOTER login failed using access code "ysu52i"
[21-04-2020 16:06:28] [WARNING] VOTER login failed using access code "ff4y5x"
[21-04-2020 16:06:28] [WARNING] VOTER login failed using access code "46ptjo"
[21-04-2020 16:06:28] [WARNING] VOTER login failed using access code "jblgg1"
[21-04-2020 16:06:28] [WARNING] VOTER login failed using access code "en7w1p"
[21-04-2020 16:06:28] [WARNING] VOTER login failed using access code "csgfj7"
[21-04-2020 16:06:28] [WARNING] VOTER login failed using access code "un3ea2"
[21-04-2020 16:06:28] [WARNING] VOTER login failed using access code "2vxpgg"
[21-04-2020 16:06:28] [WARNING] VOTER login failed using access code "scydkd"
[21-04-2020 16:06:28] [WARNING] VOTER login failed using access code "a96tqi"
[21-04-2020 16:06:28] [WARNING] VOTER login failed using access code "lik3kf"
[21-04-2020 16:06:28] [WARNING] VOTER login failed using access code "518qhc"
[21-04-2020 16:06:28] [WARNING] VOTER login failed using access code "suf2xn"
[21-04-2020 16:06:28] [WARNING] VOTER login failed using access code "xwzbg7"
[21-04-2020 16:06:28] [WARNING] VOTER login failed using access code "cuenp5"
[21-04-2020 16:06:28] [WARNING] VOTER login failed using access code "nxwq30"
[21-04-2020 16:06:28] [WARNING] VOTER login failed using access code "8w6re4"
[21-04-2020 16:06:28] [WARNING] VOTER login failed using access code "jnja5z"
[21-04-2020 16:06:28] [WARNING] VOTER login failed using access code "b902vp"
[21-04-2020 16:06:28] [WARNING] VOTER login failed using access code "zx1cmo"
[21-04-2020 16:06:28] [WARNING] VOTER login failed using access code "7xjato"
[21-04-2020 16:06:28] [WARNING] VOTER login failed using access code "31gt7l"
[21-04-2020 16:06:28] [WARNING] VOTER login failed using access code "yla6yu"
[21-04-2020 16:06:28] [WARNING] VOTER login failed using access code "ua39cb"
[21-04-2020 16:06:28] [WARNING] VOTER login failed using access code "q2lk5d"
[21-04-2020 16:06:28] [WARNING] VOTER login failed using access code "n1psy0"
[21-04-2020 16:06:28] [WARNING] VOTER login failed using access code "90bg2e"
[21-04-2020 16:06:28] [WARNING] VOTER login failed using access code "zxyi18"
[21-04-2020 16:06:28] [WARNING] VOTER login failed using access code "7l12u8"
[21-04-2020 16:06:28] [WARNING] VOTER login failed using access code "lzqb5v"
[21-04-2020 16:06:28] [WARNING] VOTER login failed using access code "k90joc"
[21-04-2020 16:06:28] [WARNING] VOTER login failed using access code "x93q7u"
[21-04-2020 16:06:28] [WARNING] VOTER login failed using access code "gxqxli"
[21-04-2020 16:06:28] [WARNING] VOTER login failed using access code "hlvf1t"
[21-04-2020 16:06:28] [WARNING] VOTER login failed using access code "zrr3lv"
[21-04-2020 16:06:28] [WARNING] VOTER login failed using access code "osd7qx"
[21-04-2020 16:06:28] [WARNING] VOTER login failed using access code "2gqeoe"
[21-04-2020 16:06:28] [WARNING] VOTER login failed using access code "h12w56"
[21-04-2020 16:06:28] [WARNING] VOTER login failed using access code "tuusle"
[21-04-2020 16:06:28] [WARNING] VOTER login failed using access code "ji1ed1"
[21-04-2020 16:06:28] [WARNING] VOTER login failed using access code "sdhbq8"
[21-04-2020 16:06:28] [WARNING] VOTER login failed using access code "cl0zbk"
[21-04-2020 16:06:28] [WARNING] VOTER login failed using access code "4496ao"
[21-04-2020 16:06:28] [WARNING] VOTER login failed using access code "rtpf2r"
[21-04-2020 16:06:28] [WARNING] VOTER login failed using access code "cbmf2q"
[21-04-2020 16:06:28] [WARNING] VOTER login failed using access code "wy7994"
[21-04-2020 16:06:28] [WARNING] VOTER login failed using access code "qv5ovv"
[21-04-2020 16:06:28] [WARNING] VOTER login failed using access code "wiywkk"
[21-04-2020 16:06:28] [WARNING] VOTER login failed using access code "mpfr5i"
[21-04-2020 16:06:28] [WARNING] VOTER login failed using access code "gbwqjz"
[21-04-2020 16:06:28] [WARNING] VOTER login failed using access code "6zqetv"
[21-04-2020 16:06:28] [WARNING] VOTER login failed using access code "avemvv"
[21-04-2020 16:06:28] [WARNING] VOTER login failed using access code "dwb7b0"
[21-04-2020 16:06:28] [WARNING] VOTER login failed using access code "r1qe10"
[21-04-2020 16:06:28] [WARNING] VOTER login failed using access code "bu54wf"
[21-04-2020 16:06:28] [WARNING] VOTER login failed using access code "9tfcce"
[21-04-2020 16:06:28] [WARNING] VOTER login failed using access code "0osypz"
[21-04-2020 16:06:28] [WARNING] VOTER login failed using access code "glgq50"
[21-04-2020 16:06:28] [WARNING] VOTER login failed using access code "lut0aj"
[21-04-2020 16:06:28] [WARNING] VOTER login failed using access code "qpywde"
[21-04-2020 16:06:28] [WARNING] VOTER login failed using access code "vdx5nh"
[21-04-2020 16:06:28] [WARNING] VOTER login failed using access code "eq0v1s"
[21-04-2020 16:06:28] [WARNING] VOTER login failed using access code "t5yq5z"
[21-04-2020 16:06:28] [WARNING] VOTER login failed using access code "gbww3c"
[21-04-2020 16:06:28] [WARNING] VOTER login failed using access code "l35p2k"
[21-04-2020 16:06:28] [WARNING] VOTER login failed using access code "gkjok0"
[21-04-2020 16:06:28] [WARNING] VOTER login failed using access code "x7kk0x"
[21-04-2020 16:06:28] [WARNING] VOTER login failed using access code "trdhu2"
[21-04-2020 16:06:28] [WARNING] VOTER login failed using access code "89z0wi"
[21-04-2020 16:06:28] [WARNING] VOTER login failed using access code "3i29eo"
[21-04-2020 16:06:28] [WARNING] VOTER login failed using access code "jyjmu3"
[21-04-2020 16:06:28] [WARNING] VOTER login failed using access code "rpxtgk"
[21-04-2020 16:06:28] [WARNING] VOTER login failed using access code "70du0h"
[21-04-2020 16:06:28] [WARNING] VOTER login failed using access code "gnnr8o"
[21-04-2020 16:06:28] [WARNING] VOTER login failed using access code "aaa3w3"
[21-04-2020 16:06:28] [WARNING] VOTER login failed using access code "whbg3w"
[21-04-2020 16:06:28] [WARNING] VOTER login failed using access code "9e1fdp"
[21-04-2020 16:07:50] [INFO] ADMIN Joe Furfaro disconnected
[21-04-2020 16:10:05] [INFO] Closing logger
