[21-03-2020 14:58:00] [INFO] Starting logger
[21-03-2020 15:03:11] [INFO] Joe Furfaro has verified their ADMIN identity using access code "secret123"
[21-03-2020 15:03:34] [INFO] ADMIN Joe Furfaro disconnected
[21-03-2020 15:03:45] [INFO] Joe Furfaro has verified their ADMIN identity using access code "secret123"
[21-03-2020 15:04:38] [INFO] ADMIN Joe Furfaro disconnected
[21-03-2020 15:04:43] [INFO] Joe Furfaro has verified their ADMIN identity using access code "secret123"
[21-03-2020 15:04:59] [INFO] ADMIN Joe Furfaro disconnected
[21-03-2020 15:05:02] [INFO] Joe Furfaro has verified their ADMIN identity using access code "secret123"
[21-03-2020 15:13:44] [INFO] ADMIN Joe Furfaro disconnected
[21-03-2020 15:13:48] [INFO] Joe Furfaro has verified their ADMIN identity using access code "secret123"
[21-03-2020 15:13:59] [INFO] ADMIN Joe Furfaro disconnected
[21-03-2020 15:14:07] [INFO] Joe Furfaro has verified their ADMIN identity using access code "secret123"
[21-03-2020 15:14:56] [INFO] ADMIN Joe Furfaro disconnected
[21-03-2020 15:15:01] [INFO] Joe Furfaro has verified their ADMIN identity using access code "secret123"
[21-03-2020 15:16:35] [INFO] ADMIN Joe Furfaro disconnected
[21-03-2020 15:16:38] [INFO] Joe Furfaro has verified their ADMIN identity using access code "secret123"
[21-03-2020 15:17:09] [INFO] ADMIN Joe Furfaro disconnected
[21-03-2020 15:17:12] [INFO] Joe Furfaro has verified their ADMIN identity using access code "secret123"
[21-03-2020 15:17:58] [INFO] Joe Furfaro has verified their VOTER identity using access code "democracy"
[21-03-2020 15:18:05] [INFO] Joe Furfaro has changed the question ID to 1
[21-03-2020 15:18:07] [INFO] Joe Furfaro has voted "IN_FAVOUR"
[21-03-2020 15:18:08] [INFO] ADMIN Joe Furfaro disconnected
[21-03-2020 15:18:13] [INFO] Joe Furfaro has verified their ADMIN identity using access code "secret123"
[21-03-2020 15:19:14] [INFO] ADMIN Joe Furfaro disconnected
[21-03-2020 15:19:19] [INFO] Joe Furfaro has verified their ADMIN identity using access code "secret123"
[21-03-2020 15:21:37] [INFO] ADMIN Joe Furfaro disconnected
[21-03-2020 15:22:16] [WARNING] ADMIN login failed using access code "democracy"
[21-03-2020 15:22:19] [INFO] Joe Furfaro has verified their ADMIN identity using access code "secret123"
[21-03-2020 15:22:24] [INFO] Joe Furfaro has cleared the current question
[21-03-2020 15:22:27] [INFO] Joe Furfaro has reset the votes on question 1
[21-03-2020 15:22:34] [INFO] Joe Furfaro has changed the question ID to 1
[21-03-2020 15:22:44] [INFO] Joe Furfaro has voted "IN_FAVOUR"
[21-03-2020 15:24:15] [WARNING] VOTER login failed using access code "Right?"
[21-03-2020 15:24:33] [INFO] Adam Furfaro has verified their VOTER identity using access code "right?"
[21-03-2020 15:24:42] [INFO] Adam Furfaro has voted "OPPOSED"
[21-03-2020 15:26:19] [INFO] Joe Furfaro has changed the question ID to 1
[21-03-2020 15:26:23] [INFO] Joe Furfaro has changed the question ID to 2
[21-03-2020 15:26:33] [INFO] Adam Furfaro has voted "IN_FAVOUR"
[21-03-2020 15:26:45] [INFO] Joe Furfaro has voted "OPPOSED"
[21-03-2020 15:26:53] [INFO] Joe Furfaro has cleared the current question
[21-03-2020 15:26:58] [INFO] Closing logger
