[21-03-2020 15:29:19] [INFO] Starting logger
[21-03-2020 15:30:20] [INFO] Lilli Furfaro has verified their VOTER identity using access code "lilli"
[21-03-2020 15:30:41] [INFO] Paula Furfaro has verified their VOTER identity using access code "tuna"
[21-03-2020 15:31:17] [WARNING] VOTER login failed using access code "Jonas"
[21-03-2020 15:31:21] [INFO] Glenn Peterson has verified their VOTER identity using access code "jonas"
[21-03-2020 15:31:41] [INFO] Joe Furfaro has verified their VOTER identity using access code "democracy"
[21-03-2020 15:31:50] [INFO] Adam Furfaro has verified their VOTER identity using access code "right?"
[21-03-2020 15:32:05] [INFO] Joe Furfaro has verified their ADMIN identity using access code "secret123"
[21-03-2020 15:32:18] [INFO] Joe Furfaro has changed the question ID to 1
[21-03-2020 15:32:20] [INFO] Lilli Furfaro has voted "IN_FAVOUR"
[21-03-2020 15:32:24] [INFO] Paula Furfaro has voted "IN_FAVOUR"
[21-03-2020 15:32:31] [INFO] Adam Furfaro has voted "ABSTAIN"
[21-03-2020 15:32:49] [INFO] Glenn Peterson has voted "OPPOSED"
[21-03-2020 15:32:52] [INFO] Joe Furfaro has voted "IN_FAVOUR"
[21-03-2020 15:33:20] [INFO] Joe Furfaro has cleared the current question
[21-03-2020 15:33:25] [INFO] Joe Furfaro has changed the question ID to 2
[21-03-2020 15:33:28] [INFO] Lilli Furfaro has voted "OPPOSED"
[21-03-2020 15:33:29] [INFO] Paula Furfaro has voted "IN_FAVOUR"
[21-03-2020 15:33:30] [INFO] Adam Furfaro has voted "IN_FAVOUR"
[21-03-2020 15:33:32] [INFO] Joe Furfaro has voted "IN_FAVOUR"
[21-03-2020 15:33:33] [INFO] Glenn Peterson has voted "IN_FAVOUR"
[21-03-2020 15:33:53] [INFO] Joe Furfaro has cleared the current question
[21-03-2020 15:34:04] [INFO] Joe Furfaro has changed the question ID to 1
[21-03-2020 15:34:10] [INFO] Joe Furfaro has cleared the current question
[21-03-2020 15:34:13] [INFO] Joe Furfaro has changed the question ID to 2
[21-03-2020 15:34:27] [INFO] Joe Furfaro has cleared the current question
[21-03-2020 15:34:31] [INFO] Joe Furfaro has reset the votes on question 2
[21-03-2020 15:34:38] [INFO] Joe Furfaro has changed the question ID to 2
[21-03-2020 15:34:40] [INFO] Lilli Furfaro has voted "OPPOSED"
[21-03-2020 15:34:40] [INFO] Glenn Peterson has voted "OPPOSED"
[21-03-2020 15:34:41] [INFO] Adam Furfaro has voted "OPPOSED"
[21-03-2020 15:34:42] [INFO] Paula Furfaro has voted "OPPOSED"
[21-03-2020 15:34:47] [INFO] Joe Furfaro has voted "OPPOSED"
[21-03-2020 15:35:26] [INFO] VOTER Paula Furfaro disconnected
[21-03-2020 15:35:42] [INFO] VOTER Lilli Furfaro disconnected
[21-03-2020 15:36:32] [INFO] Joe Furfaro has cleared the current question
[21-03-2020 15:36:52] [INFO] VOTER Adam Furfaro disconnected
[21-03-2020 15:37:12] [INFO] VOTER Glenn Peterson disconnected
[21-03-2020 15:40:10] [INFO] Closing logger
