[21-04-2020 16:24:55] [INFO] Starting logger
[21-04-2020 16:25:11] [INFO] Admin 2 has verified their ADMIN identity using access code "password"
[21-04-2020 16:25:13] [INFO] Joe Furfaro has verified their ADMIN identity using access code "Dipole2001!"
[21-04-2020 16:25:25] [INFO] Voter #12 has verified their VOTER identity using access code "bgv4i6"
[21-04-2020 16:25:25] [INFO] Voter #2 has verified their VOTER identity using access code "vb601v"
[21-04-2020 16:25:25] [INFO] Voter #6 has verified their VOTER identity using access code "kdrdzq"
[21-04-2020 16:25:25] [INFO] Voter #1 has verified their VOTER identity using access code "gv5l3y"
[21-04-2020 16:25:25] [INFO] Voter #14 has verified their VOTER identity using access code "fnypni"
[21-04-2020 16:25:25] [INFO] Voter #0 has verified their VOTER identity using access code "65vljw"
[21-04-2020 16:25:25] [INFO] Voter #125 has verified their VOTER identity using access code "ni8u9q"
[21-04-2020 16:25:25] [INFO] Voter #128 has verified their VOTER identity using access code "t1ru11"
[21-04-2020 16:25:25] [INFO] Voter #252 has verified their VOTER identity using access code "ineip1"
[21-04-2020 16:25:25] [INFO] Voter #249 has verified their VOTER identity using access code "7p08td"
[21-04-2020 16:25:25] [INFO] Voter #253 has verified their VOTER identity using access code "2yzrhu"
[21-04-2020 16:25:25] [INFO] Voter #17 has verified their VOTER identity using access code "795636"
[21-04-2020 16:25:26] [INFO] Voter #145 has verified their VOTER identity using access code "2ndqdw"
[21-04-2020 16:25:26] [INFO] Voter #201 has verified their VOTER identity using access code "s2numf"
[21-04-2020 16:25:26] [INFO] Voter #153 has verified their VOTER identity using access code "1o61cp"
[21-04-2020 16:25:26] [INFO] Voter #45 has verified their VOTER identity using access code "qscq20"
[21-04-2020 16:25:26] [INFO] Voter #194 has verified their VOTER identity using access code "xshbrs"
[21-04-2020 16:25:26] [INFO] Voter #143 has verified their VOTER identity using access code "8sniej"
[21-04-2020 16:25:26] [INFO] Voter #67 has verified their VOTER identity using access code "zaegwi"
[21-04-2020 16:25:26] [INFO] Voter #193 has verified their VOTER identity using access code "02ge4w"
[21-04-2020 16:25:26] [INFO] Voter #247 has verified their VOTER identity using access code "0tq4eb"
[21-04-2020 16:25:26] [INFO] Voter #185 has verified their VOTER identity using access code "07jbip"
[21-04-2020 16:25:26] [INFO] Voter #108 has verified their VOTER identity using access code "9vpwag"
[21-04-2020 16:25:26] [INFO] Voter #13 has verified their VOTER identity using access code "0odoj2"
[21-04-2020 16:25:26] [INFO] Voter #138 has verified their VOTER identity using access code "hvh8tn"
[21-04-2020 16:25:26] [INFO] Voter #250 has verified their VOTER identity using access code "7odi68"
[21-04-2020 16:25:26] [INFO] Voter #225 has verified their VOTER identity using access code "q29bk1"
[21-04-2020 16:25:26] [INFO] Voter #127 has verified their VOTER identity using access code "nxmguq"
[21-04-2020 16:25:26] [INFO] Voter #180 has verified their VOTER identity using access code "o70hzh"
[21-04-2020 16:25:26] [INFO] Voter #62 has verified their VOTER identity using access code "jyhrgv"
[21-04-2020 16:25:26] [INFO] Voter #158 has verified their VOTER identity using access code "42xeu9"
[21-04-2020 16:25:26] [INFO] Voter #221 has verified their VOTER identity using access code "py428o"
[21-04-2020 16:25:26] [INFO] Voter #7 has verified their VOTER identity using access code "eig705"
[21-04-2020 16:25:26] [INFO] Voter #29 has verified their VOTER identity using access code "pgtytu"
[21-04-2020 16:25:26] [INFO] Voter #206 has verified their VOTER identity using access code "tsgwiy"
[21-04-2020 16:25:26] [INFO] Voter #118 has verified their VOTER identity using access code "o8i0pi"
[21-04-2020 16:25:26] [INFO] Voter #9 has verified their VOTER identity using access code "nw4yk8"
[21-04-2020 16:25:26] [INFO] Voter #5 has verified their VOTER identity using access code "d99kgs"
[21-04-2020 16:25:26] [INFO] Voter #224 has verified their VOTER identity using access code "ntskgm"
[21-04-2020 16:25:26] [INFO] Voter #239 has verified their VOTER identity using access code "6w9813"
[21-04-2020 16:25:26] [INFO] Voter #149 has verified their VOTER identity using access code "f15ib2"
[21-04-2020 16:25:26] [INFO] Voter #10 has verified their VOTER identity using access code "m9sca4"
[21-04-2020 16:25:27] [INFO] Voter #245 has verified their VOTER identity using access code "07o4hn"
[21-04-2020 16:25:27] [INFO] Voter #26 has verified their VOTER identity using access code "1l1ash"
[21-04-2020 16:25:27] [INFO] Voter #203 has verified their VOTER identity using access code "sxoukw"
[21-04-2020 16:25:27] [INFO] Voter #175 has verified their VOTER identity using access code "o6j6on"
[21-04-2020 16:25:27] [INFO] Voter #22 has verified their VOTER identity using access code "nrvqt6"
[21-04-2020 16:25:27] [INFO] Voter #134 has verified their VOTER identity using access code "1pvnw3"
[21-04-2020 16:25:27] [INFO] Voter #248 has verified their VOTER identity using access code "ypmz61"
[21-04-2020 16:25:27] [INFO] Voter #133 has verified their VOTER identity using access code "f5lvmr"
[21-04-2020 16:25:27] [INFO] Voter #146 has verified their VOTER identity using access code "4h4r4l"
[21-04-2020 16:25:27] [INFO] Voter #213 has verified their VOTER identity using access code "btox0j"
[21-04-2020 16:25:27] [INFO] Voter #59 has verified their VOTER identity using access code "44fklx"
[21-04-2020 16:25:27] [INFO] Voter #164 has verified their VOTER identity using access code "nadvr1"
[21-04-2020 16:25:27] [INFO] Voter #202 has verified their VOTER identity using access code "8jf03b"
[21-04-2020 16:25:27] [INFO] Voter #8 has verified their VOTER identity using access code "yy3ktz"
[21-04-2020 16:25:27] [INFO] Voter #48 has verified their VOTER identity using access code "7zgd1h"
[21-04-2020 16:25:27] [INFO] Voter #91 has verified their VOTER identity using access code "rbleum"
[21-04-2020 16:25:27] [INFO] Voter #105 has verified their VOTER identity using access code "gyl6g5"
[21-04-2020 16:25:27] [INFO] Voter #234 has verified their VOTER identity using access code "s00z2l"
[21-04-2020 16:25:27] [INFO] Voter #197 has verified their VOTER identity using access code "gntvhz"
[21-04-2020 16:25:27] [INFO] Voter #195 has verified their VOTER identity using access code "7v7gsv"
[21-04-2020 16:25:27] [INFO] Voter #150 has verified their VOTER identity using access code "ib8je7"
[21-04-2020 16:25:27] [INFO] Voter #120 has verified their VOTER identity using access code "vdmmp4"
[21-04-2020 16:25:27] [INFO] Voter #104 has verified their VOTER identity using access code "igen33"
[21-04-2020 16:25:27] [INFO] Voter #106 has verified their VOTER identity using access code "vj79e1"
[21-04-2020 16:25:27] [INFO] Voter #200 has verified their VOTER identity using access code "9m89uh"
[21-04-2020 16:25:27] [INFO] Voter #15 has verified their VOTER identity using access code "a26bwn"
[21-04-2020 16:25:27] [INFO] Voter #32 has verified their VOTER identity using access code "jor2xz"
[21-04-2020 16:25:27] [INFO] Voter #251 has verified their VOTER identity using access code "bxbtn9"
[21-04-2020 16:25:27] [INFO] Voter #72 has verified their VOTER identity using access code "1s6229"
[21-04-2020 16:25:27] [INFO] Voter #28 has verified their VOTER identity using access code "uk2jlf"
[21-04-2020 16:25:27] [INFO] Voter #18 has verified their VOTER identity using access code "zmy5fp"
[21-04-2020 16:25:27] [INFO] Voter #84 has verified their VOTER identity using access code "b88yhs"
[21-04-2020 16:25:27] [INFO] Voter #3 has verified their VOTER identity using access code "c3opj8"
[21-04-2020 16:25:27] [INFO] Voter #137 has verified their VOTER identity using access code "fnz1al"
[21-04-2020 16:25:27] [INFO] Voter #169 has verified their VOTER identity using access code "iin290"
[21-04-2020 16:25:27] [INFO] Voter #38 has verified their VOTER identity using access code "nm37ky"
[21-04-2020 16:25:27] [INFO] Voter #132 has verified their VOTER identity using access code "e1vk34"
[21-04-2020 16:25:27] [INFO] Voter #178 has verified their VOTER identity using access code "xzig9b"
[21-04-2020 16:25:27] [INFO] Voter #23 has verified their VOTER identity using access code "g3ve7a"
[21-04-2020 16:25:27] [INFO] Voter #144 has verified their VOTER identity using access code "40dzkz"
[21-04-2020 16:25:27] [INFO] Voter #112 has verified their VOTER identity using access code "kcmhl3"
[21-04-2020 16:25:28] [INFO] Voter #124 has verified their VOTER identity using access code "a4jx9e"
[21-04-2020 16:25:28] [INFO] Voter #40 has verified their VOTER identity using access code "igel5e"
[21-04-2020 16:25:28] [INFO] Voter #171 has verified their VOTER identity using access code "484buq"
[21-04-2020 16:25:28] [INFO] Voter #103 has verified their VOTER identity using access code "m54048"
[21-04-2020 16:25:28] [INFO] Voter #231 has verified their VOTER identity using access code "hszuc7"
[21-04-2020 16:25:28] [INFO] Voter #56 has verified their VOTER identity using access code "x95vby"
[21-04-2020 16:25:28] [INFO] Voter #24 has verified their VOTER identity using access code "m1l9bs"
[21-04-2020 16:25:28] [INFO] Voter #162 has verified their VOTER identity using access code "ws0c7b"
[21-04-2020 16:25:28] [INFO] Voter #238 has verified their VOTER identity using access code "8zw27s"
[21-04-2020 16:25:28] [INFO] Voter #53 has verified their VOTER identity using access code "qsc99z"
[21-04-2020 16:25:28] [INFO] Voter #71 has verified their VOTER identity using access code "2kyz0e"
[21-04-2020 16:25:28] [INFO] Voter #69 has verified their VOTER identity using access code "huiq32"
[21-04-2020 16:25:28] [INFO] Voter #166 has verified their VOTER identity using access code "wcl21n"
[21-04-2020 16:25:28] [INFO] Voter #81 has verified their VOTER identity using access code "w8pddd"
[21-04-2020 16:25:28] [INFO] Voter #217 has verified their VOTER identity using access code "kslaeh"
[21-04-2020 16:25:28] [INFO] Voter #107 has verified their VOTER identity using access code "eyylt7"
[21-04-2020 16:25:28] [INFO] Voter #184 has verified their VOTER identity using access code "n0kerd"
[21-04-2020 16:25:28] [INFO] Voter #35 has verified their VOTER identity using access code "onq26g"
[21-04-2020 16:25:28] [INFO] Voter #167 has verified their VOTER identity using access code "px2gld"
[21-04-2020 16:25:28] [INFO] Voter #131 has verified their VOTER identity using access code "lgatyl"
[21-04-2020 16:25:28] [INFO] Voter #16 has verified their VOTER identity using access code "9ikfw9"
[21-04-2020 16:25:28] [INFO] Voter #246 has verified their VOTER identity using access code "0vjb70"
[21-04-2020 16:25:28] [INFO] Voter #186 has verified their VOTER identity using access code "a10pp0"
[21-04-2020 16:25:28] [INFO] Voter #219 has verified their VOTER identity using access code "35snsf"
[21-04-2020 16:25:28] [INFO] Voter #170 has verified their VOTER identity using access code "g0aq13"
[21-04-2020 16:25:28] [INFO] Voter #254 has verified their VOTER identity using access code "tpavls"
[21-04-2020 16:25:28] [INFO] Voter #159 has verified their VOTER identity using access code "iowyzl"
[21-04-2020 16:25:28] [INFO] Voter #188 has verified their VOTER identity using access code "dr8n8a"
[21-04-2020 16:25:28] [INFO] Voter #25 has verified their VOTER identity using access code "nofj8n"
[21-04-2020 16:25:28] [INFO] Voter #82 has verified their VOTER identity using access code "oqctrj"
[21-04-2020 16:25:28] [INFO] Voter #85 has verified their VOTER identity using access code "gfqdqh"
[21-04-2020 16:25:28] [INFO] Voter #227 has verified their VOTER identity using access code "lmh2gj"
[21-04-2020 16:25:28] [INFO] Voter #155 has verified their VOTER identity using access code "hxkx2h"
[21-04-2020 16:25:28] [INFO] Voter #66 has verified their VOTER identity using access code "7nkdco"
[21-04-2020 16:25:28] [INFO] Voter #90 has verified their VOTER identity using access code "llazc9"
[21-04-2020 16:25:28] [INFO] Voter #140 has verified their VOTER identity using access code "7jq1nk"
[21-04-2020 16:25:28] [INFO] Voter #220 has verified their VOTER identity using access code "txyfyb"
[21-04-2020 16:25:28] [INFO] Voter #42 has verified their VOTER identity using access code "rdearm"
[21-04-2020 16:25:28] [INFO] Voter #116 has verified their VOTER identity using access code "y6zfc8"
[21-04-2020 16:25:28] [INFO] Voter #4 has verified their VOTER identity using access code "s43osq"
[21-04-2020 16:25:28] [INFO] Voter #141 has verified their VOTER identity using access code "h7qtbb"
[21-04-2020 16:25:28] [INFO] Voter #117 has verified their VOTER identity using access code "bwo48g"
[21-04-2020 16:25:28] [INFO] Voter #233 has verified their VOTER identity using access code "s15crw"
[21-04-2020 16:25:28] [INFO] Voter #183 has verified their VOTER identity using access code "ion67y"
[21-04-2020 16:25:28] [INFO] Voter #78 has verified their VOTER identity using access code "tierf0"
[21-04-2020 16:25:28] [INFO] Voter #199 has verified their VOTER identity using access code "qzac7m"
[21-04-2020 16:25:28] [INFO] Voter #20 has verified their VOTER identity using access code "m3y0s6"
[21-04-2020 16:25:28] [INFO] Voter #55 has verified their VOTER identity using access code "g4me64"
[21-04-2020 16:25:28] [INFO] Voter #208 has verified their VOTER identity using access code "g7ml3h"
[21-04-2020 16:25:28] [INFO] Voter #173 has verified their VOTER identity using access code "al2ri5"
[21-04-2020 16:25:28] [INFO] Voter #99 has verified their VOTER identity using access code "a7lwww"
[21-04-2020 16:25:28] [INFO] Voter #58 has verified their VOTER identity using access code "1qn05d"
[21-04-2020 16:25:28] [INFO] Voter #115 has verified their VOTER identity using access code "xwkmm1"
[21-04-2020 16:25:28] [INFO] Voter #196 has verified their VOTER identity using access code "xeftvg"
[21-04-2020 16:25:28] [INFO] Voter #147 has verified their VOTER identity using access code "oighsd"
[21-04-2020 16:25:28] [INFO] Voter #41 has verified their VOTER identity using access code "jhzcoq"
[21-04-2020 16:25:28] [INFO] Voter #52 has verified their VOTER identity using access code "edx5dh"
[21-04-2020 16:25:28] [INFO] Voter #19 has verified their VOTER identity using access code "08skve"
[21-04-2020 16:25:28] [INFO] Voter #209 has verified their VOTER identity using access code "tr8r72"
[21-04-2020 16:25:28] [INFO] Voter #39 has verified their VOTER identity using access code "96x7dw"
[21-04-2020 16:25:28] [INFO] Voter #190 has verified their VOTER identity using access code "5jck6r"
[21-04-2020 16:25:28] [INFO] Voter #243 has verified their VOTER identity using access code "qk6qla"
[21-04-2020 16:25:28] [INFO] Voter #36 has verified their VOTER identity using access code "dhwu1g"
[21-04-2020 16:25:28] [INFO] Voter #237 has verified their VOTER identity using access code "vv5lwg"
[21-04-2020 16:25:28] [INFO] Voter #156 has verified their VOTER identity using access code "dd0b8i"
[21-04-2020 16:25:28] [INFO] Voter #235 has verified their VOTER identity using access code "ynj9x8"
[21-04-2020 16:25:29] [INFO] Voter #92 has verified their VOTER identity using access code "v2i6bd"
[21-04-2020 16:25:29] [INFO] Voter #43 has verified their VOTER identity using access code "kf6uh4"
[21-04-2020 16:25:29] [INFO] Voter #223 has verified their VOTER identity using access code "w1ow52"
[21-04-2020 16:25:29] [INFO] Voter #226 has verified their VOTER identity using access code "vrjmnx"
[21-04-2020 16:25:29] [INFO] Voter #244 has verified their VOTER identity using access code "nevbo1"
[21-04-2020 16:25:29] [INFO] Voter #51 has verified their VOTER identity using access code "wvt7eu"
[21-04-2020 16:25:29] [INFO] Voter #212 has verified their VOTER identity using access code "p3cqc9"
[21-04-2020 16:25:29] [INFO] Voter #165 has verified their VOTER identity using access code "p1gu86"
[21-04-2020 16:25:29] [INFO] Voter #88 has verified their VOTER identity using access code "b1gbgf"
[21-04-2020 16:25:29] [INFO] Voter #210 has verified their VOTER identity using access code "xe1s6i"
[21-04-2020 16:25:29] [INFO] Voter #60 has verified their VOTER identity using access code "1w99kj"
[21-04-2020 16:25:29] [INFO] Voter #232 has verified their VOTER identity using access code "fhqi19"
[21-04-2020 16:25:29] [INFO] Voter #111 has verified their VOTER identity using access code "we6f7f"
[21-04-2020 16:25:29] [INFO] Voter #176 has verified their VOTER identity using access code "42fuhv"
[21-04-2020 16:25:29] [INFO] Voter #228 has verified their VOTER identity using access code "mwz5y2"
[21-04-2020 16:25:29] [INFO] Voter #242 has verified their VOTER identity using access code "14p4u9"
[21-04-2020 16:25:29] [INFO] Voter #168 has verified their VOTER identity using access code "514n6b"
[21-04-2020 16:25:29] [INFO] Voter #79 has verified their VOTER identity using access code "65zqe0"
[21-04-2020 16:25:29] [INFO] Voter #102 has verified their VOTER identity using access code "boxpjm"
[21-04-2020 16:25:29] [INFO] Voter #214 has verified their VOTER identity using access code "5yhhw6"
[21-04-2020 16:25:29] [INFO] Voter #130 has verified their VOTER identity using access code "fher73"
[21-04-2020 16:25:29] [INFO] Voter #204 has verified their VOTER identity using access code "0z8ftr"
[21-04-2020 16:25:29] [INFO] Voter #207 has verified their VOTER identity using access code "hvfa83"
[21-04-2020 16:25:29] [INFO] Voter #49 has verified their VOTER identity using access code "hvg6w8"
[21-04-2020 16:25:29] [INFO] Voter #160 has verified their VOTER identity using access code "noev29"
[21-04-2020 16:25:29] [INFO] Voter #216 has verified their VOTER identity using access code "3hcycg"
[21-04-2020 16:25:29] [INFO] Voter #129 has verified their VOTER identity using access code "hha33e"
[21-04-2020 16:25:29] [INFO] Voter #148 has verified their VOTER identity using access code "jos2wb"
[21-04-2020 16:25:29] [INFO] Voter #27 has verified their VOTER identity using access code "t4sfa9"
[21-04-2020 16:25:29] [INFO] Voter #182 has verified their VOTER identity using access code "7b1r62"
[21-04-2020 16:25:29] [INFO] Voter #123 has verified their VOTER identity using access code "nhhfu4"
[21-04-2020 16:25:29] [INFO] Voter #50 has verified their VOTER identity using access code "xreh1x"
[21-04-2020 16:25:29] [INFO] Voter #11 has verified their VOTER identity using access code "f4ihro"
[21-04-2020 16:25:29] [INFO] Voter #93 has verified their VOTER identity using access code "omryeo"
[21-04-2020 16:25:29] [INFO] Voter #95 has verified their VOTER identity using access code "3rudfx"
[21-04-2020 16:25:29] [INFO] Voter #192 has verified their VOTER identity using access code "41rkk1"
[21-04-2020 16:25:29] [INFO] Voter #174 has verified their VOTER identity using access code "oiq3bg"
[21-04-2020 16:25:29] [INFO] Voter #94 has verified their VOTER identity using access code "8o2uct"
[21-04-2020 16:25:29] [INFO] Voter #54 has verified their VOTER identity using access code "ec4z0g"
[21-04-2020 16:25:29] [INFO] Voter #121 has verified their VOTER identity using access code "ap0eek"
[21-04-2020 16:25:29] [INFO] Voter #163 has verified their VOTER identity using access code "sj4u86"
[21-04-2020 16:25:29] [INFO] Voter #37 has verified their VOTER identity using access code "q94ahm"
[21-04-2020 16:25:29] [INFO] Voter #135 has verified their VOTER identity using access code "fsr2ql"
[21-04-2020 16:25:29] [INFO] Voter #142 has verified their VOTER identity using access code "tw32hb"
[21-04-2020 16:25:29] [INFO] Voter #198 has verified their VOTER identity using access code "kmfzcn"
[21-04-2020 16:25:29] [INFO] Voter #189 has verified their VOTER identity using access code "ombdow"
[21-04-2020 16:25:29] [INFO] Voter #109 has verified their VOTER identity using access code "ozaiqe"
[21-04-2020 16:25:29] [INFO] Voter #241 has verified their VOTER identity using access code "ila2wt"
[21-04-2020 16:25:29] [INFO] Voter #119 has verified their VOTER identity using access code "kthtm3"
[21-04-2020 16:25:29] [INFO] Voter #44 has verified their VOTER identity using access code "pcou74"
[21-04-2020 16:25:29] [INFO] Voter #64 has verified their VOTER identity using access code "63s4ax"
[21-04-2020 16:25:29] [INFO] Voter #80 has verified their VOTER identity using access code "l3el4t"
[21-04-2020 16:25:29] [INFO] Voter #98 has verified their VOTER identity using access code "tiet5x"
[21-04-2020 16:25:29] [INFO] Voter #31 has verified their VOTER identity using access code "w7oon3"
[21-04-2020 16:25:29] [INFO] Voter #61 has verified their VOTER identity using access code "2g7wrh"
[21-04-2020 16:25:29] [INFO] Voter #222 has verified their VOTER identity using access code "z1yn0z"
[21-04-2020 16:25:29] [INFO] Voter #240 has verified their VOTER identity using access code "f8du62"
[21-04-2020 16:25:29] [INFO] Voter #113 has verified their VOTER identity using access code "jjre4b"
[21-04-2020 16:25:29] [INFO] Voter #101 has verified their VOTER identity using access code "39aax7"
[21-04-2020 16:25:29] [INFO] Voter #181 has verified their VOTER identity using access code "ef2e5b"
[21-04-2020 16:25:29] [INFO] Voter #179 has verified their VOTER identity using access code "2xkt8k"
[21-04-2020 16:25:29] [INFO] Voter #46 has verified their VOTER identity using access code "zs5utw"
[21-04-2020 16:25:29] [INFO] Voter #154 has verified their VOTER identity using access code "0xse3n"
[21-04-2020 16:25:29] [INFO] Voter #139 has verified their VOTER identity using access code "n8z2i2"
[21-04-2020 16:25:29] [INFO] Voter #34 has verified their VOTER identity using access code "i38cm9"
[21-04-2020 16:25:29] [INFO] Voter #83 has verified their VOTER identity using access code "kstao2"
[21-04-2020 16:25:29] [INFO] Voter #161 has verified their VOTER identity using access code "lkz2gb"
[21-04-2020 16:25:29] [INFO] Voter #74 has verified their VOTER identity using access code "k65u1b"
[21-04-2020 16:25:29] [INFO] Voter #30 has verified their VOTER identity using access code "7021ss"
[21-04-2020 16:25:29] [INFO] Voter #87 has verified their VOTER identity using access code "ykxshg"
[21-04-2020 16:25:29] [INFO] Voter #97 has verified their VOTER identity using access code "xao5ad"
[21-04-2020 16:25:29] [INFO] Voter #70 has verified their VOTER identity using access code "3e5oxq"
[21-04-2020 16:25:29] [INFO] Voter #21 has verified their VOTER identity using access code "y7hz2i"
[21-04-2020 16:25:29] [INFO] Voter #73 has verified their VOTER identity using access code "hfl8ip"
[21-04-2020 16:25:29] [INFO] Voter #236 has verified their VOTER identity using access code "6ul4ri"
[21-04-2020 16:25:29] [INFO] Voter #151 has verified their VOTER identity using access code "jombua"
[21-04-2020 16:25:29] [INFO] Voter #211 has verified their VOTER identity using access code "2jjt78"
[21-04-2020 16:25:29] [INFO] Voter #229 has verified their VOTER identity using access code "ei7vp5"
[21-04-2020 16:25:29] [INFO] Voter #205 has verified their VOTER identity using access code "ugifmr"
[21-04-2020 16:25:29] [INFO] Voter #172 has verified their VOTER identity using access code "q9uzn5"
[21-04-2020 16:25:29] [INFO] Voter #33 has verified their VOTER identity using access code "mg51dd"
[21-04-2020 16:25:29] [INFO] Voter #57 has verified their VOTER identity using access code "d4tlga"
[21-04-2020 16:25:29] [INFO] Voter #187 has verified their VOTER identity using access code "5ykx2i"
[21-04-2020 16:25:29] [INFO] Voter #63 has verified their VOTER identity using access code "qtjw1z"
[21-04-2020 16:25:29] [INFO] Voter #65 has verified their VOTER identity using access code "3i8ebc"
[21-04-2020 16:25:29] [INFO] Voter #157 has verified their VOTER identity using access code "pdkmej"
[21-04-2020 16:25:29] [INFO] Voter #110 has verified their VOTER identity using access code "qewpxw"
[21-04-2020 16:25:29] [INFO] Voter #100 has verified their VOTER identity using access code "xf7ot2"
[21-04-2020 16:25:29] [INFO] Voter #152 has verified their VOTER identity using access code "1mjxz3"
[21-04-2020 16:25:29] [INFO] Voter #177 has verified their VOTER identity using access code "0ev4mt"
[21-04-2020 16:25:29] [INFO] Voter #86 has verified their VOTER identity using access code "4kq5l4"
[21-04-2020 16:25:29] [INFO] Voter #136 has verified their VOTER identity using access code "ffqjio"
[21-04-2020 16:25:29] [INFO] Voter #215 has verified their VOTER identity using access code "pi5lbi"
[21-04-2020 16:25:29] [INFO] Voter #89 has verified their VOTER identity using access code "8nx1am"
[21-04-2020 16:25:29] [INFO] Voter #218 has verified their VOTER identity using access code "757byt"
[21-04-2020 16:25:29] [INFO] Voter #114 has verified their VOTER identity using access code "acovis"
[21-04-2020 16:25:29] [INFO] Voter #75 has verified their VOTER identity using access code "et1wgm"
[21-04-2020 16:25:29] [INFO] Voter #47 has verified their VOTER identity using access code "dmdzvj"
[21-04-2020 16:25:29] [INFO] Voter #230 has verified their VOTER identity using access code "va1yhv"
[21-04-2020 16:25:29] [INFO] Voter #191 has verified their VOTER identity using access code "gjq0jf"
[21-04-2020 16:25:29] [INFO] Voter #122 has verified their VOTER identity using access code "05a7xq"
[21-04-2020 16:25:29] [INFO] Voter #126 has verified their VOTER identity using access code "tcs7yj"
[21-04-2020 16:25:29] [INFO] Voter #76 has verified their VOTER identity using access code "zds8tp"
[21-04-2020 16:25:29] [INFO] Voter #68 has verified their VOTER identity using access code "qzjhxs"
[21-04-2020 16:25:29] [INFO] Voter #96 has verified their VOTER identity using access code "qy5f8a"
[21-04-2020 16:25:29] [INFO] Voter #77 has verified their VOTER identity using access code "cokvag"
[21-04-2020 16:28:55] [INFO] VOTER Voter #76 disconnected
[21-04-2020 16:28:55] [INFO] VOTER Voter #114 disconnected
[21-04-2020 16:28:55] [INFO] VOTER Voter #122 disconnected
[21-04-2020 16:28:55] [INFO] VOTER Voter #68 disconnected
[21-04-2020 16:28:55] [INFO] VOTER Voter #47 disconnected
[21-04-2020 16:28:55] [INFO] VOTER Voter #77 disconnected
[21-04-2020 16:28:55] [INFO] VOTER Voter #75 disconnected
[21-04-2020 16:28:55] [INFO] VOTER Voter #86 disconnected
[21-04-2020 16:28:55] [INFO] VOTER Voter #230 disconnected
[21-04-2020 16:28:55] [INFO] VOTER Voter #215 disconnected
[21-04-2020 16:28:55] [INFO] VOTER Voter #96 disconnected
[21-04-2020 16:28:55] [INFO] VOTER Voter #191 disconnected
[21-04-2020 16:28:55] [INFO] VOTER Voter #152 disconnected
[21-04-2020 16:28:55] [INFO] VOTER Voter #136 disconnected
[21-04-2020 16:28:55] [INFO] VOTER Voter #172 disconnected
[21-04-2020 16:28:55] [INFO] VOTER Voter #126 disconnected
[21-04-2020 16:28:55] [INFO] VOTER Voter #151 disconnected
[21-04-2020 16:28:55] [INFO] VOTER Voter #33 disconnected
[21-04-2020 16:28:55] [INFO] VOTER Voter #218 disconnected
[21-04-2020 16:28:55] [INFO] VOTER Voter #65 disconnected
[21-04-2020 16:28:55] [INFO] VOTER Voter #211 disconnected
[21-04-2020 16:28:55] [INFO] VOTER Voter #100 disconnected
[21-04-2020 16:28:55] [INFO] VOTER Voter #229 disconnected
[21-04-2020 16:28:55] [INFO] VOTER Voter #63 disconnected
[21-04-2020 16:28:55] [INFO] VOTER Voter #236 disconnected
[21-04-2020 16:28:55] [INFO] VOTER Voter #89 disconnected
[21-04-2020 16:28:55] [INFO] VOTER Voter #97 disconnected
[21-04-2020 16:28:55] [INFO] VOTER Voter #57 disconnected
[21-04-2020 16:28:55] [INFO] VOTER Voter #30 disconnected
[21-04-2020 16:28:55] [INFO] VOTER Voter #187 disconnected
[21-04-2020 16:28:55] [INFO] VOTER Voter #110 disconnected
[21-04-2020 16:28:55] [INFO] VOTER Voter #21 disconnected
[21-04-2020 16:28:55] [INFO] VOTER Voter #70 disconnected
[21-04-2020 16:28:55] [INFO] VOTER Voter #113 disconnected
[21-04-2020 16:28:55] [INFO] VOTER Voter #119 disconnected
[21-04-2020 16:28:55] [INFO] VOTER Voter #161 disconnected
[21-04-2020 16:28:55] [INFO] VOTER Voter #157 disconnected
[21-04-2020 16:28:55] [INFO] VOTER Voter #73 disconnected
[21-04-2020 16:28:55] [INFO] VOTER Voter #101 disconnected
[21-04-2020 16:28:55] [INFO] VOTER Voter #34 disconnected
[21-04-2020 16:28:55] [INFO] VOTER Voter #241 disconnected
[21-04-2020 16:28:55] [INFO] VOTER Voter #205 disconnected
[21-04-2020 16:28:55] [INFO] VOTER Voter #163 disconnected
[21-04-2020 16:28:55] [INFO] VOTER Voter #64 disconnected
[21-04-2020 16:28:55] [INFO] VOTER Voter #83 disconnected
[21-04-2020 16:28:55] [INFO] VOTER Voter #177 disconnected
[21-04-2020 16:28:55] [INFO] VOTER Voter #189 disconnected
[21-04-2020 16:28:55] [INFO] VOTER Voter #154 disconnected
[21-04-2020 16:28:55] [INFO] VOTER Voter #222 disconnected
[21-04-2020 16:28:55] [INFO] VOTER Voter #142 disconnected
[21-04-2020 16:28:55] [INFO] VOTER Voter #31 disconnected
[21-04-2020 16:28:55] [INFO] VOTER Voter #109 disconnected
[21-04-2020 16:28:55] [INFO] VOTER Voter #61 disconnected
[21-04-2020 16:28:55] [INFO] VOTER Voter #121 disconnected
[21-04-2020 16:28:55] [INFO] VOTER Voter #46 disconnected
[21-04-2020 16:28:55] [INFO] VOTER Voter #198 disconnected
[21-04-2020 16:28:55] [INFO] VOTER Voter #44 disconnected
[21-04-2020 16:28:55] [INFO] VOTER Voter #50 disconnected
[21-04-2020 16:28:55] [INFO] VOTER Voter #88 disconnected
[21-04-2020 16:28:55] [INFO] VOTER Voter #37 disconnected
[21-04-2020 16:28:55] [INFO] VOTER Voter #139 disconnected
[21-04-2020 16:28:55] [INFO] VOTER Voter #182 disconnected
[21-04-2020 16:28:55] [INFO] VOTER Voter #87 disconnected
[21-04-2020 16:28:55] [INFO] VOTER Voter #93 disconnected
[21-04-2020 16:28:55] [INFO] VOTER Voter #207 disconnected
[21-04-2020 16:28:55] [INFO] VOTER Voter #79 disconnected
[21-04-2020 16:28:55] [INFO] VOTER Voter #94 disconnected
[21-04-2020 16:28:55] [INFO] VOTER Voter #216 disconnected
[21-04-2020 16:28:55] [INFO] VOTER Voter #179 disconnected
[21-04-2020 16:28:55] [INFO] VOTER Voter #80 disconnected
[21-04-2020 16:28:55] [INFO] VOTER Voter #129 disconnected
[21-04-2020 16:28:55] [INFO] VOTER Voter #43 disconnected
[21-04-2020 16:28:55] [INFO] VOTER Voter #111 disconnected
[21-04-2020 16:28:55] [INFO] VOTER Voter #176 disconnected
[21-04-2020 16:28:55] [INFO] VOTER Voter #98 disconnected
[21-04-2020 16:28:55] [INFO] VOTER Voter #226 disconnected
[21-04-2020 16:28:55] [INFO] VOTER Voter #27 disconnected
[21-04-2020 16:28:55] [INFO] VOTER Voter #54 disconnected
[21-04-2020 16:28:55] [INFO] VOTER Voter #11 disconnected
[21-04-2020 16:28:55] [INFO] VOTER Voter #74 disconnected
[21-04-2020 16:28:55] [INFO] VOTER Voter #174 disconnected
[21-04-2020 16:28:55] [INFO] VOTER Voter #49 disconnected
[21-04-2020 16:28:55] [INFO] VOTER Voter #102 disconnected
[21-04-2020 16:28:55] [INFO] VOTER Voter #95 disconnected
[21-04-2020 16:28:55] [INFO] VOTER Voter #214 disconnected
[21-04-2020 16:28:55] [INFO] VOTER Voter #223 disconnected
[21-04-2020 16:28:55] [INFO] VOTER Voter #192 disconnected
[21-04-2020 16:28:55] [INFO] VOTER Voter #60 disconnected
[21-04-2020 16:28:55] [INFO] VOTER Voter #51 disconnected
[21-04-2020 16:28:55] [INFO] VOTER Voter #168 disconnected
[21-04-2020 16:28:55] [INFO] VOTER Voter #244 disconnected
[21-04-2020 16:28:55] [INFO] VOTER Voter #165 disconnected
[21-04-2020 16:28:55] [INFO] VOTER Voter #210 disconnected
[21-04-2020 16:28:55] [INFO] VOTER Voter #212 disconnected
[21-04-2020 16:28:55] [INFO] VOTER Voter #130 disconnected
[21-04-2020 16:28:55] [INFO] VOTER Voter #181 disconnected
[21-04-2020 16:28:55] [INFO] VOTER Voter #240 disconnected
[21-04-2020 16:28:55] [INFO] VOTER Voter #204 disconnected
[21-04-2020 16:28:55] [INFO] VOTER Voter #160 disconnected
[21-04-2020 16:28:55] [INFO] VOTER Voter #156 disconnected
[21-04-2020 16:28:55] [INFO] VOTER Voter #148 disconnected
[21-04-2020 16:28:55] [INFO] VOTER Voter #39 disconnected
[21-04-2020 16:28:55] [INFO] VOTER Voter #209 disconnected
[21-04-2020 16:28:55] [INFO] VOTER Voter #92 disconnected
[21-04-2020 16:28:55] [INFO] VOTER Voter #52 disconnected
[21-04-2020 16:28:55] [INFO] VOTER Voter #242 disconnected
[21-04-2020 16:28:55] [INFO] VOTER Voter #173 disconnected
[21-04-2020 16:28:55] [INFO] VOTER Voter #243 disconnected
[21-04-2020 16:28:55] [INFO] VOTER Voter #190 disconnected
[21-04-2020 16:28:55] [INFO] VOTER Voter #147 disconnected
[21-04-2020 16:28:55] [INFO] VOTER Voter #99 disconnected
[21-04-2020 16:28:55] [INFO] VOTER Voter #115 disconnected
[21-04-2020 16:28:55] [INFO] VOTER Voter #58 disconnected
[21-04-2020 16:28:55] [INFO] VOTER Voter #237 disconnected
[21-04-2020 16:28:55] [INFO] VOTER Voter #117 disconnected
[21-04-2020 16:28:55] [INFO] VOTER Voter #55 disconnected
[21-04-2020 16:28:55] [INFO] VOTER Voter #19 disconnected
[21-04-2020 16:28:55] [INFO] VOTER Voter #235 disconnected
[21-04-2020 16:28:55] [INFO] VOTER Voter #20 disconnected
[21-04-2020 16:28:55] [INFO] VOTER Voter #196 disconnected
[21-04-2020 16:28:55] [INFO] VOTER Voter #208 disconnected
[21-04-2020 16:28:55] [INFO] VOTER Voter #78 disconnected
[21-04-2020 16:28:55] [INFO] VOTER Voter #41 disconnected
[21-04-2020 16:28:55] [INFO] VOTER Voter #123 disconnected
[21-04-2020 16:28:55] [INFO] VOTER Voter #199 disconnected
[21-04-2020 16:28:55] [INFO] VOTER Voter #141 disconnected
[21-04-2020 16:28:55] [INFO] VOTER Voter #4 disconnected
[21-04-2020 16:28:55] [INFO] VOTER Voter #85 disconnected
[21-04-2020 16:28:55] [INFO] VOTER Voter #183 disconnected
[21-04-2020 16:28:55] [INFO] VOTER Voter #42 disconnected
[21-04-2020 16:28:55] [INFO] VOTER Voter #254 disconnected
[21-04-2020 16:28:55] [INFO] VOTER Voter #140 disconnected
[21-04-2020 16:28:55] [INFO] VOTER Voter #219 disconnected
[21-04-2020 16:28:55] [INFO] VOTER Voter #159 disconnected
[21-04-2020 16:28:55] [INFO] VOTER Voter #90 disconnected
[21-04-2020 16:28:55] [INFO] VOTER Voter #155 disconnected
[21-04-2020 16:28:55] [INFO] VOTER Voter #135 disconnected
[21-04-2020 16:28:55] [INFO] VOTER Voter #227 disconnected
[21-04-2020 16:28:55] [INFO] VOTER Voter #36 disconnected
[21-04-2020 16:28:55] [INFO] VOTER Voter #233 disconnected
[21-04-2020 16:28:55] [INFO] VOTER Voter #188 disconnected
[21-04-2020 16:28:55] [INFO] VOTER Voter #184 disconnected
[21-04-2020 16:28:55] [INFO] VOTER Voter #167 disconnected
[21-04-2020 16:28:55] [INFO] VOTER Voter #35 disconnected
[21-04-2020 16:28:55] [INFO] VOTER Voter #69 disconnected
[21-04-2020 16:28:55] [INFO] VOTER Voter #246 disconnected
[21-04-2020 16:28:55] [INFO] VOTER Voter #232 disconnected
[21-04-2020 16:28:55] [INFO] VOTER Voter #53 disconnected
[21-04-2020 16:28:55] [INFO] VOTER Voter #40 disconnected
[21-04-2020 16:28:55] [INFO] VOTER Voter #81 disconnected
[21-04-2020 16:28:55] [INFO] VOTER Voter #18 disconnected
[21-04-2020 16:28:55] [INFO] VOTER Voter #28 disconnected
[21-04-2020 16:28:55] [INFO] VOTER Voter #56 disconnected
[21-04-2020 16:28:55] [INFO] VOTER Voter #231 disconnected
[21-04-2020 16:28:55] [INFO] VOTER Voter #234 disconnected
[21-04-2020 16:28:55] [INFO] VOTER Voter #134 disconnected
[21-04-2020 16:28:55] [INFO] VOTER Voter #175 disconnected
[21-04-2020 16:28:55] [INFO] VOTER Voter #116 disconnected
[21-04-2020 16:28:55] [INFO] VOTER Voter #153 disconnected
[21-04-2020 16:28:55] [INFO] VOTER Voter #26 disconnected
[21-04-2020 16:28:55] [INFO] VOTER Voter #197 disconnected
[21-04-2020 16:28:55] [INFO] VOTER Voter #251 disconnected
[21-04-2020 16:28:55] [INFO] VOTER Voter #32 disconnected
[21-04-2020 16:28:55] [INFO] VOTER Voter #91 disconnected
[21-04-2020 16:28:55] [INFO] VOTER Voter #104 disconnected
[21-04-2020 16:28:55] [INFO] VOTER Voter #118 disconnected
[21-04-2020 16:28:55] [INFO] VOTER Voter #250 disconnected
[21-04-2020 16:28:55] [INFO] VOTER Voter #178 disconnected
[21-04-2020 16:28:55] [INFO] VOTER Voter #185 disconnected
[21-04-2020 16:28:55] [INFO] VOTER Voter #120 disconnected
[21-04-2020 16:28:55] [INFO] VOTER Voter #169 disconnected
[21-04-2020 16:28:55] [INFO] VOTER Voter #225 disconnected
[21-04-2020 16:28:55] [INFO] VOTER Voter #224 disconnected
[21-04-2020 16:28:55] [INFO] VOTER Voter #16 disconnected
[21-04-2020 16:28:55] [INFO] VOTER Voter #221 disconnected
[21-04-2020 16:28:55] [INFO] VOTER Voter #144 disconnected
[21-04-2020 16:28:55] [INFO] VOTER Voter #170 disconnected
[21-04-2020 16:28:55] [INFO] VOTER Voter #17 disconnected
[21-04-2020 16:28:55] [INFO] VOTER Voter #5 disconnected
[21-04-2020 16:28:55] [INFO] VOTER Voter #9 disconnected
[21-04-2020 16:28:55] [INFO] VOTER Voter #7 disconnected
[21-04-2020 16:28:55] [INFO] VOTER Voter #13 disconnected
[21-04-2020 16:28:55] [INFO] VOTER Voter #10 disconnected
[21-04-2020 16:28:55] [INFO] VOTER Voter #8 disconnected
[21-04-2020 16:28:55] [INFO] VOTER Voter #12 disconnected
[21-04-2020 16:28:55] [INFO] VOTER Voter #1 disconnected
[21-04-2020 16:28:55] [INFO] VOTER Voter #6 disconnected
[21-04-2020 16:28:55] [INFO] VOTER Voter #2 disconnected
[21-04-2020 16:28:55] [INFO] VOTER Voter #14 disconnected
[21-04-2020 16:28:55] [INFO] VOTER Voter #0 disconnected
[21-04-2020 16:28:55] [INFO] VOTER Voter #249 disconnected
[21-04-2020 16:28:55] [INFO] VOTER Voter #253 disconnected
[21-04-2020 16:28:55] [INFO] VOTER Voter #252 disconnected
[21-04-2020 16:28:55] [INFO] VOTER Voter #128 disconnected
[21-04-2020 16:28:55] [INFO] VOTER Voter #125 disconnected
[21-04-2020 16:28:55] [INFO] VOTER Voter #145 disconnected
[21-04-2020 16:28:55] [INFO] VOTER Voter #194 disconnected
[21-04-2020 16:28:55] [INFO] VOTER Voter #45 disconnected
[21-04-2020 16:28:55] [INFO] VOTER Voter #201 disconnected
[21-04-2020 16:28:55] [INFO] VOTER Voter #247 disconnected
[21-04-2020 16:28:55] [INFO] VOTER Voter #143 disconnected
[21-04-2020 16:28:55] [INFO] VOTER Voter #67 disconnected
[21-04-2020 16:28:55] [INFO] VOTER Voter #108 disconnected
[21-04-2020 16:28:55] [INFO] VOTER Voter #186 disconnected
[21-04-2020 16:28:55] [INFO] VOTER Voter #193 disconnected
[21-04-2020 16:28:55] [INFO] VOTER Voter #239 disconnected
[21-04-2020 16:28:55] [INFO] VOTER Voter #206 disconnected
[21-04-2020 16:28:55] [INFO] VOTER Voter #138 disconnected
[21-04-2020 16:28:55] [INFO] VOTER Voter #248 disconnected
[21-04-2020 16:28:55] [INFO] VOTER Voter #195 disconnected
[21-04-2020 16:28:55] [INFO] VOTER Voter #203 disconnected
[21-04-2020 16:28:55] [INFO] VOTER Voter #105 disconnected
[21-04-2020 16:28:55] [INFO] VOTER Voter #213 disconnected
[21-04-2020 16:28:55] [INFO] VOTER Voter #29 disconnected
[21-04-2020 16:28:55] [INFO] VOTER Voter #127 disconnected
[21-04-2020 16:28:55] [INFO] VOTER Voter #146 disconnected
[21-04-2020 16:28:55] [INFO] VOTER Voter #149 disconnected
[21-04-2020 16:28:55] [INFO] VOTER Voter #22 disconnected
[21-04-2020 16:28:55] [INFO] VOTER Voter #158 disconnected
[21-04-2020 16:28:55] [INFO] VOTER Voter #245 disconnected
[21-04-2020 16:28:55] [INFO] VOTER Voter #133 disconnected
[21-04-2020 16:28:55] [INFO] VOTER Voter #202 disconnected
[21-04-2020 16:28:55] [INFO] VOTER Voter #59 disconnected
[21-04-2020 16:28:55] [INFO] VOTER Voter #164 disconnected
[21-04-2020 16:28:55] [INFO] VOTER Voter #62 disconnected
[21-04-2020 16:28:55] [INFO] VOTER Voter #48 disconnected
[21-04-2020 16:28:55] [INFO] VOTER Voter #15 disconnected
[21-04-2020 16:28:55] [INFO] VOTER Voter #200 disconnected
[21-04-2020 16:28:55] [INFO] VOTER Voter #23 disconnected
[21-04-2020 16:28:55] [INFO] VOTER Voter #112 disconnected
[21-04-2020 16:28:55] [INFO] VOTER Voter #150 disconnected
[21-04-2020 16:28:55] [INFO] VOTER Voter #228 disconnected
[21-04-2020 16:28:55] [INFO] VOTER Voter #132 disconnected
[21-04-2020 16:28:55] [INFO] VOTER Voter #171 disconnected
[21-04-2020 16:28:55] [INFO] VOTER Voter #238 disconnected
[21-04-2020 16:28:55] [INFO] VOTER Voter #124 disconnected
[21-04-2020 16:28:55] [INFO] VOTER Voter #106 disconnected
[21-04-2020 16:28:55] [INFO] VOTER Voter #84 disconnected
[21-04-2020 16:28:55] [INFO] VOTER Voter #137 disconnected
[21-04-2020 16:28:55] [INFO] VOTER Voter #38 disconnected
[21-04-2020 16:28:55] [INFO] VOTER Voter #162 disconnected
[21-04-2020 16:28:55] [INFO] VOTER Voter #3 disconnected
[21-04-2020 16:28:55] [INFO] VOTER Voter #103 disconnected
[21-04-2020 16:28:55] [INFO] VOTER Voter #24 disconnected
[21-04-2020 16:28:55] [INFO] VOTER Voter #107 disconnected
[21-04-2020 16:28:55] [INFO] VOTER Voter #66 disconnected
[21-04-2020 16:28:55] [INFO] VOTER Voter #217 disconnected
[21-04-2020 16:28:55] [INFO] VOTER Voter #220 disconnected
[21-04-2020 16:28:55] [INFO] VOTER Voter #82 disconnected
[21-04-2020 16:28:55] [INFO] VOTER Voter #166 disconnected
[21-04-2020 16:28:55] [INFO] VOTER Voter #71 disconnected
[21-04-2020 16:28:55] [INFO] VOTER Voter #131 disconnected
[21-04-2020 16:28:55] [INFO] VOTER Voter #25 disconnected
[21-04-2020 16:28:55] [INFO] VOTER Voter #72 disconnected
[21-04-2020 16:28:55] [INFO] VOTER Voter #180 disconnected
[21-04-2020 16:29:50] [INFO] ADMIN Joe Furfaro disconnected
[21-04-2020 16:29:59] [INFO] Closing logger
