[21-03-2020 14:44:58] [INFO] Starting logger
[21-03-2020 14:45:06] [INFO] Joe Furfaro has verified their ADMIN identity using access code "secret123"
[21-03-2020 14:45:40] [INFO] Joe Furfaro has verified their VOTER identity using access code "democracy"
[21-03-2020 14:45:44] [INFO] Joe Furfaro has changed the question ID to 1
[21-03-2020 14:45:51] [INFO] Joe Furfaro has voted "IN_FAVOUR"
[21-03-2020 14:46:36] [INFO] ADMIN Joe Furfaro disconnected
[21-03-2020 14:46:48] [INFO] Joe Furfaro has verified their ADMIN identity using access code "secret123"
[21-03-2020 14:47:21] [INFO] Joe Furfaro has cleared the current question
[21-03-2020 14:47:24] [INFO] Joe Furfaro has reset the votes on question 1
[21-03-2020 14:47:27] [INFO] ADMIN Joe Furfaro disconnected
[21-03-2020 14:47:33] [INFO] Joe Furfaro has verified their ADMIN identity using access code "secret123"
[21-03-2020 14:51:30] [INFO] ADMIN Joe Furfaro disconnected
[21-03-2020 14:51:35] [INFO] Joe Furfaro has verified their ADMIN identity using access code "secret123"
[21-03-2020 14:52:00] [INFO] Joe Furfaro has changed the question ID to 1
[21-03-2020 14:52:01] [INFO] Joe Furfaro has voted "IN_FAVOUR"
[21-03-2020 14:52:30] [INFO] ADMIN Joe Furfaro disconnected
[21-03-2020 14:52:38] [INFO] Joe Furfaro has verified their ADMIN identity using access code "secret123"
[21-03-2020 14:52:41] [INFO] Joe Furfaro has cleared the current question
[21-03-2020 14:52:42] [INFO] Joe Furfaro has reset the votes on question 1
[21-03-2020 14:52:43] [INFO] Joe Furfaro has changed the question ID to 1
[21-03-2020 14:52:45] [INFO] Joe Furfaro has voted "IN_FAVOUR"
[21-03-2020 14:53:08] [INFO] ADMIN Joe Furfaro disconnected
[21-03-2020 14:53:08] [WARNING] ADMIN login failed using access code ""
[21-03-2020 14:53:11] [INFO] Joe Furfaro has verified their ADMIN identity using access code "secret123"
[21-03-2020 14:54:35] [INFO] Joe Furfaro has cleared the current question
[21-03-2020 14:54:36] [INFO] Joe Furfaro has reset the votes on question 1
[21-03-2020 14:54:37] [INFO] ADMIN Joe Furfaro disconnected
[21-03-2020 14:54:42] [INFO] Joe Furfaro has verified their ADMIN identity using access code "secret123"
[21-03-2020 14:54:51] [INFO] Joe Furfaro has changed the question ID to 1
[21-03-2020 14:54:53] [INFO] Joe Furfaro has voted "IN_FAVOUR"
[21-03-2020 14:54:59] [INFO] ADMIN Joe Furfaro disconnected
[21-03-2020 14:57:56] [INFO] Closing logger
