[21-03-2020 14:17:13] [INFO] Starting logger
[21-03-2020 14:17:44] [INFO] Joe Furfaro has verified their VOTER identity using access code "democracy"
[21-03-2020 14:17:44] [INFO] Adam Furfaro has verified their VOTER identity using access code "right?"
[21-03-2020 14:17:59] [INFO] Joe Furfaro has verified their ADMIN identity using access code "secret123"
[21-03-2020 14:18:09] [INFO] Joe Furfaro has changed the question ID to 1
[21-03-2020 14:18:16] [INFO] Adam Furfaro has voted "OPPOSED"
[21-03-2020 14:18:19] [INFO] Joe Furfaro has voted "IN_FAVOUR"
[21-03-2020 14:18:37] [INFO] Joe Furfaro has cleared the current question
[21-03-2020 14:18:45] [INFO] Joe Furfaro has changed the question ID to 1
[21-03-2020 14:19:13] [INFO] Joe Furfaro has cleared the current question
[21-03-2020 14:19:17] [INFO] Joe Furfaro has reset the votes on question 1
[21-03-2020 14:19:25] [INFO] Joe Furfaro has changed the question ID to 1
[21-03-2020 14:19:27] [INFO] Adam Furfaro has voted "IN_FAVOUR"
[21-03-2020 14:19:30] [INFO] Joe Furfaro has voted "OPPOSED"
[21-03-2020 14:20:02] [INFO] Joe Furfaro has changed the question ID to 2
[21-03-2020 14:20:07] [INFO] Joe Furfaro has voted "IN_FAVOUR"
[21-03-2020 14:20:08] [INFO] Adam Furfaro has voted "IN_FAVOUR"
[21-03-2020 14:20:15] [INFO] Joe Furfaro has cleared the current question
[21-03-2020 14:21:29] [WARNING] VOTER duplicate login blocked using access code "right?"
[21-03-2020 14:21:50] [WARNING] VOTER login failed using access code ""
[21-03-2020 14:21:56] [WARNING] VOTER duplicate login blocked using access code "right?"
[21-03-2020 14:22:04] [INFO] VOTER Adam Furfaro disconnected
[21-03-2020 14:22:14] [INFO] Adam Furfaro has verified their VOTER identity using access code "right?"
[21-03-2020 14:22:20] [INFO] Joe Furfaro has changed the question ID to 1
[21-03-2020 14:22:37] [INFO] Joe Furfaro has cleared the current question
[21-03-2020 14:22:38] [INFO] Joe Furfaro has reset the votes on question 1
[21-03-2020 14:22:41] [INFO] Joe Furfaro has changed the question ID to 1
[21-03-2020 14:22:43] [INFO] Adam Furfaro has voted "ABSTAIN"
[21-03-2020 14:22:55] [INFO] VOTER Adam Furfaro disconnected
[21-03-2020 14:23:02] [INFO] Joe Furfaro has cleared the current question
[21-03-2020 14:23:02] [WARNING] VOTER login failed using access code "right"
[21-03-2020 14:23:07] [INFO] Adam Furfaro has verified their VOTER identity using access code "right?"
[21-03-2020 14:23:13] [INFO] Joe Furfaro has changed the question ID to 1
[21-03-2020 14:24:43] [INFO] Closing logger
