[21-04-2020 17:33:30] [INFO] Starting logger
[21-04-2020 17:33:36] [INFO] Joe Furfaro has verified their ADMIN identity using access code "Dipole2001!"
[21-04-2020 17:33:38] [INFO] Admin 2 has verified their ADMIN identity using access code "password"
[21-04-2020 17:33:42] [INFO] Voter #2 has verified their VOTER identity using access code "uex36y"
[21-04-2020 17:33:42] [INFO] Voter #4 has verified their VOTER identity using access code "jaggtu"
[21-04-2020 17:33:42] [INFO] Voter #3 has verified their VOTER identity using access code "wp0xu7"
[21-04-2020 17:33:42] [INFO] Voter #0 has verified their VOTER identity using access code "5pw1t0"
[21-04-2020 17:33:42] [INFO] Voter #7 has verified their VOTER identity using access code "9j1a0t"
[21-04-2020 17:33:43] [INFO] Voter #1 has verified their VOTER identity using access code "u8r31n"
[21-04-2020 17:33:43] [INFO] Voter #5 has verified their VOTER identity using access code "ldalka"
[21-04-2020 17:33:43] [INFO] Voter #232 has verified their VOTER identity using access code "zqvu0y"
[21-04-2020 17:33:44] [INFO] Voter #6 has verified their VOTER identity using access code "oys90e"
[21-04-2020 17:33:44] [INFO] Voter #42 has verified their VOTER identity using access code "usjkjr"
[21-04-2020 17:33:44] [INFO] Voter #174 has verified their VOTER identity using access code "8213cs"
[21-04-2020 17:33:44] [INFO] Voter #85 has verified their VOTER identity using access code "u3nfzb"
[21-04-2020 17:33:44] [INFO] Voter #471 has verified their VOTER identity using access code "b81x17"
[21-04-2020 17:33:46] [INFO] Voter #9 has verified their VOTER identity using access code "mudyi9"
[21-04-2020 17:33:46] [INFO] Voter #11 has verified their VOTER identity using access code "ate78l"
[21-04-2020 17:33:46] [INFO] Voter #287 has verified their VOTER identity using access code "ewbpdo"
[21-04-2020 17:33:46] [INFO] Voter #290 has verified their VOTER identity using access code "p8oqae"
[21-04-2020 17:33:46] [INFO] Voter #12 has verified their VOTER identity using access code "0voly3"
[21-04-2020 17:33:49] [INFO] Voter #386 has verified their VOTER identity using access code "rke4v8"
[21-04-2020 17:33:49] [INFO] Voter #360 has verified their VOTER identity using access code "sra8zn"
[21-04-2020 17:33:49] [INFO] Voter #323 has verified their VOTER identity using access code "c5g1a9"
[21-04-2020 17:33:49] [INFO] Voter #20 has verified their VOTER identity using access code "unlwap"
[21-04-2020 17:33:49] [INFO] Voter #179 has verified their VOTER identity using access code "f6jvms"
[21-04-2020 17:33:49] [INFO] Voter #91 has verified their VOTER identity using access code "ihhy83"
[21-04-2020 17:33:49] [INFO] Voter #455 has verified their VOTER identity using access code "3ppnlh"
[21-04-2020 17:33:49] [INFO] Voter #115 has verified their VOTER identity using access code "kijltr"
[21-04-2020 17:33:49] [INFO] Voter #546 has verified their VOTER identity using access code "nfixky"
[21-04-2020 17:33:49] [INFO] Voter #10 has verified their VOTER identity using access code "stedbw"
[21-04-2020 17:33:49] [INFO] Voter #88 has verified their VOTER identity using access code "9g17tu"
[21-04-2020 17:33:49] [INFO] Voter #332 has verified their VOTER identity using access code "lzfg3x"
[21-04-2020 17:33:49] [INFO] Voter #381 has verified their VOTER identity using access code "8gghy0"
[21-04-2020 17:33:49] [INFO] Voter #14 has verified their VOTER identity using access code "3tci4y"
[21-04-2020 17:33:49] [INFO] Voter #13 has verified their VOTER identity using access code "gv3cyc"
[21-04-2020 17:33:49] [INFO] Voter #239 has verified their VOTER identity using access code "vmt0ny"
[21-04-2020 17:33:49] [INFO] Voter #235 has verified their VOTER identity using access code "ra97po"
[21-04-2020 17:33:52] [INFO] Voter #76 has verified their VOTER identity using access code "hzm49t"
[21-04-2020 17:33:52] [INFO] Voter #193 has verified their VOTER identity using access code "z93c49"
[21-04-2020 17:33:52] [INFO] Voter #497 has verified their VOTER identity using access code "4t1rkd"
[21-04-2020 17:33:52] [INFO] Voter #291 has verified their VOTER identity using access code "3a3v3c"
[21-04-2020 17:33:52] [INFO] Voter #145 has verified their VOTER identity using access code "f3uy8c"
[21-04-2020 17:33:52] [INFO] Voter #45 has verified their VOTER identity using access code "x6fvmw"
[21-04-2020 17:33:52] [INFO] Voter #188 has verified their VOTER identity using access code "x6i5j8"
[21-04-2020 17:33:52] [INFO] Voter #243 has verified their VOTER identity using access code "fjopwq"
[21-04-2020 17:33:52] [INFO] Voter #210 has verified their VOTER identity using access code "rpwxry"
[21-04-2020 17:33:52] [INFO] Voter #256 has verified their VOTER identity using access code "c9jltr"
[21-04-2020 17:33:52] [INFO] Voter #579 has verified their VOTER identity using access code "2gjlk7"
[21-04-2020 17:33:52] [INFO] Voter #389 has verified their VOTER identity using access code "5qroe9"
[21-04-2020 17:33:52] [INFO] Voter #141 has verified their VOTER identity using access code "glxc6z"
[21-04-2020 17:33:52] [INFO] Voter #159 has verified their VOTER identity using access code "igi9ie"
[21-04-2020 17:33:52] [INFO] Voter #297 has verified their VOTER identity using access code "gvjpwz"
[21-04-2020 17:33:52] [INFO] Voter #21 has verified their VOTER identity using access code "zcl1ga"
[21-04-2020 17:33:52] [INFO] Voter #51 has verified their VOTER identity using access code "m5eggj"
[21-04-2020 17:33:52] [INFO] Voter #36 has verified their VOTER identity using access code "k66wm9"
[21-04-2020 17:33:52] [INFO] Voter #241 has verified their VOTER identity using access code "wuz3u2"
[21-04-2020 17:33:52] [INFO] Voter #41 has verified their VOTER identity using access code "vglqsl"
[21-04-2020 17:33:52] [INFO] Voter #108 has verified their VOTER identity using access code "h0h0yv"
[21-04-2020 17:33:52] [INFO] Voter #8 has verified their VOTER identity using access code "2chle1"
[21-04-2020 17:33:52] [INFO] Voter #284 has verified their VOTER identity using access code "vz83xt"
[21-04-2020 17:33:52] [INFO] Voter #58 has verified their VOTER identity using access code "gsjn6b"
[21-04-2020 17:33:52] [INFO] Voter #589 has verified their VOTER identity using access code "7dp5nr"
[21-04-2020 17:33:52] [INFO] Voter #387 has verified their VOTER identity using access code "sut8lx"
[21-04-2020 17:33:52] [INFO] Voter #359 has verified their VOTER identity using access code "ar0d0v"
[21-04-2020 17:33:52] [INFO] Voter #356 has verified their VOTER identity using access code "xjv7if"
[21-04-2020 17:33:52] [INFO] Voter #155 has verified their VOTER identity using access code "2xri3v"
[21-04-2020 17:33:52] [INFO] Voter #53 has verified their VOTER identity using access code "rkms4s"
[21-04-2020 17:33:54] [INFO] Voter #461 has verified their VOTER identity using access code "c9sa0n"
[21-04-2020 17:33:54] [INFO] Voter #72 has verified their VOTER identity using access code "tr487f"
[21-04-2020 17:33:54] [INFO] Voter #203 has verified their VOTER identity using access code "r5jqtd"
[21-04-2020 17:33:54] [INFO] Voter #234 has verified their VOTER identity using access code "4abm7h"
[21-04-2020 17:33:54] [INFO] Voter #273 has verified their VOTER identity using access code "4jyux8"
[21-04-2020 17:33:54] [INFO] Voter #568 has verified their VOTER identity using access code "m27g5k"
[21-04-2020 17:33:54] [INFO] Voter #200 has verified their VOTER identity using access code "lotrwq"
[21-04-2020 17:33:54] [INFO] Voter #441 has verified their VOTER identity using access code "0phavv"
[21-04-2020 17:33:54] [INFO] Voter #496 has verified their VOTER identity using access code "r2d4g8"
[21-04-2020 17:33:54] [INFO] Voter #216 has verified their VOTER identity using access code "yfw3jm"
[21-04-2020 17:33:54] [INFO] Voter #443 has verified their VOTER identity using access code "hnak18"
[21-04-2020 17:33:54] [INFO] Voter #468 has verified their VOTER identity using access code "rygwet"
[21-04-2020 17:33:54] [INFO] Voter #569 has verified their VOTER identity using access code "07utt7"
[21-04-2020 17:33:54] [INFO] Voter #181 has verified their VOTER identity using access code "jfpwaw"
[21-04-2020 17:33:54] [INFO] Voter #162 has verified their VOTER identity using access code "2h9jcd"
[21-04-2020 17:33:54] [INFO] Voter #44 has verified their VOTER identity using access code "knzkzp"
[21-04-2020 17:33:54] [INFO] Voter #68 has verified their VOTER identity using access code "krxbyx"
[21-04-2020 17:33:54] [INFO] Voter #126 has verified their VOTER identity using access code "egg9to"
[21-04-2020 17:33:54] [INFO] Voter #327 has verified their VOTER identity using access code "iubgv5"
[21-04-2020 17:33:54] [INFO] Voter #50 has verified their VOTER identity using access code "wmkhg9"
[21-04-2020 17:33:54] [INFO] Voter #439 has verified their VOTER identity using access code "b9tqo7"
[21-04-2020 17:33:54] [INFO] Voter #590 has verified their VOTER identity using access code "dp5fvx"
[21-04-2020 17:33:54] [INFO] Voter #153 has verified their VOTER identity using access code "j9jh5j"
[21-04-2020 17:33:54] [INFO] Voter #180 has verified their VOTER identity using access code "jkyk6i"
[21-04-2020 17:33:54] [INFO] Voter #175 has verified their VOTER identity using access code "48loqx"
[21-04-2020 17:33:54] [INFO] Voter #330 has verified their VOTER identity using access code "9iv4z5"
[21-04-2020 17:33:54] [INFO] Voter #538 has verified their VOTER identity using access code "puh0qz"
[21-04-2020 17:33:54] [INFO] Voter #110 has verified their VOTER identity using access code "yvyl12"
[21-04-2020 17:33:54] [INFO] Voter #545 has verified their VOTER identity using access code "i2jb07"
[21-04-2020 17:33:54] [INFO] Voter #438 has verified their VOTER identity using access code "l64yoy"
[21-04-2020 17:33:54] [INFO] Voter #354 has verified their VOTER identity using access code "o1fdjn"
[21-04-2020 17:33:54] [INFO] Voter #322 has verified their VOTER identity using access code "yl0cd5"
[21-04-2020 17:33:54] [INFO] Voter #520 has verified their VOTER identity using access code "b1ljvu"
[21-04-2020 17:33:54] [INFO] Voter #415 has verified their VOTER identity using access code "inpj32"
[21-04-2020 17:33:54] [INFO] Voter #105 has verified their VOTER identity using access code "3kbnlv"
[21-04-2020 17:33:54] [INFO] Voter #423 has verified their VOTER identity using access code "gd55jl"
[21-04-2020 17:33:54] [INFO] Voter #71 has verified their VOTER identity using access code "647qom"
[21-04-2020 17:33:54] [INFO] Voter #511 has verified their VOTER identity using access code "9p0wcc"
[21-04-2020 17:33:54] [INFO] Voter #398 has verified their VOTER identity using access code "0w7q2x"
[21-04-2020 17:33:54] [INFO] Voter #15 has verified their VOTER identity using access code "d0n68n"
[21-04-2020 17:33:54] [INFO] Voter #412 has verified their VOTER identity using access code "etxv6u"
[21-04-2020 17:33:54] [INFO] Voter #371 has verified their VOTER identity using access code "musz5m"
[21-04-2020 17:33:54] [INFO] Voter #282 has verified their VOTER identity using access code "e3ttax"
[21-04-2020 17:33:54] [INFO] Voter #561 has verified their VOTER identity using access code "znba03"
[21-04-2020 17:33:54] [INFO] Voter #176 has verified their VOTER identity using access code "uq92hq"
[21-04-2020 17:33:54] [INFO] Voter #226 has verified their VOTER identity using access code "r7w92r"
[21-04-2020 17:33:54] [INFO] Voter #82 has verified their VOTER identity using access code "1ja752"
[21-04-2020 17:33:54] [INFO] Voter #298 has verified their VOTER identity using access code "yce8qx"
[21-04-2020 17:33:54] [INFO] Voter #205 has verified their VOTER identity using access code "f9du70"
[21-04-2020 17:33:54] [INFO] Voter #588 has verified their VOTER identity using access code "27harm"
[21-04-2020 17:33:54] [INFO] Voter #357 has verified their VOTER identity using access code "h9dgz7"
[21-04-2020 17:33:54] [INFO] Voter #331 has verified their VOTER identity using access code "5h5ga5"
[21-04-2020 17:33:54] [INFO] Voter #154 has verified their VOTER identity using access code "yoshrq"
[21-04-2020 17:33:54] [INFO] Voter #266 has verified their VOTER identity using access code "6y897w"
[21-04-2020 17:33:54] [INFO] Voter #144 has verified their VOTER identity using access code "7f6dez"
[21-04-2020 17:33:54] [INFO] Voter #97 has verified their VOTER identity using access code "8f0o3n"
[21-04-2020 17:33:54] [INFO] Voter #47 has verified their VOTER identity using access code "rdbj9j"
[21-04-2020 17:33:54] [INFO] Voter #264 has verified their VOTER identity using access code "igh3ji"
[21-04-2020 17:33:54] [INFO] Voter #397 has verified their VOTER identity using access code "rshhyi"
[21-04-2020 17:33:54] [INFO] Voter #286 has verified their VOTER identity using access code "hxyb9g"
[21-04-2020 17:33:54] [INFO] Voter #375 has verified their VOTER identity using access code "k93p76"
[21-04-2020 17:33:54] [INFO] Voter #83 has verified their VOTER identity using access code "zzm4fs"
[21-04-2020 17:33:54] [INFO] Voter #55 has verified their VOTER identity using access code "ci2zrw"
[21-04-2020 17:33:54] [INFO] Voter #574 has verified their VOTER identity using access code "6t00zf"
[21-04-2020 17:33:54] [INFO] Voter #191 has verified their VOTER identity using access code "od5mtu"
[21-04-2020 17:33:54] [INFO] Voter #138 has verified their VOTER identity using access code "yiwy8t"
[21-04-2020 17:33:54] [INFO] Voter #182 has verified their VOTER identity using access code "cygh3y"
[21-04-2020 17:33:54] [INFO] Voter #116 has verified their VOTER identity using access code "cvi10x"
[21-04-2020 17:33:54] [INFO] Voter #113 has verified their VOTER identity using access code "euzgwu"
[21-04-2020 17:33:54] [INFO] Voter #567 has verified their VOTER identity using access code "gcwhgq"
[21-04-2020 17:33:54] [INFO] Voter #74 has verified their VOTER identity using access code "fdp5w1"
[21-04-2020 17:33:57] [INFO] Voter #228 has verified their VOTER identity using access code "xclxlc"
[21-04-2020 17:33:57] [INFO] Voter #160 has verified their VOTER identity using access code "96hi9i"
[21-04-2020 17:33:57] [INFO] Voter #133 has verified their VOTER identity using access code "by29ks"
[21-04-2020 17:33:57] [INFO] Voter #504 has verified their VOTER identity using access code "c516t1"
[21-04-2020 17:33:57] [INFO] Voter #432 has verified their VOTER identity using access code "jdopsd"
[21-04-2020 17:33:57] [INFO] Voter #229 has verified their VOTER identity using access code "2495h2"
[21-04-2020 17:33:57] [INFO] Voter #29 has verified their VOTER identity using access code "ylrgmn"
[21-04-2020 17:33:57] [INFO] Voter #447 has verified their VOTER identity using access code "8di799"
[21-04-2020 17:33:57] [INFO] Voter #303 has verified their VOTER identity using access code "38dv8d"
[21-04-2020 17:33:57] [INFO] Voter #35 has verified their VOTER identity using access code "k4xvyt"
[21-04-2020 17:33:57] [INFO] Voter #80 has verified their VOTER identity using access code "ww2f18"
[21-04-2020 17:33:57] [INFO] Voter #444 has verified their VOTER identity using access code "04fmp8"
[21-04-2020 17:33:57] [INFO] Voter #283 has verified their VOTER identity using access code "5k5kv1"
[21-04-2020 17:33:57] [INFO] Voter #337 has verified their VOTER identity using access code "wqiksm"
[21-04-2020 17:33:57] [INFO] Voter #177 has verified their VOTER identity using access code "gyoml0"
[21-04-2020 17:33:57] [INFO] Voter #418 has verified their VOTER identity using access code "l0bgkh"
[21-04-2020 17:33:57] [INFO] Voter #373 has verified their VOTER identity using access code "jfmvca"
[21-04-2020 17:33:57] [INFO] Voter #543 has verified their VOTER identity using access code "tow34s"
[21-04-2020 17:33:57] [INFO] Voter #407 has verified their VOTER identity using access code "juuy52"
[21-04-2020 17:33:57] [INFO] Voter #184 has verified their VOTER identity using access code "lx8139"
[21-04-2020 17:33:57] [INFO] Voter #417 has verified their VOTER identity using access code "bx56rc"
[21-04-2020 17:33:57] [INFO] Voter #32 has verified their VOTER identity using access code "35hymf"
[21-04-2020 17:33:57] [INFO] Voter #469 has verified their VOTER identity using access code "lxilza"
[21-04-2020 17:33:57] [INFO] Voter #64 has verified their VOTER identity using access code "bi4u3d"
[21-04-2020 17:33:57] [INFO] Voter #100 has verified their VOTER identity using access code "p18sbj"
[21-04-2020 17:33:57] [INFO] Voter #277 has verified their VOTER identity using access code "kvsagf"
[21-04-2020 17:33:57] [INFO] Voter #365 has verified their VOTER identity using access code "jyse7o"
[21-04-2020 17:33:57] [INFO] Voter #300 has verified their VOTER identity using access code "3pdhfd"
[21-04-2020 17:33:57] [INFO] Voter #122 has verified their VOTER identity using access code "cpjgnm"
[21-04-2020 17:33:57] [INFO] Voter #215 has verified their VOTER identity using access code "s8tu2o"
[21-04-2020 17:33:57] [INFO] Voter #394 has verified their VOTER identity using access code "lu5nu8"
[21-04-2020 17:33:57] [INFO] Voter #254 has verified their VOTER identity using access code "n9semy"
[21-04-2020 17:33:57] [INFO] Voter #358 has verified their VOTER identity using access code "tlbowk"
[21-04-2020 17:33:57] [INFO] Voter #289 has verified their VOTER identity using access code "xlpuyr"
[21-04-2020 17:33:57] [INFO] Voter #437 has verified their VOTER identity using access code "tgq21y"
[21-04-2020 17:33:57] [INFO] Voter #328 has verified their VOTER identity using access code "23247x"
[21-04-2020 17:33:57] [INFO] Voter #248 has verified their VOTER identity using access code "hzeomt"
[21-04-2020 17:33:57] [INFO] Voter #411 has verified their VOTER identity using access code "0j4jbb"
[21-04-2020 17:33:57] [INFO] Voter #307 has verified their VOTER identity using access code "tmczyk"
[21-04-2020 17:33:57] [INFO] Voter #78 has verified their VOTER identity using access code "7cx6k8"
[21-04-2020 17:33:57] [INFO] Voter #425 has verified their VOTER identity using access code "l1s4rp"
[21-04-2020 17:33:57] [INFO] Voter #566 has verified their VOTER identity using access code "zyqefe"
[21-04-2020 17:33:57] [INFO] Voter #65 has verified their VOTER identity using access code "mvlv21"
[21-04-2020 17:33:57] [INFO] Voter #384 has verified their VOTER identity using access code "ecaxc0"
[21-04-2020 17:33:57] [INFO] Voter #73 has verified their VOTER identity using access code "ragibw"
[21-04-2020 17:33:57] [INFO] Voter #339 has verified their VOTER identity using access code "chbbfd"
[21-04-2020 17:33:57] [INFO] Voter #374 has verified their VOTER identity using access code "1s4wln"
[21-04-2020 17:33:57] [INFO] Voter #163 has verified their VOTER identity using access code "8n8f81"
[21-04-2020 17:33:57] [INFO] Voter #501 has verified their VOTER identity using access code "bdq1h3"
[21-04-2020 17:33:57] [INFO] Voter #26 has verified their VOTER identity using access code "5z6sup"
[21-04-2020 17:33:57] [INFO] Voter #502 has verified their VOTER identity using access code "3cld46"
[21-04-2020 17:33:57] [INFO] Voter #413 has verified their VOTER identity using access code "kodhsp"
[21-04-2020 17:33:57] [INFO] Voter #40 has verified their VOTER identity using access code "md95pk"
[21-04-2020 17:33:57] [INFO] Voter #593 has verified their VOTER identity using access code "cedsj5"
[21-04-2020 17:33:57] [INFO] Voter #18 has verified their VOTER identity using access code "sm72vs"
[21-04-2020 17:33:57] [INFO] Voter #350 has verified their VOTER identity using access code "lx858a"
[21-04-2020 17:33:57] [INFO] Voter #536 has verified their VOTER identity using access code "f6c1t1"
[21-04-2020 17:33:57] [INFO] Voter #401 has verified their VOTER identity using access code "zqt5ut"
[21-04-2020 17:33:57] [INFO] Voter #312 has verified their VOTER identity using access code "mbe74r"
[21-04-2020 17:33:57] [INFO] Voter #190 has verified their VOTER identity using access code "vl329t"
[21-04-2020 17:33:57] [INFO] Voter #591 has verified their VOTER identity using access code "er9k4s"
[21-04-2020 17:33:57] [INFO] Voter #535 has verified their VOTER identity using access code "9te6eg"
[21-04-2020 17:33:57] [INFO] Voter #324 has verified their VOTER identity using access code "yxmsz6"
[21-04-2020 17:33:57] [INFO] Voter #427 has verified their VOTER identity using access code "jv5a7l"
[21-04-2020 17:33:57] [INFO] Voter #550 has verified their VOTER identity using access code "g49fh1"
[21-04-2020 17:33:57] [INFO] Voter #198 has verified their VOTER identity using access code "5q1p82"
[21-04-2020 17:33:57] [INFO] Voter #326 has verified their VOTER identity using access code "zuisqp"
[21-04-2020 17:33:57] [INFO] Voter #109 has verified their VOTER identity using access code "lya92l"
[21-04-2020 17:33:57] [INFO] Voter #49 has verified their VOTER identity using access code "tryhl8"
[21-04-2020 17:33:57] [INFO] Voter #578 has verified their VOTER identity using access code "a391t9"
[21-04-2020 17:33:57] [INFO] Voter #314 has verified their VOTER identity using access code "owt0ko"
[21-04-2020 17:33:57] [INFO] Voter #187 has verified their VOTER identity using access code "b3c0g1"
[21-04-2020 17:33:57] [INFO] Voter #368 has verified their VOTER identity using access code "8w829v"
[21-04-2020 17:33:57] [INFO] Voter #517 has verified their VOTER identity using access code "x3zkzh"
[21-04-2020 17:33:57] [INFO] Voter #34 has verified their VOTER identity using access code "xa3rnj"
[21-04-2020 17:33:57] [INFO] Voter #90 has verified their VOTER identity using access code "dbp43u"
[21-04-2020 17:33:57] [INFO] Voter #399 has verified their VOTER identity using access code "st0qga"
[21-04-2020 17:33:57] [INFO] Voter #408 has verified their VOTER identity using access code "ifzehm"
[21-04-2020 17:33:57] [INFO] Voter #39 has verified their VOTER identity using access code "3ev9vc"
[21-04-2020 17:33:57] [INFO] Voter #128 has verified their VOTER identity using access code "dxxpfx"
[21-04-2020 17:33:57] [INFO] Voter #446 has verified their VOTER identity using access code "zf4o7h"
[21-04-2020 17:33:57] [INFO] Voter #43 has verified their VOTER identity using access code "mzbc95"
[21-04-2020 17:33:57] [INFO] Voter #372 has verified their VOTER identity using access code "8u6xk7"
[21-04-2020 17:33:57] [INFO] Voter #390 has verified their VOTER identity using access code "183x04"
[21-04-2020 17:33:57] [INFO] Voter #178 has verified their VOTER identity using access code "kl6jjo"
[21-04-2020 17:33:57] [INFO] Voter #46 has verified their VOTER identity using access code "cofe52"
[21-04-2020 17:33:57] [INFO] Voter #288 has verified their VOTER identity using access code "qa538i"
[21-04-2020 17:33:57] [INFO] Voter #335 has verified their VOTER identity using access code "gd1jso"
[21-04-2020 17:33:57] [INFO] Voter #570 has verified their VOTER identity using access code "8ig2ed"
[21-04-2020 17:33:57] [INFO] Voter #77 has verified their VOTER identity using access code "d49kfl"
[21-04-2020 17:33:57] [INFO] Voter #63 has verified their VOTER identity using access code "chlpp4"
[21-04-2020 17:33:57] [INFO] Voter #317 has verified their VOTER identity using access code "6yudti"
[21-04-2020 17:33:57] [INFO] Voter #194 has verified their VOTER identity using access code "c4nja9"
[21-04-2020 17:33:57] [INFO] Voter #296 has verified their VOTER identity using access code "rq00ru"
[21-04-2020 17:33:57] [INFO] Voter #156 has verified their VOTER identity using access code "ub1km9"
[21-04-2020 17:33:57] [INFO] Voter #212 has verified their VOTER identity using access code "fbqydt"
[21-04-2020 17:33:57] [INFO] Voter #262 has verified their VOTER identity using access code "1oa1cy"
[21-04-2020 17:33:57] [INFO] Voter #227 has verified their VOTER identity using access code "lsqicg"
[21-04-2020 17:33:57] [INFO] Voter #421 has verified their VOTER identity using access code "j9d3kn"
[21-04-2020 17:33:57] [INFO] Voter #92 has verified their VOTER identity using access code "6aydnj"
[21-04-2020 17:33:57] [INFO] Voter #369 has verified their VOTER identity using access code "dxte7y"
[21-04-2020 17:33:57] [INFO] Voter #70 has verified their VOTER identity using access code "k8pu1n"
[21-04-2020 17:33:57] [INFO] Voter #475 has verified their VOTER identity using access code "ug1lrt"
[21-04-2020 17:33:57] [INFO] Voter #161 has verified their VOTER identity using access code "goff28"
[21-04-2020 17:33:57] [INFO] Voter #564 has verified their VOTER identity using access code "fehy4k"
[21-04-2020 17:33:57] [INFO] Voter #142 has verified their VOTER identity using access code "5v3hyk"
[21-04-2020 17:33:57] [INFO] Voter #393 has verified their VOTER identity using access code "ultlti"
[21-04-2020 17:33:57] [INFO] Voter #414 has verified their VOTER identity using access code "r3q363"
[21-04-2020 17:33:57] [INFO] Voter #482 has verified their VOTER identity using access code "u4xox5"
[21-04-2020 17:33:57] [INFO] Voter #157 has verified their VOTER identity using access code "h7dxwz"
[21-04-2020 17:34:00] [INFO] Voter #500 has verified their VOTER identity using access code "ql7pxi"
[21-04-2020 17:34:00] [INFO] Voter #487 has verified their VOTER identity using access code "2ks9ut"
[21-04-2020 17:34:00] [INFO] Voter #246 has verified their VOTER identity using access code "zc09lb"
[21-04-2020 17:34:00] [INFO] Voter #396 has verified their VOTER identity using access code "iauua3"
[21-04-2020 17:34:00] [INFO] Voter #451 has verified their VOTER identity using access code "c5tei7"
[21-04-2020 17:34:00] [INFO] Voter #560 has verified their VOTER identity using access code "o3wxjl"
[21-04-2020 17:34:00] [INFO] Voter #329 has verified their VOTER identity using access code "2shyxy"
[21-04-2020 17:34:00] [INFO] Voter #260 has verified their VOTER identity using access code "6335lp"
[21-04-2020 17:34:00] [INFO] Voter #378 has verified their VOTER identity using access code "okt70r"
[21-04-2020 17:34:00] [INFO] Voter #377 has verified their VOTER identity using access code "mtdnkt"
[21-04-2020 17:34:00] [INFO] Voter #577 has verified their VOTER identity using access code "zf9jtq"
[21-04-2020 17:34:00] [INFO] Voter #547 has verified their VOTER identity using access code "f7czst"
[21-04-2020 17:34:00] [INFO] Voter #518 has verified their VOTER identity using access code "odsu4o"
[21-04-2020 17:34:00] [INFO] Voter #457 has verified their VOTER identity using access code "29tble"
[21-04-2020 17:34:00] [INFO] Voter #87 has verified their VOTER identity using access code "dmnweb"
[21-04-2020 17:34:00] [INFO] Voter #245 has verified their VOTER identity using access code "c8xqm9"
[21-04-2020 17:34:00] [INFO] Voter #132 has verified their VOTER identity using access code "g02y0f"
[21-04-2020 17:34:00] [INFO] Voter #544 has verified their VOTER identity using access code "ylllqo"
[21-04-2020 17:34:00] [INFO] Voter #493 has verified their VOTER identity using access code "dwddri"
[21-04-2020 17:34:00] [INFO] Voter #463 has verified their VOTER identity using access code "8t84mh"
[21-04-2020 17:34:00] [INFO] Voter #249 has verified their VOTER identity using access code "te13k6"
[21-04-2020 17:34:00] [INFO] Voter #167 has verified their VOTER identity using access code "jrsuur"
[21-04-2020 17:34:00] [INFO] Voter #247 has verified their VOTER identity using access code "u0cs2n"
[21-04-2020 17:34:00] [INFO] Voter #388 has verified their VOTER identity using access code "pzmgtg"
[21-04-2020 17:34:00] [INFO] Voter #376 has verified their VOTER identity using access code "2do561"
[21-04-2020 17:34:00] [INFO] Voter #230 has verified their VOTER identity using access code "jo06aw"
[21-04-2020 17:34:00] [INFO] Voter #123 has verified their VOTER identity using access code "lgv71f"
[21-04-2020 17:34:00] [INFO] Voter #242 has verified their VOTER identity using access code "iu5srl"
[21-04-2020 17:34:00] [INFO] Voter #104 has verified their VOTER identity using access code "85npkj"
[21-04-2020 17:34:00] [INFO] Voter #222 has verified their VOTER identity using access code "94cfi6"
[21-04-2020 17:34:00] [INFO] Voter #30 has verified their VOTER identity using access code "g4touf"
[21-04-2020 17:34:00] [INFO] Voter #93 has verified their VOTER identity using access code "lpa9aj"
[21-04-2020 17:34:00] [INFO] Voter #94 has verified their VOTER identity using access code "tynyom"
[21-04-2020 17:34:00] [INFO] Voter #563 has verified their VOTER identity using access code "1oaxeb"
[21-04-2020 17:34:00] [INFO] Voter #509 has verified their VOTER identity using access code "6ouuik"
[21-04-2020 17:34:00] [INFO] Voter #512 has verified their VOTER identity using access code "70aa8g"
[21-04-2020 17:34:00] [INFO] Voter #139 has verified their VOTER identity using access code "keh3l9"
[21-04-2020 17:34:00] [INFO] Voter #118 has verified their VOTER identity using access code "328gk0"
[21-04-2020 17:34:00] [INFO] Voter #183 has verified their VOTER identity using access code "qwuxfv"
[21-04-2020 17:34:00] [INFO] Voter #265 has verified their VOTER identity using access code "jcg7lx"
[21-04-2020 17:34:00] [INFO] Voter #38 has verified their VOTER identity using access code "fscrd1"
[21-04-2020 17:34:00] [INFO] Voter #556 has verified their VOTER identity using access code "oybtgn"
[21-04-2020 17:34:00] [INFO] Voter #207 has verified their VOTER identity using access code "d7v3yz"
[21-04-2020 17:34:00] [INFO] Voter #37 has verified their VOTER identity using access code "r88qfw"
[21-04-2020 17:34:00] [INFO] Voter #149 has verified their VOTER identity using access code "va6kh7"
[21-04-2020 17:34:00] [INFO] Voter #224 has verified their VOTER identity using access code "teg0jl"
[21-04-2020 17:34:00] [INFO] Voter #223 has verified their VOTER identity using access code "i9olaw"
[21-04-2020 17:34:00] [INFO] Voter #430 has verified their VOTER identity using access code "4df45r"
[21-04-2020 17:34:00] [INFO] Voter #548 has verified their VOTER identity using access code "3s37yh"
[21-04-2020 17:34:00] [INFO] Voter #346 has verified their VOTER identity using access code "1oh7bh"
[21-04-2020 17:34:00] [INFO] Voter #452 has verified their VOTER identity using access code "5vy4vs"
[21-04-2020 17:34:00] [INFO] Voter #586 has verified their VOTER identity using access code "rfq7xv"
[21-04-2020 17:34:00] [INFO] Voter #484 has verified their VOTER identity using access code "msog5m"
[21-04-2020 17:34:00] [INFO] Voter #197 has verified their VOTER identity using access code "wyamcw"
[21-04-2020 17:34:00] [INFO] Voter #75 has verified their VOTER identity using access code "fiit3p"
[21-04-2020 17:34:00] [INFO] Voter #272 has verified their VOTER identity using access code "l44ymk"
[21-04-2020 17:34:00] [INFO] Voter #532 has verified their VOTER identity using access code "8szybf"
[21-04-2020 17:34:00] [INFO] Voter #54 has verified their VOTER identity using access code "cb811t"
[21-04-2020 17:34:00] [INFO] Voter #404 has verified their VOTER identity using access code "d5ynlk"
[21-04-2020 17:34:00] [INFO] Voter #383 has verified their VOTER identity using access code "oonwvw"
[21-04-2020 17:34:00] [INFO] Voter #231 has verified their VOTER identity using access code "jfkpp2"
[21-04-2020 17:34:00] [INFO] Voter #576 has verified their VOTER identity using access code "mpff5y"
[21-04-2020 17:34:00] [INFO] Voter #575 has verified their VOTER identity using access code "nly7pf"
[21-04-2020 17:34:00] [INFO] Voter #150 has verified their VOTER identity using access code "spl28h"
[21-04-2020 17:34:00] [INFO] Voter #96 has verified their VOTER identity using access code "mwd0yu"
[21-04-2020 17:34:00] [INFO] Voter #278 has verified their VOTER identity using access code "rpq2vk"
[21-04-2020 17:34:00] [INFO] Voter #299 has verified their VOTER identity using access code "f2lfgq"
[21-04-2020 17:34:00] [INFO] Voter #336 has verified their VOTER identity using access code "fhueho"
[21-04-2020 17:34:00] [INFO] Voter #253 has verified their VOTER identity using access code "1mx9mm"
[21-04-2020 17:34:00] [INFO] Voter #17 has verified their VOTER identity using access code "99l87s"
[21-04-2020 17:34:00] [INFO] Voter #89 has verified their VOTER identity using access code "l71dsp"
[21-04-2020 17:34:00] [INFO] Voter #498 has verified their VOTER identity using access code "qekzva"
[21-04-2020 17:34:00] [INFO] Voter #52 has verified their VOTER identity using access code "vmroi3"
[21-04-2020 17:34:00] [INFO] Voter #285 has verified their VOTER identity using access code "pjvxkp"
[21-04-2020 17:34:00] [INFO] Voter #121 has verified their VOTER identity using access code "b6nb8y"
[21-04-2020 17:34:00] [INFO] Voter #220 has verified their VOTER identity using access code "e6rla8"
[21-04-2020 17:34:00] [INFO] Voter #33 has verified their VOTER identity using access code "ixl3ef"
[21-04-2020 17:34:00] [INFO] Voter #531 has verified their VOTER identity using access code "2zsost"
[21-04-2020 17:34:00] [INFO] Voter #257 has verified their VOTER identity using access code "t3ukrt"
[21-04-2020 17:34:00] [INFO] Voter #173 has verified their VOTER identity using access code "cctno8"
[21-04-2020 17:34:00] [INFO] Voter #529 has verified their VOTER identity using access code "7ewa8o"
[21-04-2020 17:34:00] [INFO] Voter #131 has verified their VOTER identity using access code "1va29q"
[21-04-2020 17:34:00] [INFO] Voter #60 has verified their VOTER identity using access code "a6l020"
[21-04-2020 17:34:00] [INFO] Voter #136 has verified their VOTER identity using access code "jpxyi8"
[21-04-2020 17:34:00] [INFO] Voter #488 has verified their VOTER identity using access code "dbr3z6"
[21-04-2020 17:34:00] [INFO] Voter #236 has verified their VOTER identity using access code "c6fj6n"
[21-04-2020 17:34:00] [INFO] Voter #526 has verified their VOTER identity using access code "1ptdgv"
[21-04-2020 17:34:00] [INFO] Voter #348 has verified their VOTER identity using access code "32sdnr"
[21-04-2020 17:34:00] [INFO] Voter #448 has verified their VOTER identity using access code "j58c2u"
[21-04-2020 17:34:00] [INFO] Voter #542 has verified their VOTER identity using access code "388mgn"
[21-04-2020 17:34:00] [INFO] Voter #553 has verified their VOTER identity using access code "i72og9"
[21-04-2020 17:34:00] [INFO] Voter #107 has verified their VOTER identity using access code "a2nt00"
[21-04-2020 17:34:00] [INFO] Voter #472 has verified their VOTER identity using access code "mdvyzt"
[21-04-2020 17:34:00] [INFO] Voter #308 has verified their VOTER identity using access code "rkf0yt"
[21-04-2020 17:34:00] [INFO] Voter #127 has verified their VOTER identity using access code "hbv6il"
[21-04-2020 17:34:00] [INFO] Voter #549 has verified their VOTER identity using access code "drmca9"
[21-04-2020 17:34:00] [INFO] Voter #120 has verified their VOTER identity using access code "yk0lz0"
[21-04-2020 17:34:00] [INFO] Voter #101 has verified their VOTER identity using access code "l3vwnq"
[21-04-2020 17:34:00] [INFO] Voter #270 has verified their VOTER identity using access code "tvu4ou"
[21-04-2020 17:34:00] [INFO] Voter #27 has verified their VOTER identity using access code "y2jvx5"
[21-04-2020 17:34:00] [INFO] Voter #281 has verified their VOTER identity using access code "726qf6"
[21-04-2020 17:34:03] [INFO] Voter #434 has verified their VOTER identity using access code "cusohe"
[21-04-2020 17:34:03] [INFO] Voter #470 has verified their VOTER identity using access code "cdgf40"
[21-04-2020 17:34:03] [INFO] Voter #125 has verified their VOTER identity using access code "t0s7h4"
[21-04-2020 17:34:03] [INFO] Voter #450 has verified their VOTER identity using access code "hlgweq"
[21-04-2020 17:34:03] [INFO] Voter #170 has verified their VOTER identity using access code "vbpns8"
[21-04-2020 17:34:03] [INFO] Voter #171 has verified their VOTER identity using access code "s485xg"
[21-04-2020 17:34:03] [INFO] Voter #86 has verified their VOTER identity using access code "yav76e"
[21-04-2020 17:34:03] [INFO] Voter #31 has verified their VOTER identity using access code "ygo41v"
[21-04-2020 17:34:03] [INFO] Voter #225 has verified their VOTER identity using access code "luiici"
[21-04-2020 17:34:03] [INFO] Voter #25 has verified their VOTER identity using access code "94zftw"
[21-04-2020 17:34:03] [INFO] Voter #479 has verified their VOTER identity using access code "lpxiuo"
[21-04-2020 17:34:03] [INFO] Voter #492 has verified their VOTER identity using access code "5yfixw"
[21-04-2020 17:34:03] [INFO] Voter #276 has verified their VOTER identity using access code "9odabp"
[21-04-2020 17:34:03] [INFO] Voter #199 has verified their VOTER identity using access code "chixbf"
[21-04-2020 17:34:03] [INFO] Voter #334 has verified their VOTER identity using access code "5ceejl"
[21-04-2020 17:34:03] [INFO] Voter #206 has verified their VOTER identity using access code "0ai102"
[21-04-2020 17:34:03] [INFO] Voter #310 has verified their VOTER identity using access code "jy0cbh"
[21-04-2020 17:34:03] [INFO] Voter #483 has verified their VOTER identity using access code "0bka4t"
[21-04-2020 17:34:03] [INFO] Voter #302 has verified their VOTER identity using access code "vceac1"
[21-04-2020 17:34:03] [INFO] Voter #343 has verified their VOTER identity using access code "3tlk4x"
[21-04-2020 17:34:03] [INFO] Voter #67 has verified their VOTER identity using access code "y3q3cs"
[21-04-2020 17:34:03] [INFO] Voter #321 has verified their VOTER identity using access code "ww48yn"
[21-04-2020 17:34:03] [INFO] Voter #169 has verified their VOTER identity using access code "oiqwo5"
[21-04-2020 17:34:03] [INFO] Voter #458 has verified their VOTER identity using access code "qy2tu4"
[21-04-2020 17:34:03] [INFO] Voter #267 has verified their VOTER identity using access code "i5eiwp"
[21-04-2020 17:34:03] [INFO] Voter #103 has verified their VOTER identity using access code "egz8es"
[21-04-2020 17:34:03] [INFO] Voter #252 has verified their VOTER identity using access code "h332vi"
[21-04-2020 17:34:03] [INFO] Voter #539 has verified their VOTER identity using access code "ocy4fp"
[21-04-2020 17:34:03] [INFO] Voter #594 has verified their VOTER identity using access code "f1smca"
[21-04-2020 17:34:03] [INFO] Voter #516 has verified their VOTER identity using access code "ix99ro"
[21-04-2020 17:34:03] [INFO] Voter #431 has verified their VOTER identity using access code "boiwdt"
[21-04-2020 17:34:03] [INFO] Voter #416 has verified their VOTER identity using access code "1oi4tc"
[21-04-2020 17:34:03] [INFO] Voter #147 has verified their VOTER identity using access code "dalosl"
[21-04-2020 17:34:03] [INFO] Voter #151 has verified their VOTER identity using access code "4xxz2l"
[21-04-2020 17:34:03] [INFO] Voter #367 has verified their VOTER identity using access code "zfjqjr"
[21-04-2020 17:34:03] [INFO] Voter #338 has verified their VOTER identity using access code "jkopul"
[21-04-2020 17:34:03] [INFO] Voter #508 has verified their VOTER identity using access code "5sxa09"
[21-04-2020 17:34:03] [INFO] Voter #23 has verified their VOTER identity using access code "17xath"
[21-04-2020 17:34:03] [INFO] Voter #514 has verified their VOTER identity using access code "bgtnrn"
[21-04-2020 17:34:03] [INFO] Voter #541 has verified their VOTER identity using access code "gn64ed"
[21-04-2020 17:34:03] [INFO] Voter #309 has verified their VOTER identity using access code "lljqn1"
[21-04-2020 17:34:03] [INFO] Voter #585 has verified their VOTER identity using access code "r3yllt"
[21-04-2020 17:34:03] [INFO] Voter #185 has verified their VOTER identity using access code "rpn5ar"
[21-04-2020 17:34:03] [INFO] Voter #318 has verified their VOTER identity using access code "y6efwn"
[21-04-2020 17:34:03] [INFO] Voter #143 has verified their VOTER identity using access code "hxqqfe"
[21-04-2020 17:34:03] [INFO] Voter #237 has verified their VOTER identity using access code "bx0hev"
[21-04-2020 17:34:03] [INFO] Voter #554 has verified their VOTER identity using access code "g4wyul"
[21-04-2020 17:34:03] [INFO] Voter #456 has verified their VOTER identity using access code "vimvlk"
[21-04-2020 17:34:03] [INFO] Voter #403 has verified their VOTER identity using access code "t73szw"
[21-04-2020 17:34:03] [INFO] Voter #196 has verified their VOTER identity using access code "kycdn6"
[21-04-2020 17:34:03] [INFO] Voter #584 has verified their VOTER identity using access code "wyd91b"
[21-04-2020 17:34:03] [INFO] Voter #395 has verified their VOTER identity using access code "06j3g9"
[21-04-2020 17:34:03] [INFO] Voter #129 has verified their VOTER identity using access code "lhn6nn"
[21-04-2020 17:34:03] [INFO] Voter #422 has verified their VOTER identity using access code "vt2ra9"
[21-04-2020 17:34:03] [INFO] Voter #98 has verified their VOTER identity using access code "ynl1bi"
[21-04-2020 17:34:03] [INFO] Voter #559 has verified their VOTER identity using access code "jajueb"
[21-04-2020 17:34:03] [INFO] Voter #211 has verified their VOTER identity using access code "cbifdz"
[21-04-2020 17:34:03] [INFO] Voter #152 has verified their VOTER identity using access code "xex1jj"
[21-04-2020 17:34:03] [INFO] Voter #571 has verified their VOTER identity using access code "3o55ry"
[21-04-2020 17:34:03] [INFO] Voter #158 has verified their VOTER identity using access code "v35d1l"
[21-04-2020 17:34:03] [INFO] Voter #148 has verified their VOTER identity using access code "cknpmf"
[21-04-2020 17:34:03] [INFO] Voter #319 has verified their VOTER identity using access code "sauv3x"
[21-04-2020 17:34:03] [INFO] Voter #342 has verified their VOTER identity using access code "im5sly"
[21-04-2020 17:34:03] [INFO] Voter #515 has verified their VOTER identity using access code "zzhhos"
[21-04-2020 17:34:03] [INFO] Voter #263 has verified their VOTER identity using access code "kar5uu"
[21-04-2020 17:34:03] [INFO] Voter #597 has verified their VOTER identity using access code "6wcx4d"
[21-04-2020 17:34:03] [INFO] Voter #189 has verified their VOTER identity using access code "7z4ht5"
[21-04-2020 17:34:03] [INFO] Voter #250 has verified their VOTER identity using access code "dsfn9q"
[21-04-2020 17:34:03] [INFO] Voter #140 has verified their VOTER identity using access code "21mpex"
[21-04-2020 17:34:03] [INFO] Voter #466 has verified their VOTER identity using access code "i1el9x"
[21-04-2020 17:34:03] [INFO] Voter #562 has verified their VOTER identity using access code "4uz8fl"
[21-04-2020 17:34:03] [INFO] Voter #581 has verified their VOTER identity using access code "78qxpn"
[21-04-2020 17:34:03] [INFO] Voter #294 has verified their VOTER identity using access code "4lbnzk"
[21-04-2020 17:34:03] [INFO] Voter #274 has verified their VOTER identity using access code "l275it"
[21-04-2020 17:34:03] [INFO] Voter #507 has verified their VOTER identity using access code "js8myg"
[21-04-2020 17:34:03] [INFO] Voter #112 has verified their VOTER identity using access code "b765e4"
[21-04-2020 17:34:03] [INFO] Voter #99 has verified their VOTER identity using access code "0es75s"
[21-04-2020 17:34:03] [INFO] Voter #164 has verified their VOTER identity using access code "043rmq"
[21-04-2020 17:34:03] [INFO] Voter #587 has verified their VOTER identity using access code "9ocubu"
[21-04-2020 17:34:03] [INFO] Voter #56 has verified their VOTER identity using access code "y0nzjc"
[21-04-2020 17:34:03] [INFO] Voter #119 has verified their VOTER identity using access code "knkvdq"
[21-04-2020 17:34:03] [INFO] Voter #304 has verified their VOTER identity using access code "ya4l2k"
[21-04-2020 17:34:03] [INFO] Voter #583 has verified their VOTER identity using access code "0tksmu"
[21-04-2020 17:34:03] [INFO] Voter #114 has verified their VOTER identity using access code "ay7drq"
[21-04-2020 17:34:03] [INFO] Voter #596 has verified their VOTER identity using access code "mjbni9"
[21-04-2020 17:34:03] [INFO] Voter #400 has verified their VOTER identity using access code "5okol0"
[21-04-2020 17:34:03] [INFO] Voter #24 has verified their VOTER identity using access code "aqzrp9"
[21-04-2020 17:34:03] [INFO] Voter #406 has verified their VOTER identity using access code "a7ond7"
[21-04-2020 17:34:03] [INFO] Voter #363 has verified their VOTER identity using access code "lx16bb"
[21-04-2020 17:34:03] [INFO] Voter #420 has verified their VOTER identity using access code "rxotv2"
[21-04-2020 17:34:03] [INFO] Voter #530 has verified their VOTER identity using access code "k4p5nc"
[21-04-2020 17:34:03] [INFO] Voter #320 has verified their VOTER identity using access code "vs0zad"
[21-04-2020 17:34:03] [INFO] Voter #419 has verified their VOTER identity using access code "mvvofy"
[21-04-2020 17:34:03] [INFO] Voter #442 has verified their VOTER identity using access code "sc5d42"
[21-04-2020 17:34:03] [INFO] Voter #219 has verified their VOTER identity using access code "a8dp3j"
[21-04-2020 17:34:03] [INFO] Voter #480 has verified their VOTER identity using access code "ghndoq"
[21-04-2020 17:34:03] [INFO] Voter #582 has verified their VOTER identity using access code "9rismw"
[21-04-2020 17:34:03] [INFO] Voter #349 has verified their VOTER identity using access code "7xwx30"
[21-04-2020 17:34:03] [INFO] Voter #598 has verified their VOTER identity using access code "z7qf4l"
[21-04-2020 17:34:03] [INFO] Voter #22 has verified their VOTER identity using access code "2ayo1d"
[21-04-2020 17:34:05] [INFO] Voter #352 has verified their VOTER identity using access code "7bejqi"
[21-04-2020 17:34:05] [INFO] Voter #907 has verified their VOTER identity using access code "rfandw"
[21-04-2020 17:34:05] [INFO] Voter #909 has verified their VOTER identity using access code "r8s6sv"
[21-04-2020 17:34:05] [INFO] Voter #910 has verified their VOTER identity using access code "abow17"
[21-04-2020 17:34:05] [INFO] Voter #912 has verified their VOTER identity using access code "ob1pms"
[21-04-2020 17:34:05] [INFO] Voter #911 has verified their VOTER identity using access code "huc6sg"
[21-04-2020 17:34:05] [INFO] Voter #916 has verified their VOTER identity using access code "pzcwto"
[21-04-2020 17:34:05] [INFO] Voter #914 has verified their VOTER identity using access code "dbmxyv"
[21-04-2020 17:34:05] [INFO] Voter #913 has verified their VOTER identity using access code "sx80mc"
[21-04-2020 17:34:05] [INFO] Voter #918 has verified their VOTER identity using access code "tctnrj"
[21-04-2020 17:34:05] [INFO] Voter #917 has verified their VOTER identity using access code "udtly6"
[21-04-2020 17:34:05] [INFO] Voter #915 has verified their VOTER identity using access code "uwq54g"
[21-04-2020 17:34:05] [INFO] Voter #919 has verified their VOTER identity using access code "87mxdn"
[21-04-2020 17:34:05] [INFO] Voter #920 has verified their VOTER identity using access code "82si0c"
[21-04-2020 17:34:05] [INFO] Voter #921 has verified their VOTER identity using access code "ekgp6t"
[21-04-2020 17:34:05] [INFO] Voter #923 has verified their VOTER identity using access code "7ylke7"
[21-04-2020 17:34:05] [INFO] Voter #922 has verified their VOTER identity using access code "b3jpyo"
[21-04-2020 17:34:05] [INFO] Voter #926 has verified their VOTER identity using access code "q1cddv"
[21-04-2020 17:34:05] [INFO] Voter #928 has verified their VOTER identity using access code "5oeznb"
[21-04-2020 17:34:05] [INFO] Voter #927 has verified their VOTER identity using access code "ddtmxc"
[21-04-2020 17:34:05] [INFO] Voter #924 has verified their VOTER identity using access code "govmox"
[21-04-2020 17:34:05] [INFO] Voter #925 has verified their VOTER identity using access code "7mbl60"
[21-04-2020 17:34:05] [INFO] Voter #929 has verified their VOTER identity using access code "sbe5pa"
[21-04-2020 17:34:05] [INFO] Voter #930 has verified their VOTER identity using access code "p3pxzr"
[21-04-2020 17:34:05] [INFO] Voter #933 has verified their VOTER identity using access code "s4mdsa"
[21-04-2020 17:34:05] [INFO] Voter #936 has verified their VOTER identity using access code "icnz9c"
[21-04-2020 17:34:05] [INFO] Voter #931 has verified their VOTER identity using access code "ye9osk"
[21-04-2020 17:34:05] [INFO] Voter #935 has verified their VOTER identity using access code "qa4kk2"
[21-04-2020 17:34:05] [INFO] Voter #937 has verified their VOTER identity using access code "mo18rz"
[21-04-2020 17:34:05] [INFO] Voter #939 has verified their VOTER identity using access code "1bp9vd"
[21-04-2020 17:34:05] [INFO] Voter #942 has verified their VOTER identity using access code "bggi8c"
[21-04-2020 17:34:05] [INFO] Voter #940 has verified their VOTER identity using access code "35srfu"
[21-04-2020 17:34:05] [INFO] Voter #941 has verified their VOTER identity using access code "c5rlcx"
[21-04-2020 17:34:05] [INFO] Voter #932 has verified their VOTER identity using access code "ysdjkb"
[21-04-2020 17:34:05] [INFO] Voter #934 has verified their VOTER identity using access code "4td2a2"
[21-04-2020 17:34:05] [INFO] Voter #944 has verified their VOTER identity using access code "3u8pdr"
[21-04-2020 17:34:05] [INFO] Voter #943 has verified their VOTER identity using access code "3zgav3"
[21-04-2020 17:34:05] [INFO] Voter #938 has verified their VOTER identity using access code "192h0c"
[21-04-2020 17:34:05] [INFO] Voter #948 has verified their VOTER identity using access code "uhtcgx"
[21-04-2020 17:34:05] [INFO] Voter #947 has verified their VOTER identity using access code "zsktju"
[21-04-2020 17:34:05] [INFO] Voter #946 has verified their VOTER identity using access code "t962md"
[21-04-2020 17:34:05] [INFO] Voter #949 has verified their VOTER identity using access code "3vpowm"
[21-04-2020 17:34:05] [INFO] Voter #945 has verified their VOTER identity using access code "8qyern"
[21-04-2020 17:34:05] [INFO] Voter #952 has verified their VOTER identity using access code "p2zl7r"
[21-04-2020 17:34:05] [INFO] Voter #950 has verified their VOTER identity using access code "ua4lf1"
[21-04-2020 17:34:05] [INFO] Voter #953 has verified their VOTER identity using access code "4qvfr4"
[21-04-2020 17:34:05] [INFO] Voter #954 has verified their VOTER identity using access code "393i1z"
[21-04-2020 17:34:05] [INFO] Voter #955 has verified their VOTER identity using access code "o6zm4g"
[21-04-2020 17:34:05] [INFO] Voter #956 has verified their VOTER identity using access code "wu9bu0"
[21-04-2020 17:34:05] [INFO] Voter #961 has verified their VOTER identity using access code "lusgcu"
[21-04-2020 17:34:05] [INFO] Voter #957 has verified their VOTER identity using access code "wn0ots"
[21-04-2020 17:34:05] [INFO] Voter #960 has verified their VOTER identity using access code "7ol0hh"
[21-04-2020 17:34:05] [INFO] Voter #951 has verified their VOTER identity using access code "9rb5cd"
[21-04-2020 17:34:05] [INFO] Voter #958 has verified their VOTER identity using access code "h75td1"
[21-04-2020 17:34:05] [INFO] Voter #962 has verified their VOTER identity using access code "pr7fb5"
[21-04-2020 17:34:05] [INFO] Voter #959 has verified their VOTER identity using access code "6n040h"
[21-04-2020 17:34:05] [INFO] Voter #964 has verified their VOTER identity using access code "zzny6y"
[21-04-2020 17:34:05] [INFO] Voter #963 has verified their VOTER identity using access code "f2v4iw"
[21-04-2020 17:34:05] [INFO] Voter #965 has verified their VOTER identity using access code "vb1oor"
[21-04-2020 17:34:05] [INFO] Voter #967 has verified their VOTER identity using access code "o8dn7u"
[21-04-2020 17:34:05] [INFO] Voter #966 has verified their VOTER identity using access code "px8a2s"
[21-04-2020 17:34:05] [INFO] Voter #969 has verified their VOTER identity using access code "idtsbe"
[21-04-2020 17:34:05] [INFO] Voter #971 has verified their VOTER identity using access code "7eagsd"
[21-04-2020 17:34:05] [INFO] Voter #972 has verified their VOTER identity using access code "gb9drt"
[21-04-2020 17:34:05] [INFO] Voter #970 has verified their VOTER identity using access code "zysbu3"
[21-04-2020 17:34:05] [INFO] Voter #968 has verified their VOTER identity using access code "0tpwlt"
[21-04-2020 17:34:05] [INFO] Voter #975 has verified their VOTER identity using access code "b57eg8"
[21-04-2020 17:34:05] [INFO] Voter #973 has verified their VOTER identity using access code "9bwnsq"
[21-04-2020 17:34:05] [INFO] Voter #976 has verified their VOTER identity using access code "1uc6qk"
[21-04-2020 17:34:05] [INFO] Voter #978 has verified their VOTER identity using access code "ya1uji"
[21-04-2020 17:34:05] [INFO] Voter #979 has verified their VOTER identity using access code "8ux22d"
[21-04-2020 17:34:05] [INFO] Voter #977 has verified their VOTER identity using access code "q7xsch"
[21-04-2020 17:34:05] [INFO] Voter #982 has verified their VOTER identity using access code "03vqjv"
[21-04-2020 17:34:05] [INFO] Voter #980 has verified their VOTER identity using access code "j1mbwu"
[21-04-2020 17:34:05] [INFO] Voter #974 has verified their VOTER identity using access code "woqvdl"
[21-04-2020 17:34:05] [INFO] Voter #981 has verified their VOTER identity using access code "5p2j1i"
[21-04-2020 17:34:05] [INFO] Voter #986 has verified their VOTER identity using access code "q81yxl"
[21-04-2020 17:34:05] [INFO] Voter #983 has verified their VOTER identity using access code "2d9scm"
[21-04-2020 17:34:05] [INFO] Voter #987 has verified their VOTER identity using access code "46nmif"
[21-04-2020 17:34:05] [INFO] Voter #984 has verified their VOTER identity using access code "1l16bx"
[21-04-2020 17:34:05] [INFO] Voter #985 has verified their VOTER identity using access code "naqen3"
[21-04-2020 17:34:05] [INFO] Voter #990 has verified their VOTER identity using access code "mzahqt"
[21-04-2020 17:34:05] [INFO] Voter #988 has verified their VOTER identity using access code "t408nk"
[21-04-2020 17:34:05] [INFO] Voter #989 has verified their VOTER identity using access code "wmxcth"
[21-04-2020 17:34:05] [INFO] Voter #991 has verified their VOTER identity using access code "pa3v0r"
[21-04-2020 17:34:05] [INFO] Voter #994 has verified their VOTER identity using access code "pjtt0r"
[21-04-2020 17:34:05] [INFO] Voter #992 has verified their VOTER identity using access code "njthwj"
[21-04-2020 17:34:05] [INFO] Voter #996 has verified their VOTER identity using access code "hxwawd"
[21-04-2020 17:34:05] [INFO] Voter #993 has verified their VOTER identity using access code "7mso4c"
[21-04-2020 17:34:05] [INFO] Voter #998 has verified their VOTER identity using access code "189k4j"
[21-04-2020 17:34:05] [INFO] Voter #997 has verified their VOTER identity using access code "50g9gl"
[21-04-2020 17:34:05] [INFO] Voter #995 has verified their VOTER identity using access code "6ep6ai"
[21-04-2020 17:34:05] [INFO] Voter #999 has verified their VOTER identity using access code "d2wdhj"
[21-04-2020 17:34:05] [INFO] Voter #1000 has verified their VOTER identity using access code "asre1b"
[21-04-2020 17:34:05] [INFO] Voter #1001 has verified their VOTER identity using access code "xpg5wh"
[21-04-2020 17:34:05] [INFO] Voter #1003 has verified their VOTER identity using access code "3vpkyo"
[21-04-2020 17:34:05] [INFO] Voter #1002 has verified their VOTER identity using access code "e4vlf2"
[21-04-2020 17:34:05] [INFO] Voter #1004 has verified their VOTER identity using access code "wl297i"
[21-04-2020 17:34:05] [INFO] Voter #1005 has verified their VOTER identity using access code "otrsdx"
[21-04-2020 17:34:05] [INFO] Voter #1006 has verified their VOTER identity using access code "cj2ryu"
[21-04-2020 17:34:08] [INFO] Voter #1009 has verified their VOTER identity using access code "95g1xn"
[21-04-2020 17:34:08] [INFO] Voter #1684 has verified their VOTER identity using access code "pnv9ps"
[21-04-2020 17:34:08] [INFO] Voter #1689 has verified their VOTER identity using access code "7k74mk"
[21-04-2020 17:34:08] [INFO] Voter #1688 has verified their VOTER identity using access code "q8wq68"
[21-04-2020 17:34:08] [INFO] Voter #738 has verified their VOTER identity using access code "k537i0"
[21-04-2020 17:34:08] [INFO] Voter #743 has verified their VOTER identity using access code "vim63o"
[21-04-2020 17:34:08] [INFO] Voter #732 has verified their VOTER identity using access code "jtwqb1"
[21-04-2020 17:34:08] [INFO] Voter #730 has verified their VOTER identity using access code "w13yjp"
[21-04-2020 17:34:08] [INFO] Voter #741 has verified their VOTER identity using access code "lceju6"
[21-04-2020 17:34:08] [INFO] Voter #713 has verified their VOTER identity using access code "nb8k71"
[21-04-2020 17:34:08] [INFO] Voter #725 has verified their VOTER identity using access code "agot09"
[21-04-2020 17:34:08] [INFO] Voter #711 has verified their VOTER identity using access code "tgpypk"
[21-04-2020 17:34:08] [INFO] Voter #733 has verified their VOTER identity using access code "4hunfd"
[21-04-2020 17:34:08] [INFO] Voter #722 has verified their VOTER identity using access code "9bwrgt"
[21-04-2020 17:34:08] [INFO] Voter #717 has verified their VOTER identity using access code "5k9g0q"
[21-04-2020 17:34:08] [INFO] Voter #714 has verified their VOTER identity using access code "u3u999"
[21-04-2020 17:34:08] [INFO] Voter #734 has verified their VOTER identity using access code "jwyuxe"
[21-04-2020 17:34:08] [INFO] Voter #729 has verified their VOTER identity using access code "ubad47"
[21-04-2020 17:34:08] [INFO] Voter #726 has verified their VOTER identity using access code "rlr8x4"
[21-04-2020 17:34:08] [INFO] Voter #745 has verified their VOTER identity using access code "r6a9m4"
[21-04-2020 17:34:08] [INFO] Voter #727 has verified their VOTER identity using access code "bd1s6v"
[21-04-2020 17:34:08] [INFO] Voter #723 has verified their VOTER identity using access code "rzn65p"
[21-04-2020 17:34:08] [INFO] Voter #740 has verified their VOTER identity using access code "asvn8l"
[21-04-2020 17:34:08] [INFO] Voter #747 has verified their VOTER identity using access code "a4wuz8"
[21-04-2020 17:34:08] [INFO] Voter #744 has verified their VOTER identity using access code "3c7z8x"
[21-04-2020 17:34:08] [INFO] Voter #718 has verified their VOTER identity using access code "d2eoex"
[21-04-2020 17:34:08] [INFO] Voter #746 has verified their VOTER identity using access code "6vacgb"
[21-04-2020 17:34:08] [INFO] Voter #716 has verified their VOTER identity using access code "xdhkwz"
[21-04-2020 17:34:08] [INFO] Voter #749 has verified their VOTER identity using access code "tvblne"
[21-04-2020 17:34:08] [INFO] Voter #739 has verified their VOTER identity using access code "wmz7sq"
[21-04-2020 17:34:08] [INFO] Voter #742 has verified their VOTER identity using access code "yjtiha"
[21-04-2020 17:34:08] [INFO] Voter #715 has verified their VOTER identity using access code "ueyq5i"
[21-04-2020 17:34:08] [INFO] Voter #720 has verified their VOTER identity using access code "pgaqqi"
[21-04-2020 17:34:08] [INFO] Voter #735 has verified their VOTER identity using access code "62xdx8"
[21-04-2020 17:34:08] [INFO] Voter #737 has verified their VOTER identity using access code "qawyah"
[21-04-2020 17:34:08] [INFO] Voter #719 has verified their VOTER identity using access code "yr48z2"
[21-04-2020 17:34:08] [INFO] Voter #731 has verified their VOTER identity using access code "zz57ei"
[21-04-2020 17:34:08] [INFO] Voter #736 has verified their VOTER identity using access code "3f2e5w"
[21-04-2020 17:34:08] [INFO] Voter #721 has verified their VOTER identity using access code "6epmje"
[21-04-2020 17:34:08] [INFO] Voter #728 has verified their VOTER identity using access code "tx702a"
[21-04-2020 17:34:08] [INFO] Voter #712 has verified their VOTER identity using access code "eo3mtv"
[21-04-2020 17:34:08] [INFO] Voter #724 has verified their VOTER identity using access code "a9dyyz"
[21-04-2020 17:34:08] [INFO] Voter #1691 has verified their VOTER identity using access code "9hczdh"
[21-04-2020 17:34:08] [INFO] Voter #1687 has verified their VOTER identity using access code "bh7yvm"
[21-04-2020 17:34:08] [INFO] Voter #1690 has verified their VOTER identity using access code "ea92wg"
[21-04-2020 17:34:08] [INFO] Voter #1692 has verified their VOTER identity using access code "pf2dob"
[21-04-2020 17:34:08] [INFO] Voter #1695 has verified their VOTER identity using access code "khjpik"
[21-04-2020 17:34:08] [INFO] Voter #1693 has verified their VOTER identity using access code "npr2fx"
[21-04-2020 17:34:08] [INFO] Voter #1699 has verified their VOTER identity using access code "59iwr4"
[21-04-2020 17:34:08] [INFO] Voter #1694 has verified their VOTER identity using access code "k1trfr"
[21-04-2020 17:34:08] [INFO] Voter #754 has verified their VOTER identity using access code "af5ze1"
[21-04-2020 17:34:08] [INFO] Voter #750 has verified their VOTER identity using access code "1f49xp"
[21-04-2020 17:34:08] [INFO] Voter #748 has verified their VOTER identity using access code "wddzuy"
[21-04-2020 17:34:08] [INFO] Voter #1701 has verified their VOTER identity using access code "t0nvcz"
[21-04-2020 17:34:08] [INFO] Voter #1698 has verified their VOTER identity using access code "ekumhl"
[21-04-2020 17:34:08] [INFO] Voter #1700 has verified their VOTER identity using access code "j43zpl"
[21-04-2020 17:34:08] [INFO] Voter #1697 has verified their VOTER identity using access code "byvt8d"
[21-04-2020 17:34:08] [INFO] Voter #1696 has verified their VOTER identity using access code "a9vfuo"
[21-04-2020 17:34:08] [INFO] Voter #1706 has verified their VOTER identity using access code "qxsmc6"
[21-04-2020 17:34:08] [INFO] Voter #1705 has verified their VOTER identity using access code "nz6eck"
[21-04-2020 17:34:08] [INFO] Voter #1702 has verified their VOTER identity using access code "u2di7z"
[21-04-2020 17:34:08] [INFO] Voter #1707 has verified their VOTER identity using access code "d08643"
[21-04-2020 17:34:08] [INFO] Voter #1704 has verified their VOTER identity using access code "bjllnk"
[21-04-2020 17:34:08] [INFO] Voter #1703 has verified their VOTER identity using access code "ptdm7x"
[21-04-2020 17:34:08] [INFO] Voter #1708 has verified their VOTER identity using access code "v3mv5n"
[21-04-2020 17:34:08] [INFO] Voter #1709 has verified their VOTER identity using access code "x02suy"
[21-04-2020 17:34:08] [INFO] Voter #1711 has verified their VOTER identity using access code "v24apz"
[21-04-2020 17:34:08] [INFO] Voter #1713 has verified their VOTER identity using access code "088x86"
[21-04-2020 17:34:08] [INFO] Voter #1712 has verified their VOTER identity using access code "8mtfnh"
[21-04-2020 17:34:08] [INFO] Voter #771 has verified their VOTER identity using access code "hxiwj7"
[21-04-2020 17:34:08] [INFO] Voter #758 has verified their VOTER identity using access code "s8w9fx"
[21-04-2020 17:34:08] [INFO] Voter #770 has verified their VOTER identity using access code "jei1f1"
[21-04-2020 17:34:08] [INFO] Voter #756 has verified their VOTER identity using access code "7erb3o"
[21-04-2020 17:34:08] [INFO] Voter #779 has verified their VOTER identity using access code "eml9pw"
[21-04-2020 17:34:08] [INFO] Voter #760 has verified their VOTER identity using access code "l7t7bt"
[21-04-2020 17:34:08] [INFO] Voter #763 has verified their VOTER identity using access code "sljgw8"
[21-04-2020 17:34:08] [INFO] Voter #755 has verified their VOTER identity using access code "w510l5"
[21-04-2020 17:34:08] [INFO] Voter #774 has verified their VOTER identity using access code "aefv5j"
[21-04-2020 17:34:08] [INFO] Voter #767 has verified their VOTER identity using access code "2urqgd"
[21-04-2020 17:34:08] [INFO] Voter #757 has verified their VOTER identity using access code "uf4m2c"
[21-04-2020 17:34:08] [INFO] Voter #765 has verified their VOTER identity using access code "s2ssgj"
[21-04-2020 17:34:08] [INFO] Voter #773 has verified their VOTER identity using access code "8z0rkv"
[21-04-2020 17:34:08] [INFO] Voter #772 has verified their VOTER identity using access code "5zwobm"
[21-04-2020 17:34:08] [INFO] Voter #775 has verified their VOTER identity using access code "u051k9"
[21-04-2020 17:34:08] [INFO] Voter #753 has verified their VOTER identity using access code "i67wh0"
[21-04-2020 17:34:08] [INFO] Voter #764 has verified their VOTER identity using access code "04aftc"
[21-04-2020 17:34:08] [INFO] Voter #769 has verified their VOTER identity using access code "8gskhb"
[21-04-2020 17:34:08] [INFO] Voter #766 has verified their VOTER identity using access code "hbxv3l"
[21-04-2020 17:34:08] [INFO] Voter #752 has verified their VOTER identity using access code "pa85em"
[21-04-2020 17:34:08] [INFO] Voter #762 has verified their VOTER identity using access code "ypuzzs"
[21-04-2020 17:34:08] [INFO] Voter #768 has verified their VOTER identity using access code "ot5vnu"
[21-04-2020 17:34:08] [INFO] Voter #761 has verified their VOTER identity using access code "ebm9dy"
[21-04-2020 17:34:08] [INFO] Voter #759 has verified their VOTER identity using access code "dgdlmz"
[21-04-2020 17:34:08] [INFO] Voter #751 has verified their VOTER identity using access code "sm58x6"
[21-04-2020 17:34:08] [INFO] Voter #1715 has verified their VOTER identity using access code "rvampw"
[21-04-2020 17:34:08] [INFO] Voter #1716 has verified their VOTER identity using access code "fpixf9"
[21-04-2020 17:34:08] [INFO] Voter #1710 has verified their VOTER identity using access code "7b7nof"
[21-04-2020 17:34:08] [INFO] Voter #1714 has verified their VOTER identity using access code "phgsoy"
[21-04-2020 17:34:08] [INFO] Voter #1720 has verified their VOTER identity using access code "yeimgn"
[21-04-2020 17:34:08] [INFO] Voter #1719 has verified their VOTER identity using access code "5h3e8s"
[21-04-2020 17:34:11] [INFO] Voter #1718 has verified their VOTER identity using access code "pyyy1l"
[21-04-2020 17:34:11] [INFO] Voter #3378 has verified their VOTER identity using access code "416atr"
[21-04-2020 17:34:11] [INFO] Voter #3376 has verified their VOTER identity using access code "8nes58"
[21-04-2020 17:34:11] [INFO] Voter #3379 has verified their VOTER identity using access code "g1hytd"
[21-04-2020 17:34:11] [INFO] Voter #3377 has verified their VOTER identity using access code "esfnpk"
[21-04-2020 17:34:11] [INFO] Voter #3380 has verified their VOTER identity using access code "rsbubm"
[21-04-2020 17:34:11] [INFO] Voter #2479 has verified their VOTER identity using access code "v9vghm"
[21-04-2020 17:34:11] [INFO] Voter #3386 has verified their VOTER identity using access code "zcwsw3"
[21-04-2020 17:34:11] [INFO] Voter #3381 has verified their VOTER identity using access code "4yf53z"
[21-04-2020 17:34:11] [INFO] Voter #3382 has verified their VOTER identity using access code "q50ams"
[21-04-2020 17:34:11] [INFO] Voter #700 has verified their VOTER identity using access code "hjt6gc"
[21-04-2020 17:34:11] [INFO] Voter #3383 has verified their VOTER identity using access code "35mofn"
[21-04-2020 17:34:11] [INFO] Voter #3387 has verified their VOTER identity using access code "6dvvog"
[21-04-2020 17:34:11] [INFO] Voter #3384 has verified their VOTER identity using access code "oeho0x"
[21-04-2020 17:34:11] [INFO] Voter #3389 has verified their VOTER identity using access code "qzv1pl"
[21-04-2020 17:34:11] [INFO] Voter #3385 has verified their VOTER identity using access code "jymcv7"
[21-04-2020 17:34:11] [INFO] Voter #2476 has verified their VOTER identity using access code "erbakt"
[21-04-2020 17:34:11] [INFO] Voter #2478 has verified their VOTER identity using access code "ltytw4"
[21-04-2020 17:34:11] [INFO] Voter #2481 has verified their VOTER identity using access code "1v1yun"
[21-04-2020 17:34:11] [INFO] Voter #2453 has verified their VOTER identity using access code "cg1anz"
[21-04-2020 17:34:11] [INFO] Voter #2480 has verified their VOTER identity using access code "dvq557"
[21-04-2020 17:34:11] [INFO] Voter #2485 has verified their VOTER identity using access code "xo8a0k"
[21-04-2020 17:34:11] [INFO] Voter #2482 has verified their VOTER identity using access code "0wdttb"
[21-04-2020 17:34:11] [INFO] Voter #2471 has verified their VOTER identity using access code "svjrpg"
[21-04-2020 17:34:11] [INFO] Voter #2462 has verified their VOTER identity using access code "sh3iae"
[21-04-2020 17:34:11] [INFO] Voter #2484 has verified their VOTER identity using access code "v47082"
[21-04-2020 17:34:11] [INFO] Voter #705 has verified their VOTER identity using access code "a3yz82"
[21-04-2020 17:34:11] [INFO] Voter #2473 has verified their VOTER identity using access code "wruppr"
[21-04-2020 17:34:11] [INFO] Voter #2475 has verified their VOTER identity using access code "o7ax4r"
[21-04-2020 17:34:11] [INFO] Voter #702 has verified their VOTER identity using access code "sarvwt"
[21-04-2020 17:34:11] [INFO] Voter #2460 has verified their VOTER identity using access code "yub40x"
[21-04-2020 17:34:11] [INFO] Voter #2458 has verified their VOTER identity using access code "4tlpd5"
[21-04-2020 17:34:11] [INFO] Voter #2464 has verified their VOTER identity using access code "0z3ypc"
[21-04-2020 17:34:11] [INFO] Voter #2450 has verified their VOTER identity using access code "t8qsdq"
[21-04-2020 17:34:11] [INFO] Voter #2469 has verified their VOTER identity using access code "rthqxj"
[21-04-2020 17:34:11] [INFO] Voter #2467 has verified their VOTER identity using access code "r8fwq0"
[21-04-2020 17:34:11] [INFO] Voter #704 has verified their VOTER identity using access code "pfmcg7"
[21-04-2020 17:34:11] [INFO] Voter #672 has verified their VOTER identity using access code "fvcfck"
[21-04-2020 17:34:11] [INFO] Voter #674 has verified their VOTER identity using access code "v8kack"
[21-04-2020 17:34:11] [INFO] Voter #676 has verified their VOTER identity using access code "bfq0er"
[21-04-2020 17:34:11] [INFO] Voter #2477 has verified their VOTER identity using access code "5bnprr"
[21-04-2020 17:34:11] [INFO] Voter #2463 has verified their VOTER identity using access code "kovbhx"
[21-04-2020 17:34:11] [INFO] Voter #2451 has verified their VOTER identity using access code "zewsyi"
[21-04-2020 17:34:11] [INFO] Voter #698 has verified their VOTER identity using access code "rtb9ts"
[21-04-2020 17:34:11] [INFO] Voter #2449 has verified their VOTER identity using access code "nxpro5"
[21-04-2020 17:34:11] [INFO] Voter #681 has verified their VOTER identity using access code "18v09d"
[21-04-2020 17:34:11] [INFO] Voter #679 has verified their VOTER identity using access code "tfrqox"
[21-04-2020 17:34:11] [INFO] Voter #2459 has verified their VOTER identity using access code "ovq8p1"
[21-04-2020 17:34:11] [INFO] Voter #708 has verified their VOTER identity using access code "4n6lxb"
[21-04-2020 17:34:11] [INFO] Voter #2472 has verified their VOTER identity using access code "r7pbeq"
[21-04-2020 17:34:11] [INFO] Voter #689 has verified their VOTER identity using access code "kc2ujx"
[21-04-2020 17:34:11] [INFO] Voter #682 has verified their VOTER identity using access code "olfliw"
[21-04-2020 17:34:11] [INFO] Voter #684 has verified their VOTER identity using access code "8mtvrk"
[21-04-2020 17:34:11] [INFO] Voter #680 has verified their VOTER identity using access code "yhhttu"
[21-04-2020 17:34:11] [INFO] Voter #675 has verified their VOTER identity using access code "u7kbh8"
[21-04-2020 17:34:11] [INFO] Voter #690 has verified their VOTER identity using access code "na9tfw"
[21-04-2020 17:34:11] [INFO] Voter #683 has verified their VOTER identity using access code "5hz3o9"
[21-04-2020 17:34:11] [INFO] Voter #2466 has verified their VOTER identity using access code "tcx6je"
[21-04-2020 17:34:11] [INFO] Voter #692 has verified their VOTER identity using access code "j48j19"
[21-04-2020 17:34:11] [INFO] Voter #685 has verified their VOTER identity using access code "czeg5n"
[21-04-2020 17:34:11] [INFO] Voter #691 has verified their VOTER identity using access code "wmil14"
[21-04-2020 17:34:11] [INFO] Voter #2457 has verified their VOTER identity using access code "c2kypb"
[21-04-2020 17:34:11] [INFO] Voter #710 has verified their VOTER identity using access code "c0r1rz"
[21-04-2020 17:34:11] [INFO] Voter #699 has verified their VOTER identity using access code "btli62"
[21-04-2020 17:34:11] [INFO] Voter #2454 has verified their VOTER identity using access code "zc7urv"
[21-04-2020 17:34:11] [INFO] Voter #694 has verified their VOTER identity using access code "iwxez5"
[21-04-2020 17:34:11] [INFO] Voter #706 has verified their VOTER identity using access code "5vblvv"
[21-04-2020 17:34:11] [INFO] Voter #2446 has verified their VOTER identity using access code "43rya6"
[21-04-2020 17:34:11] [INFO] Voter #709 has verified their VOTER identity using access code "howp1s"
[21-04-2020 17:34:11] [INFO] Voter #677 has verified their VOTER identity using access code "4pnoqb"
[21-04-2020 17:34:11] [INFO] Voter #678 has verified their VOTER identity using access code "p51jnb"
[21-04-2020 17:34:11] [INFO] Voter #2474 has verified their VOTER identity using access code "tl8y0z"
[21-04-2020 17:34:11] [INFO] Voter #2452 has verified their VOTER identity using access code "l4u8ix"
[21-04-2020 17:34:11] [INFO] Voter #2465 has verified their VOTER identity using access code "p60trp"
[21-04-2020 17:34:11] [INFO] Voter #688 has verified their VOTER identity using access code "1upaxj"
[21-04-2020 17:34:11] [INFO] Voter #701 has verified their VOTER identity using access code "19fal7"
[21-04-2020 17:34:11] [INFO] Voter #707 has verified their VOTER identity using access code "vieb42"
[21-04-2020 17:34:11] [INFO] Voter #703 has verified their VOTER identity using access code "xs6ef1"
[21-04-2020 17:34:11] [INFO] Voter #2456 has verified their VOTER identity using access code "rczpjx"
[21-04-2020 17:34:11] [INFO] Voter #3388 has verified their VOTER identity using access code "p5c757"
[21-04-2020 17:34:11] [INFO] Voter #687 has verified their VOTER identity using access code "2oq8bg"
[21-04-2020 17:34:11] [INFO] Voter #686 has verified their VOTER identity using access code "etb33z"
[21-04-2020 17:34:11] [INFO] Voter #2468 has verified their VOTER identity using access code "jx87hu"
[21-04-2020 17:34:11] [INFO] Voter #2470 has verified their VOTER identity using access code "wx558x"
[21-04-2020 17:34:11] [INFO] Voter #2455 has verified their VOTER identity using access code "2e7och"
[21-04-2020 17:34:11] [INFO] Voter #2448 has verified their VOTER identity using access code "eyoonx"
[21-04-2020 17:34:11] [INFO] Voter #2447 has verified their VOTER identity using access code "aa3t7h"
[21-04-2020 17:34:11] [INFO] Voter #696 has verified their VOTER identity using access code "ocd2e6"
[21-04-2020 17:34:11] [INFO] Voter #693 has verified their VOTER identity using access code "b0mz9p"
[21-04-2020 17:34:11] [INFO] Voter #697 has verified their VOTER identity using access code "iipf6d"
[21-04-2020 17:34:11] [INFO] Voter #695 has verified their VOTER identity using access code "be1sym"
[21-04-2020 17:34:11] [INFO] Voter #2461 has verified their VOTER identity using access code "3zhet5"
[21-04-2020 17:34:11] [INFO] Voter #673 has verified their VOTER identity using access code "un08r3"
[21-04-2020 17:34:11] [INFO] Voter #3391 has verified their VOTER identity using access code "20xh7o"
[21-04-2020 17:34:11] [INFO] Voter #3390 has verified their VOTER identity using access code "qmewzd"
[21-04-2020 17:34:11] [INFO] Voter #2501 has verified their VOTER identity using access code "5ky6ug"
[21-04-2020 17:34:11] [INFO] Voter #2504 has verified their VOTER identity using access code "6f7t6s"
[21-04-2020 17:34:11] [INFO] Voter #2522 has verified their VOTER identity using access code "gvqm1h"
[21-04-2020 17:34:11] [INFO] Voter #2516 has verified their VOTER identity using access code "4dgdwm"
[21-04-2020 17:34:11] [INFO] Voter #2517 has verified their VOTER identity using access code "m6nt8k"
[21-04-2020 17:34:14] [INFO] Voter #2518 has verified their VOTER identity using access code "jgk8ab"
[21-04-2020 17:34:14] [INFO] Voter #3346 has verified their VOTER identity using access code "gsqfnx"
[21-04-2020 17:34:14] [INFO] Voter #3327 has verified their VOTER identity using access code "l045xs"
[21-04-2020 17:34:14] [INFO] Voter #3324 has verified their VOTER identity using access code "8pzgo3"
[21-04-2020 17:34:14] [INFO] Voter #3347 has verified their VOTER identity using access code "fnqmx4"
[21-04-2020 17:34:14] [INFO] Voter #3341 has verified their VOTER identity using access code "u47m0g"
[21-04-2020 17:34:14] [INFO] Voter #3332 has verified their VOTER identity using access code "g6jqrh"
[21-04-2020 17:34:14] [INFO] Voter #3344 has verified their VOTER identity using access code "o8xvg6"
[21-04-2020 17:34:14] [INFO] Voter #3345 has verified their VOTER identity using access code "gtigke"
[21-04-2020 17:34:14] [INFO] Voter #3351 has verified their VOTER identity using access code "yfnq4r"
[21-04-2020 17:34:14] [INFO] Voter #3340 has verified their VOTER identity using access code "w049da"
[21-04-2020 17:34:14] [INFO] Voter #3330 has verified their VOTER identity using access code "s6n9ic"
[21-04-2020 17:34:14] [INFO] Voter #3316 has verified their VOTER identity using access code "wpcto1"
[21-04-2020 17:34:14] [INFO] Voter #3328 has verified their VOTER identity using access code "qa51yz"
[21-04-2020 17:34:14] [INFO] Voter #3322 has verified their VOTER identity using access code "nmrd4l"
[21-04-2020 17:34:14] [INFO] Voter #3320 has verified their VOTER identity using access code "9exmwl"
[21-04-2020 17:34:14] [INFO] Voter #3335 has verified their VOTER identity using access code "9u7zu5"
[21-04-2020 17:34:14] [INFO] Voter #3342 has verified their VOTER identity using access code "z3wxm0"
[21-04-2020 17:34:14] [INFO] Voter #3331 has verified their VOTER identity using access code "wdmkjy"
[21-04-2020 17:34:14] [INFO] Voter #3334 has verified their VOTER identity using access code "gks8wa"
[21-04-2020 17:34:14] [INFO] Voter #3338 has verified their VOTER identity using access code "tgbms9"
[21-04-2020 17:34:14] [INFO] Voter #3323 has verified their VOTER identity using access code "r9ucrc"
[21-04-2020 17:34:14] [INFO] Voter #3355 has verified their VOTER identity using access code "6fyz9y"
[21-04-2020 17:34:14] [INFO] Voter #3326 has verified their VOTER identity using access code "pseqpz"
[21-04-2020 17:34:14] [INFO] Voter #3325 has verified their VOTER identity using access code "m4rm6g"
[21-04-2020 17:34:14] [INFO] Voter #3349 has verified their VOTER identity using access code "xfhxtf"
[21-04-2020 17:34:14] [INFO] Voter #3339 has verified their VOTER identity using access code "4yh4tg"
[21-04-2020 17:34:14] [INFO] Voter #3359 has verified their VOTER identity using access code "r0xa3e"
[21-04-2020 17:34:14] [INFO] Voter #3329 has verified their VOTER identity using access code "871jvr"
[21-04-2020 17:34:14] [INFO] Voter #3333 has verified their VOTER identity using access code "srw9cz"
[21-04-2020 17:34:14] [INFO] Voter #3356 has verified their VOTER identity using access code "9homdl"
[21-04-2020 17:34:14] [INFO] Voter #3337 has verified their VOTER identity using access code "efdw63"
[21-04-2020 17:34:14] [INFO] Voter #3336 has verified their VOTER identity using access code "fipq1r"
[21-04-2020 17:34:14] [INFO] Voter #3343 has verified their VOTER identity using access code "xf43up"
[21-04-2020 17:34:14] [INFO] Voter #3353 has verified their VOTER identity using access code "0xwoms"
[21-04-2020 17:34:14] [INFO] Voter #3354 has verified their VOTER identity using access code "fh33m7"
[21-04-2020 17:34:14] [INFO] Voter #3350 has verified their VOTER identity using access code "yi82qr"
[21-04-2020 17:34:14] [INFO] Voter #3348 has verified their VOTER identity using access code "9l7biz"
[21-04-2020 17:34:14] [INFO] Voter #3352 has verified their VOTER identity using access code "920rl5"
[21-04-2020 17:34:14] [INFO] Voter #3357 has verified their VOTER identity using access code "315x7o"
[21-04-2020 17:34:14] [INFO] Voter #3361 has verified their VOTER identity using access code "gq5x1w"
[21-04-2020 17:34:14] [INFO] Voter #3368 has verified their VOTER identity using access code "vfuaqp"
[21-04-2020 17:34:14] [INFO] Voter #3362 has verified their VOTER identity using access code "4v0yw5"
[21-04-2020 17:34:14] [INFO] Voter #3363 has verified their VOTER identity using access code "aong28"
[21-04-2020 17:34:14] [INFO] Voter #3360 has verified their VOTER identity using access code "kqtsqc"
[21-04-2020 17:34:14] [INFO] Voter #3366 has verified their VOTER identity using access code "k5hqx0"
[21-04-2020 17:34:14] [INFO] Voter #3371 has verified their VOTER identity using access code "pfu8w6"
[21-04-2020 17:34:14] [INFO] Voter #3364 has verified their VOTER identity using access code "autjhj"
[21-04-2020 17:34:14] [INFO] Voter #3373 has verified their VOTER identity using access code "92inw8"
[21-04-2020 17:34:14] [INFO] Voter #3372 has verified their VOTER identity using access code "xjmrxc"
[21-04-2020 17:34:14] [INFO] Voter #3375 has verified their VOTER identity using access code "ig4h1r"
[21-04-2020 17:34:14] [INFO] Voter #3365 has verified their VOTER identity using access code "exx600"
[21-04-2020 17:34:14] [INFO] Voter #3367 has verified their VOTER identity using access code "ith9hf"
[21-04-2020 17:34:14] [INFO] Voter #3369 has verified their VOTER identity using access code "iohquz"
[21-04-2020 17:34:14] [INFO] Voter #3358 has verified their VOTER identity using access code "a61lgy"
[21-04-2020 17:34:14] [INFO] Voter #3374 has verified their VOTER identity using access code "bmq38y"
[21-04-2020 17:34:14] [INFO] Voter #3370 has verified their VOTER identity using access code "jtr907"
[21-04-2020 17:34:14] [INFO] Voter #2513 has verified their VOTER identity using access code "e58o00"
[21-04-2020 17:34:14] [INFO] Voter #2521 has verified their VOTER identity using access code "vl5vbj"
[21-04-2020 17:34:14] [INFO] Voter #2519 has verified their VOTER identity using access code "aude8t"
[21-04-2020 17:34:14] [INFO] Voter #2503 has verified their VOTER identity using access code "lempsj"
[21-04-2020 17:34:14] [INFO] Voter #2483 has verified their VOTER identity using access code "mx405l"
[21-04-2020 17:34:14] [INFO] Voter #2515 has verified their VOTER identity using access code "naovgv"
[21-04-2020 17:34:14] [INFO] Voter #2506 has verified their VOTER identity using access code "pp63jh"
[21-04-2020 17:34:14] [INFO] Voter #2495 has verified their VOTER identity using access code "yx8o9g"
[21-04-2020 17:34:14] [INFO] Voter #2496 has verified their VOTER identity using access code "rs1x9w"
[21-04-2020 17:34:14] [INFO] Voter #2512 has verified their VOTER identity using access code "az6mb7"
[21-04-2020 17:34:14] [INFO] Voter #2510 has verified their VOTER identity using access code "9xn1rn"
[21-04-2020 17:34:14] [INFO] Voter #2508 has verified their VOTER identity using access code "yx26kx"
[21-04-2020 17:34:14] [INFO] Voter #2499 has verified their VOTER identity using access code "8onti0"
[21-04-2020 17:34:14] [INFO] Voter #2514 has verified their VOTER identity using access code "s6s577"
[21-04-2020 17:34:14] [INFO] Voter #2511 has verified their VOTER identity using access code "u5319p"
[21-04-2020 17:34:14] [INFO] Voter #2494 has verified their VOTER identity using access code "x21x7r"
[21-04-2020 17:34:14] [INFO] Voter #2509 has verified their VOTER identity using access code "4kzqms"
[21-04-2020 17:34:14] [INFO] Voter #2492 has verified their VOTER identity using access code "0fbggr"
[21-04-2020 17:34:14] [INFO] Voter #2498 has verified their VOTER identity using access code "udokgn"
[21-04-2020 17:34:14] [INFO] Voter #2488 has verified their VOTER identity using access code "ttvitc"
[21-04-2020 17:34:14] [INFO] Voter #2502 has verified their VOTER identity using access code "7j7a3z"
[21-04-2020 17:34:14] [INFO] Voter #2491 has verified their VOTER identity using access code "xpssbu"
[21-04-2020 17:34:14] [INFO] Voter #2486 has verified their VOTER identity using access code "t16c9f"
[21-04-2020 17:34:14] [INFO] Voter #2493 has verified their VOTER identity using access code "swxzxw"
[21-04-2020 17:34:14] [INFO] Voter #2489 has verified their VOTER identity using access code "bkvo34"
[21-04-2020 17:34:14] [INFO] Voter #2487 has verified their VOTER identity using access code "j7jigx"
[21-04-2020 17:34:14] [INFO] Voter #2490 has verified their VOTER identity using access code "jfun70"
[21-04-2020 17:34:14] [INFO] Voter #3392 has verified their VOTER identity using access code "t2ythi"
[21-04-2020 17:34:14] [INFO] Voter #3394 has verified their VOTER identity using access code "h1w472"
[21-04-2020 17:34:14] [INFO] Voter #3393 has verified their VOTER identity using access code "wiw1vm"
[21-04-2020 17:34:14] [INFO] Voter #3403 has verified their VOTER identity using access code "yhaxnn"
[21-04-2020 17:34:14] [INFO] Voter #3402 has verified their VOTER identity using access code "0vd9pv"
[21-04-2020 17:34:14] [INFO] Voter #3397 has verified their VOTER identity using access code "jeam6u"
[21-04-2020 17:34:14] [INFO] Voter #3395 has verified their VOTER identity using access code "ophhzh"
[21-04-2020 17:34:14] [INFO] Voter #3398 has verified their VOTER identity using access code "31wbe2"
[21-04-2020 17:34:14] [INFO] Voter #3407 has verified their VOTER identity using access code "s3ilkv"
[21-04-2020 17:34:14] [INFO] Voter #3399 has verified their VOTER identity using access code "sukucx"
[21-04-2020 17:34:14] [INFO] Voter #3396 has verified their VOTER identity using access code "v8ulu7"
[21-04-2020 17:34:14] [INFO] Voter #3400 has verified their VOTER identity using access code "opgue5"
[21-04-2020 17:34:14] [INFO] Voter #3404 has verified their VOTER identity using access code "3wpko7"
[21-04-2020 17:34:14] [INFO] Voter #3401 has verified their VOTER identity using access code "tc2j00"
[21-04-2020 17:34:14] [INFO] Voter #3410 has verified their VOTER identity using access code "ri3skw"
[21-04-2020 17:34:14] [INFO] Voter #3409 has verified their VOTER identity using access code "h6b5ib"
[21-04-2020 17:34:16] [INFO] Closing logger
